16:34:32.713 com.cyjh.elfin.base.AppContext
->attachBaseContext(0101.java:4)
测试
--------------------
16:34:32.714 com.cyjh.elfin.base.AppContext
->attachBaseContext(0101.java:4)
java.lang.RuntimeException: 记录栈
	at mt.LogA9F8F1.a(Unknown Source)
	at com.cyjh.elfin.base.AppContext.attachBaseContext(0101.java:4)
	at android.app.Application.attach(Application.java:189)
	at android.app.Instrumentation.newApplication(Instrumentation.java:1008)
	at android.app.Instrumentation.newApplication(Instrumentation.java:992)
	at android.app.LoadedApk.makeApplication(LoadedApk.java:796)
	at android.app.ActivityThread.handleBindApplication(ActivityThread.java:5442)
	at android.app.ActivityThread.-wrap2(ActivityThread.java)
	at android.app.ActivityThread$H.handleMessage(ActivityThread.java:1550)
	at android.os.Handler.dispatchMessage(Handler.java:102)
	at android.os.Looper.loop(Looper.java:154)
	at android.app.ActivityThread.main(ActivityThread.java:6189)
	at java.lang.reflect.Method.invoke(Native Method)
	at com.android.internal.os.ZygoteInit$MethodAndArgsCaller.run(ZygoteInit.java:1126)
	at com.android.internal.os.ZygoteInit.main(ZygoteInit.java:1000)

--------------------
16:34:32.714 com.cyjh.elfin.base.AppContext
->attachBaseContext(0101.java:4)
TAG
--------------------
16:34:32.715 com.cyjh.elfin.base.AppContext
->attachBaseContext(0101.java:4)
initProcess: com.hjol
--------------------
16:34:32.715 com.cyjh.elfin.base.AppContext
->attachBaseContext(0101.java:4)
测试
--------------------
16:34:33.112 com.cyjh.elfin.base.AppContext
->onCreate(0101.java:5)
测试
--------------------
16:34:33.112 com.cyjh.elfin.base.AppContext
->onCreate(0101.java:5)
java.lang.RuntimeException: 记录栈
	at mt.LogA9F8F1.a(Unknown Source)
	at com.cyjh.elfin.base.AppContext.onCreate(0101.java:5)
	at android.app.Instrumentation.callApplicationOnCreate(Instrumentation.java:1024)
	at android.app.ActivityThread.handleBindApplication(ActivityThread.java:5471)
	at android.app.ActivityThread.-wrap2(ActivityThread.java)
	at android.app.ActivityThread$H.handleMessage(ActivityThread.java:1550)
	at android.os.Handler.dispatchMessage(Handler.java:102)
	at android.os.Looper.loop(Looper.java:154)
	at android.app.ActivityThread.main(ActivityThread.java:6189)
	at java.lang.reflect.Method.invoke(Native Method)
	at com.android.internal.os.ZygoteInit$MethodAndArgsCaller.run(ZygoteInit.java:1126)
	at com.android.internal.os.ZygoteInit.main(ZygoteInit.java:1000)

--------------------
16:34:33.112 com.cyjh.elfin.base.AppContext
->onCreate(0101.java:5)
AppContext
--------------------
16:34:33.112 com.cyjh.elfin.base.AppContext
->onCreate(0101.java:5)
onCreate process: com.hjol:enginfloat
--------------------
16:34:33.112 com.cyjh.elfin.base.AppContext
->onCreate(0101.java:5)
测试
--------------------
16:34:33.383 com.cyjh.mq.service.IpcService
->onCreate(0172.java:8)
测试
--------------------
16:34:33.383 com.cyjh.mq.service.IpcService
->onCreate(0172.java:8)
java.lang.RuntimeException: 记录栈
	at mt.LogA9F8F1.a(Unknown Source)
	at com.cyjh.mq.service.IpcService.onCreate(0172.java:8)
	at android.app.ActivityThread.handleCreateService(ActivityThread.java:3252)
	at android.app.ActivityThread.-wrap5(ActivityThread.java)
	at android.app.ActivityThread$H.handleMessage(ActivityThread.java:1572)
	at android.os.Handler.dispatchMessage(Handler.java:102)
	at android.os.Looper.loop(Looper.java:154)
	at android.app.ActivityThread.main(ActivityThread.java:6189)
	at java.lang.reflect.Method.invoke(Native Method)
	at com.android.internal.os.ZygoteInit$MethodAndArgsCaller.run(ZygoteInit.java:1126)
	at com.android.internal.os.ZygoteInit.main(ZygoteInit.java:1000)

--------------------
16:34:33.383 com.cyjh.mq.service.IpcService
->onCreate(0172.java:8)
VERSION
--------------------
16:34:33.383 com.cyjh.mq.service.IpcService
->onCreate(0172.java:8)
build info: build on 2023-05-17 13:36:07
--------------------
16:34:33.383 com.cyjh.mq.service.IpcService
->onCreate(0172.java:8)
测试
--------------------
16:34:33.547 com.cyjh.mq.sdk.a
->onObtained(Unknown Source)
测试
--------------------
16:34:33.549 com.cyjh.mq.sdk.a
->onObtained(Unknown Source)
java.lang.RuntimeException: 记录栈
	at mt.LogA9F8F1.a(Unknown Source)
	at com.cyjh.mq.sdk.a.onObtained(Unknown Source)
	at com.cyjh.mobileanjian.ipc.d$2.run(Unknown Source)

--------------------
16:34:33.549 com.cyjh.mq.sdk.a
->onObtained(Unknown Source)
JAVA_RUNNER
--------------------
16:34:33.549 com.cyjh.mq.sdk.a
->onObtained(Unknown Source)
onObtained()1
--------------------
16:34:33.549 com.cyjh.mq.sdk.a
->onObtained(Unknown Source)
测试
--------------------
16:34:33.628 com.cyjh.common.util.ac
->a(Unknown Source)
测试
--------------------
16:34:33.630 com.cyjh.common.util.ac
->a(Unknown Source)
java.lang.RuntimeException: 记录栈
	at mt.LogA9F8F1.a(Unknown Source)
	at com.cyjh.common.util.ac.a(Unknown Source)
	at com.cyjh.common.util.ac.a(Unknown Source)
	at com.cyjh.common.util.aj.copyWebInjectFile(00E6.java)
	at com.elfin.engin.c$7.onRootProgress(Unknown Source)
	at com.cyjh.mq.sdk.a$1.handleMessage(016F.java:1)
	at android.os.Handler.dispatchMessage(Handler.java:102)
	at android.os.Looper.loop(Looper.java:154)
	at android.app.ActivityThread.main(ActivityThread.java:6189)
	at java.lang.reflect.Method.invoke(Native Method)
	at com.android.internal.os.ZygoteInit$MethodAndArgsCaller.run(ZygoteInit.java:1126)
	at com.android.internal.os.ZygoteInit.main(ZygoteInit.java:1000)

--------------------
16:34:33.630 com.cyjh.common.util.ac
->a(Unknown Source)
SYS
--------------------
16:34:33.630 com.cyjh.common.util.ac
->a(Unknown Source)
command finished.
--------------------
16:34:33.631 com.cyjh.common.util.ac
->a(Unknown Source)
测试
--------------------
16:34:33.631 com.cyjh.common.util.aj
->copyWebInjectFile(00E6.java)
测试
--------------------
16:34:33.632 com.cyjh.common.util.aj
->copyWebInjectFile(00E6.java)
java.lang.RuntimeException: 记录栈
	at mt.LogA9F8F1.a(Unknown Source)
	at com.cyjh.common.util.aj.copyWebInjectFile(00E6.java)
	at com.elfin.engin.c$7.onRootProgress(Unknown Source)
	at com.cyjh.mq.sdk.a$1.handleMessage(016F.java:1)
	at android.os.Handler.dispatchMessage(Handler.java:102)
	at android.os.Looper.loop(Looper.java:154)
	at android.app.ActivityThread.main(ActivityThread.java:6189)
	at java.lang.reflect.Method.invoke(Native Method)
	at com.android.internal.os.ZygoteInit$MethodAndArgsCaller.run(ZygoteInit.java:1126)
	at com.android.internal.os.ZygoteInit.main(ZygoteInit.java:1000)

--------------------
16:34:33.632 com.cyjh.common.util.aj
->copyWebInjectFile(00E6.java)
xygtest
--------------------
16:34:33.632 com.cyjh.common.util.aj
->copyWebInjectFile(00E6.java)
isRoot=true
--------------------
16:34:33.633 com.cyjh.common.util.aj
->copyWebInjectFile(00E6.java)
测试
--------------------
16:34:33.776 com.cyjh.common.util.ac
->a(Unknown Source)
测试
--------------------
16:34:33.778 com.cyjh.common.util.ac
->a(Unknown Source)
java.lang.RuntimeException: 记录栈
	at mt.LogA9F8F1.a(Unknown Source)
	at com.cyjh.common.util.ac.a(Unknown Source)
	at com.cyjh.common.util.ac.a(Unknown Source)
	at com.cyjh.common.util.aj.copyWebInjectFile(00E6.java)
	at com.elfin.engin.c$7.onRootProgress(Unknown Source)
	at com.cyjh.mq.sdk.a$1.handleMessage(016F.java:1)
	at android.os.Handler.dispatchMessage(Handler.java:102)
	at android.os.Looper.loop(Looper.java:154)
	at android.app.ActivityThread.main(ActivityThread.java:6189)
	at java.lang.reflect.Method.invoke(Native Method)
	at com.android.internal.os.ZygoteInit$MethodAndArgsCaller.run(ZygoteInit.java:1126)
	at com.android.internal.os.ZygoteInit.main(ZygoteInit.java:1000)

--------------------
16:34:33.778 com.cyjh.common.util.ac
->a(Unknown Source)
SYS
--------------------
16:34:33.778 com.cyjh.common.util.ac
->a(Unknown Source)
command finished.
--------------------
16:34:33.778 com.cyjh.common.util.ac
->a(Unknown Source)
测试
--------------------
16:34:33.910 com.cyjh.common.util.ac
->a(Unknown Source)
测试
--------------------
16:34:33.911 com.cyjh.common.util.ac
->a(Unknown Source)
java.lang.RuntimeException: 记录栈
	at mt.LogA9F8F1.a(Unknown Source)
	at com.cyjh.common.util.ac.a(Unknown Source)
	at com.cyjh.common.util.ac.a(Unknown Source)
	at com.cyjh.common.util.aj.copyWebInjectFile(00E6.java:4)
	at com.elfin.engin.c$7.onRootProgress(Unknown Source)
	at com.cyjh.mq.sdk.a$1.handleMessage(016F.java:1)
	at android.os.Handler.dispatchMessage(Handler.java:102)
	at android.os.Looper.loop(Looper.java:154)
	at android.app.ActivityThread.main(ActivityThread.java:6189)
	at java.lang.reflect.Method.invoke(Native Method)
	at com.android.internal.os.ZygoteInit$MethodAndArgsCaller.run(ZygoteInit.java:1126)
	at com.android.internal.os.ZygoteInit.main(ZygoteInit.java:1000)

--------------------
16:34:33.912 com.cyjh.common.util.ac
->a(Unknown Source)
SYS
--------------------
16:34:33.912 com.cyjh.common.util.ac
->a(Unknown Source)
command finished.
--------------------
16:34:33.912 com.cyjh.common.util.ac
->a(Unknown Source)
测试
--------------------
16:34:34.044 com.cyjh.common.util.ac
->a(Unknown Source)
测试
--------------------
16:34:34.045 com.cyjh.common.util.ac
->a(Unknown Source)
java.lang.RuntimeException: 记录栈
	at mt.LogA9F8F1.a(Unknown Source)
	at com.cyjh.common.util.ac.a(Unknown Source)
	at com.cyjh.common.util.ac.a(Unknown Source)
	at com.cyjh.common.util.aj.copyWebInjectFile(00E6.java:4)
	at com.elfin.engin.c$7.onRootProgress(Unknown Source)
	at com.cyjh.mq.sdk.a$1.handleMessage(016F.java:1)
	at android.os.Handler.dispatchMessage(Handler.java:102)
	at android.os.Looper.loop(Looper.java:154)
	at android.app.ActivityThread.main(ActivityThread.java:6189)
	at java.lang.reflect.Method.invoke(Native Method)
	at com.android.internal.os.ZygoteInit$MethodAndArgsCaller.run(ZygoteInit.java:1126)
	at com.android.internal.os.ZygoteInit.main(ZygoteInit.java:1000)

--------------------
16:34:34.045 com.cyjh.common.util.ac
->a(Unknown Source)
SYS
--------------------
16:34:34.046 com.cyjh.common.util.ac
->a(Unknown Source)
command finished.
--------------------
16:34:34.046 com.cyjh.common.util.ac
->a(Unknown Source)
测试
--------------------
16:34:34.128 com.cyjh.common.util.ac
->a(Unknown Source)
测试
--------------------
16:34:34.129 com.cyjh.common.util.ac
->a(Unknown Source)
java.lang.RuntimeException: 记录栈
	at mt.LogA9F8F1.a(Unknown Source)
	at com.cyjh.common.util.ac.a(Unknown Source)
	at com.cyjh.common.util.ac.a(Unknown Source)
	at com.cyjh.common.util.aj.copyWebInjectFile(00E6.java:4)
	at com.elfin.engin.c$7.onRootProgress(Unknown Source)
	at com.cyjh.mq.sdk.a$1.handleMessage(016F.java:1)
	at android.os.Handler.dispatchMessage(Handler.java:102)
	at android.os.Looper.loop(Looper.java:154)
	at android.app.ActivityThread.main(ActivityThread.java:6189)
	at java.lang.reflect.Method.invoke(Native Method)
	at com.android.internal.os.ZygoteInit$MethodAndArgsCaller.run(ZygoteInit.java:1126)
	at com.android.internal.os.ZygoteInit.main(ZygoteInit.java:1000)

--------------------
16:34:34.130 com.cyjh.common.util.ac
->a(Unknown Source)
SYS
--------------------
16:34:34.130 com.cyjh.common.util.ac
->a(Unknown Source)
command finished.
--------------------
16:34:34.130 com.cyjh.common.util.ac
->a(Unknown Source)
测试
--------------------
16:34:34.291 com.cyjh.common.util.ac
->a(Unknown Source)
测试
--------------------
16:34:34.293 com.cyjh.common.util.ac
->a(Unknown Source)
java.lang.RuntimeException: 记录栈
	at mt.LogA9F8F1.a(Unknown Source)
	at com.cyjh.common.util.ac.a(Unknown Source)
	at com.cyjh.common.util.ac.a(Unknown Source)
	at com.cyjh.common.util.aj.copyWebInjectFile(00E6.java:4)
	at com.elfin.engin.c$7.onRootProgress(Unknown Source)
	at com.cyjh.mq.sdk.a$1.handleMessage(016F.java:1)
	at android.os.Handler.dispatchMessage(Handler.java:102)
	at android.os.Looper.loop(Looper.java:154)
	at android.app.ActivityThread.main(ActivityThread.java:6189)
	at java.lang.reflect.Method.invoke(Native Method)
	at com.android.internal.os.ZygoteInit$MethodAndArgsCaller.run(ZygoteInit.java:1126)
	at com.android.internal.os.ZygoteInit.main(ZygoteInit.java:1000)

--------------------
16:34:34.293 com.cyjh.common.util.ac
->a(Unknown Source)
SYS
--------------------
16:34:34.293 com.cyjh.common.util.ac
->a(Unknown Source)
command finished.
--------------------
16:34:34.293 com.cyjh.common.util.ac
->a(Unknown Source)
测试
--------------------
16:34:34.294 com.cyjh.common.util.aj
->copyWebInjectFile(00E6.java:4)
测试
--------------------
16:34:34.295 com.cyjh.common.util.aj
->copyWebInjectFile(00E6.java:4)
java.lang.RuntimeException: 记录栈
	at mt.LogA9F8F1.a(Unknown Source)
	at com.cyjh.common.util.aj.copyWebInjectFile(00E6.java:4)
	at com.elfin.engin.c$7.onRootProgress(Unknown Source)
	at com.cyjh.mq.sdk.a$1.handleMessage(016F.java:1)
	at android.os.Handler.dispatchMessage(Handler.java:102)
	at android.os.Looper.loop(Looper.java:154)
	at android.app.ActivityThread.main(ActivityThread.java:6189)
	at java.lang.reflect.Method.invoke(Native Method)
	at com.android.internal.os.ZygoteInit$MethodAndArgsCaller.run(ZygoteInit.java:1126)
	at com.android.internal.os.ZygoteInit.main(ZygoteInit.java:1000)

--------------------
16:34:34.295 com.cyjh.common.util.aj
->copyWebInjectFile(00E6.java:4)
xygtest
--------------------
16:34:34.296 com.cyjh.common.util.aj
->copyWebInjectFile(00E6.java:4)
result=0
--------------------
16:34:34.296 com.cyjh.common.util.aj
->copyWebInjectFile(00E6.java:4)
测试
--------------------
16:34:34.401 com.cyjh.common.util.ac
->a(Unknown Source)
测试
--------------------
16:34:34.402 com.cyjh.common.util.ac
->a(Unknown Source)
java.lang.RuntimeException: 记录栈
	at mt.LogA9F8F1.a(Unknown Source)
	at com.cyjh.common.util.ac.a(Unknown Source)
	at com.cyjh.common.util.ac.a(Unknown Source)
	at com.cyjh.common.util.aj.copyWebInjectFile(00E6.java:4)
	at com.elfin.engin.c$7.onRootProgress(Unknown Source)
	at com.cyjh.mq.sdk.a$1.handleMessage(016F.java:1)
	at android.os.Handler.dispatchMessage(Handler.java:102)
	at android.os.Looper.loop(Looper.java:154)
	at android.app.ActivityThread.main(ActivityThread.java:6189)
	at java.lang.reflect.Method.invoke(Native Method)
	at com.android.internal.os.ZygoteInit$MethodAndArgsCaller.run(ZygoteInit.java:1126)
	at com.android.internal.os.ZygoteInit.main(ZygoteInit.java:1000)

--------------------
16:34:34.403 com.cyjh.common.util.ac
->a(Unknown Source)
SYS
--------------------
16:34:34.403 com.cyjh.common.util.ac
->a(Unknown Source)
command finished.
--------------------
16:34:34.403 com.cyjh.common.util.ac
->a(Unknown Source)
测试
--------------------
16:34:34.406 com.cyjh.common.util.aj
->copyWebInjectFile(00E6.java:4)
测试
--------------------
16:34:34.407 com.cyjh.common.util.aj
->copyWebInjectFile(00E6.java:4)
java.lang.RuntimeException: 记录栈
	at mt.LogA9F8F1.a(Unknown Source)
	at com.cyjh.common.util.aj.copyWebInjectFile(00E6.java:4)
	at com.elfin.engin.c$7.onRootProgress(Unknown Source)
	at com.cyjh.mq.sdk.a$1.handleMessage(016F.java:1)
	at android.os.Handler.dispatchMessage(Handler.java:102)
	at android.os.Looper.loop(Looper.java:154)
	at android.app.ActivityThread.main(ActivityThread.java:6189)
	at java.lang.reflect.Method.invoke(Native Method)
	at com.android.internal.os.ZygoteInit$MethodAndArgsCaller.run(ZygoteInit.java:1126)
	at com.android.internal.os.ZygoteInit.main(ZygoteInit.java:1000)

--------------------
16:34:34.407 com.cyjh.common.util.aj
->copyWebInjectFile(00E6.java:4)
xygtest
--------------------
16:34:34.407 com.cyjh.common.util.aj
->copyWebInjectFile(00E6.java:4)
result=0
--------------------
16:34:34.407 com.cyjh.common.util.aj
->copyWebInjectFile(00E6.java:4)
测试
--------------------
16:34:34.683 com.cyjh.elfin.floatingwindowprocess.service.a$a
->handleMessage(Unknown Source)
测试
--------------------
16:34:34.685 com.cyjh.elfin.floatingwindowprocess.service.a$a
->handleMessage(Unknown Source)
java.lang.RuntimeException: 记录栈
	at mt.LogA9F8F1.a(Unknown Source)
	at com.cyjh.elfin.floatingwindowprocess.service.a$a.handleMessage(Unknown Source)
	at android.os.Handler.dispatchMessage(Handler.java:102)
	at android.os.Looper.loop(Looper.java:154)
	at android.app.ActivityThread.main(ActivityThread.java:6189)
	at java.lang.reflect.Method.invoke(Native Method)
	at com.android.internal.os.ZygoteInit$MethodAndArgsCaller.run(ZygoteInit.java:1126)
	at com.android.internal.os.ZygoteInit.main(ZygoteInit.java:1000)

--------------------
16:34:34.685 com.cyjh.elfin.floatingwindowprocess.service.a$a
->handleMessage(Unknown Source)
ServerAppService
--------------------
16:34:34.685 com.cyjh.elfin.floatingwindowprocess.service.a$a
->handleMessage(Unknown Source)
收到来自客户端的消息:30000
--------------------
16:34:34.685 com.cyjh.elfin.floatingwindowprocess.service.a$a
->handleMessage(Unknown Source)
测试
--------------------
16:34:40.718 com.cyjh.http.d.b.a
->a(Unknown Source)
测试
--------------------
16:34:40.719 com.cyjh.http.d.b.a
->a(Unknown Source)
java.lang.RuntimeException: 记录栈
	at mt.LogA9F8F1.a(Unknown Source)
	at com.cyjh.http.d.b.a.a(Unknown Source)
	at com.cyjh.http.c.c.d.a(Unknown Source)
	at com.cyjh.http.c.b.a.a(Unknown Source)
	at com.cyjh.elfin.floatingwindowprocess.d.a.a(011D.java:3)
	at com.cyjh.elfin.floatingwindowprocess.floatview.ElfinFloatView.k(Unknown Source)
	at com.cyjh.elfin.floatingwindowprocess.floatview.ElfinFloatView.onClick(Unknown Source)
	at android.view.View.performClick(View.java:5637)
	at android.view.View$PerformClick.run(View.java:22429)
	at android.os.Handler.handleCallback(Handler.java:751)
	at android.os.Handler.dispatchMessage(Handler.java:95)
	at android.os.Looper.loop(Looper.java:154)
	at android.app.ActivityThread.main(ActivityThread.java:6189)
	at java.lang.reflect.Method.invoke(Native Method)
	at com.android.internal.os.ZygoteInit$MethodAndArgsCaller.run(ZygoteInit.java:1126)
	at com.android.internal.os.ZygoteInit.main(ZygoteInit.java:1000)

--------------------
16:34:40.720 com.cyjh.http.d.b.a
->a(Unknown Source)
ActivithHttpHelper
--------------------
16:34:40.720 com.cyjh.http.d.b.a
->a(Unknown Source)
url:http://auth2.mobileanjian.com/VersionUpdate
--------------------
16:34:40.720 com.cyjh.http.d.b.a
->a(Unknown Source)
测试
--------------------
16:34:40.986 com.cyjh.http.c.a.a
->a(014E.java:1)
测试
--------------------
16:34:40.987 com.cyjh.http.c.a.a
->a(014E.java:1)
java.lang.RuntimeException: 记录栈
	at mt.LogA9F8F1.a(Unknown Source)
	at com.cyjh.http.c.a.a.a(014E.java:1)
	at com.cyjh.http.d.b.d.a(0152.java:1)
	at com.android.volley.g.run(Unknown Source)

--------------------
16:34:40.987 com.cyjh.http.c.a.a
->a(014E.java:1)
AbstractHttpPresenter
--------------------
16:34:40.988 com.cyjh.http.c.a.a
->a(014E.java:1)
decodeRes:{\"SignContent\":\"{\u0022Code\u0022:200,\u0022Message\u0022:\u0022请求成功！\u0022,\u0022Data\u0022:{\u0022UpdateType\u0022:0,\u0022AppName\u0022:null,\u0022UpdateContent\u0022:null,\u0022UpdateUrl\u0022:null,\u0022PackageName\u0022:null,\u0022PackageSize\u0022:0,\u0022AppUpdateTime\u0022:0,\u0022StudioProjectKey\u0022:null,\u0022DeviceName\u0022:\u0022Sony9a71140d\u0022,\u0022InstanceDataUploadInterval\u0022:0,\u0022UpgradeMode\u0022:0,\u0022AppVersion\u0022:0,\u0022ClientTimestamp\u0022:1712824480,\u0022ServerTimestamp\u0022:1712824482}}\",\"Signature\":\"wo3LQAuT9qstzdFslSxPU5bsuwap29BXNTBdYT0LgIPl9kPyoytOTfhQdoqdwXGMwBTBm5RayD14+BuDFqXHUswdHL6v3E4GTp2d0Ok1h2FwMeXxWm+8MP++OF2rWRU/pUelZO7sy7I3W1VLRUDLnwReQw0bz6JcfxpECnCRx40=\"}
--------------------
16:34:40.988 com.cyjh.http.c.a.a
->a(014E.java:1)
测试
--------------------
16:34:41.003 com.cyjh.http.c.c.c
->a(014F.java)
测试
--------------------
16:34:41.005 com.cyjh.http.c.c.c
->a(014F.java)
java.lang.RuntimeException: 记录栈
	at mt.LogA9F8F1.a(Unknown Source)
	at com.cyjh.http.c.c.c.a(014F.java)
	at com.cyjh.elfin.floatingwindowprocess.d.a.b(011D.java)
	at com.cyjh.elfin.floatingwindowprocess.d.a$1.a(Unknown Source)
	at com.cyjh.http.c.b.a.c(Unknown Source)
	at com.cyjh.http.c.c.d.a(Unknown Source)
	at com.cyjh.http.d.b.a.a(Unknown Source)
	at com.cyjh.http.d.b.d.a(0152.java)
	at com.android.volley.e$a.run(Unknown Source)
	at android.os.Handler.handleCallback(Handler.java:751)
	at android.os.Handler.dispatchMessage(Handler.java:95)
	at android.os.Looper.loop(Looper.java:154)
	at android.app.ActivityThread.main(ActivityThread.java:6189)
	at java.lang.reflect.Method.invoke(Native Method)
	at com.android.internal.os.ZygoteInit$MethodAndArgsCaller.run(ZygoteInit.java:1126)
	at com.android.internal.os.ZygoteInit.main(ZygoteInit.java:1000)

--------------------
16:34:41.005 com.cyjh.http.c.c.c
->a(014F.java)
loadScriptStar
--------------------
16:34:41.005 com.cyjh.http.c.c.c
->a(014F.java)
scriptStartRunParams:ScriptStartRunParams{TemplateFileId=559, TemplateVersion='6.1.1', AppId=238076, AppVersion='1712804694', DeviceId='677b0ea9b8fcd0d3284a3d4692a13042', ClientTimestamp=1712824481, IsRedFinger=0, DeviceCode='53504273809530277ba80b7a4', AppInfo='COBC41DkB9vuJuuZA5T2+hSJXVrM5/DJs+cvCsW89UbcEuqeEcx8Zfdll5w5Ed04e/JnVcOeO4XHospe1u9wgu+IpdsPqHj6', V='81058250b7deb83d0', RegCode='63ff40df981462bf', ScriptId='7be025e0-0829-4b47-bff1-224ef491317d'}
--------------------
16:34:41.005 com.cyjh.http.c.c.c
->a(014F.java)
测试
--------------------
16:34:41.019 com.cyjh.http.d.b.a
->a(Unknown Source)
测试
--------------------
16:34:41.020 com.cyjh.http.d.b.a
->a(Unknown Source)
java.lang.RuntimeException: 记录栈
	at mt.LogA9F8F1.a(Unknown Source)
	at com.cyjh.http.d.b.a.a(Unknown Source)
	at com.cyjh.http.c.c.c.a(014F.java)
	at com.cyjh.elfin.floatingwindowprocess.d.a.b(011D.java)
	at com.cyjh.elfin.floatingwindowprocess.d.a$1.a(Unknown Source)
	at com.cyjh.http.c.b.a.c(Unknown Source)
	at com.cyjh.http.c.c.d.a(Unknown Source)
	at com.cyjh.http.d.b.a.a(Unknown Source)
	at com.cyjh.http.d.b.d.a(0152.java)
	at com.android.volley.e$a.run(Unknown Source)
	at android.os.Handler.handleCallback(Handler.java:751)
	at android.os.Handler.dispatchMessage(Handler.java:95)
	at android.os.Looper.loop(Looper.java:154)
	at android.app.ActivityThread.main(ActivityThread.java:6189)
	at java.lang.reflect.Method.invoke(Native Method)
	at com.android.internal.os.ZygoteInit$MethodAndArgsCaller.run(ZygoteInit.java:1126)
	at com.android.internal.os.ZygoteInit.main(ZygoteInit.java:1000)

--------------------
16:34:41.021 com.cyjh.http.d.b.a
->a(Unknown Source)
ActivithHttpHelper
--------------------
16:34:41.021 com.cyjh.http.d.b.a
->a(Unknown Source)
url:http://auth2.mobileanjian.com/Script/PreStart
--------------------
16:34:41.021 com.cyjh.http.d.b.a
->a(Unknown Source)
测试
--------------------
16:34:41.185 com.cyjh.http.c.a.a
->a(014E.java:1)
测试
--------------------
16:34:41.186 com.cyjh.http.c.a.a
->a(014E.java:1)
java.lang.RuntimeException: 记录栈
	at mt.LogA9F8F1.a(Unknown Source)
	at com.cyjh.http.c.a.a.a(014E.java:1)
	at com.cyjh.http.d.b.d.a(0152.java:1)
	at com.android.volley.g.run(Unknown Source)

--------------------
16:34:41.187 com.cyjh.http.c.a.a
->a(014E.java:1)
AbstractHttpPresenter
--------------------
16:34:41.187 com.cyjh.http.c.a.a
->a(014E.java:1)
decodeRes:{\"SignContent\":\"{\u0022Code\u0022:200,\u0022Message\u0022:\u0022请求成功！\u0022,\u0022Data\u0022:{\u0022ExpireTime\u0022:1713180919,\u0022DailyTryTimes\u0022:1,\u0022OnceTryMinute\u0022:10,\u0022RunGuid\u0022:null,\u0022ScriptEncryptKey\u0022:\u0022ab61f1113c13458bbb57f9601ddd10c4\u0022,\u0022ClientTimestamp\u0022:1712824481,\u0022ServerTimestamp\u0022:1712824482}}\",\"Signature\":\"DzIwiGCOW5kGW0mTJZFccKkhQuFqgcYs2/OnRUWUsHGjQJM+Pinzle2VAlT56EjF6b6d7DTFtxTZYLRfCCxDoxbr1WGtRfgaoT0BpMHATR1qfOygLUNFpnj7IniXhP3QJdLHVcD4HDuMUTqvSy+M7ZptJgkf6WukmbHzLhmhRoU=\"}
--------------------
16:34:41.187 com.cyjh.http.c.a.a
->a(014E.java:1)
测试
--------------------
16:34:41.189 com.cyjh.http.c.c.c
->a(014F.java)
测试
--------------------
16:34:41.191 com.cyjh.http.c.c.c
->a(014F.java)
java.lang.RuntimeException: 记录栈
	at mt.LogA9F8F1.a(Unknown Source)
	at com.cyjh.http.c.c.c.a(014F.java)
	at com.cyjh.http.d.b.a.a(Unknown Source)
	at com.cyjh.http.d.b.d.a(0152.java)
	at com.android.volley.e$a.run(Unknown Source)
	at android.os.Handler.handleCallback(Handler.java:751)
	at android.os.Handler.dispatchMessage(Handler.java:95)
	at android.os.Looper.loop(Looper.java:154)
	at android.app.ActivityThread.main(ActivityThread.java:6189)
	at java.lang.reflect.Method.invoke(Native Method)
	at com.android.internal.os.ZygoteInit$MethodAndArgsCaller.run(ZygoteInit.java:1126)
	at com.android.internal.os.ZygoteInit.main(ZygoteInit.java:1000)

--------------------
16:34:41.191 com.cyjh.http.c.c.c
->a(014F.java)
zzz
--------------------
16:34:41.191 com.cyjh.http.c.c.c
->a(014F.java)
com.cyjh.share.AppStatisticsPresenter--uiDataSuccess:{\"Code\":200,\"Message\":\"请求成功！\",\"Data\":{\"ExpireTime\":1713180919,\"DailyTryTimes\":1,\"OnceTryMinute\":10,\"RunGuid\":null,\"ScriptEncryptKey\":\"ab61f1113c13458bbb57f9601ddd10c4\",\"ClientTimestamp\":1712824481,\"ServerTimestamp\":1712824482}}
--------------------
16:34:41.191 com.cyjh.http.c.c.c
->a(014F.java)
测试
--------------------
16:34:41.201 com.cyjh.elfin.floatingwindowprocess.d.b
->a(011F.java)
测试
--------------------
16:34:41.202 com.cyjh.elfin.floatingwindowprocess.d.b
->a(011F.java)
java.lang.RuntimeException: 记录栈
	at mt.LogA9F8F1.a(Unknown Source)
	at com.cyjh.elfin.floatingwindowprocess.d.b.a(011F.java)
	at com.cyjh.elfin.floatingwindowprocess.c.c.a(011C.java)
	at com.cyjh.elfin.floatingwindowprocess.d.b.c(011F.java)
	at com.cyjh.elfin.floatingwindowprocess.d.a$2.a(Unknown Source)
	at com.cyjh.http.c.c.c.a(014F.java:1)
	at com.cyjh.http.d.b.a.a(Unknown Source)
	at com.cyjh.http.d.b.d.a(0152.java)
	at com.android.volley.e$a.run(Unknown Source)
	at android.os.Handler.handleCallback(Handler.java:751)
	at android.os.Handler.dispatchMessage(Handler.java:95)
	at android.os.Looper.loop(Looper.java:154)
	at android.app.ActivityThread.main(ActivityThread.java:6189)
	at java.lang.reflect.Method.invoke(Native Method)
	at com.android.internal.os.ZygoteInit$MethodAndArgsCaller.run(ZygoteInit.java:1126)
	at com.android.internal.os.ZygoteInit.main(ZygoteInit.java:1000)

--------------------
16:34:41.202 com.cyjh.elfin.floatingwindowprocess.d.b
->a(011F.java)
zzz
--------------------
16:34:41.202 com.cyjh.elfin.floatingwindowprocess.d.b
->a(011F.java)
runScript--script4Run.scripyEncryptKey:ab61f1113c13458bbb57f9601ddd10c4
--------------------
16:34:41.203 com.cyjh.elfin.floatingwindowprocess.d.b
->a(011F.java)
测试
--------------------
16:34:41.249 com.cyjh.http.c.c.c
->a(014F.java)
测试
--------------------
16:34:41.251 com.cyjh.http.c.c.c
->a(014F.java)
java.lang.RuntimeException: 记录栈
	at mt.LogA9F8F1.a(Unknown Source)
	at com.cyjh.http.c.c.c.a(014F.java)
	at com.cyjh.elfin.floatingwindowprocess.d.a.a(011D.java)
	at com.cyjh.elfin.floatingwindowprocess.d.b$2.b(011E.java:1)
	at com.elfin.engin.c$4.onStartScript(Unknown Source)
	at com.cyjh.mq.c.d$1.handleMessage(Unknown Source)
	at android.os.Handler.dispatchMessage(Handler.java:102)
	at android.os.Looper.loop(Looper.java:154)
	at android.app.ActivityThread.main(ActivityThread.java:6189)
	at java.lang.reflect.Method.invoke(Native Method)
	at com.android.internal.os.ZygoteInit$MethodAndArgsCaller.run(ZygoteInit.java:1126)
	at com.android.internal.os.ZygoteInit.main(ZygoteInit.java:1000)

--------------------
16:34:41.251 com.cyjh.http.c.c.c
->a(014F.java)
loadScriptStar
--------------------
16:34:41.251 com.cyjh.http.c.c.c
->a(014F.java)
scriptStartRunParams:ScriptStartRunParams{TemplateFileId=559, TemplateVersion='6.1.1', AppId=238076, AppVersion='1712804694', DeviceId='677b0ea9b8fcd0d3284a3d4692a13042', ClientTimestamp=1712824481, IsRedFinger=0, DeviceCode='53504273809530277ba80b7a4', AppInfo='COBC41DkB9vuJuuZA5T2+hSJXVrM5/DJs+cvCsW89UbcEuqeEcx8Zfdll5w5Ed04e/JnVcOeO4XHospe1u9wgu+IpdsPqHj6', V='81058250b7deb83d0', RegCode='63ff40df981462bf', ScriptId='7be025e0-0829-4b47-bff1-224ef491317d'}
--------------------
16:34:41.252 com.cyjh.http.c.c.c
->a(014F.java)
测试
--------------------
16:34:41.265 com.cyjh.http.d.b.a
->a(Unknown Source)
测试
--------------------
16:34:41.267 com.cyjh.http.d.b.a
->a(Unknown Source)
java.lang.RuntimeException: 记录栈
	at mt.LogA9F8F1.a(Unknown Source)
	at com.cyjh.http.d.b.a.a(Unknown Source)
	at com.cyjh.http.c.c.c.a(014F.java)
	at com.cyjh.elfin.floatingwindowprocess.d.a.a(011D.java)
	at com.cyjh.elfin.floatingwindowprocess.d.b$2.b(011E.java:1)
	at com.elfin.engin.c$4.onStartScript(Unknown Source)
	at com.cyjh.mq.c.d$1.handleMessage(Unknown Source)
	at android.os.Handler.dispatchMessage(Handler.java:102)
	at android.os.Looper.loop(Looper.java:154)
	at android.app.ActivityThread.main(ActivityThread.java:6189)
	at java.lang.reflect.Method.invoke(Native Method)
	at com.android.internal.os.ZygoteInit$MethodAndArgsCaller.run(ZygoteInit.java:1126)
	at com.android.internal.os.ZygoteInit.main(ZygoteInit.java:1000)

--------------------
16:34:41.267 com.cyjh.http.d.b.a
->a(Unknown Source)
ActivithHttpHelper
--------------------
16:34:41.267 com.cyjh.http.d.b.a
->a(Unknown Source)
url:http://auth2.mobileanjian.com/Script/Start
--------------------
16:34:41.267 com.cyjh.http.d.b.a
->a(Unknown Source)
测试
--------------------
16:34:41.354 com.cyjh.common.util.ac
->a(Unknown Source)
测试
--------------------
16:34:41.355 com.cyjh.common.util.ac
->a(Unknown Source)
java.lang.RuntimeException: 记录栈
	at mt.LogA9F8F1.a(Unknown Source)
	at com.cyjh.common.util.ac.a(Unknown Source)
	at com.cyjh.common.util.ac.a(Unknown Source)
	at com.cyjh.http.a.a.b(Unknown Source)
	at com.cyjh.elfin.floatingwindowprocess.d.b$2.b(011E.java:1)
	at com.elfin.engin.c$4.onStartScript(Unknown Source)
	at com.cyjh.mq.c.d$1.handleMessage(Unknown Source)
	at android.os.Handler.dispatchMessage(Handler.java:102)
	at android.os.Looper.loop(Looper.java:154)
	at android.app.ActivityThread.main(ActivityThread.java:6189)
	at java.lang.reflect.Method.invoke(Native Method)
	at com.android.internal.os.ZygoteInit$MethodAndArgsCaller.run(ZygoteInit.java:1126)
	at com.android.internal.os.ZygoteInit.main(ZygoteInit.java:1000)

--------------------
16:34:41.355 com.cyjh.common.util.ac
->a(Unknown Source)
SYS
--------------------
16:34:41.356 com.cyjh.common.util.ac
->a(Unknown Source)
command finished.
--------------------
16:34:41.356 com.cyjh.common.util.ac
->a(Unknown Source)
测试
--------------------
16:34:41.375 com.cyjh.http.c.a.a
->a(014E.java:1)
测试
--------------------
16:34:41.377 com.cyjh.http.c.a.a
->a(014E.java:1)
java.lang.RuntimeException: 记录栈
	at mt.LogA9F8F1.a(Unknown Source)
	at com.cyjh.http.c.a.a.a(014E.java:1)
	at com.cyjh.http.d.b.d.a(0152.java:1)
	at com.android.volley.g.run(Unknown Source)

--------------------
16:34:41.378 com.cyjh.http.c.a.a
->a(014E.java:1)
AbstractHttpPresenter
--------------------
16:34:41.378 com.cyjh.http.c.a.a
->a(014E.java:1)
decodeRes:{\"SignContent\":\"{\u0022Code\u0022:200,\u0022Message\u0022:\u0022请求成功！\u0022,\u0022Data\u0022:{\u0022ExpireTime\u0022:1713180919,\u0022DailyTryTimes\u0022:1,\u0022OnceTryMinute\u0022:10,\u0022RunGuid\u0022:\u00221c06463bd65f4db6abc64a8d1b9f081f\u0022,\u0022ScriptEncryptKey\u0022:\u0022\u0022,\u0022ClientTimestamp\u0022:1712824481,\u0022ServerTimestamp\u0022:1712824482}}\",\"Signature\":\"JOC64wPFCUVOuPS0aCSnkyycmAs4JSNO4kvaZxG13acR7XWibEoHa5nJGmOvkOqlW8tc0d2SdT1dVgXf4TP6QqE7PqhaFBb114Uj3VB5FXQ2JVIg6naagombGC1sKW8IfsJWICdgpoGgOIk7umn+kNbNopaUyTunlDnzE8UBvcE=\"}
--------------------
16:34:41.378 com.cyjh.http.c.a.a
->a(014E.java:1)
测试
--------------------
16:34:41.407 com.cyjh.http.c.c.c
->a(014F.java)
测试
--------------------
16:34:41.409 com.cyjh.http.c.c.c
->a(014F.java)
java.lang.RuntimeException: 记录栈
	at mt.LogA9F8F1.a(Unknown Source)
	at com.cyjh.http.c.c.c.a(014F.java)
	at com.cyjh.http.d.b.a.a(Unknown Source)
	at com.cyjh.http.d.b.d.a(0152.java)
	at com.android.volley.e$a.run(Unknown Source)
	at android.os.Handler.handleCallback(Handler.java:751)
	at android.os.Handler.dispatchMessage(Handler.java:95)
	at android.os.Looper.loop(Looper.java:154)
	at android.app.ActivityThread.main(ActivityThread.java:6189)
	at java.lang.reflect.Method.invoke(Native Method)
	at com.android.internal.os.ZygoteInit$MethodAndArgsCaller.run(ZygoteInit.java:1126)
	at com.android.internal.os.ZygoteInit.main(ZygoteInit.java:1000)

--------------------
16:34:41.409 com.cyjh.http.c.c.c
->a(014F.java)
zzz
--------------------
16:34:41.409 com.cyjh.http.c.c.c
->a(014F.java)
com.cyjh.share.AppStatisticsPresenter--uiDataSuccess:{\"Code\":200,\"Message\":\"请求成功！\",\"Data\":{\"ExpireTime\":1713180919,\"DailyTryTimes\":1,\"OnceTryMinute\":10,\"RunGuid\":\"1c06463bd65f4db6abc64a8d1b9f081f\",\"ScriptEncryptKey\":\"\",\"ClientTimestamp\":1712824481,\"ServerTimestamp\":1712824482}}
--------------------
16:34:41.409 com.cyjh.http.c.c.c
->a(014F.java)
测试
--------------------
16:34:44.487 com.cyjh.mq.sdk.a
->stop(Unknown Source)
测试
--------------------
16:34:44.490 com.cyjh.mq.sdk.a
->stop(Unknown Source)
java.lang.RuntimeException: 记录栈
	at mt.LogA9F8F1.a(Unknown Source)
	at com.cyjh.mq.sdk.a.stop(Unknown Source)
	at com.cyjh.elfin.floatingwindowprocess.d.b.d(011F.java)
	at com.cyjh.elfin.floatingwindowprocess.floatview.ElfinFloatView.onClick(Unknown Source)
	at android.view.View.performClick(View.java:5637)
	at android.view.View$PerformClick.run(View.java:22429)
	at android.os.Handler.handleCallback(Handler.java:751)
	at android.os.Handler.dispatchMessage(Handler.java:95)
	at android.os.Looper.loop(Looper.java:154)
	at android.app.ActivityThread.main(ActivityThread.java:6189)
	at java.lang.reflect.Method.invoke(Native Method)
	at com.android.internal.os.ZygoteInit$MethodAndArgsCaller.run(ZygoteInit.java:1126)
	at com.android.internal.os.ZygoteInit.main(ZygoteInit.java:1000)

--------------------
16:34:44.490 com.cyjh.mq.sdk.a
->stop(Unknown Source)
JAVA_RUNNER
--------------------
16:34:44.490 com.cyjh.mq.sdk.a
->stop(Unknown Source)
GeneralMqRunner stop
--------------------
16:34:44.491 com.cyjh.mq.sdk.a
->stop(Unknown Source)
测试
--------------------
16:34:44.826 com.cyjh.mq.c.d$1
->handleMessage(Unknown Source)
测试
--------------------
16:34:44.827 com.cyjh.mq.c.d$1
->handleMessage(Unknown Source)
java.lang.RuntimeException: 记录栈
	at mt.LogA9F8F1.a(Unknown Source)
	at com.cyjh.mq.c.d$1.handleMessage(Unknown Source)
	at android.os.Handler.dispatchMessage(Handler.java:102)
	at android.os.Looper.loop(Looper.java:154)
	at android.app.ActivityThread.main(ActivityThread.java:6189)
	at java.lang.reflect.Method.invoke(Native Method)
	at com.android.internal.os.ZygoteInit$MethodAndArgsCaller.run(ZygoteInit.java:1126)
	at com.android.internal.os.ZygoteInit.main(ZygoteInit.java:1000)

--------------------
16:34:44.828 com.cyjh.mq.c.d$1
->handleMessage(Unknown Source)
JAVA_RUNNER
--------------------
16:34:44.828 com.cyjh.mq.c.d$1
->handleMessage(Unknown Source)
ScriptRunnerLite WHAT_STOP SCRIPT_STOPPED
--------------------
16:34:44.828 com.cyjh.mq.c.d$1
->handleMessage(Unknown Source)
测试
--------------------
16:34:44.830 com.cyjh.mq.c.d$1
->handleMessage(Unknown Source)
测试
--------------------
16:34:44.831 com.cyjh.mq.c.d$1
->handleMessage(Unknown Source)
java.lang.RuntimeException: 记录栈
	at mt.LogA9F8F1.a(Unknown Source)
	at com.cyjh.mq.c.d$1.handleMessage(Unknown Source)
	at android.os.Handler.dispatchMessage(Handler.java:102)
	at android.os.Looper.loop(Looper.java:154)
	at android.app.ActivityThread.main(ActivityThread.java:6189)
	at java.lang.reflect.Method.invoke(Native Method)
	at com.android.internal.os.ZygoteInit$MethodAndArgsCaller.run(ZygoteInit.java:1126)
	at com.android.internal.os.ZygoteInit.main(ZygoteInit.java:1000)

--------------------
16:34:44.831 com.cyjh.mq.c.d$1
->handleMessage(Unknown Source)
JAVA_RUNNER
--------------------
16:34:44.832 com.cyjh.mq.c.d$1
->handleMessage(Unknown Source)
ScriptRunnerLite WHAT_STOP mConnection.getOnScriptListener() != null
--------------------
16:34:44.832 com.cyjh.mq.c.d$1
->handleMessage(Unknown Source)
测试
--------------------
16:34:44.855 com.cyjh.http.d.b.a
->a(Unknown Source)
测试
--------------------
16:34:44.856 com.cyjh.http.d.b.a
->a(Unknown Source)
java.lang.RuntimeException: 记录栈
	at mt.LogA9F8F1.a(Unknown Source)
	at com.cyjh.http.d.b.a.a(Unknown Source)
	at com.cyjh.http.c.c.c.a(014F.java)
	at com.cyjh.elfin.floatingwindowprocess.d.a.a(011D.java)
	at com.cyjh.elfin.floatingwindowprocess.d.b$2.b(011E.java)
	at com.elfin.engin.c$4.onStopScript(Unknown Source)
	at com.cyjh.mq.c.d$1.handleMessage(Unknown Source)
	at android.os.Handler.dispatchMessage(Handler.java:102)
	at android.os.Looper.loop(Looper.java:154)
	at android.app.ActivityThread.main(ActivityThread.java:6189)
	at java.lang.reflect.Method.invoke(Native Method)
	at com.android.internal.os.ZygoteInit$MethodAndArgsCaller.run(ZygoteInit.java:1126)
	at com.android.internal.os.ZygoteInit.main(ZygoteInit.java:1000)

--------------------
16:34:44.856 com.cyjh.http.d.b.a
->a(Unknown Source)
ActivithHttpHelper
--------------------
16:34:44.856 com.cyjh.http.d.b.a
->a(Unknown Source)
url:http://auth2.mobileanjian.com/Script/Stop
--------------------
16:34:44.856 com.cyjh.http.d.b.a
->a(Unknown Source)
测试
--------------------
16:34:45.075 com.cyjh.http.c.a.a
->a(014E.java:1)
测试
--------------------
16:34:45.076 com.cyjh.http.c.a.a
->a(014E.java:1)
java.lang.RuntimeException: 记录栈
	at mt.LogA9F8F1.a(Unknown Source)
	at com.cyjh.http.c.a.a.a(014E.java:1)
	at com.cyjh.http.d.b.d.a(0152.java:1)
	at com.android.volley.g.run(Unknown Source)

--------------------
16:34:45.076 com.cyjh.http.c.a.a
->a(014E.java:1)
AbstractHttpPresenter
--------------------
16:34:45.077 com.cyjh.http.c.a.a
->a(014E.java:1)
decodeRes:{\"SignContent\":\"{\u0022Code\u0022:200,\u0022Message\u0022:\u0022请求成功！\u0022,\u0022Data\u0022:{\u0022ClientTimestamp\u0022:1712824484,\u0022ServerTimestamp\u0022:1712824486}}\",\"Signature\":\"sgh3awwy1nSdd+Jzrwoo+169272ZI/kfW2lMJKG4TRiVesfWvauU+FVi0DycG88WkZhehmY7Hqw7OxFnJhbeyc1hM+O7jSE8/INSYffjLmGfzfdsSbPWHF9afl7LAinG/46+zoIM4ekocBCz0Kkvze/4Xb69QY99AlQppoSNiDk=\"}
--------------------
16:34:45.077 com.cyjh.http.c.a.a
->a(014E.java:1)
测试
--------------------
16:34:45.079 com.cyjh.http.c.c.c
->a(014F.java)
测试
--------------------
16:34:45.080 com.cyjh.http.c.c.c
->a(014F.java)
java.lang.RuntimeException: 记录栈
	at mt.LogA9F8F1.a(Unknown Source)
	at com.cyjh.http.c.c.c.a(014F.java)
	at com.cyjh.http.d.b.a.a(Unknown Source)
	at com.cyjh.http.d.b.d.a(0152.java)
	at com.android.volley.e$a.run(Unknown Source)
	at android.os.Handler.handleCallback(Handler.java:751)
	at android.os.Handler.dispatchMessage(Handler.java:95)
	at android.os.Looper.loop(Looper.java:154)
	at android.app.ActivityThread.main(ActivityThread.java:6189)
	at java.lang.reflect.Method.invoke(Native Method)
	at com.android.internal.os.ZygoteInit$MethodAndArgsCaller.run(ZygoteInit.java:1126)
	at com.android.internal.os.ZygoteInit.main(ZygoteInit.java:1000)

--------------------
16:34:45.080 com.cyjh.http.c.c.c
->a(014F.java)
zzz
--------------------
16:34:45.081 com.cyjh.http.c.c.c
->a(014F.java)
com.cyjh.share.AppStatisticsPresenter--uiDataSuccess:{\"Code\":200,\"Message\":\"请求成功！\",\"Data\":{\"ClientTimestamp\":1712824484,\"ServerTimestamp\":1712824486}}
--------------------
16:34:45.081 com.cyjh.http.c.c.c
->a(014F.java)
测试
--------------------
16:35:26.627 com.cyjh.http.d.b.a
->a(Unknown Source)
测试
--------------------
16:35:26.629 com.cyjh.http.d.b.a
->a(Unknown Source)
java.lang.RuntimeException: 记录栈
	at mt.LogA9F8F1.a(Unknown Source)
	at com.cyjh.http.d.b.a.a(Unknown Source)
	at com.cyjh.http.c.c.c.a(014F.java)
	at com.cyjh.elfin.floatingwindowprocess.d.a.a(011D.java)
	at com.cyjh.elfin.floatingwindowprocess.floatview.ElfinFloatView.onClick(Unknown Source)
	at android.view.View.performClick(View.java:5637)
	at android.view.View$PerformClick.run(View.java:22429)
	at android.os.Handler.handleCallback(Handler.java:751)
	at android.os.Handler.dispatchMessage(Handler.java:95)
	at android.os.Looper.loop(Looper.java:154)
	at android.app.ActivityThread.main(ActivityThread.java:6189)
	at java.lang.reflect.Method.invoke(Native Method)
	at com.android.internal.os.ZygoteInit$MethodAndArgsCaller.run(ZygoteInit.java:1126)
	at com.android.internal.os.ZygoteInit.main(ZygoteInit.java:1000)

--------------------
16:35:26.629 com.cyjh.http.d.b.a
->a(Unknown Source)
ActivithHttpHelper
--------------------
16:35:26.629 com.cyjh.http.d.b.a
->a(Unknown Source)
url:http://auth2.mobileanjian.com/Script/Stop
--------------------
16:35:26.629 com.cyjh.http.d.b.a
->a(Unknown Source)
测试
--------------------
16:35:26.956 com.cyjh.http.c.a.a
->a(014E.java:1)
测试
--------------------
16:35:26.958 com.cyjh.http.c.a.a
->a(014E.java:1)
java.lang.RuntimeException: 记录栈
	at mt.LogA9F8F1.a(Unknown Source)
	at com.cyjh.http.c.a.a.a(014E.java:1)
	at com.cyjh.http.d.b.d.a(0152.java:1)
	at com.android.volley.g.run(Unknown Source)

--------------------
16:35:26.958 com.cyjh.http.c.a.a
->a(014E.java:1)
AbstractHttpPresenter
--------------------
16:35:26.958 com.cyjh.http.c.a.a
->a(014E.java:1)
decodeRes:{\"SignContent\":\"{\u0022Code\u0022:200,\u0022Message\u0022:\u0022请求成功！\u0022,\u0022Data\u0022:{\u0022ClientTimestamp\u0022:1712824526,\u0022ServerTimestamp\u0022:1712824528}}\",\"Signature\":\"l6EZcm1MChkiOdUKL9NFT+VnzNCOKQ9Q2G9cmZVgrBpzLHMBwu+b5vLRQ3lLVq5ua7SkO9oXXdyN91lFcjIQnhQqp1IDtehEAFXyFwhJmnitJnT5zkqQD+ocC/HqMIiNXAe93OAbUHbX73LxOLzBnOc84zhg6c2rmof2rN1iGlE=\"}
--------------------
16:35:26.958 com.cyjh.http.c.a.a
->a(014E.java:1)
测试
--------------------
16:35:26.960 com.cyjh.http.c.c.c
->a(014F.java)
测试
--------------------
16:35:26.962 com.cyjh.http.c.c.c
->a(014F.java)
java.lang.RuntimeException: 记录栈
	at mt.LogA9F8F1.a(Unknown Source)
	at com.cyjh.http.c.c.c.a(014F.java)
	at com.cyjh.http.d.b.a.a(Unknown Source)
	at com.cyjh.http.d.b.d.a(0152.java)
	at com.android.volley.e$a.run(Unknown Source)
	at android.os.Handler.handleCallback(Handler.java:751)
	at android.os.Handler.dispatchMessage(Handler.java:95)
	at android.os.Looper.loop(Looper.java:154)
	at android.app.ActivityThread.main(ActivityThread.java:6189)
	at java.lang.reflect.Method.invoke(Native Method)
	at com.android.internal.os.ZygoteInit$MethodAndArgsCaller.run(ZygoteInit.java:1126)
	at com.android.internal.os.ZygoteInit.main(ZygoteInit.java:1000)

--------------------
16:35:26.962 com.cyjh.http.c.c.c
->a(014F.java)
zzz
--------------------
16:35:26.962 com.cyjh.http.c.c.c
->a(014F.java)
com.cyjh.share.AppStatisticsPresenter--uiDataSuccess:{\"Code\":200,\"Message\":\"请求成功！\",\"Data\":{\"ClientTimestamp\":1712824526,\"ServerTimestamp\":1712824528}}
--------------------
16:35:26.962 com.cyjh.http.c.c.c
->a(014F.java)
测试
--------------------
