16:40:31.535 com.cyjh.elfin.base.AppContext
->attachBaseContext(0101.java:4)
测试
--------------------
16:40:31.536 com.cyjh.elfin.base.AppContext
->attachBaseContext(0101.java:4)
java.lang.RuntimeException: 记录栈
	at mt.LogA9F8F1.a(Unknown Source)
	at com.cyjh.elfin.base.AppContext.attachBaseContext(0101.java:4)
	at android.app.Application.attach(Application.java:189)
	at android.app.Instrumentation.newApplication(Instrumentation.java:1008)
	at android.app.Instrumentation.newApplication(Instrumentation.java:992)
	at android.app.LoadedApk.makeApplication(LoadedApk.java:796)
	at android.app.ActivityThread.handleBindApplication(ActivityThread.java:5442)
	at android.app.ActivityThread.-wrap2(ActivityThread.java)
	at android.app.ActivityThread$H.handleMessage(ActivityThread.java:1550)
	at android.os.Handler.dispatchMessage(Handler.java:102)
	at android.os.Looper.loop(Looper.java:154)
	at android.app.ActivityThread.main(ActivityThread.java:6189)
	at java.lang.reflect.Method.invoke(Native Method)
	at com.android.internal.os.ZygoteInit$MethodAndArgsCaller.run(ZygoteInit.java:1126)
	at com.android.internal.os.ZygoteInit.main(ZygoteInit.java:1000)

--------------------
16:40:31.536 com.cyjh.elfin.base.AppContext
->attachBaseContext(0101.java:4)
TAG
--------------------
16:40:31.536 com.cyjh.elfin.base.AppContext
->attachBaseContext(0101.java:4)
initProcess: com.hjol
--------------------
16:40:31.536 com.cyjh.elfin.base.AppContext
->attachBaseContext(0101.java:4)
测试
--------------------
16:40:32.033 com.cyjh.elfin.base.AppContext
->onCreate(0101.java:5)
测试
--------------------
16:40:32.033 com.cyjh.elfin.base.AppContext
->onCreate(0101.java:5)
java.lang.RuntimeException: 记录栈
	at mt.LogA9F8F1.a(Unknown Source)
	at com.cyjh.elfin.base.AppContext.onCreate(0101.java:5)
	at android.app.Instrumentation.callApplicationOnCreate(Instrumentation.java:1024)
	at android.app.ActivityThread.handleBindApplication(ActivityThread.java:5471)
	at android.app.ActivityThread.-wrap2(ActivityThread.java)
	at android.app.ActivityThread$H.handleMessage(ActivityThread.java:1550)
	at android.os.Handler.dispatchMessage(Handler.java:102)
	at android.os.Looper.loop(Looper.java:154)
	at android.app.ActivityThread.main(ActivityThread.java:6189)
	at java.lang.reflect.Method.invoke(Native Method)
	at com.android.internal.os.ZygoteInit$MethodAndArgsCaller.run(ZygoteInit.java:1126)
	at com.android.internal.os.ZygoteInit.main(ZygoteInit.java:1000)

--------------------
16:40:32.033 com.cyjh.elfin.base.AppContext
->onCreate(0101.java:5)
AppContext
--------------------
16:40:32.033 com.cyjh.elfin.base.AppContext
->onCreate(0101.java:5)
onCreate process: com.hjol:enginfloat
--------------------
16:40:32.034 com.cyjh.elfin.base.AppContext
->onCreate(0101.java:5)
测试
--------------------
16:40:32.242 com.cyjh.mq.service.IpcService
->onCreate(0172.java:8)
测试
--------------------
16:40:32.242 com.cyjh.mq.service.IpcService
->onCreate(0172.java:8)
java.lang.RuntimeException: 记录栈
	at mt.LogA9F8F1.a(Unknown Source)
	at com.cyjh.mq.service.IpcService.onCreate(0172.java:8)
	at android.app.ActivityThread.handleCreateService(ActivityThread.java:3252)
	at android.app.ActivityThread.-wrap5(ActivityThread.java)
	at android.app.ActivityThread$H.handleMessage(ActivityThread.java:1572)
	at android.os.Handler.dispatchMessage(Handler.java:102)
	at android.os.Looper.loop(Looper.java:154)
	at android.app.ActivityThread.main(ActivityThread.java:6189)
	at java.lang.reflect.Method.invoke(Native Method)
	at com.android.internal.os.ZygoteInit$MethodAndArgsCaller.run(ZygoteInit.java:1126)
	at com.android.internal.os.ZygoteInit.main(ZygoteInit.java:1000)

--------------------
16:40:32.242 com.cyjh.mq.service.IpcService
->onCreate(0172.java:8)
VERSION
--------------------
16:40:32.242 com.cyjh.mq.service.IpcService
->onCreate(0172.java:8)
build info: build on 2023-05-17 13:36:07
--------------------
16:40:32.242 com.cyjh.mq.service.IpcService
->onCreate(0172.java:8)
测试
--------------------
16:40:37.261 com.cyjh.mq.sdk.a
->onObtained(Unknown Source)
测试
--------------------
16:40:37.263 com.cyjh.mq.sdk.a
->onObtained(Unknown Source)
java.lang.RuntimeException: 记录栈
	at mt.LogA9F8F1.a(Unknown Source)
	at com.cyjh.mq.sdk.a.onObtained(Unknown Source)
	at com.cyjh.mobileanjian.ipc.d$2.run(Unknown Source)

--------------------
16:40:37.263 com.cyjh.mq.sdk.a
->onObtained(Unknown Source)
JAVA_RUNNER
--------------------
16:40:37.263 com.cyjh.mq.sdk.a
->onObtained(Unknown Source)
onObtained()1
--------------------
16:40:37.263 com.cyjh.mq.sdk.a
->onObtained(Unknown Source)
测试
--------------------
16:40:37.312 com.cyjh.common.util.ac
->a(Unknown Source)
测试
--------------------
16:40:37.314 com.cyjh.common.util.ac
->a(Unknown Source)
java.lang.RuntimeException: 记录栈
	at mt.LogA9F8F1.a(Unknown Source)
	at com.cyjh.common.util.ac.a(Unknown Source)
	at com.cyjh.common.util.ac.a(Unknown Source)
	at com.cyjh.common.util.aj.copyWebInjectFile(00E6.java)
	at com.elfin.engin.c$7.onRootProgress(Unknown Source)
	at com.cyjh.mq.sdk.a$1.handleMessage(016F.java:1)
	at android.os.Handler.dispatchMessage(Handler.java:102)
	at android.os.Looper.loop(Looper.java:154)
	at android.app.ActivityThread.main(ActivityThread.java:6189)
	at java.lang.reflect.Method.invoke(Native Method)
	at com.android.internal.os.ZygoteInit$MethodAndArgsCaller.run(ZygoteInit.java:1126)
	at com.android.internal.os.ZygoteInit.main(ZygoteInit.java:1000)

--------------------
16:40:37.314 com.cyjh.common.util.ac
->a(Unknown Source)
SYS
--------------------
16:40:37.314 com.cyjh.common.util.ac
->a(Unknown Source)
command finished.
--------------------
16:40:37.315 com.cyjh.common.util.ac
->a(Unknown Source)
测试
--------------------
16:40:37.315 com.cyjh.common.util.aj
->copyWebInjectFile(00E6.java)
测试
--------------------
16:40:37.316 com.cyjh.common.util.aj
->copyWebInjectFile(00E6.java)
java.lang.RuntimeException: 记录栈
	at mt.LogA9F8F1.a(Unknown Source)
	at com.cyjh.common.util.aj.copyWebInjectFile(00E6.java)
	at com.elfin.engin.c$7.onRootProgress(Unknown Source)
	at com.cyjh.mq.sdk.a$1.handleMessage(016F.java:1)
	at android.os.Handler.dispatchMessage(Handler.java:102)
	at android.os.Looper.loop(Looper.java:154)
	at android.app.ActivityThread.main(ActivityThread.java:6189)
	at java.lang.reflect.Method.invoke(Native Method)
	at com.android.internal.os.ZygoteInit$MethodAndArgsCaller.run(ZygoteInit.java:1126)
	at com.android.internal.os.ZygoteInit.main(ZygoteInit.java:1000)

--------------------
16:40:37.316 com.cyjh.common.util.aj
->copyWebInjectFile(00E6.java)
xygtest
--------------------
16:40:37.316 com.cyjh.common.util.aj
->copyWebInjectFile(00E6.java)
isRoot=true
--------------------
16:40:37.317 com.cyjh.common.util.aj
->copyWebInjectFile(00E6.java)
测试
--------------------
16:40:37.422 com.cyjh.common.util.ac
->a(Unknown Source)
测试
--------------------
16:40:37.424 com.cyjh.common.util.ac
->a(Unknown Source)
java.lang.RuntimeException: 记录栈
	at mt.LogA9F8F1.a(Unknown Source)
	at com.cyjh.common.util.ac.a(Unknown Source)
	at com.cyjh.common.util.ac.a(Unknown Source)
	at com.cyjh.common.util.aj.copyWebInjectFile(00E6.java)
	at com.elfin.engin.c$7.onRootProgress(Unknown Source)
	at com.cyjh.mq.sdk.a$1.handleMessage(016F.java:1)
	at android.os.Handler.dispatchMessage(Handler.java:102)
	at android.os.Looper.loop(Looper.java:154)
	at android.app.ActivityThread.main(ActivityThread.java:6189)
	at java.lang.reflect.Method.invoke(Native Method)
	at com.android.internal.os.ZygoteInit$MethodAndArgsCaller.run(ZygoteInit.java:1126)
	at com.android.internal.os.ZygoteInit.main(ZygoteInit.java:1000)

--------------------
16:40:37.424 com.cyjh.common.util.ac
->a(Unknown Source)
SYS
--------------------
16:40:37.424 com.cyjh.common.util.ac
->a(Unknown Source)
command finished.
--------------------
16:40:37.425 com.cyjh.common.util.ac
->a(Unknown Source)
测试
--------------------
16:40:37.533 com.cyjh.common.util.ac
->a(Unknown Source)
测试
--------------------
16:40:37.535 com.cyjh.common.util.ac
->a(Unknown Source)
java.lang.RuntimeException: 记录栈
	at mt.LogA9F8F1.a(Unknown Source)
	at com.cyjh.common.util.ac.a(Unknown Source)
	at com.cyjh.common.util.ac.a(Unknown Source)
	at com.cyjh.common.util.aj.copyWebInjectFile(00E6.java:4)
	at com.elfin.engin.c$7.onRootProgress(Unknown Source)
	at com.cyjh.mq.sdk.a$1.handleMessage(016F.java:1)
	at android.os.Handler.dispatchMessage(Handler.java:102)
	at android.os.Looper.loop(Looper.java:154)
	at android.app.ActivityThread.main(ActivityThread.java:6189)
	at java.lang.reflect.Method.invoke(Native Method)
	at com.android.internal.os.ZygoteInit$MethodAndArgsCaller.run(ZygoteInit.java:1126)
	at com.android.internal.os.ZygoteInit.main(ZygoteInit.java:1000)

--------------------
16:40:37.535 com.cyjh.common.util.ac
->a(Unknown Source)
SYS
--------------------
16:40:37.536 com.cyjh.common.util.ac
->a(Unknown Source)
command finished.
--------------------
16:40:37.536 com.cyjh.common.util.ac
->a(Unknown Source)
测试
--------------------
16:40:37.662 com.cyjh.common.util.ac
->a(Unknown Source)
测试
--------------------
16:40:37.665 com.cyjh.common.util.ac
->a(Unknown Source)
java.lang.RuntimeException: 记录栈
	at mt.LogA9F8F1.a(Unknown Source)
	at com.cyjh.common.util.ac.a(Unknown Source)
	at com.cyjh.common.util.ac.a(Unknown Source)
	at com.cyjh.common.util.aj.copyWebInjectFile(00E6.java:4)
	at com.elfin.engin.c$7.onRootProgress(Unknown Source)
	at com.cyjh.mq.sdk.a$1.handleMessage(016F.java:1)
	at android.os.Handler.dispatchMessage(Handler.java:102)
	at android.os.Looper.loop(Looper.java:154)
	at android.app.ActivityThread.main(ActivityThread.java:6189)
	at java.lang.reflect.Method.invoke(Native Method)
	at com.android.internal.os.ZygoteInit$MethodAndArgsCaller.run(ZygoteInit.java:1126)
	at com.android.internal.os.ZygoteInit.main(ZygoteInit.java:1000)

--------------------
16:40:37.665 com.cyjh.common.util.ac
->a(Unknown Source)
SYS
--------------------
16:40:37.665 com.cyjh.common.util.ac
->a(Unknown Source)
command finished.
--------------------
16:40:37.665 com.cyjh.common.util.ac
->a(Unknown Source)
测试
--------------------
16:40:37.804 com.cyjh.common.util.ac
->a(Unknown Source)
测试
--------------------
16:40:37.806 com.cyjh.common.util.ac
->a(Unknown Source)
java.lang.RuntimeException: 记录栈
	at mt.LogA9F8F1.a(Unknown Source)
	at com.cyjh.common.util.ac.a(Unknown Source)
	at com.cyjh.common.util.ac.a(Unknown Source)
	at com.cyjh.common.util.aj.copyWebInjectFile(00E6.java:4)
	at com.elfin.engin.c$7.onRootProgress(Unknown Source)
	at com.cyjh.mq.sdk.a$1.handleMessage(016F.java:1)
	at android.os.Handler.dispatchMessage(Handler.java:102)
	at android.os.Looper.loop(Looper.java:154)
	at android.app.ActivityThread.main(ActivityThread.java:6189)
	at java.lang.reflect.Method.invoke(Native Method)
	at com.android.internal.os.ZygoteInit$MethodAndArgsCaller.run(ZygoteInit.java:1126)
	at com.android.internal.os.ZygoteInit.main(ZygoteInit.java:1000)

--------------------
16:40:37.806 com.cyjh.common.util.ac
->a(Unknown Source)
SYS
--------------------
16:40:37.806 com.cyjh.common.util.ac
->a(Unknown Source)
command finished.
--------------------
16:40:37.807 com.cyjh.common.util.ac
->a(Unknown Source)
测试
--------------------
16:40:37.878 com.cyjh.common.util.ac
->a(Unknown Source)
测试
--------------------
16:40:37.880 com.cyjh.common.util.ac
->a(Unknown Source)
java.lang.RuntimeException: 记录栈
	at mt.LogA9F8F1.a(Unknown Source)
	at com.cyjh.common.util.ac.a(Unknown Source)
	at com.cyjh.common.util.ac.a(Unknown Source)
	at com.cyjh.common.util.aj.copyWebInjectFile(00E6.java:4)
	at com.elfin.engin.c$7.onRootProgress(Unknown Source)
	at com.cyjh.mq.sdk.a$1.handleMessage(016F.java:1)
	at android.os.Handler.dispatchMessage(Handler.java:102)
	at android.os.Looper.loop(Looper.java:154)
	at android.app.ActivityThread.main(ActivityThread.java:6189)
	at java.lang.reflect.Method.invoke(Native Method)
	at com.android.internal.os.ZygoteInit$MethodAndArgsCaller.run(ZygoteInit.java:1126)
	at com.android.internal.os.ZygoteInit.main(ZygoteInit.java:1000)

--------------------
16:40:37.880 com.cyjh.common.util.ac
->a(Unknown Source)
SYS
--------------------
16:40:37.880 com.cyjh.common.util.ac
->a(Unknown Source)
command finished.
--------------------
16:40:37.881 com.cyjh.common.util.ac
->a(Unknown Source)
测试
--------------------
16:40:37.881 com.cyjh.common.util.aj
->copyWebInjectFile(00E6.java:4)
测试
--------------------
16:40:37.882 com.cyjh.common.util.aj
->copyWebInjectFile(00E6.java:4)
java.lang.RuntimeException: 记录栈
	at mt.LogA9F8F1.a(Unknown Source)
	at com.cyjh.common.util.aj.copyWebInjectFile(00E6.java:4)
	at com.elfin.engin.c$7.onRootProgress(Unknown Source)
	at com.cyjh.mq.sdk.a$1.handleMessage(016F.java:1)
	at android.os.Handler.dispatchMessage(Handler.java:102)
	at android.os.Looper.loop(Looper.java:154)
	at android.app.ActivityThread.main(ActivityThread.java:6189)
	at java.lang.reflect.Method.invoke(Native Method)
	at com.android.internal.os.ZygoteInit$MethodAndArgsCaller.run(ZygoteInit.java:1126)
	at com.android.internal.os.ZygoteInit.main(ZygoteInit.java:1000)

--------------------
16:40:37.882 com.cyjh.common.util.aj
->copyWebInjectFile(00E6.java:4)
xygtest
--------------------
16:40:37.883 com.cyjh.common.util.aj
->copyWebInjectFile(00E6.java:4)
result=0
--------------------
16:40:37.883 com.cyjh.common.util.aj
->copyWebInjectFile(00E6.java:4)
测试
--------------------
16:40:38.034 com.cyjh.common.util.ac
->a(Unknown Source)
测试
--------------------
16:40:38.035 com.cyjh.common.util.ac
->a(Unknown Source)
java.lang.RuntimeException: 记录栈
	at mt.LogA9F8F1.a(Unknown Source)
	at com.cyjh.common.util.ac.a(Unknown Source)
	at com.cyjh.common.util.ac.a(Unknown Source)
	at com.cyjh.common.util.aj.copyWebInjectFile(00E6.java:4)
	at com.elfin.engin.c$7.onRootProgress(Unknown Source)
	at com.cyjh.mq.sdk.a$1.handleMessage(016F.java:1)
	at android.os.Handler.dispatchMessage(Handler.java:102)
	at android.os.Looper.loop(Looper.java:154)
	at android.app.ActivityThread.main(ActivityThread.java:6189)
	at java.lang.reflect.Method.invoke(Native Method)
	at com.android.internal.os.ZygoteInit$MethodAndArgsCaller.run(ZygoteInit.java:1126)
	at com.android.internal.os.ZygoteInit.main(ZygoteInit.java:1000)

--------------------
16:40:38.035 com.cyjh.common.util.ac
->a(Unknown Source)
SYS
--------------------
16:40:38.035 com.cyjh.common.util.ac
->a(Unknown Source)
command finished.
--------------------
16:40:38.035 com.cyjh.common.util.ac
->a(Unknown Source)
测试
--------------------
16:40:38.037 com.cyjh.common.util.aj
->copyWebInjectFile(00E6.java:4)
测试
--------------------
16:40:38.037 com.cyjh.common.util.aj
->copyWebInjectFile(00E6.java:4)
java.lang.RuntimeException: 记录栈
	at mt.LogA9F8F1.a(Unknown Source)
	at com.cyjh.common.util.aj.copyWebInjectFile(00E6.java:4)
	at com.elfin.engin.c$7.onRootProgress(Unknown Source)
	at com.cyjh.mq.sdk.a$1.handleMessage(016F.java:1)
	at android.os.Handler.dispatchMessage(Handler.java:102)
	at android.os.Looper.loop(Looper.java:154)
	at android.app.ActivityThread.main(ActivityThread.java:6189)
	at java.lang.reflect.Method.invoke(Native Method)
	at com.android.internal.os.ZygoteInit$MethodAndArgsCaller.run(ZygoteInit.java:1126)
	at com.android.internal.os.ZygoteInit.main(ZygoteInit.java:1000)

--------------------
16:40:38.037 com.cyjh.common.util.aj
->copyWebInjectFile(00E6.java:4)
xygtest
--------------------
16:40:38.037 com.cyjh.common.util.aj
->copyWebInjectFile(00E6.java:4)
result=0
--------------------
16:40:38.037 com.cyjh.common.util.aj
->copyWebInjectFile(00E6.java:4)
测试
--------------------
16:40:43.254 com.cyjh.elfin.floatingwindowprocess.service.a$a
->handleMessage(Unknown Source)
测试
--------------------
16:40:43.257 com.cyjh.elfin.floatingwindowprocess.service.a$a
->handleMessage(Unknown Source)
java.lang.RuntimeException: 记录栈
	at mt.LogA9F8F1.a(Unknown Source)
	at com.cyjh.elfin.floatingwindowprocess.service.a$a.handleMessage(Unknown Source)
	at android.os.Handler.dispatchMessage(Handler.java:102)
	at android.os.Looper.loop(Looper.java:154)
	at android.app.ActivityThread.main(ActivityThread.java:6189)
	at java.lang.reflect.Method.invoke(Native Method)
	at com.android.internal.os.ZygoteInit$MethodAndArgsCaller.run(ZygoteInit.java:1126)
	at com.android.internal.os.ZygoteInit.main(ZygoteInit.java:1000)

--------------------
16:40:43.258 com.cyjh.elfin.floatingwindowprocess.service.a$a
->handleMessage(Unknown Source)
ServerAppService
--------------------
16:40:43.258 com.cyjh.elfin.floatingwindowprocess.service.a$a
->handleMessage(Unknown Source)
收到来自客户端的消息:30000
--------------------
16:40:43.258 com.cyjh.elfin.floatingwindowprocess.service.a$a
->handleMessage(Unknown Source)
测试
--------------------
16:41:08.374 com.cyjh.http.d.b.a
->a(Unknown Source)
测试
--------------------
16:41:08.374 com.cyjh.http.d.b.a
->a(Unknown Source)
java.lang.RuntimeException: 记录栈
	at mt.LogA9F8F1.a(Unknown Source)
	at com.cyjh.http.d.b.a.a(Unknown Source)
	at com.cyjh.http.c.c.d.a(Unknown Source)
	at com.cyjh.http.c.b.a.a(Unknown Source)
	at com.cyjh.elfin.floatingwindowprocess.d.a.a(011D.java:3)
	at com.cyjh.elfin.floatingwindowprocess.floatview.ElfinFloatView.k(Unknown Source)
	at com.cyjh.elfin.floatingwindowprocess.floatview.ElfinFloatView.onClick(Unknown Source)
	at android.view.View.performClick(View.java:5637)
	at android.view.View$PerformClick.run(View.java:22429)
	at android.os.Handler.handleCallback(Handler.java:751)
	at android.os.Handler.dispatchMessage(Handler.java:95)
	at android.os.Looper.loop(Looper.java:154)
	at android.app.ActivityThread.main(ActivityThread.java:6189)
	at java.lang.reflect.Method.invoke(Native Method)
	at com.android.internal.os.ZygoteInit$MethodAndArgsCaller.run(ZygoteInit.java:1126)
	at com.android.internal.os.ZygoteInit.main(ZygoteInit.java:1000)

--------------------
16:41:08.374 com.cyjh.http.d.b.a
->a(Unknown Source)
ActivithHttpHelper
--------------------
16:41:08.375 com.cyjh.http.d.b.a
->a(Unknown Source)
url:http://auth2.mobileanjian.com/VersionUpdate
--------------------
16:41:08.375 com.cyjh.http.d.b.a
->a(Unknown Source)
测试
--------------------
16:41:08.594 com.cyjh.http.c.a.a
->a(014E.java:1)
测试
--------------------
16:41:08.595 com.cyjh.http.c.a.a
->a(014E.java:1)
java.lang.RuntimeException: 记录栈
	at mt.LogA9F8F1.a(Unknown Source)
	at com.cyjh.http.c.a.a.a(014E.java:1)
	at com.cyjh.http.d.b.d.a(0152.java:1)
	at com.android.volley.g.run(Unknown Source)

--------------------
16:41:08.595 com.cyjh.http.c.a.a
->a(014E.java:1)
AbstractHttpPresenter
--------------------
16:41:08.595 com.cyjh.http.c.a.a
->a(014E.java:1)
decodeRes:{"SignContent":"{\u0022Code\u0022:200,\u0022Message\u0022:\u0022请求成功！\u0022,\u0022Data\u0022:{\u0022UpdateType\u0022:0,\u0022AppName\u0022:null,\u0022UpdateContent\u0022:null,\u0022UpdateUrl\u0022:null,\u0022PackageName\u0022:null,\u0022PackageSize\u0022:0,\u0022AppUpdateTime\u0022:0,\u0022StudioProjectKey\u0022:null,\u0022DeviceName\u0022:\u0022Sony5ba403e5\u0022,\u0022InstanceDataUploadInterval\u0022:0,\u0022UpgradeMode\u0022:0,\u0022AppVersion\u0022:0,\u0022ClientTimestamp\u0022:1712824868,\u0022ServerTimestamp\u0022:1712824870}}","Signature":"Ajdhln+S8f5i8pgwE8Su1SiwI3UPSDFYzvhy+ot+qpiFcgKVub4Dw6n/GTfiYBf13q4U6jUf4TTbwBMKNc+p1BNLQ9j4MjCYqMkVOZw7XwD9M0VOO5KiOL1s8NT0Rv9KefzzTSQDcEYnZ7oPVt1N2vt6N+Ok8oxtF23W3bCY8LE="}
--------------------
16:41:08.596 com.cyjh.http.c.a.a
->a(014E.java:1)
测试
--------------------
16:41:08.608 com.cyjh.http.c.c.c
->a(014F.java)
测试
--------------------
16:41:08.609 com.cyjh.http.c.c.c
->a(014F.java)
java.lang.RuntimeException: 记录栈
	at mt.LogA9F8F1.a(Unknown Source)
	at com.cyjh.http.c.c.c.a(014F.java)
	at com.cyjh.elfin.floatingwindowprocess.d.a.b(011D.java)
	at com.cyjh.elfin.floatingwindowprocess.d.a$1.a(Unknown Source)
	at com.cyjh.http.c.b.a.c(Unknown Source)
	at com.cyjh.http.c.c.d.a(Unknown Source)
	at com.cyjh.http.d.b.a.a(Unknown Source)
	at com.cyjh.http.d.b.d.a(0152.java)
	at com.android.volley.e$a.run(Unknown Source)
	at android.os.Handler.handleCallback(Handler.java:751)
	at android.os.Handler.dispatchMessage(Handler.java:95)
	at android.os.Looper.loop(Looper.java:154)
	at android.app.ActivityThread.main(ActivityThread.java:6189)
	at java.lang.reflect.Method.invoke(Native Method)
	at com.android.internal.os.ZygoteInit$MethodAndArgsCaller.run(ZygoteInit.java:1126)
	at com.android.internal.os.ZygoteInit.main(ZygoteInit.java:1000)

--------------------
16:41:08.609 com.cyjh.http.c.c.c
->a(014F.java)
loadScriptStar
--------------------
16:41:08.609 com.cyjh.http.c.c.c
->a(014F.java)
scriptStartRunParams:ScriptStartRunParams{TemplateFileId=559, TemplateVersion='6.1.1', AppId=238076, AppVersion='1712804694', DeviceId='afea8bebe241ed892b168a21ceadfcc8', ClientTimestamp=1712824868, IsRedFinger=0, DeviceCode='49913768546658183698eefb0', AppInfo='COBC41DkB9vuJuuZA5T2+hSJXVrM5/DJs+cvCsW89UbcEuqeEcx8Zfdll5w5Ed04e/JnVcOeO4XHospe1u9wgu+IpdsPqHj6', V='81058250b7deb83d0', RegCode='', ScriptId='7be025e0-0829-4b47-bff1-224ef491317d'}
--------------------
16:41:08.609 com.cyjh.http.c.c.c
->a(014F.java)
测试
--------------------
16:41:08.614 com.cyjh.http.d.b.a
->a(Unknown Source)
测试
--------------------
16:41:08.615 com.cyjh.http.d.b.a
->a(Unknown Source)
java.lang.RuntimeException: 记录栈
	at mt.LogA9F8F1.a(Unknown Source)
	at com.cyjh.http.d.b.a.a(Unknown Source)
	at com.cyjh.http.c.c.c.a(014F.java)
	at com.cyjh.elfin.floatingwindowprocess.d.a.b(011D.java)
	at com.cyjh.elfin.floatingwindowprocess.d.a$1.a(Unknown Source)
	at com.cyjh.http.c.b.a.c(Unknown Source)
	at com.cyjh.http.c.c.d.a(Unknown Source)
	at com.cyjh.http.d.b.a.a(Unknown Source)
	at com.cyjh.http.d.b.d.a(0152.java)
	at com.android.volley.e$a.run(Unknown Source)
	at android.os.Handler.handleCallback(Handler.java:751)
	at android.os.Handler.dispatchMessage(Handler.java:95)
	at android.os.Looper.loop(Looper.java:154)
	at android.app.ActivityThread.main(ActivityThread.java:6189)
	at java.lang.reflect.Method.invoke(Native Method)
	at com.android.internal.os.ZygoteInit$MethodAndArgsCaller.run(ZygoteInit.java:1126)
	at com.android.internal.os.ZygoteInit.main(ZygoteInit.java:1000)

--------------------
16:41:08.615 com.cyjh.http.d.b.a
->a(Unknown Source)
ActivithHttpHelper
--------------------
16:41:08.615 com.cyjh.http.d.b.a
->a(Unknown Source)
url:http://auth2.mobileanjian.com/Script/PreStart
--------------------
16:41:08.615 com.cyjh.http.d.b.a
->a(Unknown Source)
测试
--------------------
16:41:08.789 com.cyjh.http.c.a.a
->a(014E.java:1)
测试
--------------------
16:41:08.791 com.cyjh.http.c.a.a
->a(014E.java:1)
java.lang.RuntimeException: 记录栈
	at mt.LogA9F8F1.a(Unknown Source)
	at com.cyjh.http.c.a.a.a(014E.java:1)
	at com.cyjh.http.d.b.d.a(0152.java:1)
	at com.android.volley.g.run(Unknown Source)

--------------------
16:41:08.791 com.cyjh.http.c.a.a
->a(014E.java:1)
AbstractHttpPresenter
--------------------
16:41:08.791 com.cyjh.http.c.a.a
->a(014E.java:1)
decodeRes:{"SignContent":"{\u0022Code\u0022:200,\u0022Message\u0022:\u0022请求成功！\u0022,\u0022Data\u0022:{\u0022ExpireTime\u0022:1712825470,\u0022DailyTryTimes\u0022:1,\u0022OnceTryMinute\u0022:10,\u0022RunGuid\u0022:null,\u0022ScriptEncryptKey\u0022:\u0022ab61f1113c13458bbb57f9601ddd10c4\u0022,\u0022ClientTimestamp\u0022:1712824868,\u0022ServerTimestamp\u0022:1712824870}}","Signature":"FPurTd9JEgFNht1MDp0amiNpNZxzabQ2PYlFf9ELxvpQ2QOTgbsTA+DLRFH5C45Kt2F1eQ6L9PUVcz3MFHGjhZszsmKV2uLLwF4UneswFyKresiyop7BK59ie+2jf8yBw4ZXKH73QUr0P36GjnWY4d1rAul+zSw/OUQKvegM9Bo="}
--------------------
16:41:08.791 com.cyjh.http.c.a.a
->a(014E.java:1)
测试
--------------------
16:41:08.794 com.cyjh.http.c.c.c
->a(014F.java)
测试
--------------------
16:41:08.795 com.cyjh.http.c.c.c
->a(014F.java)
java.lang.RuntimeException: 记录栈
	at mt.LogA9F8F1.a(Unknown Source)
	at com.cyjh.http.c.c.c.a(014F.java)
	at com.cyjh.http.d.b.a.a(Unknown Source)
	at com.cyjh.http.d.b.d.a(0152.java)
	at com.android.volley.e$a.run(Unknown Source)
	at android.os.Handler.handleCallback(Handler.java:751)
	at android.os.Handler.dispatchMessage(Handler.java:95)
	at android.os.Looper.loop(Looper.java:154)
	at android.app.ActivityThread.main(ActivityThread.java:6189)
	at java.lang.reflect.Method.invoke(Native Method)
	at com.android.internal.os.ZygoteInit$MethodAndArgsCaller.run(ZygoteInit.java:1126)
	at com.android.internal.os.ZygoteInit.main(ZygoteInit.java:1000)

--------------------
16:41:08.795 com.cyjh.http.c.c.c
->a(014F.java)
zzz
--------------------
16:41:08.795 com.cyjh.http.c.c.c
->a(014F.java)
com.cyjh.share.AppStatisticsPresenter--uiDataSuccess:{"Code":200,"Message":"请求成功！","Data":{"ExpireTime":1712825470,"DailyTryTimes":1,"OnceTryMinute":10,"RunGuid":null,"ScriptEncryptKey":"ab61f1113c13458bbb57f9601ddd10c4","ClientTimestamp":1712824868,"ServerTimestamp":1712824870}}
--------------------
16:41:08.795 com.cyjh.http.c.c.c
->a(014F.java)
测试
--------------------
16:41:08.802 com.cyjh.elfin.floatingwindowprocess.d.b
->a(011F.java)
测试
--------------------
16:41:08.802 com.cyjh.elfin.floatingwindowprocess.d.b
->a(011F.java)
java.lang.RuntimeException: 记录栈
	at mt.LogA9F8F1.a(Unknown Source)
	at com.cyjh.elfin.floatingwindowprocess.d.b.a(011F.java)
	at com.cyjh.elfin.floatingwindowprocess.c.c.a(011C.java)
	at com.cyjh.elfin.floatingwindowprocess.d.b.c(011F.java)
	at com.cyjh.elfin.floatingwindowprocess.d.a$2.a(Unknown Source)
	at com.cyjh.http.c.c.c.a(014F.java:1)
	at com.cyjh.http.d.b.a.a(Unknown Source)
	at com.cyjh.http.d.b.d.a(0152.java)
	at com.android.volley.e$a.run(Unknown Source)
	at android.os.Handler.handleCallback(Handler.java:751)
	at android.os.Handler.dispatchMessage(Handler.java:95)
	at android.os.Looper.loop(Looper.java:154)
	at android.app.ActivityThread.main(ActivityThread.java:6189)
	at java.lang.reflect.Method.invoke(Native Method)
	at com.android.internal.os.ZygoteInit$MethodAndArgsCaller.run(ZygoteInit.java:1126)
	at com.android.internal.os.ZygoteInit.main(ZygoteInit.java:1000)

--------------------
16:41:08.802 com.cyjh.elfin.floatingwindowprocess.d.b
->a(011F.java)
zzz
--------------------
16:41:08.802 com.cyjh.elfin.floatingwindowprocess.d.b
->a(011F.java)
runScript--script4Run.scripyEncryptKey:ab61f1113c13458bbb57f9601ddd10c4
--------------------
16:41:08.802 com.cyjh.elfin.floatingwindowprocess.d.b
->a(011F.java)
测试
--------------------
16:41:08.847 com.cyjh.http.c.c.c
->a(014F.java)
测试
--------------------
16:41:08.847 com.cyjh.http.c.c.c
->a(014F.java)
java.lang.RuntimeException: 记录栈
	at mt.LogA9F8F1.a(Unknown Source)
	at com.cyjh.http.c.c.c.a(014F.java)
	at com.cyjh.elfin.floatingwindowprocess.d.a.a(011D.java)
	at com.cyjh.elfin.floatingwindowprocess.d.b$2.b(011E.java:1)
	at com.elfin.engin.c$4.onStartScript(Unknown Source)
	at com.cyjh.mq.c.d$1.handleMessage(Unknown Source)
	at android.os.Handler.dispatchMessage(Handler.java:102)
	at android.os.Looper.loop(Looper.java:154)
	at android.app.ActivityThread.main(ActivityThread.java:6189)
	at java.lang.reflect.Method.invoke(Native Method)
	at com.android.internal.os.ZygoteInit$MethodAndArgsCaller.run(ZygoteInit.java:1126)
	at com.android.internal.os.ZygoteInit.main(ZygoteInit.java:1000)

--------------------
16:41:08.847 com.cyjh.http.c.c.c
->a(014F.java)
loadScriptStar
--------------------
16:41:08.847 com.cyjh.http.c.c.c
->a(014F.java)
scriptStartRunParams:ScriptStartRunParams{TemplateFileId=559, TemplateVersion='6.1.1', AppId=238076, AppVersion='1712804694', DeviceId='afea8bebe241ed892b168a21ceadfcc8', ClientTimestamp=1712824868, IsRedFinger=0, DeviceCode='49913768546658183698eefb0', AppInfo='COBC41DkB9vuJuuZA5T2+hSJXVrM5/DJs+cvCsW89UbcEuqeEcx8Zfdll5w5Ed04e/JnVcOeO4XHospe1u9wgu+IpdsPqHj6', V='81058250b7deb83d0', RegCode='', ScriptId='7be025e0-0829-4b47-bff1-224ef491317d'}
--------------------
16:41:08.848 com.cyjh.http.c.c.c
->a(014F.java)
测试
--------------------
16:41:08.852 com.cyjh.http.d.b.a
->a(Unknown Source)
测试
--------------------
16:41:08.852 com.cyjh.http.d.b.a
->a(Unknown Source)
java.lang.RuntimeException: 记录栈
	at mt.LogA9F8F1.a(Unknown Source)
	at com.cyjh.http.d.b.a.a(Unknown Source)
	at com.cyjh.http.c.c.c.a(014F.java)
	at com.cyjh.elfin.floatingwindowprocess.d.a.a(011D.java)
	at com.cyjh.elfin.floatingwindowprocess.d.b$2.b(011E.java:1)
	at com.elfin.engin.c$4.onStartScript(Unknown Source)
	at com.cyjh.mq.c.d$1.handleMessage(Unknown Source)
	at android.os.Handler.dispatchMessage(Handler.java:102)
	at android.os.Looper.loop(Looper.java:154)
	at android.app.ActivityThread.main(ActivityThread.java:6189)
	at java.lang.reflect.Method.invoke(Native Method)
	at com.android.internal.os.ZygoteInit$MethodAndArgsCaller.run(ZygoteInit.java:1126)
	at com.android.internal.os.ZygoteInit.main(ZygoteInit.java:1000)

--------------------
16:41:08.852 com.cyjh.http.d.b.a
->a(Unknown Source)
ActivithHttpHelper
--------------------
16:41:08.852 com.cyjh.http.d.b.a
->a(Unknown Source)
url:http://auth2.mobileanjian.com/Script/Start
--------------------
16:41:08.852 com.cyjh.http.d.b.a
->a(Unknown Source)
测试
--------------------
16:41:08.946 com.cyjh.common.util.ac
->a(Unknown Source)
测试
--------------------
16:41:08.947 com.cyjh.common.util.ac
->a(Unknown Source)
java.lang.RuntimeException: 记录栈
	at mt.LogA9F8F1.a(Unknown Source)
	at com.cyjh.common.util.ac.a(Unknown Source)
	at com.cyjh.common.util.ac.a(Unknown Source)
	at com.cyjh.http.a.a.b(Unknown Source)
	at com.cyjh.elfin.floatingwindowprocess.d.b$2.b(011E.java:1)
	at com.elfin.engin.c$4.onStartScript(Unknown Source)
	at com.cyjh.mq.c.d$1.handleMessage(Unknown Source)
	at android.os.Handler.dispatchMessage(Handler.java:102)
	at android.os.Looper.loop(Looper.java:154)
	at android.app.ActivityThread.main(ActivityThread.java:6189)
	at java.lang.reflect.Method.invoke(Native Method)
	at com.android.internal.os.ZygoteInit$MethodAndArgsCaller.run(ZygoteInit.java:1126)
	at com.android.internal.os.ZygoteInit.main(ZygoteInit.java:1000)

--------------------
16:41:08.947 com.cyjh.common.util.ac
->a(Unknown Source)
SYS
--------------------
16:41:08.947 com.cyjh.common.util.ac
->a(Unknown Source)
command finished.
--------------------
16:41:08.947 com.cyjh.common.util.ac
->a(Unknown Source)
测试
--------------------
16:41:08.958 com.cyjh.http.c.a.a
->a(014E.java:1)
测试
--------------------
16:41:08.959 com.cyjh.http.c.a.a
->a(014E.java:1)
java.lang.RuntimeException: 记录栈
	at mt.LogA9F8F1.a(Unknown Source)
	at com.cyjh.http.c.a.a.a(014E.java:1)
	at com.cyjh.http.d.b.d.a(0152.java:1)
	at com.android.volley.g.run(Unknown Source)

--------------------
16:41:08.959 com.cyjh.http.c.a.a
->a(014E.java:1)
AbstractHttpPresenter
--------------------
16:41:08.959 com.cyjh.http.c.a.a
->a(014E.java:1)
decodeRes:{"SignContent":"{\u0022Code\u0022:200,\u0022Message\u0022:\u0022请求成功！\u0022,\u0022Data\u0022:{\u0022ExpireTime\u0022:1712825470,\u0022DailyTryTimes\u0022:1,\u0022OnceTryMinute\u0022:10,\u0022RunGuid\u0022:\u0022a61f14c29b35416492e5a77ca0176bb5\u0022,\u0022ScriptEncryptKey\u0022:\u0022\u0022,\u0022ClientTimestamp\u0022:1712824868,\u0022ServerTimestamp\u0022:1712824870}}","Signature":"O9ZrsgO8llMNbKM0/at3HXaUJWxVsrjDn8biab8eWeRe7v1zZ2SFgOCzy0fzFZ+aK4oLbGPbu5Lloa4tgmKVl4WxdIUOeCxSnU20WOAEuQiJEgm29O4wHHJuF34Eak3keaMeuHfmpRn9RNZ964BVYP5ELgIoi3E6r8bodSO/aSk="}
--------------------
16:41:08.959 com.cyjh.http.c.a.a
->a(014E.java:1)
测试
--------------------
16:41:08.990 com.cyjh.http.c.c.c
->a(014F.java)
测试
--------------------
16:41:08.992 com.cyjh.http.c.c.c
->a(014F.java)
java.lang.RuntimeException: 记录栈
	at mt.LogA9F8F1.a(Unknown Source)
	at com.cyjh.http.c.c.c.a(014F.java)
	at com.cyjh.http.d.b.a.a(Unknown Source)
	at com.cyjh.http.d.b.d.a(0152.java)
	at com.android.volley.e$a.run(Unknown Source)
	at android.os.Handler.handleCallback(Handler.java:751)
	at android.os.Handler.dispatchMessage(Handler.java:95)
	at android.os.Looper.loop(Looper.java:154)
	at android.app.ActivityThread.main(ActivityThread.java:6189)
	at java.lang.reflect.Method.invoke(Native Method)
	at com.android.internal.os.ZygoteInit$MethodAndArgsCaller.run(ZygoteInit.java:1126)
	at com.android.internal.os.ZygoteInit.main(ZygoteInit.java:1000)

--------------------
16:41:08.992 com.cyjh.http.c.c.c
->a(014F.java)
zzz
--------------------
16:41:08.993 com.cyjh.http.c.c.c
->a(014F.java)
com.cyjh.share.AppStatisticsPresenter--uiDataSuccess:{"Code":200,"Message":"请求成功！","Data":{"ExpireTime":1712825470,"DailyTryTimes":1,"OnceTryMinute":10,"RunGuid":"a61f14c29b35416492e5a77ca0176bb5","ScriptEncryptKey":"","ClientTimestamp":1712824868,"ServerTimestamp":1712824870}}
--------------------
16:41:08.993 com.cyjh.http.c.c.c
->a(014F.java)
测试
--------------------
16:41:14.797 com.cyjh.mq.sdk.a
->stop(Unknown Source)
测试
--------------------
16:41:14.799 com.cyjh.mq.sdk.a
->stop(Unknown Source)
java.lang.RuntimeException: 记录栈
	at mt.LogA9F8F1.a(Unknown Source)
	at com.cyjh.mq.sdk.a.stop(Unknown Source)
	at com.cyjh.elfin.floatingwindowprocess.d.b.d(011F.java)
	at com.cyjh.elfin.floatingwindowprocess.floatview.ElfinFloatView.onClick(Unknown Source)
	at android.view.View.performClick(View.java:5637)
	at android.view.View$PerformClick.run(View.java:22429)
	at android.os.Handler.handleCallback(Handler.java:751)
	at android.os.Handler.dispatchMessage(Handler.java:95)
	at android.os.Looper.loop(Looper.java:154)
	at android.app.ActivityThread.main(ActivityThread.java:6189)
	at java.lang.reflect.Method.invoke(Native Method)
	at com.android.internal.os.ZygoteInit$MethodAndArgsCaller.run(ZygoteInit.java:1126)
	at com.android.internal.os.ZygoteInit.main(ZygoteInit.java:1000)

--------------------
16:41:14.800 com.cyjh.mq.sdk.a
->stop(Unknown Source)
JAVA_RUNNER
--------------------
16:41:14.800 com.cyjh.mq.sdk.a
->stop(Unknown Source)
GeneralMqRunner stop
--------------------
16:41:14.801 com.cyjh.mq.sdk.a
->stop(Unknown Source)
测试
--------------------
16:41:15.403 com.cyjh.mq.c.d$1
->handleMessage(Unknown Source)
测试
--------------------
16:41:15.404 com.cyjh.mq.c.d$1
->handleMessage(Unknown Source)
java.lang.RuntimeException: 记录栈
	at mt.LogA9F8F1.a(Unknown Source)
	at com.cyjh.mq.c.d$1.handleMessage(Unknown Source)
	at android.os.Handler.dispatchMessage(Handler.java:102)
	at android.os.Looper.loop(Looper.java:154)
	at android.app.ActivityThread.main(ActivityThread.java:6189)
	at java.lang.reflect.Method.invoke(Native Method)
	at com.android.internal.os.ZygoteInit$MethodAndArgsCaller.run(ZygoteInit.java:1126)
	at com.android.internal.os.ZygoteInit.main(ZygoteInit.java:1000)

--------------------
16:41:15.404 com.cyjh.mq.c.d$1
->handleMessage(Unknown Source)
JAVA_RUNNER
--------------------
16:41:15.404 com.cyjh.mq.c.d$1
->handleMessage(Unknown Source)
ScriptRunnerLite WHAT_STOP SCRIPT_STOPPED
--------------------
16:41:15.405 com.cyjh.mq.c.d$1
->handleMessage(Unknown Source)
测试
--------------------
16:41:15.405 com.cyjh.mq.c.d$1
->handleMessage(Unknown Source)
测试
--------------------
16:41:15.406 com.cyjh.mq.c.d$1
->handleMessage(Unknown Source)
java.lang.RuntimeException: 记录栈
	at mt.LogA9F8F1.a(Unknown Source)
	at com.cyjh.mq.c.d$1.handleMessage(Unknown Source)
	at android.os.Handler.dispatchMessage(Handler.java:102)
	at android.os.Looper.loop(Looper.java:154)
	at android.app.ActivityThread.main(ActivityThread.java:6189)
	at java.lang.reflect.Method.invoke(Native Method)
	at com.android.internal.os.ZygoteInit$MethodAndArgsCaller.run(ZygoteInit.java:1126)
	at com.android.internal.os.ZygoteInit.main(ZygoteInit.java:1000)

--------------------
16:41:15.406 com.cyjh.mq.c.d$1
->handleMessage(Unknown Source)
JAVA_RUNNER
--------------------
16:41:15.406 com.cyjh.mq.c.d$1
->handleMessage(Unknown Source)
ScriptRunnerLite WHAT_STOP mConnection.getOnScriptListener() != null
--------------------
16:41:15.406 com.cyjh.mq.c.d$1
->handleMessage(Unknown Source)
测试
--------------------
16:41:15.425 com.cyjh.http.d.b.a
->a(Unknown Source)
测试
--------------------
16:41:15.426 com.cyjh.http.d.b.a
->a(Unknown Source)
java.lang.RuntimeException: 记录栈
	at mt.LogA9F8F1.a(Unknown Source)
	at com.cyjh.http.d.b.a.a(Unknown Source)
	at com.cyjh.http.c.c.c.a(014F.java)
	at com.cyjh.elfin.floatingwindowprocess.d.a.a(011D.java)
	at com.cyjh.elfin.floatingwindowprocess.d.b$2.b(011E.java)
	at com.elfin.engin.c$4.onStopScript(Unknown Source)
	at com.cyjh.mq.c.d$1.handleMessage(Unknown Source)
	at android.os.Handler.dispatchMessage(Handler.java:102)
	at android.os.Looper.loop(Looper.java:154)
	at android.app.ActivityThread.main(ActivityThread.java:6189)
	at java.lang.reflect.Method.invoke(Native Method)
	at com.android.internal.os.ZygoteInit$MethodAndArgsCaller.run(ZygoteInit.java:1126)
	at com.android.internal.os.ZygoteInit.main(ZygoteInit.java:1000)

--------------------
16:41:15.426 com.cyjh.http.d.b.a
->a(Unknown Source)
ActivithHttpHelper
--------------------
16:41:15.426 com.cyjh.http.d.b.a
->a(Unknown Source)
url:http://auth2.mobileanjian.com/Script/Stop
--------------------
16:41:15.427 com.cyjh.http.d.b.a
->a(Unknown Source)
测试
--------------------
16:41:15.546 com.cyjh.http.c.a.a
->a(014E.java:1)
测试
--------------------
16:41:15.547 com.cyjh.http.c.a.a
->a(014E.java:1)
java.lang.RuntimeException: 记录栈
	at mt.LogA9F8F1.a(Unknown Source)
	at com.cyjh.http.c.a.a.a(014E.java:1)
	at com.cyjh.http.d.b.d.a(0152.java:1)
	at com.android.volley.g.run(Unknown Source)

--------------------
16:41:15.548 com.cyjh.http.c.a.a
->a(014E.java:1)
AbstractHttpPresenter
--------------------
16:41:15.548 com.cyjh.http.c.a.a
->a(014E.java:1)
decodeRes:{"SignContent":"{\u0022Code\u0022:200,\u0022Message\u0022:\u0022请求成功！\u0022,\u0022Data\u0022:{\u0022ClientTimestamp\u0022:1712824875,\u0022ServerTimestamp\u0022:1712824877}}","Signature":"sWsV9SCcOcdxFhC+mDbNOVGu52NJwTYpZuACZWAs1ABVJX/hHS7wUJUTNK2KmTxKVG7cTnpC2LvB+fC36ChgJzn2BclfYqeZ5ZY3HI30NfZr5iP1nG7iFfZ0m/dR6KNDzZbcORarZ6iBKHJXkrE3KUubtBZ5G4vv6Gz+cDNaxDg="}
--------------------
16:41:15.548 com.cyjh.http.c.a.a
->a(014E.java:1)
测试
--------------------
16:41:15.550 com.cyjh.http.c.c.c
->a(014F.java)
测试
--------------------
16:41:15.551 com.cyjh.http.c.c.c
->a(014F.java)
java.lang.RuntimeException: 记录栈
	at mt.LogA9F8F1.a(Unknown Source)
	at com.cyjh.http.c.c.c.a(014F.java)
	at com.cyjh.http.d.b.a.a(Unknown Source)
	at com.cyjh.http.d.b.d.a(0152.java)
	at com.android.volley.e$a.run(Unknown Source)
	at android.os.Handler.handleCallback(Handler.java:751)
	at android.os.Handler.dispatchMessage(Handler.java:95)
	at android.os.Looper.loop(Looper.java:154)
	at android.app.ActivityThread.main(ActivityThread.java:6189)
	at java.lang.reflect.Method.invoke(Native Method)
	at com.android.internal.os.ZygoteInit$MethodAndArgsCaller.run(ZygoteInit.java:1126)
	at com.android.internal.os.ZygoteInit.main(ZygoteInit.java:1000)

--------------------
16:41:15.552 com.cyjh.http.c.c.c
->a(014F.java)
zzz
--------------------
16:41:15.552 com.cyjh.http.c.c.c
->a(014F.java)
com.cyjh.share.AppStatisticsPresenter--uiDataSuccess:{"Code":200,"Message":"请求成功！","Data":{"ClientTimestamp":1712824875,"ServerTimestamp":1712824877}}
--------------------
16:41:15.552 com.cyjh.http.c.c.c
->a(014F.java)
测试
--------------------
