16:34:32.710 com.cyjh.elfin.base.AppContext
->attachBaseContext(0101.java:4)
com.hjol:enginfloat
--------------------
16:34:32.717 android.support.multidex.MultiDex
-><clinit>(000C.java:1)
2.1.0
--------------------
16:34:33.111 com.cyjh.elfin.base.AppContext
->onCreate(0101.java:5)
com.hjol:enginfloat
--------------------
16:34:33.116 com.iflytek.voiceads.dex.a
->a(0220.java:1)
4.0_IFLY
--------------------
16:34:33.118 com.iflytek.voiceads.dex.c
->c(0221.java:4)
AdDex.4.0.1.dex
--------------------
16:34:33.118 com.iflytek.voiceads.dex.c
->a(0221.java:1)
AdDex.4.0.1.dex
--------------------
16:34:33.118 com.iflytek.voiceads.dex.c
->d(0221.java:5)
AdDex.4.0.1.dex
--------------------
16:34:33.119 com.iflytek.voiceads.dex.c
->a(0221.java:2)
AdDex.4.0.1.dex
--------------------
16:34:33.123 com.iflytek.voiceads.dex.a
->a(0220.java:2)
AdDex.4.0.1.dex
--------------------
16:34:33.144 com.iflytek.voiceads.dex.DexLoader
->initIFLYADModule(021F.java:1)

--------------------
16:34:33.156 com.umeng.commonsdk.UMConfigure
->init(0288.java:4)
579ad79de0f55a8b3c001633
--------------------
16:34:33.159 com.umeng.commonsdk.UMConfigureImpl
->b(028A.java:2)
com.hjol:enginfloat
--------------------
16:34:33.159 com.umeng.commonsdk.UMConfigureImpl
->c(028A.java:3)
com.hjol:enginfloat
--------------------
16:34:33.160 com.umeng.commonsdk.UMConfigureImpl$2
->run(0289.java:1)
com.hjol:enginfloat
--------------------
16:34:33.166 net.grandcentrix.tray.provider.TrayContract
->generateContentUri(0305.java:1)
1686949188_1
--------------------
16:34:33.166 net.grandcentrix.tray.provider.TrayContract
->generateContentUri(0305.java:1)
1686949188_1
--------------------
16:34:33.166 net.grandcentrix.tray.provider.TrayContract
->generateContentUri(0305.java:1)
1686949188_1
--------------------
16:34:33.166 net.grandcentrix.tray.provider.TrayContract
->generateContentUri(0305.java:1)
1686949188_1
--------------------
16:34:33.176 com.cyjh.elfin.base.AppContext
->f(0101.java:2)
/storage/emulated/0/com.hjol
--------------------
16:34:33.176 com.cyjh.elfin.base.AppContext
->f(0101.java:3)
/storage/emulated/0/com.hjol/log
--------------------
16:34:33.179 com.cyjh.elfin.a.b
-><clinit>(0100.java:1)
6.1.1
--------------------
16:34:33.179 com.cyjh.elfin.floatingwindowprocess.c.c
->b(011C.java:6)
/data/user/0/com.hjol/files/script.lc
--------------------
16:34:33.180 com.cyjh.elfin.floatingwindowprocess.c.c
->b(011C.java:7)
/data/user/0/com.hjol/files/script.prop
--------------------
16:34:33.180 com.cyjh.elfin.floatingwindowprocess.c.c
->b(011C.java:8)
/data/user/0/com.hjol/files/script.atc
--------------------
16:34:33.180 com.cyjh.elfin.floatingwindowprocess.c.c
->b(011C.java:9)
/data/user/0/com.hjol/files/script.ui
--------------------
16:34:33.180 com.cyjh.elfin.floatingwindowprocess.c.c
->b(011C.java:10)
/data/user/0/com.hjol/files/script.uip
--------------------
16:34:33.180 com.cyjh.elfin.floatingwindowprocess.c.c
->b(011C.java:11)
/data/user/0/com.hjol/files/script.rtd
--------------------
16:34:33.180 com.cyjh.elfin.floatingwindowprocess.c.c
->b(011C.java:12)
/data/user/0/com.hjol/files/script.cfg
--------------------
16:34:33.182 com.cyjh.elfin.e.c.o
->b(0118.java:6)
1686949188
--------------------
16:34:33.182 com.cyjh.elfin.e.c.o
->c(0118.java:7)
1686949188
--------------------
16:34:33.182 com.cyjh.elfin.e.c.o
->b(0118.java:4)
/data/user/0/com.hjol/files/assets
--------------------
16:34:33.182 com.cyjh.elfin.e.c.o
->b(0118.java:5)
1712804694
--------------------
16:34:33.182 com.cyjh.elfin.e.c.o
->c(0118.java:8)
1712804694
--------------------
16:34:33.188 com.cyjh.http.e.a
->c(0153.java:5)
02:00:00:00:00:00
--------------------
16:34:33.214 com.cyjh.http.e.a
->c(0153.java:6)

--------------------
16:34:33.217 com.cyjh.http.e.a
->b(0153.java:2)
92638e9be32b315d
--------------------
16:34:33.217 com.cyjh.http.e.a
->c(0153.java:8)
92638e9be32b315d
--------------------
16:34:33.219 com.cyjh.http.e.a
->b(0153.java:2)
010a2ea5-279f-4c60-a46e-9d32b26d167d
--------------------
16:34:33.219 com.cyjh.http.e.a
->c(0153.java:10)
010a2ea5-279f-4c60-a46e-9d32b26d167d
--------------------
16:34:33.219 com.cyjh.common.util.u
->a(00FB.java:1)
677b0ea9b8fcd0d3284a3d4692a13042
--------------------
16:34:33.220 com.cyjh.http.e.a
->c(0153.java:11)
677b0ea9b8fcd0d3284a3d4692a13042
--------------------
16:34:33.220 com.cyjh.http.b.a
->b(014D.java:10)
6.1.1
--------------------
16:34:33.220 com.cyjh.common.util.e
->b(00E8.java:8)
1686949188
--------------------
16:34:33.220 com.cyjh.common.util.af
->b(00E5.java:1)
1686949188
--------------------
16:34:33.220 com.cyjh.common.util.af
->b(00E5.java:2)
1686949188
--------------------
16:34:33.221 com.cyjh.http.b.a
->b(014D.java:11)
1712804694
--------------------
16:34:33.221 com.cyjh.http.b.a
->b(014D.java:12)
COBC41DkB9vuJuuZA5T2+hSJXVrM5/DJs+cvCsW89UbcEuqeEcx8Zfdll5w5Ed04e/JnVcOeO4XHospe1u9wgu+IpdsPqHj6
--------------------
16:34:33.221 com.cyjh.elfin.floatingwindowprocess.c.c
->e(011C.java:15)
http://auth2.mobileanjian.com/
--------------------
16:34:33.221 com.cyjh.elfin.floatingwindowprocess.c.c
->e(011C.java:16)
http://auth2.mobileanjian.com/
--------------------
16:34:33.235 com.google.gson.stream.JsonWriter
-><clinit>(01F1.java:1)
\u0000
--------------------
16:34:33.235 com.google.gson.stream.JsonWriter
-><clinit>(01F1.java:1)
\u0001
--------------------
16:34:33.235 com.google.gson.stream.JsonWriter
-><clinit>(01F1.java:1)
\u0002
--------------------
16:34:33.236 com.google.gson.stream.JsonWriter
-><clinit>(01F1.java:1)
\u0003
--------------------
16:34:33.236 com.google.gson.stream.JsonWriter
-><clinit>(01F1.java:1)
\u0004
--------------------
16:34:33.236 com.google.gson.stream.JsonWriter
-><clinit>(01F1.java:1)
\u0005
--------------------
16:34:33.236 com.google.gson.stream.JsonWriter
-><clinit>(01F1.java:1)
\u0006
--------------------
16:34:33.236 com.google.gson.stream.JsonWriter
-><clinit>(01F1.java:1)
\u0007
--------------------
16:34:33.236 com.google.gson.stream.JsonWriter
-><clinit>(01F1.java:1)
\u0008
--------------------
16:34:33.236 com.google.gson.stream.JsonWriter
-><clinit>(01F1.java:1)
\u0009
--------------------
16:34:33.236 com.google.gson.stream.JsonWriter
-><clinit>(01F1.java:1)
\u000a
--------------------
16:34:33.237 com.google.gson.stream.JsonWriter
-><clinit>(01F1.java:1)
\u000b
--------------------
16:34:33.237 com.google.gson.stream.JsonWriter
-><clinit>(01F1.java:1)
\u000c
--------------------
16:34:33.237 com.google.gson.stream.JsonWriter
-><clinit>(01F1.java:1)
\u000d
--------------------
16:34:33.237 com.google.gson.stream.JsonWriter
-><clinit>(01F1.java:1)
\u000e
--------------------
16:34:33.237 com.google.gson.stream.JsonWriter
-><clinit>(01F1.java:1)
\u000f
--------------------
16:34:33.237 com.google.gson.stream.JsonWriter
-><clinit>(01F1.java:1)
\u0010
--------------------
16:34:33.237 com.google.gson.stream.JsonWriter
-><clinit>(01F1.java:1)
\u0011
--------------------
16:34:33.237 com.google.gson.stream.JsonWriter
-><clinit>(01F1.java:1)
\u0012
--------------------
16:34:33.238 com.google.gson.stream.JsonWriter
-><clinit>(01F1.java:1)
\u0013
--------------------
16:34:33.238 com.google.gson.stream.JsonWriter
-><clinit>(01F1.java:1)
\u0014
--------------------
16:34:33.238 com.google.gson.stream.JsonWriter
-><clinit>(01F1.java:1)
\u0015
--------------------
16:34:33.238 com.google.gson.stream.JsonWriter
-><clinit>(01F1.java:1)
\u0016
--------------------
16:34:33.238 com.google.gson.stream.JsonWriter
-><clinit>(01F1.java:1)
\u0017
--------------------
16:34:33.238 com.google.gson.stream.JsonWriter
-><clinit>(01F1.java:1)
\u0018
--------------------
16:34:33.238 com.google.gson.stream.JsonWriter
-><clinit>(01F1.java:1)
\u0019
--------------------
16:34:33.238 com.google.gson.stream.JsonWriter
-><clinit>(01F1.java:1)
\u001a
--------------------
16:34:33.238 com.google.gson.stream.JsonWriter
-><clinit>(01F1.java:1)
\u001b
--------------------
16:34:33.239 com.google.gson.stream.JsonWriter
-><clinit>(01F1.java:1)
\u001c
--------------------
16:34:33.239 com.google.gson.stream.JsonWriter
-><clinit>(01F1.java:1)
\u001d
--------------------
16:34:33.239 com.google.gson.stream.JsonWriter
-><clinit>(01F1.java:1)
\u001e
--------------------
16:34:33.239 com.google.gson.stream.JsonWriter
-><clinit>(01F1.java:1)
\u001f
--------------------
16:34:33.241 com.cyjh.elfin.floatingwindowprocess.c.c
->e(011C.java:18)
{"BaseURL":"http://auth2.mobileanjian.com/","PackageName":"com.hjol","PayAppId":"7BACC4EF-DFDA-4dd9-815C-999FF745A82B","ScriptType":true,"authDesKeys":["c6bd901f","0ddf44be","950e5927","6460d8df","11fb887f","117e4900","bd113950","a99f6f97"],"AppId":238076,"AppInfo":"COBC41DkB9vuJuuZA5T2+hSJXVrM5/DJs+cvCsW89UbcEuqeEcx8Zfdll5w5Ed04e/JnVcOeO4XHospe1u9wgu+IpdsPqHj6","AppVersion":"1712804694","ClientTimestamp":1712824473,"DeviceCode":"53504273809530277ba80b7a4","DeviceId":"677b0ea9b8fcd0d3284a3d4692a13042","IsRedFinger":0,"TemplateFileId":559,"TemplateVersion":"6.1.1"}
--------------------
16:34:33.242 com.cyjh.elfin.floatingwindowprocess.c.c
->c(011C.java:1)
-----BEGIN RSA PRIVATE KEY-----
MIICXAIBAAKBgQCVNCExZl+SZAQNhkR1KXdaft64oG88FjymP+iK9l5TVt7+VpUw
bJ4/hl9UXqrFMQsrAm9d2/4NN3Laz+KthWOCjNRDWgMg0xhXRg6ns0hKRFZCEasc
MX5ioW0IFf/WqFkaYEnMtgnJWrOvPFS/FPNIk84TZADfAktzSRJw+aNzFwIDAQAB
AoGAIdCXuT9vZ5kdRgdpGniUYUEhrwxFSYPsqO0RAfWGOTMWBOSQmVH0p4cHsfJm
l5xe4JeDr+z87ffkIu08fYEepQ4Y5eMNJ8T4O3V8MlhqKApJPyVwLNzd2fCXb3vJ
jkUC0+CJB6767eHGoRvlPT2TkUOssMNPriM0XK4t9iPKzzkCQQDOK4u9Te23M7IQ
Mf3SQTBtwT+SijOHPx6QSaOemvGvO8gxm0sa37R1fTUkM5ZeVzavZ5SnLGnYDitc
xvCtQ6BNAkEAuUPfRaZy9vCmspE59TgcbuNNs2puPXGhrtZZHxziGiuyikpUT5Np
HQwYvRo6XaAsuUuDi9sjKP1kAfdaAVBy8wJBAKq+nahV1b2X7qxC+rcajgUXupKe
KjakK6fLlNpR8D7z/8Q1nGnRQx7aZxxoLOxMxllWK2KYAcCRW5AmokSccTECQG33
6K7aJ0GHBRvXclSpcs8rYzLNSRR1v6gdGZeLOHaaW4cUqcj2Uh1o0cJlsCFk80cl
mLbKY6twBQ3ZufYvv5sCQCaWn4kDt9jjhuP0+Pbjzcl75MixfnZPLSjWkhqgv0TO
OGW4iOxKpDF7Q1MBiMckymzitab3GBy4Owd3QC/wnk0=
-----END RSA PRIVATE KEY-----

--------------------
16:34:33.242 com.cyjh.elfin.floatingwindowprocess.c.c
->b(011C.java:13)
-----BEGIN RSA PRIVATE KEY-----
MIICXAIBAAKBgQCVNCExZl+SZAQNhkR1KXdaft64oG88FjymP+iK9l5TVt7+VpUw
bJ4/hl9UXqrFMQsrAm9d2/4NN3Laz+KthWOCjNRDWgMg0xhXRg6ns0hKRFZCEasc
MX5ioW0IFf/WqFkaYEnMtgnJWrOvPFS/FPNIk84TZADfAktzSRJw+aNzFwIDAQAB
AoGAIdCXuT9vZ5kdRgdpGniUYUEhrwxFSYPsqO0RAfWGOTMWBOSQmVH0p4cHsfJm
l5xe4JeDr+z87ffkIu08fYEepQ4Y5eMNJ8T4O3V8MlhqKApJPyVwLNzd2fCXb3vJ
jkUC0+CJB6767eHGoRvlPT2TkUOssMNPriM0XK4t9iPKzzkCQQDOK4u9Te23M7IQ
Mf3SQTBtwT+SijOHPx6QSaOemvGvO8gxm0sa37R1fTUkM5ZeVzavZ5SnLGnYDitc
xvCtQ6BNAkEAuUPfRaZy9vCmspE59TgcbuNNs2puPXGhrtZZHxziGiuyikpUT5Np
HQwYvRo6XaAsuUuDi9sjKP1kAfdaAVBy8wJBAKq+nahV1b2X7qxC+rcajgUXupKe
KjakK6fLlNpR8D7z/8Q1nGnRQx7aZxxoLOxMxllWK2KYAcCRW5AmokSccTECQG33
6K7aJ0GHBRvXclSpcs8rYzLNSRR1v6gdGZeLOHaaW4cUqcj2Uh1o0cJlsCFk80cl
mLbKY6twBQ3ZufYvv5sCQCaWn4kDt9jjhuP0+Pbjzcl75MixfnZPLSjWkhqgv0TO
OGW4iOxKpDF7Q1MBiMckymzitab3GBy4Owd3QC/wnk0=
-----END RSA PRIVATE KEY-----

--------------------
16:34:33.242 com.cyjh.elfin.floatingwindowprocess.c.c
->d(011C.java:2)
-----BEGIN PUBLIC KEY-----
MIGfMA0GCSqGSIb3DQEBAQUAA4GNADCBiQKBgQDQ6aF1yXQM2dS6Wl5IUkpIAPad
Ppyt8qkhWSFw0OpmDxTPBOnnF/3V0HUbcu0E+xO542sbHX1PYZD1OStHBYOcvc2I
uKa7dl/A/uywHZ4fVxSKXrge3MuvDZ6kefbJEcDaCLuc+TOtj7/HlDpblJE7sRVt
CYxNQp0T3b3OokyDnwIDAQAB
-----END PUBLIC KEY-----

--------------------
16:34:33.242 com.cyjh.elfin.floatingwindowprocess.c.c
->b(011C.java:14)
-----BEGIN PUBLIC KEY-----
MIGfMA0GCSqGSIb3DQEBAQUAA4GNADCBiQKBgQDQ6aF1yXQM2dS6Wl5IUkpIAPad
Ppyt8qkhWSFw0OpmDxTPBOnnF/3V0HUbcu0E+xO542sbHX1PYZD1OStHBYOcvc2I
uKa7dl/A/uywHZ4fVxSKXrge3MuvDZ6kefbJEcDaCLuc+TOtj7/HlDpblJE7sRVt
CYxNQp0T3b3OokyDnwIDAQAB
-----END PUBLIC KEY-----

--------------------
16:34:33.269 com.cyjh.mobileanjian.ipc.log.b
->a(015C.java:7)
f
--------------------
16:34:33.269 com.cyjh.mobileanjian.ipc.log.b
->a(015C.java:7)
60
--------------------
16:34:33.269 com.cyjh.mobileanjian.ipc.log.b
->a(015C.java:7)
72
--------------------
16:34:33.269 com.cyjh.mobileanjian.ipc.log.b
->a(015C.java:7)
64
--------------------
16:34:33.269 com.cyjh.mobileanjian.ipc.log.b
->a(015C.java:7)
fc
--------------------
16:34:33.269 com.cyjh.mobileanjian.ipc.log.b
->a(015C.java:7)
63
--------------------
16:34:33.269 com.cyjh.mobileanjian.ipc.log.b
->a(015C.java:7)
18
--------------------
16:34:33.269 com.cyjh.mobileanjian.ipc.log.b
->a(015C.java:7)
a9
--------------------
16:34:33.269 com.cyjh.mobileanjian.ipc.log.b
->a(015C.java:7)
2b
--------------------
16:34:33.270 com.cyjh.mobileanjian.ipc.log.b
->a(015C.java:7)
9e
--------------------
16:34:33.270 com.cyjh.mobileanjian.ipc.log.b
->a(015C.java:7)
13
--------------------
16:34:33.270 com.cyjh.mobileanjian.ipc.log.b
->a(015C.java:7)
c6
--------------------
16:34:33.270 com.cyjh.mobileanjian.ipc.log.b
->a(015C.java:7)
5d
--------------------
16:34:33.270 com.cyjh.mobileanjian.ipc.log.b
->a(015C.java:7)
b7
--------------------
16:34:33.270 com.cyjh.mobileanjian.ipc.log.b
->a(015C.java:7)
cd
--------------------
16:34:33.270 com.cyjh.mobileanjian.ipc.log.b
->a(015C.java:7)
3c
--------------------
16:34:33.270 com.cyjh.mobileanjian.ipc.log.b
-><init>(015C.java:1)
0f607264fc6318a92b9e13c65db7cd3c
--------------------
16:34:33.271 com.cyjh.mobileanjian.ipc.log.b
-><init>(015C.java:2)
undefined
--------------------
16:34:33.271 com.cyjh.mobileanjian.ipc.log.b
-><init>(015C.java:3)
Sony XQ-BC72
--------------------
16:34:33.272 com.cyjh.mobileanjian.ipc.log.b
-><init>(015C.java:4)
红警OL辅助-小精灵
--------------------
16:34:33.272 com.cyjh.mobileanjian.ipc.log.b
-><init>(015C.java:5)
6.1.1
--------------------
16:34:33.277 org.apache.commons.io.FileUtils
->readFileToString(030C.java:15)
Linux version 3.18.31-perf (compiler@compiler030) (gcc version 4.9 20150123 (prerelease) (GCC) ) #1 SMP PREEMPT Tue Oct 15 14:59:27 CST 2019

--------------------
16:34:33.277 org.apache.commons.io.FileUtils
->readFileToString(030C.java:13)
Linux version 3.18.31-perf (compiler@compiler030) (gcc version 4.9 20150123 (prerelease) (GCC) ) #1 SMP PREEMPT Tue Oct 15 14:59:27 CST 2019

--------------------
16:34:33.277 com.cyjh.mobileanjian.ipc.log.b
-><init>(015C.java:6)
Linux version 3.18.31-perf (compiler@compiler030) (gcc version 4.9 20150123 (prerelease) (GCC) ) #1 SMP PREEMPT Tue Oct 15 14:59:27 CST 2019

--------------------
16:34:33.382 com.cyjh.mobileanjian.ipc.utils.FileUtils
->makeAbsolutePath(0163.java:2)
lib
--------------------
16:34:33.382 com.cyjh.mobileanjian.ipc.utils.FileUtils
->makeAbsolutePath(0163.java:2)
libmqm.so
--------------------
16:34:33.382 com.cyjh.mq.service.IpcService
->onCreate(0172.java:5)
/data/user/0/com.hjol/lib/libmqm.so
--------------------
16:34:33.382 com.cyjh.mobileanjian.ipc.utils.FileUtils
->makeAbsolutePath(0163.java:2)
mycache
--------------------
16:34:33.382 com.cyjh.mobileanjian.ipc.utils.FileUtils
->makeAbsolutePath(0163.java:2)
dalvik-cache
--------------------
16:34:33.382 com.cyjh.mq.service.IpcService
->onCreate(0172.java:6)
/data/user/0/com.hjol/mycache/dalvik-cache
--------------------
16:34:33.383 com.cyjh.mq.service.IpcService
->onCreate(0172.java:7)
exec /system/bin/app_process32 /data/user/0/com.hjol/files com.cyjh.mobileanjian.ipc.ClientService e3f43ccf-acf9-4103-9aae-087770e2540f /data/user/0/com.hjol/lib/libmqm.so 12030 &

--------------------
16:34:33.384 com.cyjh.mq.service.IpcService$1
->onLooperPrepared(0171.java:1)
e3f43ccf-acf9-4103-9aae-087770e2540f
--------------------
16:34:33.385 com.cyjh.http.b.a
->b(014D.java:10)
6.1.1
--------------------
16:34:33.385 com.cyjh.common.util.e
->b(00E8.java:8)
1686949188
--------------------
16:34:33.385 com.cyjh.common.util.af
->b(00E5.java:1)
1686949188
--------------------
16:34:33.385 com.cyjh.common.util.af
->b(00E5.java:2)
1686949188
--------------------
16:34:33.385 com.cyjh.http.b.a
->b(014D.java:11)
1712804694
--------------------
16:34:33.385 com.cyjh.http.b.a
->b(014D.java:12)
COBC41DkB9vuJuuZA5T2+hSJXVrM5/DJs+cvCsW89UbcEuqeEcx8Zfdll5w5Ed04e/JnVcOeO4XHospe1u9wgu+IpdsPqHj6
--------------------
16:34:33.385 com.cyjh.elfin.floatingwindowprocess.c.c
->e(011C.java:15)
http://auth2.mobileanjian.com/
--------------------
16:34:33.385 com.cyjh.elfin.floatingwindowprocess.c.c
->e(011C.java:16)
http://auth2.mobileanjian.com/
--------------------
16:34:33.386 com.cyjh.elfin.floatingwindowprocess.c.c
->e(011C.java:18)
{"BaseURL":"http://auth2.mobileanjian.com/","PackageName":"com.hjol","PayAppId":"7BACC4EF-DFDA-4dd9-815C-999FF745A82B","ScriptType":true,"authDesKeys":["c6bd901f","0ddf44be","950e5927","6460d8df","11fb887f","117e4900","bd113950","a99f6f97"],"AppId":238076,"AppInfo":"COBC41DkB9vuJuuZA5T2+hSJXVrM5/DJs+cvCsW89UbcEuqeEcx8Zfdll5w5Ed04e/JnVcOeO4XHospe1u9wgu+IpdsPqHj6","AppVersion":"1712804694","ClientTimestamp":1712824473,"DeviceCode":"53504273809530277ba80b7a4","DeviceId":"677b0ea9b8fcd0d3284a3d4692a13042","IsRedFinger":0,"TemplateFileId":559,"TemplateVersion":"6.1.1"}
--------------------
16:34:33.386 com.cyjh.elfin.floatingwindowprocess.c.c
->c(011C.java:1)
-----BEGIN RSA PRIVATE KEY-----
MIICXAIBAAKBgQCVNCExZl+SZAQNhkR1KXdaft64oG88FjymP+iK9l5TVt7+VpUw
bJ4/hl9UXqrFMQsrAm9d2/4NN3Laz+KthWOCjNRDWgMg0xhXRg6ns0hKRFZCEasc
MX5ioW0IFf/WqFkaYEnMtgnJWrOvPFS/FPNIk84TZADfAktzSRJw+aNzFwIDAQAB
AoGAIdCXuT9vZ5kdRgdpGniUYUEhrwxFSYPsqO0RAfWGOTMWBOSQmVH0p4cHsfJm
l5xe4JeDr+z87ffkIu08fYEepQ4Y5eMNJ8T4O3V8MlhqKApJPyVwLNzd2fCXb3vJ
jkUC0+CJB6767eHGoRvlPT2TkUOssMNPriM0XK4t9iPKzzkCQQDOK4u9Te23M7IQ
Mf3SQTBtwT+SijOHPx6QSaOemvGvO8gxm0sa37R1fTUkM5ZeVzavZ5SnLGnYDitc
xvCtQ6BNAkEAuUPfRaZy9vCmspE59TgcbuNNs2puPXGhrtZZHxziGiuyikpUT5Np
HQwYvRo6XaAsuUuDi9sjKP1kAfdaAVBy8wJBAKq+nahV1b2X7qxC+rcajgUXupKe
KjakK6fLlNpR8D7z/8Q1nGnRQx7aZxxoLOxMxllWK2KYAcCRW5AmokSccTECQG33
6K7aJ0GHBRvXclSpcs8rYzLNSRR1v6gdGZeLOHaaW4cUqcj2Uh1o0cJlsCFk80cl
mLbKY6twBQ3ZufYvv5sCQCaWn4kDt9jjhuP0+Pbjzcl75MixfnZPLSjWkhqgv0TO
OGW4iOxKpDF7Q1MBiMckymzitab3GBy4Owd3QC/wnk0=
-----END RSA PRIVATE KEY-----

--------------------
16:34:33.386 com.cyjh.elfin.floatingwindowprocess.service.FloatingWindowService
->b(0120.java:1)
-----BEGIN RSA PRIVATE KEY-----
MIICXAIBAAKBgQCVNCExZl+SZAQNhkR1KXdaft64oG88FjymP+iK9l5TVt7+VpUw
bJ4/hl9UXqrFMQsrAm9d2/4NN3Laz+KthWOCjNRDWgMg0xhXRg6ns0hKRFZCEasc
MX5ioW0IFf/WqFkaYEnMtgnJWrOvPFS/FPNIk84TZADfAktzSRJw+aNzFwIDAQAB
AoGAIdCXuT9vZ5kdRgdpGniUYUEhrwxFSYPsqO0RAfWGOTMWBOSQmVH0p4cHsfJm
l5xe4JeDr+z87ffkIu08fYEepQ4Y5eMNJ8T4O3V8MlhqKApJPyVwLNzd2fCXb3vJ
jkUC0+CJB6767eHGoRvlPT2TkUOssMNPriM0XK4t9iPKzzkCQQDOK4u9Te23M7IQ
Mf3SQTBtwT+SijOHPx6QSaOemvGvO8gxm0sa37R1fTUkM5ZeVzavZ5SnLGnYDitc
xvCtQ6BNAkEAuUPfRaZy9vCmspE59TgcbuNNs2puPXGhrtZZHxziGiuyikpUT5Np
HQwYvRo6XaAsuUuDi9sjKP1kAfdaAVBy8wJBAKq+nahV1b2X7qxC+rcajgUXupKe
KjakK6fLlNpR8D7z/8Q1nGnRQx7aZxxoLOxMxllWK2KYAcCRW5AmokSccTECQG33
6K7aJ0GHBRvXclSpcs8rYzLNSRR1v6gdGZeLOHaaW4cUqcj2Uh1o0cJlsCFk80cl
mLbKY6twBQ3ZufYvv5sCQCaWn4kDt9jjhuP0+Pbjzcl75MixfnZPLSjWkhqgv0TO
OGW4iOxKpDF7Q1MBiMckymzitab3GBy4Owd3QC/wnk0=
-----END RSA PRIVATE KEY-----

--------------------
16:34:33.386 com.cyjh.elfin.floatingwindowprocess.c.c
->d(011C.java:2)
-----BEGIN PUBLIC KEY-----
MIGfMA0GCSqGSIb3DQEBAQUAA4GNADCBiQKBgQDQ6aF1yXQM2dS6Wl5IUkpIAPad
Ppyt8qkhWSFw0OpmDxTPBOnnF/3V0HUbcu0E+xO542sbHX1PYZD1OStHBYOcvc2I
uKa7dl/A/uywHZ4fVxSKXrge3MuvDZ6kefbJEcDaCLuc+TOtj7/HlDpblJE7sRVt
CYxNQp0T3b3OokyDnwIDAQAB
-----END PUBLIC KEY-----

--------------------
16:34:33.386 com.cyjh.elfin.floatingwindowprocess.service.FloatingWindowService
->b(0120.java:2)
-----BEGIN PUBLIC KEY-----
MIGfMA0GCSqGSIb3DQEBAQUAA4GNADCBiQKBgQDQ6aF1yXQM2dS6Wl5IUkpIAPad
Ppyt8qkhWSFw0OpmDxTPBOnnF/3V0HUbcu0E+xO542sbHX1PYZD1OStHBYOcvc2I
uKa7dl/A/uywHZ4fVxSKXrge3MuvDZ6kefbJEcDaCLuc+TOtj7/HlDpblJE7sRVt
CYxNQp0T3b3OokyDnwIDAQAB
-----END PUBLIC KEY-----

--------------------
16:34:33.387 com.cyjh.elfin.floatingwindowprocess.c.c
->b(011C.java:6)
/data/user/0/com.hjol/files/script.lc
--------------------
16:34:33.387 com.cyjh.elfin.floatingwindowprocess.c.c
->b(011C.java:7)
/data/user/0/com.hjol/files/script.prop
--------------------
16:34:33.387 com.cyjh.elfin.floatingwindowprocess.c.c
->b(011C.java:8)
/data/user/0/com.hjol/files/script.atc
--------------------
16:34:33.387 com.cyjh.elfin.floatingwindowprocess.c.c
->b(011C.java:9)
/data/user/0/com.hjol/files/script.ui
--------------------
16:34:33.387 com.cyjh.elfin.floatingwindowprocess.c.c
->b(011C.java:10)
/data/user/0/com.hjol/files/script.uip
--------------------
16:34:33.387 com.cyjh.elfin.floatingwindowprocess.c.c
->b(011C.java:11)
/data/user/0/com.hjol/files/script.rtd
--------------------
16:34:33.387 com.cyjh.elfin.floatingwindowprocess.c.c
->b(011C.java:12)
/data/user/0/com.hjol/files/script.cfg
--------------------
16:34:33.388 com.cyjh.elfin.e.c.o
->b(0118.java:6)
1686949188
--------------------
16:34:33.388 com.cyjh.elfin.e.c.o
->c(0118.java:7)
1686949188
--------------------
16:34:33.388 com.cyjh.elfin.e.c.o
->b(0118.java:4)
/data/user/0/com.hjol/files/assets
--------------------
16:34:33.388 com.cyjh.elfin.e.c.o
->b(0118.java:5)
1712804694
--------------------
16:34:33.388 com.cyjh.elfin.e.c.o
->c(0118.java:8)
1712804694
--------------------
16:34:33.388 com.cyjh.http.b.a
->b(014D.java:10)
6.1.1
--------------------
16:34:33.388 com.cyjh.common.util.e
->b(00E8.java:8)
1686949188
--------------------
16:34:33.388 com.cyjh.common.util.af
->b(00E5.java:1)
1686949188
--------------------
16:34:33.388 com.cyjh.common.util.af
->b(00E5.java:2)
1686949188
--------------------
16:34:33.388 com.cyjh.http.b.a
->b(014D.java:11)
1712804694
--------------------
16:34:33.388 com.cyjh.http.b.a
->b(014D.java:12)
COBC41DkB9vuJuuZA5T2+hSJXVrM5/DJs+cvCsW89UbcEuqeEcx8Zfdll5w5Ed04e/JnVcOeO4XHospe1u9wgu+IpdsPqHj6
--------------------
16:34:33.389 com.cyjh.elfin.floatingwindowprocess.c.c
->e(011C.java:15)
http://auth2.mobileanjian.com/
--------------------
16:34:33.389 com.cyjh.elfin.floatingwindowprocess.c.c
->e(011C.java:16)
http://auth2.mobileanjian.com/
--------------------
16:34:33.390 com.cyjh.elfin.floatingwindowprocess.c.c
->e(011C.java:18)
{"BaseURL":"http://auth2.mobileanjian.com/","PackageName":"com.hjol","PayAppId":"7BACC4EF-DFDA-4dd9-815C-999FF745A82B","ScriptType":true,"authDesKeys":["c6bd901f","0ddf44be","950e5927","6460d8df","11fb887f","117e4900","bd113950","a99f6f97"],"AppId":238076,"AppInfo":"COBC41DkB9vuJuuZA5T2+hSJXVrM5/DJs+cvCsW89UbcEuqeEcx8Zfdll5w5Ed04e/JnVcOeO4XHospe1u9wgu+IpdsPqHj6","AppVersion":"1712804694","ClientTimestamp":1712824473,"DeviceCode":"53504273809530277ba80b7a4","DeviceId":"677b0ea9b8fcd0d3284a3d4692a13042","IsRedFinger":0,"TemplateFileId":559,"TemplateVersion":"6.1.1"}
--------------------
16:34:33.390 com.cyjh.elfin.floatingwindowprocess.c.c
->c(011C.java:1)
-----BEGIN RSA PRIVATE KEY-----
MIICXAIBAAKBgQCVNCExZl+SZAQNhkR1KXdaft64oG88FjymP+iK9l5TVt7+VpUw
bJ4/hl9UXqrFMQsrAm9d2/4NN3Laz+KthWOCjNRDWgMg0xhXRg6ns0hKRFZCEasc
MX5ioW0IFf/WqFkaYEnMtgnJWrOvPFS/FPNIk84TZADfAktzSRJw+aNzFwIDAQAB
AoGAIdCXuT9vZ5kdRgdpGniUYUEhrwxFSYPsqO0RAfWGOTMWBOSQmVH0p4cHsfJm
l5xe4JeDr+z87ffkIu08fYEepQ4Y5eMNJ8T4O3V8MlhqKApJPyVwLNzd2fCXb3vJ
jkUC0+CJB6767eHGoRvlPT2TkUOssMNPriM0XK4t9iPKzzkCQQDOK4u9Te23M7IQ
Mf3SQTBtwT+SijOHPx6QSaOemvGvO8gxm0sa37R1fTUkM5ZeVzavZ5SnLGnYDitc
xvCtQ6BNAkEAuUPfRaZy9vCmspE59TgcbuNNs2puPXGhrtZZHxziGiuyikpUT5Np
HQwYvRo6XaAsuUuDi9sjKP1kAfdaAVBy8wJBAKq+nahV1b2X7qxC+rcajgUXupKe
KjakK6fLlNpR8D7z/8Q1nGnRQx7aZxxoLOxMxllWK2KYAcCRW5AmokSccTECQG33
6K7aJ0GHBRvXclSpcs8rYzLNSRR1v6gdGZeLOHaaW4cUqcj2Uh1o0cJlsCFk80cl
mLbKY6twBQ3ZufYvv5sCQCaWn4kDt9jjhuP0+Pbjzcl75MixfnZPLSjWkhqgv0TO
OGW4iOxKpDF7Q1MBiMckymzitab3GBy4Owd3QC/wnk0=
-----END RSA PRIVATE KEY-----

--------------------
16:34:33.390 com.cyjh.elfin.floatingwindowprocess.c.c
->b(011C.java:13)
-----BEGIN RSA PRIVATE KEY-----
MIICXAIBAAKBgQCVNCExZl+SZAQNhkR1KXdaft64oG88FjymP+iK9l5TVt7+VpUw
bJ4/hl9UXqrFMQsrAm9d2/4NN3Laz+KthWOCjNRDWgMg0xhXRg6ns0hKRFZCEasc
MX5ioW0IFf/WqFkaYEnMtgnJWrOvPFS/FPNIk84TZADfAktzSRJw+aNzFwIDAQAB
AoGAIdCXuT9vZ5kdRgdpGniUYUEhrwxFSYPsqO0RAfWGOTMWBOSQmVH0p4cHsfJm
l5xe4JeDr+z87ffkIu08fYEepQ4Y5eMNJ8T4O3V8MlhqKApJPyVwLNzd2fCXb3vJ
jkUC0+CJB6767eHGoRvlPT2TkUOssMNPriM0XK4t9iPKzzkCQQDOK4u9Te23M7IQ
Mf3SQTBtwT+SijOHPx6QSaOemvGvO8gxm0sa37R1fTUkM5ZeVzavZ5SnLGnYDitc
xvCtQ6BNAkEAuUPfRaZy9vCmspE59TgcbuNNs2puPXGhrtZZHxziGiuyikpUT5Np
HQwYvRo6XaAsuUuDi9sjKP1kAfdaAVBy8wJBAKq+nahV1b2X7qxC+rcajgUXupKe
KjakK6fLlNpR8D7z/8Q1nGnRQx7aZxxoLOxMxllWK2KYAcCRW5AmokSccTECQG33
6K7aJ0GHBRvXclSpcs8rYzLNSRR1v6gdGZeLOHaaW4cUqcj2Uh1o0cJlsCFk80cl
mLbKY6twBQ3ZufYvv5sCQCaWn4kDt9jjhuP0+Pbjzcl75MixfnZPLSjWkhqgv0TO
OGW4iOxKpDF7Q1MBiMckymzitab3GBy4Owd3QC/wnk0=
-----END RSA PRIVATE KEY-----

--------------------
16:34:33.390 com.cyjh.elfin.floatingwindowprocess.c.c
->d(011C.java:2)
-----BEGIN PUBLIC KEY-----
MIGfMA0GCSqGSIb3DQEBAQUAA4GNADCBiQKBgQDQ6aF1yXQM2dS6Wl5IUkpIAPad
Ppyt8qkhWSFw0OpmDxTPBOnnF/3V0HUbcu0E+xO542sbHX1PYZD1OStHBYOcvc2I
uKa7dl/A/uywHZ4fVxSKXrge3MuvDZ6kefbJEcDaCLuc+TOtj7/HlDpblJE7sRVt
CYxNQp0T3b3OokyDnwIDAQAB
-----END PUBLIC KEY-----

--------------------
16:34:33.390 com.cyjh.elfin.floatingwindowprocess.c.c
->b(011C.java:14)
-----BEGIN PUBLIC KEY-----
MIGfMA0GCSqGSIb3DQEBAQUAA4GNADCBiQKBgQDQ6aF1yXQM2dS6Wl5IUkpIAPad
Ppyt8qkhWSFw0OpmDxTPBOnnF/3V0HUbcu0E+xO542sbHX1PYZD1OStHBYOcvc2I
uKa7dl/A/uywHZ4fVxSKXrge3MuvDZ6kefbJEcDaCLuc+TOtj7/HlDpblJE7sRVt
CYxNQp0T3b3OokyDnwIDAQAB
-----END PUBLIC KEY-----

--------------------
16:34:33.391 com.cyjh.http.b.a
->b(014D.java:10)
6.1.1
--------------------
16:34:33.391 com.cyjh.common.util.e
->b(00E8.java:8)
1686949188
--------------------
16:34:33.391 com.cyjh.common.util.af
->b(00E5.java:1)
1686949188
--------------------
16:34:33.391 com.cyjh.common.util.af
->b(00E5.java:2)
1686949188
--------------------
16:34:33.391 com.cyjh.http.b.a
->b(014D.java:11)
1712804694
--------------------
16:34:33.391 com.cyjh.http.b.a
->b(014D.java:12)
COBC41DkB9vuJuuZA5T2+hSJXVrM5/DJs+cvCsW89UbcEuqeEcx8Zfdll5w5Ed04e/JnVcOeO4XHospe1u9wgu+IpdsPqHj6
--------------------
16:34:33.391 com.cyjh.elfin.floatingwindowprocess.c.c
->e(011C.java:15)
http://auth2.mobileanjian.com/
--------------------
16:34:33.391 com.cyjh.elfin.floatingwindowprocess.c.c
->e(011C.java:16)
http://auth2.mobileanjian.com/
--------------------
16:34:33.392 com.cyjh.elfin.floatingwindowprocess.c.c
->e(011C.java:18)
{"BaseURL":"http://auth2.mobileanjian.com/","PackageName":"com.hjol","PayAppId":"7BACC4EF-DFDA-4dd9-815C-999FF745A82B","ScriptType":true,"authDesKeys":["1bff00f5","caf7a1f0","7fed39f9","a1988775","964f8677","242678c5","b4af55a5","6619cb9d"],"AppId":238076,"AppInfo":"COBC41DkB9vuJuuZA5T2+hSJXVrM5/DJs+cvCsW89UbcEuqeEcx8Zfdll5w5Ed04e/JnVcOeO4XHospe1u9wgu+IpdsPqHj6","AppVersion":"1712804694","ClientTimestamp":1712824473,"DeviceCode":"53504273809530277ba80b7a4","DeviceId":"677b0ea9b8fcd0d3284a3d4692a13042","IsRedFinger":0,"TemplateFileId":559,"TemplateVersion":"6.1.1","V":"81058250b7deb83d0"}
--------------------
16:34:33.392 com.cyjh.elfin.floatingwindowprocess.c.c
->c(011C.java:1)
-----BEGIN RSA PRIVATE KEY-----
MIICXAIBAAKBgQCVNCExZl+SZAQNhkR1KXdaft64oG88FjymP+iK9l5TVt7+VpUw
bJ4/hl9UXqrFMQsrAm9d2/4NN3Laz+KthWOCjNRDWgMg0xhXRg6ns0hKRFZCEasc
MX5ioW0IFf/WqFkaYEnMtgnJWrOvPFS/FPNIk84TZADfAktzSRJw+aNzFwIDAQAB
AoGAIdCXuT9vZ5kdRgdpGniUYUEhrwxFSYPsqO0RAfWGOTMWBOSQmVH0p4cHsfJm
l5xe4JeDr+z87ffkIu08fYEepQ4Y5eMNJ8T4O3V8MlhqKApJPyVwLNzd2fCXb3vJ
jkUC0+CJB6767eHGoRvlPT2TkUOssMNPriM0XK4t9iPKzzkCQQDOK4u9Te23M7IQ
Mf3SQTBtwT+SijOHPx6QSaOemvGvO8gxm0sa37R1fTUkM5ZeVzavZ5SnLGnYDitc
xvCtQ6BNAkEAuUPfRaZy9vCmspE59TgcbuNNs2puPXGhrtZZHxziGiuyikpUT5Np
HQwYvRo6XaAsuUuDi9sjKP1kAfdaAVBy8wJBAKq+nahV1b2X7qxC+rcajgUXupKe
KjakK6fLlNpR8D7z/8Q1nGnRQx7aZxxoLOxMxllWK2KYAcCRW5AmokSccTECQG33
6K7aJ0GHBRvXclSpcs8rYzLNSRR1v6gdGZeLOHaaW4cUqcj2Uh1o0cJlsCFk80cl
mLbKY6twBQ3ZufYvv5sCQCaWn4kDt9jjhuP0+Pbjzcl75MixfnZPLSjWkhqgv0TO
OGW4iOxKpDF7Q1MBiMckymzitab3GBy4Owd3QC/wnk0=
-----END RSA PRIVATE KEY-----

--------------------
16:34:33.393 com.cyjh.elfin.floatingwindowprocess.service.FloatingWindowService
->b(0120.java:1)
-----BEGIN RSA PRIVATE KEY-----
MIICXAIBAAKBgQCVNCExZl+SZAQNhkR1KXdaft64oG88FjymP+iK9l5TVt7+VpUw
bJ4/hl9UXqrFMQsrAm9d2/4NN3Laz+KthWOCjNRDWgMg0xhXRg6ns0hKRFZCEasc
MX5ioW0IFf/WqFkaYEnMtgnJWrOvPFS/FPNIk84TZADfAktzSRJw+aNzFwIDAQAB
AoGAIdCXuT9vZ5kdRgdpGniUYUEhrwxFSYPsqO0RAfWGOTMWBOSQmVH0p4cHsfJm
l5xe4JeDr+z87ffkIu08fYEepQ4Y5eMNJ8T4O3V8MlhqKApJPyVwLNzd2fCXb3vJ
jkUC0+CJB6767eHGoRvlPT2TkUOssMNPriM0XK4t9iPKzzkCQQDOK4u9Te23M7IQ
Mf3SQTBtwT+SijOHPx6QSaOemvGvO8gxm0sa37R1fTUkM5ZeVzavZ5SnLGnYDitc
xvCtQ6BNAkEAuUPfRaZy9vCmspE59TgcbuNNs2puPXGhrtZZHxziGiuyikpUT5Np
HQwYvRo6XaAsuUuDi9sjKP1kAfdaAVBy8wJBAKq+nahV1b2X7qxC+rcajgUXupKe
KjakK6fLlNpR8D7z/8Q1nGnRQx7aZxxoLOxMxllWK2KYAcCRW5AmokSccTECQG33
6K7aJ0GHBRvXclSpcs8rYzLNSRR1v6gdGZeLOHaaW4cUqcj2Uh1o0cJlsCFk80cl
mLbKY6twBQ3ZufYvv5sCQCaWn4kDt9jjhuP0+Pbjzcl75MixfnZPLSjWkhqgv0TO
OGW4iOxKpDF7Q1MBiMckymzitab3GBy4Owd3QC/wnk0=
-----END RSA PRIVATE KEY-----

--------------------
16:34:33.393 com.cyjh.elfin.floatingwindowprocess.c.c
->d(011C.java:2)
-----BEGIN PUBLIC KEY-----
MIGfMA0GCSqGSIb3DQEBAQUAA4GNADCBiQKBgQDQ6aF1yXQM2dS6Wl5IUkpIAPad
Ppyt8qkhWSFw0OpmDxTPBOnnF/3V0HUbcu0E+xO542sbHX1PYZD1OStHBYOcvc2I
uKa7dl/A/uywHZ4fVxSKXrge3MuvDZ6kefbJEcDaCLuc+TOtj7/HlDpblJE7sRVt
CYxNQp0T3b3OokyDnwIDAQAB
-----END PUBLIC KEY-----

--------------------
16:34:33.393 com.cyjh.elfin.floatingwindowprocess.service.FloatingWindowService
->b(0120.java:2)
-----BEGIN PUBLIC KEY-----
MIGfMA0GCSqGSIb3DQEBAQUAA4GNADCBiQKBgQDQ6aF1yXQM2dS6Wl5IUkpIAPad
Ppyt8qkhWSFw0OpmDxTPBOnnF/3V0HUbcu0E+xO542sbHX1PYZD1OStHBYOcvc2I
uKa7dl/A/uywHZ4fVxSKXrge3MuvDZ6kefbJEcDaCLuc+TOtj7/HlDpblJE7sRVt
CYxNQp0T3b3OokyDnwIDAQAB
-----END PUBLIC KEY-----

--------------------
16:34:33.395 com.umeng.commonsdk.proguard.k$1
->onSignalStrengthsChanged(029B.java:1)
2147483647
--------------------
16:34:33.396 com.umeng.commonsdk.framework.c
->a(0290.java:1)
internal
--------------------
16:34:33.396 com.umeng.commonsdk.framework.c
->a(0290.java:2)
com.hjol:enginfloat
--------------------
16:34:33.432 com.cyjh.mobileanjian.ipc.utils.r
->a(016B.java:3)
535042738095302
--------------------
16:34:33.434 com.cyjh.mobileanjian.ipc.utils.r
->a(016B.java:4)

--------------------
16:34:33.434 com.cyjh.mobileanjian.ipc.utils.r
->a(016B.java:5)
77ba80b7a4
--------------------
16:34:33.434 com.cyjh.mobileanjian.ipc.utils.r
->d(016B.java:7)
imei:535042738095302
--------------------
16:34:33.435 com.cyjh.mobileanjian.ipc.utils.r
->b(016B.java:6)
imei:535042738095302[arm]@_@null
--------------------
16:34:33.551 com.cyjh.mobileanjian.ipc.utils.RootUtil
->isRoot(0166.java:1)
/sbin:/vendor/bin:/system/sbin:/system/bin:/system/xbin
--------------------
16:34:34.197 com.cyjh.mobileanjian.ipc.a
->b(0159.java:1)
com.iflytek.inputmethod.oem/com.iflytek.inputmethod.FlyIME
--------------------
16:34:34.689 com.cyjh.elfin.d.c
->c(0103.java:7)

--------------------
16:34:34.691 com.cyjh.http.e.a
->b(0153.java:2)
{"regCode":"63ff40df981462bf","status":1}
--------------------
16:34:34.691 com.cyjh.http.e.a
->a(0153.java:1)
{"regCode":"63ff40df981462bf","status":1}
--------------------
16:34:34.692 com.cyjh.elfin.d.c
->c(0103.java:8)
{"regCode":"63ff40df981462bf","status":1}
--------------------
16:34:37.822 com.cyjh.elfin.d.c
->c(0103.java:7)

--------------------
16:34:37.824 com.cyjh.http.e.a
->b(0153.java:2)
{"regCode":"63ff40df981462bf","status":1}
--------------------
16:34:37.824 com.cyjh.http.e.a
->a(0153.java:1)
{"regCode":"63ff40df981462bf","status":1}
--------------------
16:34:37.824 com.cyjh.elfin.d.c
->c(0103.java:8)
{"regCode":"63ff40df981462bf","status":1}
--------------------
16:34:39.226 net.grandcentrix.tray.core.TrayException
-><init>(0300.java:1)
Value for Key <com.cyjh.elfin.ui.activity.SettingActivity.swtFloatviewCtrl> not found
--------------------
16:34:40.671 com.cyjh.elfin.e.c.o
->e(0118.java:13)
/data/user/0/com.hjol/files/assets
--------------------
16:34:40.673 com.cyjh.elfin.e.c.o
->c(0118.java:9)
238076
--------------------
16:34:40.678 com.cyjh.elfin.floatingwindowprocess.d.a
->a(011D.java:1)
1686949188
--------------------
16:34:40.681 com.cyjh.common.util.e
->e(00E8.java:13)
mounted
--------------------
16:34:40.683 com.cyjh.common.util.e
->a(00E8.java:2)
Sony9a71140d
--------------------
16:34:40.684 com.cyjh.elfin.floatingwindowprocess.d.a
->a(011D.java:2)
Sony9a71140d
--------------------
16:34:40.685 com.cyjh.common.util.e
->b(00E8.java:8)
1686949188
--------------------
16:34:40.685 com.cyjh.common.util.af
->b(00E5.java:1)
1686949188
--------------------
16:34:40.685 com.cyjh.common.util.af
->b(00E5.java:2)
1686949188
--------------------
16:34:40.686 com.cyjh.elfin.floatingwindowprocess.d.a
->a(011D.java:3)
1712804694
--------------------
16:34:40.689 com.cyjh.http.b.a
->b(014D.java:10)
6.1.1
--------------------
16:34:40.689 com.cyjh.common.util.e
->b(00E8.java:8)
1686949188
--------------------
16:34:40.690 com.cyjh.common.util.af
->b(00E5.java:1)
1686949188
--------------------
16:34:40.690 com.cyjh.common.util.af
->b(00E5.java:2)
1686949188
--------------------
16:34:40.690 com.cyjh.http.b.a
->b(014D.java:11)
1712804694
--------------------
16:34:40.691 com.cyjh.http.b.a
->b(014D.java:12)
COBC41DkB9vuJuuZA5T2+hSJXVrM5/DJs+cvCsW89UbcEuqeEcx8Zfdll5w5Ed04e/JnVcOeO4XHospe1u9wgu+IpdsPqHj6
--------------------
16:34:40.695 com.cyjh.http.b.a
->a(014D.java:4)
{"DeviceName":"Sony9a71140d","IsScriptHotUpgrade":1,"ScriptId":"7be025e0-0829-4b47-bff1-224ef491317d","ScriptVersion":1686949188,"AppId":238076,"AppInfo":"COBC41DkB9vuJuuZA5T2+hSJXVrM5/DJs+cvCsW89UbcEuqeEcx8Zfdll5w5Ed04e/JnVcOeO4XHospe1u9wgu+IpdsPqHj6","AppVersion":"1712804694","ClientTimestamp":1712824480,"DeviceCode":"53504273809530277ba80b7a4","DeviceId":"677b0ea9b8fcd0d3284a3d4692a13042","IsRedFinger":0,"TemplateFileId":559,"TemplateVersion":"6.1.1","V":"81058250b7deb83d0"}
--------------------
16:34:40.696 com.cyjh.http.e.c
->a(0156.java:1)
MIICdgIBADANBgkqhkiG9w0BAQEFAASCAmAwggJcAgEAAoGBAJU0ITFmX5JkBA2GRHUpd1p+3rigbzwWPKY/6Ir2XlNW3v5WlTBsnj+GX1ReqsUxCysCb13b/g03ctrP4q2FY4KM1ENaAyDTGFdGDqezSEpEVkIRqxwxfmKhbQgV/9aoWRpgScy2Cclas688VL8U80iTzhNkAN8CS3NJEnD5o3MXAgMBAAECgYAh0Je5P29nmR1GB2kaeJRhQSGvDEVJg+yo7REB9YY5MxYE5JCZUfSnhwex8maXnF7gl4Ov7Pzt9+Qi7Tx9gR6lDhjl4w0nxPg7dXwyWGooCkk/JXAs3N3Z8Jdve8mORQLT4IkHrvrt4cahG+U9PZORQ6yww0+uIzRcri32I8rPOQJBAM4ri71N7bczshAx/dJBMG3BP5KKM4c/HpBJo56a8a87yDGbSxrftHV9NSQzll5XNq9nlKcsadgOK1zG8K1DoE0CQQC5Q99FpnL28KaykTn1OBxu402zam49caGu1lkfHOIaK7KKSlRPk2kdDBi9GjpdoCy5S4OL2yMo/WQB91oBUHLzAkEAqr6dqFXVvZfurEL6txqOBRe6kp4qNqQrp8uU2lHwPvP/xDWcadFDHtpnHGgs7EzGWVYrYpgBwJFbkCaiRJxxMQJAbffortonQYcFG9dyVKlyzytjMs1JFHW/qB0Zl4s4dppbhxSpyPZSHWjRwmWwIWTzRyWYtspjq3AFDdm59i+/mwJAJpafiQO32OOG4/T49uPNyXvkyLF+dk8tKNaSGqC/RM44ZbiI7EqkMXtDUwGIxyTKbOK1pvcYHLg7B3dAL/CeTQ==
--------------------
16:34:40.707 com.cyjh.common.util.b
->a(00E7.java:1)
E9fjeS7w+3faQgjOl+zN2yD0SFSYe7Pu21SsnKUMF6uVbYWHAcBq/yIZIxjt6OufVt7TobmGtu2Qt/eGjbFN0E2oBx4BFD9oZR+Kibjay6jFQFFPJr0MKT1xHY3ot93Fzk+5eN931XDgpiurIYprN1Sehdwaph7egipbXb8fUgA=
--------------------
16:34:40.707 com.cyjh.http.e.c
->a(0156.java:2)
E9fjeS7w+3faQgjOl+zN2yD0SFSYe7Pu21SsnKUMF6uVbYWHAcBq/yIZIxjt6OufVt7TobmGtu2Qt/eGjbFN0E2oBx4BFD9oZR+Kibjay6jFQFFPJr0MKT1xHY3ot93Fzk+5eN931XDgpiurIYprN1Sehdwaph7egipbXb8fUgA=
--------------------
16:34:40.708 com.cyjh.http.b.a
->a(014D.java:5)
E9fjeS7w+3faQgjOl+zN2yD0SFSYe7Pu21SsnKUMF6uVbYWHAcBq/yIZIxjt6OufVt7TobmGtu2Qt/eGjbFN0E2oBx4BFD9oZR+Kibjay6jFQFFPJr0MKT1xHY3ot93Fzk+5eN931XDgpiurIYprN1Sehdwaph7egipbXb8fUgA=
--------------------
16:34:40.709 com.cyjh.http.b.a
->a(014D.java:6)
{"SignContent":"{\"DeviceName\":\"Sony9a71140d\",\"IsScriptHotUpgrade\":1,\"ScriptId\":\"7be025e0-0829-4b47-bff1-224ef491317d\",\"ScriptVersion\":1686949188,\"AppId\":238076,\"AppInfo\":\"COBC41DkB9vuJuuZA5T2+hSJXVrM5/DJs+cvCsW89UbcEuqeEcx8Zfdll5w5Ed04e/JnVcOeO4XHospe1u9wgu+IpdsPqHj6\",\"AppVersion\":\"1712804694\",\"ClientTimestamp\":1712824480,\"DeviceCode\":\"53504273809530277ba80b7a4\",\"DeviceId\":\"677b0ea9b8fcd0d3284a3d4692a13042\",\"IsRedFinger\":0,\"TemplateFileId\":559,\"TemplateVersion\":\"6.1.1\",\"V\":\"81058250b7deb83d0\"}","Signature":"E9fjeS7w+3faQgjOl+zN2yD0SFSYe7Pu21SsnKUMF6uVbYWHAcBq/yIZIxjt6OufVt7TobmGtu2Qt/eGjbFN0E2oBx4BFD9oZR+Kibjay6jFQFFPJr0MKT1xHY3ot93Fzk+5eN931XDgpiurIYprN1Sehdwaph7egipbXb8fUgA\u003d"}
--------------------
16:34:40.709 com.cyjh.http.b.a
->a(014D.java:7)
6619cb9d
--------------------
16:34:40.717 com.cyjh.common.util.h
->a(00EA.java:2)
d7jlhI2T/OcPVRIQ2eDN61pROzLU2w9hcRw/xBknczvMtBVcgEpTfBpolZz8GCsamBiIHXy4thVsdlW2WCFil+TWWto1ZZNRJNs3FUKrij4nWeinsccvDlmcDsHk8dzXjp5PTnHfJBbD5ZnLRmZvrakR/2OhZzZjDT/dG7v7Fvv5OH5MPfyGtfRdAF/VJtIcoRXHQgnhfIktkMMlEZf+IB9Jkit4HIQ+X8zaXo1zYi5rX6gQWJT1tvcHg28c5uvrX2//PVjf4C6sZ9BI4mkrWI4vFKI+zLBI2hp03Gm97Lk3v30E5r1V0axmmD/fDb+XpjcExiNR8WSTAYeeNwQl14ZbwPRx4x02fcayIMuFfXDGk0Go6YPw5U6ua79uZCwLZq3Pmtan8gA4zXMTRUET/F7M/oGw6bl5LejvHnMNsnU1CPFXJb/5XHR8Xqm27LK076P53mexaRalh4QP5olLyINgp8MMXQWGTIdoskGLnJiWxVxjmg8e977uuB2+srPEZvk3ioLnj5p+M+sVvYCUCSowewXp5rMLQysI6qxOHEdsn13c2SaxhKetUa29rsX025QpNlGwwyQOZAaxJ3xIyUGv9ogqBRhvtjhXFNO473eS01GOkrzvt1L6fYQVU0j4CZL5vlcj4nqwy13mtykFZdzhaTGP5nkK8Fhu0EB70E9usCDN/sDM12RynST56WVNTKqA7fqg2k/lOunlcGfp0UuV3pdw0F+RPn8xEvlRuEiDtlfDUFJ9r5mnIz60hivpVaz7uPZvLd5hICXKacKlt1HsXdL+Fd1LFJ7hbTc2WqLB3YIRt4mnifgaHArCoHr77WL525Or5ufCb+koGxoBAlSQLqv2G0N2wYNkGyIdBolbvUkqyCqgpneKjzZVO0SjqfixdqmOK+8K3ZlS5AnRbukptU9tFvqSnlVLO4aK8ypxfnFRba0uxj+isH0zpA/bZTicrVbh442KZQEtArDnbA==
--------------------
16:34:40.717 com.cyjh.http.b.a
->a(014D.java:8)
d7jlhI2T/OcPVRIQ2eDN61pROzLU2w9hcRw/xBknczvMtBVcgEpTfBpolZz8GCsamBiIHXy4thVsdlW2WCFil+TWWto1ZZNRJNs3FUKrij4nWeinsccvDlmcDsHk8dzXjp5PTnHfJBbD5ZnLRmZvrakR/2OhZzZjDT/dG7v7Fvv5OH5MPfyGtfRdAF/VJtIcoRXHQgnhfIktkMMlEZf+IB9Jkit4HIQ+X8zaXo1zYi5rX6gQWJT1tvcHg28c5uvrX2//PVjf4C6sZ9BI4mkrWI4vFKI+zLBI2hp03Gm97Lk3v30E5r1V0axmmD/fDb+XpjcExiNR8WSTAYeeNwQl14ZbwPRx4x02fcayIMuFfXDGk0Go6YPw5U6ua79uZCwLZq3Pmtan8gA4zXMTRUET/F7M/oGw6bl5LejvHnMNsnU1CPFXJb/5XHR8Xqm27LK076P53mexaRalh4QP5olLyINgp8MMXQWGTIdoskGLnJiWxVxjmg8e977uuB2+srPEZvk3ioLnj5p+M+sVvYCUCSowewXp5rMLQysI6qxOHEdsn13c2SaxhKetUa29rsX025QpNlGwwyQOZAaxJ3xIyUGv9ogqBRhvtjhXFNO473eS01GOkrzvt1L6fYQVU0j4CZL5vlcj4nqwy13mtykFZdzhaTGP5nkK8Fhu0EB70E9usCDN/sDM12RynST56WVNTKqA7fqg2k/lOunlcGfp0UuV3pdw0F+RPn8xEvlRuEiDtlfDUFJ9r5mnIz60hivpVaz7uPZvLd5hICXKacKlt1HsXdL+Fd1LFJ7hbTc2WqLB3YIRt4mnifgaHArCoHr77WL525Or5ufCb+koGxoBAlSQLqv2G0N2wYNkGyIdBolbvUkqyCqgpneKjzZVO0SjqfixdqmOK+8K3ZlS5AnRbukptU9tFvqSnlVLO4aK8ypxfnFRba0uxj+isH0zpA/bZTicrVbh442KZQEtArDnbA==
--------------------
16:34:40.718 com.cyjh.http.b.a
->a(014D.java:9)
7
--------------------
16:34:40.725 com.android.volley.l
->a(0094.java:1)
Data
--------------------
16:34:40.725 com.android.volley.l
->a(0094.java:2)
d7jlhI2T%2FOcPVRIQ2eDN61pROzLU2w9hcRw%2FxBknczvMtBVcgEpTfBpolZz8GCsamBiIHXy4thVsdlW2WCFil%2BTWWto1ZZNRJNs3FUKrij4nWeinsccvDlmcDsHk8dzXjp5PTnHfJBbD5ZnLRmZvrakR%2F2OhZzZjDT%2FdG7v7Fvv5OH5MPfyGtfRdAF%2FVJtIcoRXHQgnhfIktkMMlEZf%2BIB9Jkit4HIQ%2BX8zaXo1zYi5rX6gQWJT1tvcHg28c5uvrX2%2F%2FPVjf4C6sZ9BI4mkrWI4vFKI%2BzLBI2hp03Gm97Lk3v30E5r1V0axmmD%2FfDb%2BXpjcExiNR8WSTAYeeNwQl14ZbwPRx4x02fcayIMuFfXDGk0Go6YPw5U6ua79uZCwLZq3Pmtan8gA4zXMTRUET%2FF7M%2FoGw6bl5LejvHnMNsnU1CPFXJb%2F5XHR8Xqm27LK076P53mexaRalh4QP5olLyINgp8MMXQWGTIdoskGLnJiWxVxjmg8e977uuB2%2BsrPEZvk3ioLnj5p%2BM%2BsVvYCUCSowewXp5rMLQysI6qxOHEdsn13c2SaxhKetUa29rsX025QpNlGwwyQOZAaxJ3xIyUGv9ogqBRhvtjhXFNO473eS01GOkrzvt1L6fYQVU0j4CZL5vlcj4nqwy13mtykFZdzhaTGP5nkK8Fhu0EB70E9usCDN%2FsDM12RynST56WVNTKqA7fqg2k%2FlOunlcGfp0UuV3pdw0F%2BRPn8xEvlRuEiDtlfDUFJ9r5mnIz60hivpVaz7uPZvLd5hICXKacKlt1HsXdL%2BFd1LFJ7hbTc2WqLB3YIRt4mnifgaHArCoHr77WL525Or5ufCb%2BkoGxoBAlSQLqv2G0N2wYNkGyIdBolbvUkqyCqgpneKjzZVO0SjqfixdqmOK%2B8K3ZlS5AnRbukptU9tFvqSnlVLO4aK8ypxfnFRba0uxj%2BisH0zpA%2FbZTicrVbh442KZQEtArDnbA%3D%3D
--------------------
16:34:40.725 com.android.volley.l
->a(0094.java:1)
V
--------------------
16:34:40.725 com.android.volley.l
->a(0094.java:2)
81058250b7deb83d0
--------------------
16:34:40.726 com.android.volley.l
->a(0094.java:1)
R
--------------------
16:34:40.726 com.android.volley.l
->a(0094.java:2)
7
--------------------
16:34:40.978 com.cyjh.http.d.b.d
->a(0152.java:1)
{"Data":"RFU7bUw+4R0T+s01l1ogMp8yvmGCX7VlZA5sXHJdDia2b5pmpJ/WXFw6Pzw56VF0kSCQyp+lEp8bw8MyTr7sP/l+viDa3xeq2uDJbtiBBQmhM8tNE9cMnETa3DgcdivndY3OgJuKXZVh+W8+Uy33xNbYFfgi5fXn8y+XMj8VMOgvFxdnrnDq0d5efZqkPqAKvtD46GWBp15NCMJnN5/0/VfyBrCBkaiT6QRRNYWONe87Kine91weq2xxvj07SPHgYWoBiIcLwykqsHpGifl83LtuRLg6wyvzaht6bMcSTW1ysr0Rbtl4EDsqKd73XB6raNuvPgqyesOyKnWxPNy9jNYfxsp/XZ2hh709tl+instq2/6EiXuxGhAhKRChYxdXAZcp1j/mrW+CVpFtrYVDu0VLWVi3b58jXwKeQD+kUqs7Kine91weq3SWD6fDrvffVR94u2zT4DdB1o8JebQ3ROmDT1DZb54ByLIUsQlQbiKtbHjPjgqJ2dX15ZZ0n0Ieh112uifvCyxwthtlvfCPpCQqzAepVNHd6vBhcNDd2aPtOQI9P7cVwm0w2Q7IzjkqZA5sXHJdDiYgK7YB+NatPjDU003kjEpManjohk+vwU/kwZl6sFRlNaPBdtgfw3uoTh4NNg5w/p7x1G/FefjVk+IQR9976pWtOUPPk5sq8NQZfN7w73qirwh9QrUCfhLW9Gjb4JFVJsfiw43zGf7TxzlvotT53GwaSKcjP8wdhfPrGpviVC1ihjbE8Cx1wTHfgg8Py6oidg69yiiu6N98KE/M9AyUgEbwQEK932dxEoEu6t3KDxbIDHTmu2LwZispucyM0fjblnocSt31wgd4eXstgVYV9nNhy3lU5PCUrLtVh0hF/felzlkmQYj7wWA9lpeOuU8xK8mZTVapVAnfCkLrmmMrMVxQ61TVN8Kwu2Ea4UllP0KoBzUyAAEgA2a0OonVsx2EzlDIu+WGcw6z30CHfca4xZxe","R":6}
--------------------
16:34:40.980 com.cyjh.http.e.c
->a(0156.java:3)
b4af55a5
--------------------
16:34:40.985 com.cyjh.common.util.h
->b(00EA.java:4)
{"SignContent":"{\u0022Code\u0022:200,\u0022Message\u0022:\u0022请求成功！\u0022,\u0022Data\u0022:{\u0022UpdateType\u0022:0,\u0022AppName\u0022:null,\u0022UpdateContent\u0022:null,\u0022UpdateUrl\u0022:null,\u0022PackageName\u0022:null,\u0022PackageSize\u0022:0,\u0022AppUpdateTime\u0022:0,\u0022StudioProjectKey\u0022:null,\u0022DeviceName\u0022:\u0022Sony9a71140d\u0022,\u0022InstanceDataUploadInterval\u0022:0,\u0022UpgradeMode\u0022:0,\u0022AppVersion\u0022:0,\u0022ClientTimestamp\u0022:1712824480,\u0022ServerTimestamp\u0022:1712824482}}","Signature":"wo3LQAuT9qstzdFslSxPU5bsuwap29BXNTBdYT0LgIPl9kPyoytOTfhQdoqdwXGMwBTBm5RayD14+BuDFqXHUswdHL6v3E4GTp2d0Ok1h2FwMeXxWm+8MP++OF2rWRU/pUelZO7sy7I3W1VLRUDLnwReQw0bz6JcfxpECnCRx40="}       
--------------------
16:34:40.985 com.cyjh.http.e.c
->a(0156.java:4)
{"SignContent":"{\u0022Code\u0022:200,\u0022Message\u0022:\u0022请求成功！\u0022,\u0022Data\u0022:{\u0022UpdateType\u0022:0,\u0022AppName\u0022:null,\u0022UpdateContent\u0022:null,\u0022UpdateUrl\u0022:null,\u0022PackageName\u0022:null,\u0022PackageSize\u0022:0,\u0022AppUpdateTime\u0022:0,\u0022StudioProjectKey\u0022:null,\u0022DeviceName\u0022:\u0022Sony9a71140d\u0022,\u0022InstanceDataUploadInterval\u0022:0,\u0022UpgradeMode\u0022:0,\u0022AppVersion\u0022:0,\u0022ClientTimestamp\u0022:1712824480,\u0022ServerTimestamp\u0022:1712824482}}","Signature":"wo3LQAuT9qstzdFslSxPU5bsuwap29BXNTBdYT0LgIPl9kPyoytOTfhQdoqdwXGMwBTBm5RayD14+BuDFqXHUswdHL6v3E4GTp2d0Ok1h2FwMeXxWm+8MP++OF2rWRU/pUelZO7sy7I3W1VLRUDLnwReQw0bz6JcfxpECnCRx40="}
--------------------
16:34:40.986 com.cyjh.http.c.a.a
->a(014E.java:1)
{"SignContent":"{\u0022Code\u0022:200,\u0022Message\u0022:\u0022请求成功！\u0022,\u0022Data\u0022:{\u0022UpdateType\u0022:0,\u0022AppName\u0022:null,\u0022UpdateContent\u0022:null,\u0022UpdateUrl\u0022:null,\u0022PackageName\u0022:null,\u0022PackageSize\u0022:0,\u0022AppUpdateTime\u0022:0,\u0022StudioProjectKey\u0022:null,\u0022DeviceName\u0022:\u0022Sony9a71140d\u0022,\u0022InstanceDataUploadInterval\u0022:0,\u0022UpgradeMode\u0022:0,\u0022AppVersion\u0022:0,\u0022ClientTimestamp\u0022:1712824480,\u0022ServerTimestamp\u0022:1712824482}}","Signature":"wo3LQAuT9qstzdFslSxPU5bsuwap29BXNTBdYT0LgIPl9kPyoytOTfhQdoqdwXGMwBTBm5RayD14+BuDFqXHUswdHL6v3E4GTp2d0Ok1h2FwMeXxWm+8MP++OF2rWRU/pUelZO7sy7I3W1VLRUDLnwReQw0bz6JcfxpECnCRx40="}
--------------------
16:34:40.998 com.google.gson.stream.JsonReader
->nextString(01F0.java:6)
0
--------------------
16:34:41.001 com.cyjh.http.b.a
->b(014D.java:10)
6.1.1
--------------------
16:34:41.001 com.cyjh.common.util.e
->b(00E8.java:8)
1686949188
--------------------
16:34:41.001 com.cyjh.common.util.af
->b(00E5.java:1)
1686949188
--------------------
16:34:41.001 com.cyjh.common.util.af
->b(00E5.java:2)
1686949188
--------------------
16:34:41.002 com.cyjh.http.b.a
->b(014D.java:11)
1712804694
--------------------
16:34:41.002 com.cyjh.http.b.a
->b(014D.java:12)
COBC41DkB9vuJuuZA5T2+hSJXVrM5/DJs+cvCsW89UbcEuqeEcx8Zfdll5w5Ed04e/JnVcOeO4XHospe1u9wgu+IpdsPqHj6
--------------------
16:34:41.008 com.cyjh.http.b.a
->a(014D.java:4)
{"RegCode":"63ff40df981462bf","ScriptId":"7be025e0-0829-4b47-bff1-224ef491317d","AppId":238076,"AppInfo":"COBC41DkB9vuJuuZA5T2+hSJXVrM5/DJs+cvCsW89UbcEuqeEcx8Zfdll5w5Ed04e/JnVcOeO4XHospe1u9wgu+IpdsPqHj6","AppVersion":"1712804694","ClientTimestamp":1712824481,"DeviceCode":"53504273809530277ba80b7a4","DeviceId":"677b0ea9b8fcd0d3284a3d4692a13042","IsRedFinger":0,"TemplateFileId":559,"TemplateVersion":"6.1.1","V":"81058250b7deb83d0"}
--------------------
16:34:41.008 com.cyjh.http.e.c
->a(0156.java:1)
MIICdgIBADANBgkqhkiG9w0BAQEFAASCAmAwggJcAgEAAoGBAJU0ITFmX5JkBA2GRHUpd1p+3rigbzwWPKY/6Ir2XlNW3v5WlTBsnj+GX1ReqsUxCysCb13b/g03ctrP4q2FY4KM1ENaAyDTGFdGDqezSEpEVkIRqxwxfmKhbQgV/9aoWRpgScy2Cclas688VL8U80iTzhNkAN8CS3NJEnD5o3MXAgMBAAECgYAh0Je5P29nmR1GB2kaeJRhQSGvDEVJg+yo7REB9YY5MxYE5JCZUfSnhwex8maXnF7gl4Ov7Pzt9+Qi7Tx9gR6lDhjl4w0nxPg7dXwyWGooCkk/JXAs3N3Z8Jdve8mORQLT4IkHrvrt4cahG+U9PZORQ6yww0+uIzRcri32I8rPOQJBAM4ri71N7bczshAx/dJBMG3BP5KKM4c/HpBJo56a8a87yDGbSxrftHV9NSQzll5XNq9nlKcsadgOK1zG8K1DoE0CQQC5Q99FpnL28KaykTn1OBxu402zam49caGu1lkfHOIaK7KKSlRPk2kdDBi9GjpdoCy5S4OL2yMo/WQB91oBUHLzAkEAqr6dqFXVvZfurEL6txqOBRe6kp4qNqQrp8uU2lHwPvP/xDWcadFDHtpnHGgs7EzGWVYrYpgBwJFbkCaiRJxxMQJAbffortonQYcFG9dyVKlyzytjMs1JFHW/qB0Zl4s4dppbhxSpyPZSHWjRwmWwIWTzRyWYtspjq3AFDdm59i+/mwJAJpafiQO32OOG4/T49uPNyXvkyLF+dk8tKNaSGqC/RM44ZbiI7EqkMXtDUwGIxyTKbOK1pvcYHLg7B3dAL/CeTQ==
--------------------
16:34:41.013 com.cyjh.common.util.b
->a(00E7.java:1)
Nda1AivDXLAIgeSl3vFv495Sqr2yHb4FuoYi0WqXstcQ4R6unf4y3GIQDHa/3rpplm3mvgkSkwzLqEMFnKAkT+NDr7usXN8o2pC/IHwHWTVKV4UWQZQ9Jih113dM23JWpr56pFp9Qtidy06D2DcSNhAPMopuyiUHumULJ7yRvIk=
--------------------
16:34:41.013 com.cyjh.http.e.c
->a(0156.java:2)
Nda1AivDXLAIgeSl3vFv495Sqr2yHb4FuoYi0WqXstcQ4R6unf4y3GIQDHa/3rpplm3mvgkSkwzLqEMFnKAkT+NDr7usXN8o2pC/IHwHWTVKV4UWQZQ9Jih113dM23JWpr56pFp9Qtidy06D2DcSNhAPMopuyiUHumULJ7yRvIk=
--------------------
16:34:41.014 com.cyjh.http.b.a
->a(014D.java:5)
Nda1AivDXLAIgeSl3vFv495Sqr2yHb4FuoYi0WqXstcQ4R6unf4y3GIQDHa/3rpplm3mvgkSkwzLqEMFnKAkT+NDr7usXN8o2pC/IHwHWTVKV4UWQZQ9Jih113dM23JWpr56pFp9Qtidy06D2DcSNhAPMopuyiUHumULJ7yRvIk=
--------------------
16:34:41.015 com.cyjh.http.b.a
->a(014D.java:6)
{"SignContent":"{\"RegCode\":\"63ff40df981462bf\",\"ScriptId\":\"7be025e0-0829-4b47-bff1-224ef491317d\",\"AppId\":238076,\"AppInfo\":\"COBC41DkB9vuJuuZA5T2+hSJXVrM5/DJs+cvCsW89UbcEuqeEcx8Zfdll5w5Ed04e/JnVcOeO4XHospe1u9wgu+IpdsPqHj6\",\"AppVersion\":\"1712804694\",\"ClientTimestamp\":1712824481,\"DeviceCode\":\"53504273809530277ba80b7a4\",\"DeviceId\":\"677b0ea9b8fcd0d3284a3d4692a13042\",\"IsRedFinger\":0,\"TemplateFileId\":559,\"TemplateVersion\":\"6.1.1\",\"V\":\"81058250b7deb83d0\"}","Signature":"Nda1AivDXLAIgeSl3vFv495Sqr2yHb4FuoYi0WqXstcQ4R6unf4y3GIQDHa/3rpplm3mvgkSkwzLqEMFnKAkT+NDr7usXN8o2pC/IHwHWTVKV4UWQZQ9Jih113dM23JWpr56pFp9Qtidy06D2DcSNhAPMopuyiUHumULJ7yRvIk\u003d"}
--------------------
16:34:41.015 com.cyjh.http.b.a
->a(014D.java:7)
b4af55a5
--------------------
16:34:41.019 com.cyjh.common.util.h
->a(00EA.java:2)
RFU7bUw+4R0T+s01l1ogMr/VE3Z+kvO736wFrrTRy3m6gTz4zIOV8g+l2qHCsAP1ZPjv2nk2+odD+VlCGUsftHPuxl1mKrxbdIgA71eJefP4F2a5k650XIbTJJV3l0OMZm88JUrmD5e7zFDJXbSQV+a5vH94e4l1UFEOpddOyr6pXkpl9IO1H6bznElMOX8SahWWgkE+gJppQskO78dDAGmwwVfHTK0MoDTdvVUFfcyogHKIr/smjj34uRij+U5pSMJFugjuhn85sbDXQTf8TWHit8Xl9oZ1+67iI+eLFbViNfL6/vwNpntaq9XCXWhW4qzSdRTL+oB6ajQmCMZj9dPqizzZN54YPTUATpwxQtcIfUK1An4S1iT99Oh6w/1IihdPzH1o5RWn06gajZyQ/aAhiBsdRz13dQIQNMHIuLCtnvrets3bF7MVMh1RU7QliF2iWlXFLiP6QtpBv60iPm1Oyhc51t28jQHe3+24WctHuQ86N/MXlE3sgh9MFc9dgdoi/Yp4mrJlJohCkMlkvTdp/oO/EqwQgJhCa2zUA/Mg/fC1BHnOCMd6sYWgXUQIXPofYp70YYdlbGuoPweW2O5ac/GjnbiypUeiOYW9B1WQZUKV3AH6EhbdsMHkVNqoE7iPz9Cj/nC0xPWs/7o1NM2QKc8tUDWnG4xj6+6Udq9IiZz1ZnIlAue7F79I4DQ0xR5M2/4QnTdIxHVWMKpxKtikKtkcAspuGTxpxwqi+fPRSg07sVVdyH6k2Lm1uirebV+/OudfPh4mx+oWDnrR3cAebzjSnkunN7Ia9MLRYVLqrgseZgTFJzdYUQzXIQH0D/GwmndSXUI2Ab19fUgvNQZlQVN3zj5NhFAiXvXkXfyRvp6N3IoBOP5Dzig4p3S9CCFR8MzScrM1bQd3GPfFgA==
--------------------
16:34:41.019 com.cyjh.http.b.a
->a(014D.java:8)
RFU7bUw+4R0T+s01l1ogMr/VE3Z+kvO736wFrrTRy3m6gTz4zIOV8g+l2qHCsAP1ZPjv2nk2+odD+VlCGUsftHPuxl1mKrxbdIgA71eJefP4F2a5k650XIbTJJV3l0OMZm88JUrmD5e7zFDJXbSQV+a5vH94e4l1UFEOpddOyr6pXkpl9IO1H6bznElMOX8SahWWgkE+gJppQskO78dDAGmwwVfHTK0MoDTdvVUFfcyogHKIr/smjj34uRij+U5pSMJFugjuhn85sbDXQTf8TWHit8Xl9oZ1+67iI+eLFbViNfL6/vwNpntaq9XCXWhW4qzSdRTL+oB6ajQmCMZj9dPqizzZN54YPTUATpwxQtcIfUK1An4S1iT99Oh6w/1IihdPzH1o5RWn06gajZyQ/aAhiBsdRz13dQIQNMHIuLCtnvrets3bF7MVMh1RU7QliF2iWlXFLiP6QtpBv60iPm1Oyhc51t28jQHe3+24WctHuQ86N/MXlE3sgh9MFc9dgdoi/Yp4mrJlJohCkMlkvTdp/oO/EqwQgJhCa2zUA/Mg/fC1BHnOCMd6sYWgXUQIXPofYp70YYdlbGuoPweW2O5ac/GjnbiypUeiOYW9B1WQZUKV3AH6EhbdsMHkVNqoE7iPz9Cj/nC0xPWs/7o1NM2QKc8tUDWnG4xj6+6Udq9IiZz1ZnIlAue7F79I4DQ0xR5M2/4QnTdIxHVWMKpxKtikKtkcAspuGTxpxwqi+fPRSg07sVVdyH6k2Lm1uirebV+/OudfPh4mx+oWDnrR3cAebzjSnkunN7Ia9MLRYVLqrgseZgTFJzdYUQzXIQH0D/GwmndSXUI2Ab19fUgvNQZlQVN3zj5NhFAiXvXkXfyRvp6N3IoBOP5Dzig4p3S9CCFR8MzScrM1bQd3GPfFgA==
--------------------
16:34:41.019 com.cyjh.http.b.a
->a(014D.java:9)
6
--------------------
16:34:41.022 com.android.volley.l
->a(0094.java:1)
Data
--------------------
16:34:41.022 com.android.volley.l
->a(0094.java:2)
RFU7bUw%2B4R0T%2Bs01l1ogMr%2FVE3Z%2BkvO736wFrrTRy3m6gTz4zIOV8g%2Bl2qHCsAP1ZPjv2nk2%2BodD%2BVlCGUsftHPuxl1mKrxbdIgA71eJefP4F2a5k650XIbTJJV3l0OMZm88JUrmD5e7zFDJXbSQV%2Ba5vH94e4l1UFEOpddOyr6pXkpl9IO1H6bznElMOX8SahWWgkE%2BgJppQskO78dDAGmwwVfHTK0MoDTdvVUFfcyogHKIr%2Fsmjj34uRij%2BU5pSMJFugjuhn85sbDXQTf8TWHit8Xl9oZ1%2B67iI%2BeLFbViNfL6%2FvwNpntaq9XCXWhW4qzSdRTL%2BoB6ajQmCMZj9dPqizzZN54YPTUATpwxQtcIfUK1An4S1iT99Oh6w%2F1IihdPzH1o5RWn06gajZyQ%2FaAhiBsdRz13dQIQNMHIuLCtnvrets3bF7MVMh1RU7QliF2iWlXFLiP6QtpBv60iPm1Oyhc51t28jQHe3%2B24WctHuQ86N%2FMXlE3sgh9MFc9dgdoi%2FYp4mrJlJohCkMlkvTdp%2FoO%2FEqwQgJhCa2zUA%2FMg%2FfC1BHnOCMd6sYWgXUQIXPofYp70YYdlbGuoPweW2O5ac%2FGjnbiypUeiOYW9B1WQZUKV3AH6EhbdsMHkVNqoE7iPz9Cj%2FnC0xPWs%2F7o1NM2QKc8tUDWnG4xj6%2B6Udq9IiZz1ZnIlAue7F79I4DQ0xR5M2%2F4QnTdIxHVWMKpxKtikKtkcAspuGTxpxwqi%2BfPRSg07sVVdyH6k2Lm1uirebV%2B%2FOudfPh4mx%2BoWDnrR3cAebzjSnkunN7Ia9MLRYVLqrgseZgTFJzdYUQzXIQH0D%2FGwmndSXUI2Ab19fUgvNQZlQVN3zj5NhFAiXvXkXfyRvp6N3IoBOP5Dzig4p3S9CCFR8MzScrM1bQd3GPfFgA%3D%3D
--------------------
16:34:41.023 com.android.volley.l
->a(0094.java:1)
V
--------------------
16:34:41.023 com.android.volley.l
->a(0094.java:2)
81058250b7deb83d0
--------------------
16:34:41.023 com.android.volley.l
->a(0094.java:1)
R
--------------------
16:34:41.023 com.android.volley.l
->a(0094.java:2)
6
--------------------
16:34:41.178 com.cyjh.http.d.b.d
->a(0152.java:1)
{"Data":"4Zh2wr+dxi34v8jyY7q3RK9UsJ3i5BCf6IvHqU+myzKrLMqcii9Pou1T52A+fBosGPLCNYSZLRGbrxftoeOJahNSKwHzm10VFnoxRLk6GkucfKExuDpnV9p9ump6QVwUUs+32hOlDlbPl1j0JRxsJOg3qxw2WWgC7da2EfGFRfYJzjlYClzIsjIspomD5Dqx/3YoPk66IIXc+VavQmyUaaCk3ezHDM5o9hWIWQ2PbkoFBcW+09Ag+22olGXH20C3yXDNQfLnROu6aQd9kKE7NmIu0642xYQ9Y6mhkgCI8UbbdHc/7qE4TTSoU4vExQDDAtymjGSac4Ory5kHglm22bqD2dofZ0I1iJNR/KxJL25I5C+mWV2B5MubLeduYuS1nHyhMbg6Z1cLdAhgcjXbwFwxDjJReyJwOzh6TmgbLwQVPy2MpPEQIRfl9X/jqj13hTSqOFDehBCf2jBAjZ+oVRNn7GFhjMdAQ7hJIx1UmlvHB0aoFp4ISd7+iJBWOPkA52MWTnLbKlnxUpdz3Z4MbkzYtWhAY7Vh0Y20s1YEVHQUe2PFEeYSpKVNm8D3Lbv5f5WL8KmMSGcvJDy8Ake9iKrnWBpoXopQJHpqt9q31jrapAJJtIrs2zPl6b1XfKR+gl2Ay417u+7iMO+KnRHGvakETjc6Tr4LXFSzhg5hBtdTI/Rh/8/fISNw9NJ8vRDmE5tM9MLuVarU+DMe1iTaLrWgrpzVskyU6oLOrJ28o+l1+mISINS/fA==","R":5}
--------------------
16:34:41.180 com.cyjh.http.e.c
->a(0156.java:3)
242678c5
--------------------
16:34:41.185 com.cyjh.common.util.h
->b(00EA.java:4)
{"SignContent":"{\u0022Code\u0022:200,\u0022Message\u0022:\u0022请求成功！\u0022,\u0022Data\u0022:{\u0022ExpireTime\u0022:1713180919,\u0022DailyTryTimes\u0022:1,\u0022OnceTryMinute\u0022:10,\u0022RunGuid\u0022:null,\u0022ScriptEncryptKey\u0022:\u0022ab61f1113c13458bbb57f9601ddd10c4\u0022,\u0022ClientTimestamp\u0022:1712824481,\u0022ServerTimestamp\u0022:1712824482}}","Signature":"DzIwiGCOW5kGW0mTJZFccKkhQuFqgcYs2/OnRUWUsHGjQJM+Pinzle2VAlT56EjF6b6d7DTFtxTZYLRfCCxDoxbr1WGtRfgaoT0BpMHATR1qfOygLUNFpnj7IniXhP3QJdLHVcD4HDuMUTqvSy+M7ZptJgkf6WukmbHzLhmhRoU="}      
--------------------
16:34:41.185 com.cyjh.http.e.c
->a(0156.java:4)
{"SignContent":"{\u0022Code\u0022:200,\u0022Message\u0022:\u0022请求成功！\u0022,\u0022Data\u0022:{\u0022ExpireTime\u0022:1713180919,\u0022DailyTryTimes\u0022:1,\u0022OnceTryMinute\u0022:10,\u0022RunGuid\u0022:null,\u0022ScriptEncryptKey\u0022:\u0022ab61f1113c13458bbb57f9601ddd10c4\u0022,\u0022ClientTimestamp\u0022:1712824481,\u0022ServerTimestamp\u0022:1712824482}}","Signature":"DzIwiGCOW5kGW0mTJZFccKkhQuFqgcYs2/OnRUWUsHGjQJM+Pinzle2VAlT56EjF6b6d7DTFtxTZYLRfCCxDoxbr1WGtRfgaoT0BpMHATR1qfOygLUNFpnj7IniXhP3QJdLHVcD4HDuMUTqvSy+M7ZptJgkf6WukmbHzLhmhRoU="}
--------------------
16:34:41.185 com.cyjh.http.c.a.a
->a(014E.java:1)
{"SignContent":"{\u0022Code\u0022:200,\u0022Message\u0022:\u0022请求成功！\u0022,\u0022Data\u0022:{\u0022ExpireTime\u0022:1713180919,\u0022DailyTryTimes\u0022:1,\u0022OnceTryMinute\u0022:10,\u0022RunGuid\u0022:null,\u0022ScriptEncryptKey\u0022:\u0022ab61f1113c13458bbb57f9601ddd10c4\u0022,\u0022ClientTimestamp\u0022:1712824481,\u0022ServerTimestamp\u0022:1712824482}}","Signature":"DzIwiGCOW5kGW0mTJZFccKkhQuFqgcYs2/OnRUWUsHGjQJM+Pinzle2VAlT56EjF6b6d7DTFtxTZYLRfCCxDoxbr1WGtRfgaoT0BpMHATR1qfOygLUNFpnj7IniXhP3QJdLHVcD4HDuMUTqvSy+M7ZptJgkf6WukmbHzLhmhRoU="}
--------------------
16:34:41.195 com.google.gson.stream.JsonReader
->nextString(01F0.java:6)
1713180919
--------------------
16:34:41.198 com.google.gson.stream.JsonReader
->nextString(01F0.java:6)
1713180919
--------------------
16:34:41.244 com.cyjh.common.util.l
->a(00ED.java:1)
你还可以使用4天3小时0分钟
--------------------
16:34:41.244 com.cyjh.elfin.floatingwindowprocess.d.b$2
->b(011E.java:1)
你还可以使用4天3小时0分钟
--------------------
16:34:41.247 com.cyjh.http.b.a
->b(014D.java:10)
6.1.1
--------------------
16:34:41.248 com.cyjh.common.util.e
->b(00E8.java:8)
1686949188
--------------------
16:34:41.248 com.cyjh.common.util.af
->b(00E5.java:1)
1686949188
--------------------
16:34:41.248 com.cyjh.common.util.af
->b(00E5.java:2)
1686949188
--------------------
16:34:41.249 com.cyjh.http.b.a
->b(014D.java:11)
1712804694
--------------------
16:34:41.249 com.cyjh.http.b.a
->b(014D.java:12)
COBC41DkB9vuJuuZA5T2+hSJXVrM5/DJs+cvCsW89UbcEuqeEcx8Zfdll5w5Ed04e/JnVcOeO4XHospe1u9wgu+IpdsPqHj6
--------------------
16:34:41.254 com.cyjh.http.b.a
->a(014D.java:4)
{"RegCode":"63ff40df981462bf","ScriptId":"7be025e0-0829-4b47-bff1-224ef491317d","AppId":238076,"AppInfo":"COBC41DkB9vuJuuZA5T2+hSJXVrM5/DJs+cvCsW89UbcEuqeEcx8Zfdll5w5Ed04e/JnVcOeO4XHospe1u9wgu+IpdsPqHj6","AppVersion":"1712804694","ClientTimestamp":1712824481,"DeviceCode":"53504273809530277ba80b7a4","DeviceId":"677b0ea9b8fcd0d3284a3d4692a13042","IsRedFinger":0,"TemplateFileId":559,"TemplateVersion":"6.1.1","V":"81058250b7deb83d0"}
--------------------
16:34:41.254 com.cyjh.http.e.c
->a(0156.java:1)
MIICdgIBADANBgkqhkiG9w0BAQEFAASCAmAwggJcAgEAAoGBAJU0ITFmX5JkBA2GRHUpd1p+3rigbzwWPKY/6Ir2XlNW3v5WlTBsnj+GX1ReqsUxCysCb13b/g03ctrP4q2FY4KM1ENaAyDTGFdGDqezSEpEVkIRqxwxfmKhbQgV/9aoWRpgScy2Cclas688VL8U80iTzhNkAN8CS3NJEnD5o3MXAgMBAAECgYAh0Je5P29nmR1GB2kaeJRhQSGvDEVJg+yo7REB9YY5MxYE5JCZUfSnhwex8maXnF7gl4Ov7Pzt9+Qi7Tx9gR6lDhjl4w0nxPg7dXwyWGooCkk/JXAs3N3Z8Jdve8mORQLT4IkHrvrt4cahG+U9PZORQ6yww0+uIzRcri32I8rPOQJBAM4ri71N7bczshAx/dJBMG3BP5KKM4c/HpBJo56a8a87yDGbSxrftHV9NSQzll5XNq9nlKcsadgOK1zG8K1DoE0CQQC5Q99FpnL28KaykTn1OBxu402zam49caGu1lkfHOIaK7KKSlRPk2kdDBi9GjpdoCy5S4OL2yMo/WQB91oBUHLzAkEAqr6dqFXVvZfurEL6txqOBRe6kp4qNqQrp8uU2lHwPvP/xDWcadFDHtpnHGgs7EzGWVYrYpgBwJFbkCaiRJxxMQJAbffortonQYcFG9dyVKlyzytjMs1JFHW/qB0Zl4s4dppbhxSpyPZSHWjRwmWwIWTzRyWYtspjq3AFDdm59i+/mwJAJpafiQO32OOG4/T49uPNyXvkyLF+dk8tKNaSGqC/RM44ZbiI7EqkMXtDUwGIxyTKbOK1pvcYHLg7B3dAL/CeTQ==
--------------------
16:34:41.259 com.cyjh.common.util.b
->a(00E7.java:1)
Nda1AivDXLAIgeSl3vFv495Sqr2yHb4FuoYi0WqXstcQ4R6unf4y3GIQDHa/3rpplm3mvgkSkwzLqEMFnKAkT+NDr7usXN8o2pC/IHwHWTVKV4UWQZQ9Jih113dM23JWpr56pFp9Qtidy06D2DcSNhAPMopuyiUHumULJ7yRvIk=
--------------------
16:34:41.259 com.cyjh.http.e.c
->a(0156.java:2)
Nda1AivDXLAIgeSl3vFv495Sqr2yHb4FuoYi0WqXstcQ4R6unf4y3GIQDHa/3rpplm3mvgkSkwzLqEMFnKAkT+NDr7usXN8o2pC/IHwHWTVKV4UWQZQ9Jih113dM23JWpr56pFp9Qtidy06D2DcSNhAPMopuyiUHumULJ7yRvIk=
--------------------
16:34:41.260 com.cyjh.http.b.a
->a(014D.java:5)
Nda1AivDXLAIgeSl3vFv495Sqr2yHb4FuoYi0WqXstcQ4R6unf4y3GIQDHa/3rpplm3mvgkSkwzLqEMFnKAkT+NDr7usXN8o2pC/IHwHWTVKV4UWQZQ9Jih113dM23JWpr56pFp9Qtidy06D2DcSNhAPMopuyiUHumULJ7yRvIk=
--------------------
16:34:41.261 com.cyjh.http.b.a
->a(014D.java:6)
{"SignContent":"{\"RegCode\":\"63ff40df981462bf\",\"ScriptId\":\"7be025e0-0829-4b47-bff1-224ef491317d\",\"AppId\":238076,\"AppInfo\":\"COBC41DkB9vuJuuZA5T2+hSJXVrM5/DJs+cvCsW89UbcEuqeEcx8Zfdll5w5Ed04e/JnVcOeO4XHospe1u9wgu+IpdsPqHj6\",\"AppVersion\":\"1712804694\",\"ClientTimestamp\":1712824481,\"DeviceCode\":\"53504273809530277ba80b7a4\",\"DeviceId\":\"677b0ea9b8fcd0d3284a3d4692a13042\",\"IsRedFinger\":0,\"TemplateFileId\":559,\"TemplateVersion\":\"6.1.1\",\"V\":\"81058250b7deb83d0\"}","Signature":"Nda1AivDXLAIgeSl3vFv495Sqr2yHb4FuoYi0WqXstcQ4R6unf4y3GIQDHa/3rpplm3mvgkSkwzLqEMFnKAkT+NDr7usXN8o2pC/IHwHWTVKV4UWQZQ9Jih113dM23JWpr56pFp9Qtidy06D2DcSNhAPMopuyiUHumULJ7yRvIk\u003d"}
--------------------
16:34:41.261 com.cyjh.http.b.a
->a(014D.java:7)
caf7a1f0
--------------------
16:34:41.264 com.cyjh.common.util.h
->a(00EA.java:2)
eIL54+jztJw352qwx7mBJDlRhkayQKdhMjEUxRP1C1pwxeLAZPpJAz18drhZogAmYDop4OSIeR5wq/NUAmbhdVB6aAYoZmENQTo/mrBmITTUSpXpnM7cz+PKxrBuKtFxJiR5cWFGyACy12ZrgdbtmYLFqeBxY0TnwgACq6PvYlNX+aiGDiFAVZQczstRUTInmMEG3glVno5bx0XINZ8taEuwr+/QmGcpLUl4wquCMcttIXRzZ1saA4bVZr1r8UwenzAQxfj1akvKkcpugUz+P6ednx90M/nCkkGYq6JM7YErh883B9PsNAqNXOMUR6SBfSwFL5a5RJRQVmP8DawKu6puxoWRPzBvLYpuGqGD5F+7dU68utraJIPTY8NpxfJdK2A0fWvqfOK7LDCnUV5OP9CVRHpAMJyyUF9PfYo7Tg5fbaLntkeBnz+6vdXdiqEk6ks3Dxob3Y3aHpBS24CsP9haBWSZ5zXbbP6GIzeW/PC2oKyRtM3Y5/EXkKt2GCCTsNqOBYpewrOVUNwYeQ2piLKsXP/C5zMMZW7e5zSiMoyqaM1JYAb/onpPhMAx2WSji7Eiw2IrbkeJutX0NMPPVH+GCf4+pNGJ58mZhFpi7AaE0I0kxkydN3/qMmyMjQKY8fYBy5mnMg5WrYgGH2yxrWdtiDjOJFwPpRhwNy7zOQmblk6vEnvKx64WDIMT9jDS7VG4oAqYjQLBrTXE9U4HQf/ZAeLSSeTb7MLYxhsttF/nPmkdQCtmnXccO37mGSxRI/I7wMcPbdBrA5f+A84bPzJo5m/2MRvmi5aHK04AcOMdJjOhpU8PYI3vgitawylVsCIWuciEd7aB45PYs8fnqqfdGSnXVANQEYDScyO7VweeI9Otx637eba8PtU2LaBtsfaEWsVYgDevDoDMxKUTfg==
--------------------
16:34:41.264 com.cyjh.http.b.a
->a(014D.java:8)
eIL54+jztJw352qwx7mBJDlRhkayQKdhMjEUxRP1C1pwxeLAZPpJAz18drhZogAmYDop4OSIeR5wq/NUAmbhdVB6aAYoZmENQTo/mrBmITTUSpXpnM7cz+PKxrBuKtFxJiR5cWFGyACy12ZrgdbtmYLFqeBxY0TnwgACq6PvYlNX+aiGDiFAVZQczstRUTInmMEG3glVno5bx0XINZ8taEuwr+/QmGcpLUl4wquCMcttIXRzZ1saA4bVZr1r8UwenzAQxfj1akvKkcpugUz+P6ednx90M/nCkkGYq6JM7YErh883B9PsNAqNXOMUR6SBfSwFL5a5RJRQVmP8DawKu6puxoWRPzBvLYpuGqGD5F+7dU68utraJIPTY8NpxfJdK2A0fWvqfOK7LDCnUV5OP9CVRHpAMJyyUF9PfYo7Tg5fbaLntkeBnz+6vdXdiqEk6ks3Dxob3Y3aHpBS24CsP9haBWSZ5zXbbP6GIzeW/PC2oKyRtM3Y5/EXkKt2GCCTsNqOBYpewrOVUNwYeQ2piLKsXP/C5zMMZW7e5zSiMoyqaM1JYAb/onpPhMAx2WSji7Eiw2IrbkeJutX0NMPPVH+GCf4+pNGJ58mZhFpi7AaE0I0kxkydN3/qMmyMjQKY8fYBy5mnMg5WrYgGH2yxrWdtiDjOJFwPpRhwNy7zOQmblk6vEnvKx64WDIMT9jDS7VG4oAqYjQLBrTXE9U4HQf/ZAeLSSeTb7MLYxhsttF/nPmkdQCtmnXccO37mGSxRI/I7wMcPbdBrA5f+A84bPzJo5m/2MRvmi5aHK04AcOMdJjOhpU8PYI3vgitawylVsCIWuciEd7aB45PYs8fnqqfdGSnXVANQEYDScyO7VweeI9Otx637eba8PtU2LaBtsfaEWsVYgDevDoDMxKUTfg==
--------------------
16:34:41.265 com.cyjh.http.b.a
->a(014D.java:9)
1
--------------------
16:34:41.268 com.android.volley.l
->a(0094.java:1)
Data
--------------------
16:34:41.268 com.android.volley.l
->a(0094.java:2)
eIL54%2BjztJw352qwx7mBJDlRhkayQKdhMjEUxRP1C1pwxeLAZPpJAz18drhZogAmYDop4OSIeR5wq%2FNUAmbhdVB6aAYoZmENQTo%2FmrBmITTUSpXpnM7cz%2BPKxrBuKtFxJiR5cWFGyACy12ZrgdbtmYLFqeBxY0TnwgACq6PvYlNX%2BaiGDiFAVZQczstRUTInmMEG3glVno5bx0XINZ8taEuwr%2B%2FQmGcpLUl4wquCMcttIXRzZ1saA4bVZr1r8UwenzAQxfj1akvKkcpugUz%2BP6ednx90M%2FnCkkGYq6JM7YErh883B9PsNAqNXOMUR6SBfSwFL5a5RJRQVmP8DawKu6puxoWRPzBvLYpuGqGD5F%2B7dU68utraJIPTY8NpxfJdK2A0fWvqfOK7LDCnUV5OP9CVRHpAMJyyUF9PfYo7Tg5fbaLntkeBnz%2B6vdXdiqEk6ks3Dxob3Y3aHpBS24CsP9haBWSZ5zXbbP6GIzeW%2FPC2oKyRtM3Y5%2FEXkKt2GCCTsNqOBYpewrOVUNwYeQ2piLKsXP%2FC5zMMZW7e5zSiMoyqaM1JYAb%2FonpPhMAx2WSji7Eiw2IrbkeJutX0NMPPVH%2BGCf4%2BpNGJ58mZhFpi7AaE0I0kxkydN3%2FqMmyMjQKY8fYBy5mnMg5WrYgGH2yxrWdtiDjOJFwPpRhwNy7zOQmblk6vEnvKx64WDIMT9jDS7VG4oAqYjQLBrTXE9U4HQf%2FZAeLSSeTb7MLYxhsttF%2FnPmkdQCtmnXccO37mGSxRI%2FI7wMcPbdBrA5f%2BA84bPzJo5m%2F2MRvmi5aHK04AcOMdJjOhpU8PYI3vgitawylVsCIWuciEd7aB45PYs8fnqqfdGSnXVANQEYDScyO7VweeI9Otx637eba8PtU2LaBtsfaEWsVYgDevDoDMxKUTfg%3D%3D
--------------------
16:34:41.269 com.android.volley.l
->a(0094.java:1)
V
--------------------
16:34:41.269 com.android.volley.l
->a(0094.java:2)
81058250b7deb83d0
--------------------
16:34:41.269 com.android.volley.l
->a(0094.java:1)
R
--------------------
16:34:41.269 com.android.volley.l
->a(0094.java:2)
1
--------------------
16:34:41.276 net.grandcentrix.tray.core.TrayException
-><init>(0300.java:1)
Value for Key <com.cyjh.elfin.ui.activity.SettingActivity.swtVibration> not found
--------------------
16:34:41.372 com.cyjh.http.d.b.d
->a(0152.java:1)
{"Data":"aKapxn+4dIiTFGHxhfUOD2+YjO4hY8ne9iyzOAu736g0rfWHLc89SIWhZklJ0HvRARGouZpL0myNuzqlCamkFOP68X/BvYhs31qCm+0ftdo1DKXoTI7v+K9qkoAFH3wmVLlvnvYdpWDca3lcSxkpT8NqBPZxIO+ScNKlAH2v2SRD2HJYjRlDO+AmudfjhBLoq23fY3GB1K9f6S8LEfKiYKRlixSnmw+rDwD6hC6n0alOTEw/ncbh+ZggEv/wRhd39Q6nmrCkkFjkG3+Y+SEBUEo8OpdYnt9agn4jL9XnQiW4jWD3XmkHZGbhq5y9m010aqZGImvvzqYa9ExkkmuTI0v0+u22pE34mpOyIzz79xd+ca0HaXz9+acnJb6DuxTKzlRj7FTwJ+A1DKXoTI7v+FSnJHF5C7M3sNViNdrVVoYnP1kvQin5yfh552VX6p5tFXa76aJl9X4lPTKOroDWbZ+Q+e7uw0TVRtg/B0XYdwAr6gbQHAZVNEbdzz8r2s3OLj8ZFER/SZtnzAvsMY7kgv4NUzHZcMkxcFfGHk/UbHXEcZNHNTymRBS6X5e5LItegoMjs52KtpvM6rrOoHos8k0I6pjnwO0ptn/s4iJLUdDOZtEF+qbNeyR0ut8+k/gX11Fizo0VbqYB7nhZOSVJjVVugGrulo3RMj7o3262CacV36R2rQ5bIz7o6Yn3R5pGz/mmQOr0LiAcFVz6jWQCpGBRixyK3NUGad7bOAgs4cDhWzk+LpJf8ijnHJL7ut/L","R":3}
--------------------
16:34:41.373 com.cyjh.http.e.c
->a(0156.java:3)
a1988775
--------------------
16:34:41.375 com.cyjh.common.util.h
->b(00EA.java:4)
{"SignContent":"{\u0022Code\u0022:200,\u0022Message\u0022:\u0022请求成功！\u0022,\u0022Data\u0022:{\u0022ExpireTime\u0022:1713180919,\u0022DailyTryTimes\u0022:1,\u0022OnceTryMinute\u0022:10,\u0022RunGuid\u0022:\u00221c06463bd65f4db6abc64a8d1b9f081f\u0022,\u0022ScriptEncryptKey\u0022:\u0022\u0022,\u0022ClientTimestamp\u0022:1712824481,\u0022ServerTimestamp\u0022:1712824482}}","Signature":"JOC64wPFCUVOuPS0aCSnkyycmAs4JSNO4kvaZxG13acR7XWibEoHa5nJGmOvkOqlW8tc0d2SdT1dVgXf4TP6QqE7PqhaFBb114Uj3VB5FXQ2JVIg6naagombGC1sKW8IfsJWICdgpoGgOIk7umn+kNbNopaUyTunlDnzE8UBvcE="}      
--------------------
16:34:41.375 com.cyjh.http.e.c
->a(0156.java:4)
{"SignContent":"{\u0022Code\u0022:200,\u0022Message\u0022:\u0022请求成功！\u0022,\u0022Data\u0022:{\u0022ExpireTime\u0022:1713180919,\u0022DailyTryTimes\u0022:1,\u0022OnceTryMinute\u0022:10,\u0022RunGuid\u0022:\u00221c06463bd65f4db6abc64a8d1b9f081f\u0022,\u0022ScriptEncryptKey\u0022:\u0022\u0022,\u0022ClientTimestamp\u0022:1712824481,\u0022ServerTimestamp\u0022:1712824482}}","Signature":"JOC64wPFCUVOuPS0aCSnkyycmAs4JSNO4kvaZxG13acR7XWibEoHa5nJGmOvkOqlW8tc0d2SdT1dVgXf4TP6QqE7PqhaFBb114Uj3VB5FXQ2JVIg6naagombGC1sKW8IfsJWICdgpoGgOIk7umn+kNbNopaUyTunlDnzE8UBvcE="}
--------------------
16:34:41.375 com.cyjh.http.c.a.a
->a(014E.java:1)
{"SignContent":"{\u0022Code\u0022:200,\u0022Message\u0022:\u0022请求成功！\u0022,\u0022Data\u0022:{\u0022ExpireTime\u0022:1713180919,\u0022DailyTryTimes\u0022:1,\u0022OnceTryMinute\u0022:10,\u0022RunGuid\u0022:\u00221c06463bd65f4db6abc64a8d1b9f081f\u0022,\u0022ScriptEncryptKey\u0022:\u0022\u0022,\u0022ClientTimestamp\u0022:1712824481,\u0022ServerTimestamp\u0022:1712824482}}","Signature":"JOC64wPFCUVOuPS0aCSnkyycmAs4JSNO4kvaZxG13acR7XWibEoHa5nJGmOvkOqlW8tc0d2SdT1dVgXf4TP6QqE7PqhaFBb114Uj3VB5FXQ2JVIg6naagombGC1sKW8IfsJWICdgpoGgOIk7umn+kNbNopaUyTunlDnzE8UBvcE="}
--------------------
16:34:41.411 com.google.gson.stream.JsonReader
->nextString(01F0.java:6)
1713180919
--------------------
16:34:41.415 com.google.gson.stream.JsonReader
->nextString(01F0.java:6)
1713180919
--------------------
16:34:43.795 com.google.protobuf.LiteralByteString
->toString(01F8.java:1)
当前分辨率：720*1280
支持分辨率
当前脚本版本2.76
问题反馈Q群:704563173
--------------------
16:34:44.823 com.google.protobuf.LiteralByteString
->toString(01F8.java:1)

--------------------
16:34:44.841 com.cyjh.http.b.a
->b(014D.java:10)
6.1.1
--------------------
16:34:44.842 com.cyjh.common.util.e
->b(00E8.java:8)
1686949188
--------------------
16:34:44.842 com.cyjh.common.util.af
->b(00E5.java:1)
1686949188
--------------------
16:34:44.842 com.cyjh.common.util.af
->b(00E5.java:2)
1686949188
--------------------
16:34:44.842 com.cyjh.http.b.a
->b(014D.java:11)
1712804694
--------------------
16:34:44.843 com.cyjh.http.b.a
->b(014D.java:12)
COBC41DkB9vuJuuZA5T2+hSJXVrM5/DJs+cvCsW89UbcEuqeEcx8Zfdll5w5Ed04e/JnVcOeO4XHospe1u9wgu+IpdsPqHj6
--------------------
16:34:44.847 com.cyjh.http.b.a
->a(014D.java:4)
{"RunGuid":"1c06463bd65f4db6abc64a8d1b9f081f","AppId":238076,"AppInfo":"COBC41DkB9vuJuuZA5T2+hSJXVrM5/DJs+cvCsW89UbcEuqeEcx8Zfdll5w5Ed04e/JnVcOeO4XHospe1u9wgu+IpdsPqHj6","AppVersion":"1712804694","ClientTimestamp":1712824484,"DeviceCode":"53504273809530277ba80b7a4","DeviceId":"677b0ea9b8fcd0d3284a3d4692a13042","IsRedFinger":0,"TemplateFileId":559,"TemplateVersion":"6.1.1","V":"81058250b7deb83d0"}
--------------------
16:34:44.847 com.cyjh.http.e.c
->a(0156.java:1)
MIICdgIBADANBgkqhkiG9w0BAQEFAASCAmAwggJcAgEAAoGBAJU0ITFmX5JkBA2GRHUpd1p+3rigbzwWPKY/6Ir2XlNW3v5WlTBsnj+GX1ReqsUxCysCb13b/g03ctrP4q2FY4KM1ENaAyDTGFdGDqezSEpEVkIRqxwxfmKhbQgV/9aoWRpgScy2Cclas688VL8U80iTzhNkAN8CS3NJEnD5o3MXAgMBAAECgYAh0Je5P29nmR1GB2kaeJRhQSGvDEVJg+yo7REB9YY5MxYE5JCZUfSnhwex8maXnF7gl4Ov7Pzt9+Qi7Tx9gR6lDhjl4w0nxPg7dXwyWGooCkk/JXAs3N3Z8Jdve8mORQLT4IkHrvrt4cahG+U9PZORQ6yww0+uIzRcri32I8rPOQJBAM4ri71N7bczshAx/dJBMG3BP5KKM4c/HpBJo56a8a87yDGbSxrftHV9NSQzll5XNq9nlKcsadgOK1zG8K1DoE0CQQC5Q99FpnL28KaykTn1OBxu402zam49caGu1lkfHOIaK7KKSlRPk2kdDBi9GjpdoCy5S4OL2yMo/WQB91oBUHLzAkEAqr6dqFXVvZfurEL6txqOBRe6kp4qNqQrp8uU2lHwPvP/xDWcadFDHtpnHGgs7EzGWVYrYpgBwJFbkCaiRJxxMQJAbffortonQYcFG9dyVKlyzytjMs1JFHW/qB0Zl4s4dppbhxSpyPZSHWjRwmWwIWTzRyWYtspjq3AFDdm59i+/mwJAJpafiQO32OOG4/T49uPNyXvkyLF+dk8tKNaSGqC/RM44ZbiI7EqkMXtDUwGIxyTKbOK1pvcYHLg7B3dAL/CeTQ==
--------------------
16:34:44.851 com.cyjh.common.util.b
->a(00E7.java:1)
dubBXjAyUgs4mOD37fKfOifonFJumVua8DAprZ1prOtVgduGXT9ghjk07QXNFsNK4vHgYs8dpPMXdPnec0TaVF2HreDHAaNF+Qm3C368jDGHaKWruuvib2hfKwO+9D8PyMXnUEp7Nw378dKEkfOiCwS+d7dWpiLIZYUF4CH2b3k=
--------------------
16:34:44.851 com.cyjh.http.e.c
->a(0156.java:2)
dubBXjAyUgs4mOD37fKfOifonFJumVua8DAprZ1prOtVgduGXT9ghjk07QXNFsNK4vHgYs8dpPMXdPnec0TaVF2HreDHAaNF+Qm3C368jDGHaKWruuvib2hfKwO+9D8PyMXnUEp7Nw378dKEkfOiCwS+d7dWpiLIZYUF4CH2b3k=
--------------------
16:34:44.852 com.cyjh.http.b.a
->a(014D.java:5)
dubBXjAyUgs4mOD37fKfOifonFJumVua8DAprZ1prOtVgduGXT9ghjk07QXNFsNK4vHgYs8dpPMXdPnec0TaVF2HreDHAaNF+Qm3C368jDGHaKWruuvib2hfKwO+9D8PyMXnUEp7Nw378dKEkfOiCwS+d7dWpiLIZYUF4CH2b3k=
--------------------
16:34:44.853 com.cyjh.http.b.a
->a(014D.java:6)
{"SignContent":"{\"RunGuid\":\"1c06463bd65f4db6abc64a8d1b9f081f\",\"AppId\":238076,\"AppInfo\":\"COBC41DkB9vuJuuZA5T2+hSJXVrM5/DJs+cvCsW89UbcEuqeEcx8Zfdll5w5Ed04e/JnVcOeO4XHospe1u9wgu+IpdsPqHj6\",\"AppVersion\":\"1712804694\",\"ClientTimestamp\":1712824484,\"DeviceCode\":\"53504273809530277ba80b7a4\",\"DeviceId\":\"677b0ea9b8fcd0d3284a3d4692a13042\",\"IsRedFinger\":0,\"TemplateFileId\":559,\"TemplateVersion\":\"6.1.1\",\"V\":\"81058250b7deb83d0\"}","Signature":"dubBXjAyUgs4mOD37fKfOifonFJumVua8DAprZ1prOtVgduGXT9ghjk07QXNFsNK4vHgYs8dpPMXdPnec0TaVF2HreDHAaNF+Qm3C368jDGHaKWruuvib2hfKwO+9D8PyMXnUEp7Nw378dKEkfOiCwS+d7dWpiLIZYUF4CH2b3k\u003d"}
--------------------
16:34:44.853 com.cyjh.http.b.a
->a(014D.java:7)
b4af55a5
--------------------
16:34:44.854 com.cyjh.common.util.h
->a(00EA.java:2)
RFU7bUw+4R0T+s01l1ogMgQOcOVuAijHEwVqfGgZ25XUG0zv04K9fur70mxcCpNR1D2anmVDeSAUpmzIwTQ7xQer7g/zm5k5ib5MBUiGGPDTnCEjbhOfVSAI2nSN+vyscvkyobeC/fkVW52rXlNVnHBxk2j4FDDfaD/UVRKxq9KmJi1rDuFq1AFz6HsSXspUgngjhFXPLvp6Iy2WH8K2DsYckKXAH2FP3c4k3UWmqEbIT478gkvd4OCXzfte5bxiRuHwYQwVzDA3A1xKQDvcrjTAP7/+4o+T/6dX5R0ISxhlFgj03fCwCd6l1aptIOkj/tXUSr7ObwUUh750XnXViy2ozRv1mHMNhfJF1bwf2VC9wZoA/YptB2BdtM381NNMbrWXNZnIDOfrbhqspsRKEUUM/esaveQUB3crM80BQa4d3gxfqk4LrLOI3kKMUfz1GInPHn10MYqCbPnOPBEmqSRqfbhm00cUKd7EuuPi2gCet5KwgZHskhZ5Gx8jWl/KHS4Z6S64VRi7Dp9QRk7MI1BgbRjdcsP54GE8z4AdPACqQ1Aw65ymcKXGB9kSFVEiN1NmQU355oKn+4wLBeoYHklHYxCZgSHDIqzaAFtX9W0cjQYwGcYOajyZVEidh4x+/aApBM42VvPQ2TmDoTOqqbNbv43OzXuzGsIjR8TvzxKR7Z8BgudKfxxFD7A3AxnVSFGlUYCqaS1hCzZ4XfdZ/4nB6HW2yL2zfRp4ipZDserIaDGJOXmBwm0bHxrxqKjwaeU721iMkXOoJj2K5xsptDK69HhMftMKlYj5xP8cKsKzb/Dhxqg8MexF2szhCr1KUoSO0uuToUiqkY9NZSpeY0Dn9Ijzak+w
--------------------
16:34:44.854 com.cyjh.http.b.a
->a(014D.java:8)
RFU7bUw+4R0T+s01l1ogMgQOcOVuAijHEwVqfGgZ25XUG0zv04K9fur70mxcCpNR1D2anmVDeSAUpmzIwTQ7xQer7g/zm5k5ib5MBUiGGPDTnCEjbhOfVSAI2nSN+vyscvkyobeC/fkVW52rXlNVnHBxk2j4FDDfaD/UVRKxq9KmJi1rDuFq1AFz6HsSXspUgngjhFXPLvp6Iy2WH8K2DsYckKXAH2FP3c4k3UWmqEbIT478gkvd4OCXzfte5bxiRuHwYQwVzDA3A1xKQDvcrjTAP7/+4o+T/6dX5R0ISxhlFgj03fCwCd6l1aptIOkj/tXUSr7ObwUUh750XnXViy2ozRv1mHMNhfJF1bwf2VC9wZoA/YptB2BdtM381NNMbrWXNZnIDOfrbhqspsRKEUUM/esaveQUB3crM80BQa4d3gxfqk4LrLOI3kKMUfz1GInPHn10MYqCbPnOPBEmqSRqfbhm00cUKd7EuuPi2gCet5KwgZHskhZ5Gx8jWl/KHS4Z6S64VRi7Dp9QRk7MI1BgbRjdcsP54GE8z4AdPACqQ1Aw65ymcKXGB9kSFVEiN1NmQU355oKn+4wLBeoYHklHYxCZgSHDIqzaAFtX9W0cjQYwGcYOajyZVEidh4x+/aApBM42VvPQ2TmDoTOqqbNbv43OzXuzGsIjR8TvzxKR7Z8BgudKfxxFD7A3AxnVSFGlUYCqaS1hCzZ4XfdZ/4nB6HW2yL2zfRp4ipZDserIaDGJOXmBwm0bHxrxqKjwaeU721iMkXOoJj2K5xsptDK69HhMftMKlYj5xP8cKsKzb/Dhxqg8MexF2szhCr1KUoSO0uuToUiqkY9NZSpeY0Dn9Ijzak+w
--------------------
16:34:44.855 com.cyjh.http.b.a
->a(014D.java:9)
6
--------------------
16:34:44.857 com.android.volley.l
->a(0094.java:1)
Data
--------------------
16:34:44.858 com.android.volley.l
->a(0094.java:2)
RFU7bUw%2B4R0T%2Bs01l1ogMgQOcOVuAijHEwVqfGgZ25XUG0zv04K9fur70mxcCpNR1D2anmVDeSAUpmzIwTQ7xQer7g%2Fzm5k5ib5MBUiGGPDTnCEjbhOfVSAI2nSN%2BvyscvkyobeC%2FfkVW52rXlNVnHBxk2j4FDDfaD%2FUVRKxq9KmJi1rDuFq1AFz6HsSXspUgngjhFXPLvp6Iy2WH8K2DsYckKXAH2FP3c4k3UWmqEbIT478gkvd4OCXzfte5bxiRuHwYQwVzDA3A1xKQDvcrjTAP7%2F%2B4o%2BT%2F6dX5R0ISxhlFgj03fCwCd6l1aptIOkj%2FtXUSr7ObwUUh750XnXViy2ozRv1mHMNhfJF1bwf2VC9wZoA%2FYptB2BdtM381NNMbrWXNZnIDOfrbhqspsRKEUUM%2FesaveQUB3crM80BQa4d3gxfqk4LrLOI3kKMUfz1GInPHn10MYqCbPnOPBEmqSRqfbhm00cUKd7EuuPi2gCet5KwgZHskhZ5Gx8jWl%2FKHS4Z6S64VRi7Dp9QRk7MI1BgbRjdcsP54GE8z4AdPACqQ1Aw65ymcKXGB9kSFVEiN1NmQU355oKn%2B4wLBeoYHklHYxCZgSHDIqzaAFtX9W0cjQYwGcYOajyZVEidh4x%2B%2FaApBM42VvPQ2TmDoTOqqbNbv43OzXuzGsIjR8TvzxKR7Z8BgudKfxxFD7A3AxnVSFGlUYCqaS1hCzZ4XfdZ%2F4nB6HW2yL2zfRp4ipZDserIaDGJOXmBwm0bHxrxqKjwaeU721iMkXOoJj2K5xsptDK69HhMftMKlYj5xP8cKsKzb%2FDhxqg8MexF2szhCr1KUoSO0uuToUiqkY9NZSpeY0Dn9Ijzak%2Bw
--------------------
16:34:44.858 com.android.volley.l
->a(0094.java:1)
V
--------------------
16:34:44.858 com.android.volley.l
->a(0094.java:2)
81058250b7deb83d0
--------------------
16:34:44.858 com.android.volley.l
->a(0094.java:1)
R
--------------------
16:34:44.858 com.android.volley.l
->a(0094.java:2)
6
--------------------
16:34:44.867 net.grandcentrix.tray.core.TrayException
-><init>(0300.java:1)
Value for Key <com.cyjh.elfin.ui.activity.SettingActivity.swtVibration> not found
--------------------
16:34:45.071 com.cyjh.http.d.b.d
->a(0152.java:1)
{"Data":"aKapxn+4dIiTFGHxhfUOD2+YjO4hY8ne9iyzOAu736g0rfWHLc89SIWhZklJ0HvRARGouZpL0myNuzqlCamkFOP68X/BvYhs31qCm+0ftdo1DKXoTI7v+K9qkoAFH3wmVLlvnvYdpWAq6n3FdtRN8/Yzp7gWXMGeuS4+2Tc8WsX/mV2+QA1+9J4Qx2459QGnYUPZuP8iwPr4AJWuc+rdDJquGnjQAEZT9c5RU+pOAXP4qQUvyLaj7cLfgoPDTfE23W9zgCdH6xy4nRVQKtfWkU4nMp61mWQBFbgjQedHUYEzr+meDk7+sjIzhLfb/9NsK9TfBXMero4IWe1mbrN76KJ37dl5gMKZ1jk2QJlp5ZcnQ8lLTG3+NydLcZmAB0XnXJA98A38a4hhzz0VxxMjI7v3Wwe5e3hRym9VSdv6ww8eHAcRug55+IqTBs79vtRU8RCoM+tAqR3rFGYzaxjnz/HHnYPk6vy+qurkWyy3Z1cnn4/+vlFHtQ==","R":3}
--------------------
16:34:45.073 com.cyjh.http.e.c
->a(0156.java:3)
a1988775
--------------------
16:34:45.074 com.cyjh.common.util.h
->b(00EA.java:4)
{"SignContent":"{\u0022Code\u0022:200,\u0022Message\u0022:\u0022请求成功！\u0022,\u0022Data\u0022:{\u0022ClientTimestamp\u0022:1712824484,\u0022ServerTimestamp\u0022:1712824486}}","Signature":"sgh3awwy1nSdd+Jzrwoo+169272ZI/kfW2lMJKG4TRiVesfWvauU+FVi0DycG88WkZhehmY7Hqw7OxFnJhbeyc1hM+O7jSE8/INSYffjLmGfzfdsSbPWHF9afl7LAinG/46+zoIM4ekocBCz0Kkvze/4Xb69QY99AlQppoSNiDk="}    
--------------------
16:34:45.074 com.cyjh.http.e.c
->a(0156.java:4)
{"SignContent":"{\u0022Code\u0022:200,\u0022Message\u0022:\u0022请求成功！\u0022,\u0022Data\u0022:{\u0022ClientTimestamp\u0022:1712824484,\u0022ServerTimestamp\u0022:1712824486}}","Signature":"sgh3awwy1nSdd+Jzrwoo+169272ZI/kfW2lMJKG4TRiVesfWvauU+FVi0DycG88WkZhehmY7Hqw7OxFnJhbeyc1hM+O7jSE8/INSYffjLmGfzfdsSbPWHF9afl7LAinG/46+zoIM4ekocBCz0Kkvze/4Xb69QY99AlQppoSNiDk="}
--------------------
16:34:45.074 com.cyjh.http.c.a.a
->a(014E.java:1)
{"SignContent":"{\u0022Code\u0022:200,\u0022Message\u0022:\u0022请求成功！\u0022,\u0022Data\u0022:{\u0022ClientTimestamp\u0022:1712824484,\u0022ServerTimestamp\u0022:1712824486}}","Signature":"sgh3awwy1nSdd+Jzrwoo+169272ZI/kfW2lMJKG4TRiVesfWvauU+FVi0DycG88WkZhehmY7Hqw7OxFnJhbeyc1hM+O7jSE8/INSYffjLmGfzfdsSbPWHF9afl7LAinG/46+zoIM4ekocBCz0Kkvze/4Xb69QY99AlQppoSNiDk="}
--------------------
16:35:26.615 com.cyjh.http.b.a
->b(014D.java:10)
6.1.1
--------------------
16:35:26.615 com.cyjh.common.util.e
->b(00E8.java:8)
1686949188
--------------------
16:35:26.616 com.cyjh.common.util.af
->b(00E5.java:1)
1686949188
--------------------
16:35:26.616 com.cyjh.common.util.af
->b(00E5.java:2)
1686949188
--------------------
16:35:26.616 com.cyjh.http.b.a
->b(014D.java:11)
1712804694
--------------------
16:35:26.616 com.cyjh.http.b.a
->b(014D.java:12)
COBC41DkB9vuJuuZA5T2+hSJXVrM5/DJs+cvCsW89UbcEuqeEcx8Zfdll5w5Ed04e/JnVcOeO4XHospe1u9wgu+IpdsPqHj6
--------------------
16:35:26.619 com.cyjh.http.b.a
->a(014D.java:4)
{"RunGuid":"1c06463bd65f4db6abc64a8d1b9f081f","AppId":238076,"AppInfo":"COBC41DkB9vuJuuZA5T2+hSJXVrM5/DJs+cvCsW89UbcEuqeEcx8Zfdll5w5Ed04e/JnVcOeO4XHospe1u9wgu+IpdsPqHj6","AppVersion":"1712804694","ClientTimestamp":1712824526,"DeviceCode":"53504273809530277ba80b7a4","DeviceId":"677b0ea9b8fcd0d3284a3d4692a13042","IsRedFinger":0,"TemplateFileId":559,"TemplateVersion":"6.1.1","V":"81058250b7deb83d0"}
--------------------
16:35:26.619 com.cyjh.http.e.c
->a(0156.java:1)
MIICdgIBADANBgkqhkiG9w0BAQEFAASCAmAwggJcAgEAAoGBAJU0ITFmX5JkBA2GRHUpd1p+3rigbzwWPKY/6Ir2XlNW3v5WlTBsnj+GX1ReqsUxCysCb13b/g03ctrP4q2FY4KM1ENaAyDTGFdGDqezSEpEVkIRqxwxfmKhbQgV/9aoWRpgScy2Cclas688VL8U80iTzhNkAN8CS3NJEnD5o3MXAgMBAAECgYAh0Je5P29nmR1GB2kaeJRhQSGvDEVJg+yo7REB9YY5MxYE5JCZUfSnhwex8maXnF7gl4Ov7Pzt9+Qi7Tx9gR6lDhjl4w0nxPg7dXwyWGooCkk/JXAs3N3Z8Jdve8mORQLT4IkHrvrt4cahG+U9PZORQ6yww0+uIzRcri32I8rPOQJBAM4ri71N7bczshAx/dJBMG3BP5KKM4c/HpBJo56a8a87yDGbSxrftHV9NSQzll5XNq9nlKcsadgOK1zG8K1DoE0CQQC5Q99FpnL28KaykTn1OBxu402zam49caGu1lkfHOIaK7KKSlRPk2kdDBi9GjpdoCy5S4OL2yMo/WQB91oBUHLzAkEAqr6dqFXVvZfurEL6txqOBRe6kp4qNqQrp8uU2lHwPvP/xDWcadFDHtpnHGgs7EzGWVYrYpgBwJFbkCaiRJxxMQJAbffortonQYcFG9dyVKlyzytjMs1JFHW/qB0Zl4s4dppbhxSpyPZSHWjRwmWwIWTzRyWYtspjq3AFDdm59i+/mwJAJpafiQO32OOG4/T49uPNyXvkyLF+dk8tKNaSGqC/RM44ZbiI7EqkMXtDUwGIxyTKbOK1pvcYHLg7B3dAL/CeTQ==
--------------------
16:35:26.624 com.cyjh.common.util.b
->a(00E7.java:1)
CcYj2HZsueGdGwZGBUemQ3HDoQ3AMI1yldUbenTKtB7IbSLr8FzK27jZn/hdgDEd4iwyqcBKJXJbN8AHad/B+LLcQA1QtvCTvlBkdZovgVinxzPa10UyWXGdJmQmOVEMiG9c9L1qDW6sKw2fmVroy178dZuY7UA8TTIWJ0DpPpE=
--------------------
16:35:26.624 com.cyjh.http.e.c
->a(0156.java:2)
CcYj2HZsueGdGwZGBUemQ3HDoQ3AMI1yldUbenTKtB7IbSLr8FzK27jZn/hdgDEd4iwyqcBKJXJbN8AHad/B+LLcQA1QtvCTvlBkdZovgVinxzPa10UyWXGdJmQmOVEMiG9c9L1qDW6sKw2fmVroy178dZuY7UA8TTIWJ0DpPpE=
--------------------
16:35:26.624 com.cyjh.http.b.a
->a(014D.java:5)
CcYj2HZsueGdGwZGBUemQ3HDoQ3AMI1yldUbenTKtB7IbSLr8FzK27jZn/hdgDEd4iwyqcBKJXJbN8AHad/B+LLcQA1QtvCTvlBkdZovgVinxzPa10UyWXGdJmQmOVEMiG9c9L1qDW6sKw2fmVroy178dZuY7UA8TTIWJ0DpPpE=
--------------------
16:35:26.625 com.cyjh.http.b.a
->a(014D.java:6)
{"SignContent":"{\"RunGuid\":\"1c06463bd65f4db6abc64a8d1b9f081f\",\"AppId\":238076,\"AppInfo\":\"COBC41DkB9vuJuuZA5T2+hSJXVrM5/DJs+cvCsW89UbcEuqeEcx8Zfdll5w5Ed04e/JnVcOeO4XHospe1u9wgu+IpdsPqHj6\",\"AppVersion\":\"1712804694\",\"ClientTimestamp\":1712824526,\"DeviceCode\":\"53504273809530277ba80b7a4\",\"DeviceId\":\"677b0ea9b8fcd0d3284a3d4692a13042\",\"IsRedFinger\":0,\"TemplateFileId\":559,\"TemplateVersion\":\"6.1.1\",\"V\":\"81058250b7deb83d0\"}","Signature":"CcYj2HZsueGdGwZGBUemQ3HDoQ3AMI1yldUbenTKtB7IbSLr8FzK27jZn/hdgDEd4iwyqcBKJXJbN8AHad/B+LLcQA1QtvCTvlBkdZovgVinxzPa10UyWXGdJmQmOVEMiG9c9L1qDW6sKw2fmVroy178dZuY7UA8TTIWJ0DpPpE\u003d"}
--------------------
16:35:26.625 com.cyjh.http.b.a
->a(014D.java:7)
caf7a1f0
--------------------
16:35:26.626 com.cyjh.common.util.h
->a(00EA.java:2)
eIL54+jztJw352qwx7mBJAPGg8c+nFQGb2JcMlUV7pIT8ieX0ov3WRaRBbVUnhpxF1YD2BhsEnNm5AQ4YWtx3MVJVmAU9cWysHlPJnYip6G89UxKaOJZVvFSE/Mt+jI9H9byq1m0BMXiWaFxo9r0UlDRFWCzVL4jAaDHqhieVs9d/IAB310BG2f0G2t8uBSypXRnhGzeMdd3IpJc02AIJOXedd3TRER1vRhohyGRipZU2i0Wcv9EClhAHcWZvN/9lxrjR81LaLMoQbJIqZ3lZTBBAnz9ZgLcBMrXX0xxwnmjCuiapB70ZhJAPfGtio/AlIs+nchYE/vAgKVDd1c2eSGMA3YQWKiHh6KvHCW9wu+qLmsMpkDDi7S1Wtbae4yOnZ/eHtaPBNofi4pEdhitMyENKR7JkFmn9r//8c6qWIxiCsMTamqJSptMetg5BCc0OlOROhcq74VQWJdnU26alUD/QlsX3gCgT6+6IrxfveqgKlrct9lm0poaUOgXPx3HnOnKQHfsw8IQxyGFEKJdu5BOqspG0l8rRMXsjWKNiX2/dwH0H5jvXZhXURwYrn4qPH8yUFEOs/owWnFLpJOjy1Xx+liPFxrEwLt6EQdtUuq+PJlvaWA5GzXtuaG4hNDKEiM8stbXzzdQ5MUby6jFJKvbiCiDZtng+ZvpIRY6YEmoNB5DZ+aDhRdEfDjoNrrA3qGJZMRk/S8DDAByedY9JIqV5kMGxzFOUWIcx09rANPJuzGGnyDoK5xcsyiBddjazPSefmcWhQyjUJ3MmxHWYh8pbZZlbaHdWpFb1PV6KCcP1EyF5a6dkNiGpID5b7joZ9oBrIA1wrQWw+T2Vafot6bYW7ukzEGe
--------------------
16:35:26.627 com.cyjh.http.b.a
->a(014D.java:8)
eIL54+jztJw352qwx7mBJAPGg8c+nFQGb2JcMlUV7pIT8ieX0ov3WRaRBbVUnhpxF1YD2BhsEnNm5AQ4YWtx3MVJVmAU9cWysHlPJnYip6G89UxKaOJZVvFSE/Mt+jI9H9byq1m0BMXiWaFxo9r0UlDRFWCzVL4jAaDHqhieVs9d/IAB310BG2f0G2t8uBSypXRnhGzeMdd3IpJc02AIJOXedd3TRER1vRhohyGRipZU2i0Wcv9EClhAHcWZvN/9lxrjR81LaLMoQbJIqZ3lZTBBAnz9ZgLcBMrXX0xxwnmjCuiapB70ZhJAPfGtio/AlIs+nchYE/vAgKVDd1c2eSGMA3YQWKiHh6KvHCW9wu+qLmsMpkDDi7S1Wtbae4yOnZ/eHtaPBNofi4pEdhitMyENKR7JkFmn9r//8c6qWIxiCsMTamqJSptMetg5BCc0OlOROhcq74VQWJdnU26alUD/QlsX3gCgT6+6IrxfveqgKlrct9lm0poaUOgXPx3HnOnKQHfsw8IQxyGFEKJdu5BOqspG0l8rRMXsjWKNiX2/dwH0H5jvXZhXURwYrn4qPH8yUFEOs/owWnFLpJOjy1Xx+liPFxrEwLt6EQdtUuq+PJlvaWA5GzXtuaG4hNDKEiM8stbXzzdQ5MUby6jFJKvbiCiDZtng+ZvpIRY6YEmoNB5DZ+aDhRdEfDjoNrrA3qGJZMRk/S8DDAByedY9JIqV5kMGxzFOUWIcx09rANPJuzGGnyDoK5xcsyiBddjazPSefmcWhQyjUJ3MmxHWYh8pbZZlbaHdWpFb1PV6KCcP1EyF5a6dkNiGpID5b7joZ9oBrIA1wrQWw+T2Vafot6bYW7ukzEGe
--------------------
16:35:26.627 com.cyjh.http.b.a
->a(014D.java:9)
1
--------------------
16:35:26.630 com.android.volley.l
->a(0094.java:1)
Data
--------------------
16:35:26.631 com.android.volley.l
->a(0094.java:2)
eIL54%2BjztJw352qwx7mBJAPGg8c%2BnFQGb2JcMlUV7pIT8ieX0ov3WRaRBbVUnhpxF1YD2BhsEnNm5AQ4YWtx3MVJVmAU9cWysHlPJnYip6G89UxKaOJZVvFSE%2FMt%2BjI9H9byq1m0BMXiWaFxo9r0UlDRFWCzVL4jAaDHqhieVs9d%2FIAB310BG2f0G2t8uBSypXRnhGzeMdd3IpJc02AIJOXedd3TRER1vRhohyGRipZU2i0Wcv9EClhAHcWZvN%2F9lxrjR81LaLMoQbJIqZ3lZTBBAnz9ZgLcBMrXX0xxwnmjCuiapB70ZhJAPfGtio%2FAlIs%2BnchYE%2FvAgKVDd1c2eSGMA3YQWKiHh6KvHCW9wu%2BqLmsMpkDDi7S1Wtbae4yOnZ%2FeHtaPBNofi4pEdhitMyENKR7JkFmn9r%2F%2F8c6qWIxiCsMTamqJSptMetg5BCc0OlOROhcq74VQWJdnU26alUD%2FQlsX3gCgT6%2B6IrxfveqgKlrct9lm0poaUOgXPx3HnOnKQHfsw8IQxyGFEKJdu5BOqspG0l8rRMXsjWKNiX2%2FdwH0H5jvXZhXURwYrn4qPH8yUFEOs%2FowWnFLpJOjy1Xx%2BliPFxrEwLt6EQdtUuq%2BPJlvaWA5GzXtuaG4hNDKEiM8stbXzzdQ5MUby6jFJKvbiCiDZtng%2BZvpIRY6YEmoNB5DZ%2BaDhRdEfDjoNrrA3qGJZMRk%2FS8DDAByedY9JIqV5kMGxzFOUWIcx09rANPJuzGGnyDoK5xcsyiBddjazPSefmcWhQyjUJ3MmxHWYh8pbZZlbaHdWpFb1PV6KCcP1EyF5a6dkNiGpID5b7joZ9oBrIA1wrQWw%2BT2Vafot6bYW7ukzEGe
--------------------
16:35:26.631 com.android.volley.l
->a(0094.java:1)
V
--------------------
16:35:26.631 com.android.volley.l
->a(0094.java:2)
81058250b7deb83d0
--------------------
16:35:26.631 com.android.volley.l
->a(0094.java:1)
R
--------------------
16:35:26.631 com.android.volley.l
->a(0094.java:2)
1
--------------------
16:35:26.951 com.cyjh.http.d.b.d
->a(0152.java:1)
{"Data":"plTp6fqma/DxrHPBF/pk9Kat8/RNtNJ7/rm2VZyNlhr3ughDZQPweTq3MDgVr31jZUXzcjFvlbw170Es5DrpcZ0y+B+YpuXefDzX+fH224tRruTP5AfSwOGKS6YGV5XjMuZ23pSpcKnB0jiiONpBKArcjDaeavI7fkJ7TDgmzC1ueVkdVxCX9hOg8pa7YrE8evap7w1eXpwF+A176opRnZhpQAkEk4Xw3WCI0rcjoUd8a4jW2eSNUTxyCmseNXEzi/rPLt7gh8AfoEzs7P7u8QCEklXv3VXc6qnzSAaujC3/M9JhnnXdhCBB9frTDlkw0imLJUnRRxyHRxmKhiqmxjmDYsO6iQnHtUKCLhlAuwCrrsi8FIJgEi2uHdAN2J+Lfr/lfTQ+IPoH8HXP7Yq9UqNkFLcm+dvUaP2KPK3Og0SVPIVGgQ1ONLFRUqpzg0On14sc+EmwgOMOHQVRXpNq/KWjb0OVfY48F2ej7Zge/nTM6lY7A9jznQ==","R":2}
--------------------
16:35:26.953 com.cyjh.http.e.c
->a(0156.java:3)
7fed39f9
--------------------
16:35:26.955 com.cyjh.common.util.h
->b(00EA.java:4)
{"SignContent":"{\u0022Code\u0022:200,\u0022Message\u0022:\u0022请求成功！\u0022,\u0022Data\u0022:{\u0022ClientTimestamp\u0022:1712824526,\u0022ServerTimestamp\u0022:1712824528}}","Signature":"l6EZcm1MChkiOdUKL9NFT+VnzNCOKQ9Q2G9cmZVgrBpzLHMBwu+b5vLRQ3lLVq5ua7SkO9oXXdyN91lFcjIQnhQqp1IDtehEAFXyFwhJmnitJnT5zkqQD+ocC/HqMIiNXAe93OAbUHbX73LxOLzBnOc84zhg6c2rmof2rN1iGlE="}    
--------------------
16:35:26.956 com.cyjh.http.e.c
->a(0156.java:4)
{"SignContent":"{\u0022Code\u0022:200,\u0022Message\u0022:\u0022请求成功！\u0022,\u0022Data\u0022:{\u0022ClientTimestamp\u0022:1712824526,\u0022ServerTimestamp\u0022:1712824528}}","Signature":"l6EZcm1MChkiOdUKL9NFT+VnzNCOKQ9Q2G9cmZVgrBpzLHMBwu+b5vLRQ3lLVq5ua7SkO9oXXdyN91lFcjIQnhQqp1IDtehEAFXyFwhJmnitJnT5zkqQD+ocC/HqMIiNXAe93OAbUHbX73LxOLzBnOc84zhg6c2rmof2rN1iGlE="}
--------------------
16:35:26.956 com.cyjh.http.c.a.a
->a(014E.java:1)
{"SignContent":"{\u0022Code\u0022:200,\u0022Message\u0022:\u0022请求成功！\u0022,\u0022Data\u0022:{\u0022ClientTimestamp\u0022:1712824526,\u0022ServerTimestamp\u0022:1712824528}}","Signature":"l6EZcm1MChkiOdUKL9NFT+VnzNCOKQ9Q2G9cmZVgrBpzLHMBwu+b5vLRQ3lLVq5ua7SkO9oXXdyN91lFcjIQnhQqp1IDtehEAFXyFwhJmnitJnT5zkqQD+ocC/HqMIiNXAe93OAbUHbX73LxOLzBnOc84zhg6c2rmof2rN1iGlE="}
--------------------
