19:34:51.293 com.cyjh.elfin.base.AppContext
->attachBaseContext(0101.java:4)
测试↓
--------------------
19:34:51.294 com.cyjh.elfin.base.AppContext
->attachBaseContext(0101.java:4)
java.lang.RuntimeException: 记录栈
	at mt.LogA9F8F1.a(Unknown Source)
	at com.cyjh.elfin.base.AppContext.attachBaseContext(0101.java:4)
	at android.app.Application.attach(Application.java:189)
	at android.app.Instrumentation.newApplication(Instrumentation.java:1008)
	at android.app.Instrumentation.newApplication(Instrumentation.java:992)
	at android.app.LoadedApk.makeApplication(LoadedApk.java:796)
	at android.app.ActivityThread.handleBindApplication(ActivityThread.java:5442)
	at android.app.ActivityThread.-wrap2(ActivityThread.java)
	at android.app.ActivityThread$H.handleMessage(ActivityThread.java:1550)
	at android.os.Handler.dispatchMessage(Handler.java:102)
	at android.os.Looper.loop(Looper.java:154)
	at android.app.ActivityThread.main(ActivityThread.java:6189)
	at java.lang.reflect.Method.invoke(Native Method)
	at com.android.internal.os.ZygoteInit$MethodAndArgsCaller.run(ZygoteInit.java:1126)
	at com.android.internal.os.ZygoteInit.main(ZygoteInit.java:1000)

--------------------
19:34:51.294 com.cyjh.elfin.base.AppContext
->attachBaseContext(0101.java:4)
TAG
--------------------
19:34:51.294 com.cyjh.elfin.base.AppContext
->attachBaseContext(0101.java:4)
initProcess: com.hjol
--------------------
19:34:51.294 com.cyjh.elfin.base.AppContext
->attachBaseContext(0101.java:4)
测试↑
--------------------
19:34:51.792 com.cyjh.elfin.base.AppContext
->onCreate(0101.java:5)
测试↓
--------------------
19:34:51.793 com.cyjh.elfin.base.AppContext
->onCreate(0101.java:5)
java.lang.RuntimeException: 记录栈
	at mt.LogA9F8F1.a(Unknown Source)
	at com.cyjh.elfin.base.AppContext.onCreate(0101.java:5)
	at android.app.Instrumentation.callApplicationOnCreate(Instrumentation.java:1024)
	at android.app.ActivityThread.handleBindApplication(ActivityThread.java:5471)
	at android.app.ActivityThread.-wrap2(ActivityThread.java)
	at android.app.ActivityThread$H.handleMessage(ActivityThread.java:1550)
	at android.os.Handler.dispatchMessage(Handler.java:102)
	at android.os.Looper.loop(Looper.java:154)
	at android.app.ActivityThread.main(ActivityThread.java:6189)
	at java.lang.reflect.Method.invoke(Native Method)
	at com.android.internal.os.ZygoteInit$MethodAndArgsCaller.run(ZygoteInit.java:1126)
	at com.android.internal.os.ZygoteInit.main(ZygoteInit.java:1000)

--------------------
19:34:51.793 com.cyjh.elfin.base.AppContext
->onCreate(0101.java:5)
AppContext
--------------------
19:34:51.793 com.cyjh.elfin.base.AppContext
->onCreate(0101.java:5)
onCreate process: com.hjol:enginfloat
--------------------
19:34:51.793 com.cyjh.elfin.base.AppContext
->onCreate(0101.java:5)
测试↑
--------------------
19:34:51.914 com.cyjh.elfin.floatingwindowprocess.d.b
->a(011F.java)
测试↓
--------------------
19:34:51.915 com.cyjh.elfin.floatingwindowprocess.d.b
->a(011F.java)
java.lang.RuntimeException: 记录栈
	at mt.LogA9F8F1.a(Unknown Source)
	at com.cyjh.elfin.floatingwindowprocess.d.b.a(011F.java)
	at com.cyjh.elfin.floatingwindowprocess.c.c.b(011C.java:14)
	at com.cyjh.elfin.base.AppContext.onCreate(0101.java:5)
	at android.app.Instrumentation.callApplicationOnCreate(Instrumentation.java:1024)
	at android.app.ActivityThread.handleBindApplication(ActivityThread.java:5471)
	at android.app.ActivityThread.-wrap2(ActivityThread.java)
	at android.app.ActivityThread$H.handleMessage(ActivityThread.java:1550)
	at android.os.Handler.dispatchMessage(Handler.java:102)
	at android.os.Looper.loop(Looper.java:154)
	at android.app.ActivityThread.main(ActivityThread.java:6189)
	at java.lang.reflect.Method.invoke(Native Method)
	at com.android.internal.os.ZygoteInit$MethodAndArgsCaller.run(ZygoteInit.java:1126)
	at com.android.internal.os.ZygoteInit.main(ZygoteInit.java:1000)

--------------------
19:34:51.915 com.cyjh.elfin.floatingwindowprocess.d.b
->a(011F.java)
记录2
--------------------
19:34:51.915 com.cyjh.elfin.floatingwindowprocess.d.b
->a(011F.java)
{"BaseURL":"http://auth2.mobileanjian.com/","PackageName":"com.hjol","PayAppId":"7BACC4EF-DFDA-4dd9-815C-999FF745A82B","ScriptType":true,"authDesKeys":["c6bd901f","0ddf44be","950e5927","6460d8df","11fb887f","117e4900","bd113950","a99f6f97"],"AppId":238076,"AppInfo":"COBC41DkB9vuJuuZA5T2+hSJXVrM5/DJs+cvCsW89UbcEuqeEcx8Zfdll5w5Ed04e/JnVcOeO4XHospe1u9wgu+IpdsPqHj6","AppVersion":"1712804694","ClientTimestamp":1712835291,"DeviceCode":"53504273809530277ba80b7a4","DeviceId":"677b0ea9b8fcd0d3284a3d4692a13042","IsRedFinger":0,"TemplateFileId":559,"TemplateVersion":"6.1.1"}
--------------------
19:34:51.915 com.cyjh.elfin.floatingwindowprocess.d.b
->a(011F.java)
测试↑
--------------------
19:34:51.915 com.cyjh.elfin.floatingwindowprocess.d.b
->a(011F.java)
测试↓
--------------------
19:34:51.916 com.cyjh.elfin.floatingwindowprocess.d.b
->a(011F.java)
java.lang.RuntimeException: 记录栈
	at mt.LogA9F8F1.a(Unknown Source)
	at com.cyjh.elfin.floatingwindowprocess.d.b.a(011F.java)
	at com.cyjh.elfin.floatingwindowprocess.c.c.b(011C.java:14)
	at com.cyjh.elfin.base.AppContext.onCreate(0101.java:5)
	at android.app.Instrumentation.callApplicationOnCreate(Instrumentation.java:1024)
	at android.app.ActivityThread.handleBindApplication(ActivityThread.java:5471)
	at android.app.ActivityThread.-wrap2(ActivityThread.java)
	at android.app.ActivityThread$H.handleMessage(ActivityThread.java:1550)
	at android.os.Handler.dispatchMessage(Handler.java:102)
	at android.os.Looper.loop(Looper.java:154)
	at android.app.ActivityThread.main(ActivityThread.java:6189)
	at java.lang.reflect.Method.invoke(Native Method)
	at com.android.internal.os.ZygoteInit$MethodAndArgsCaller.run(ZygoteInit.java:1126)
	at com.android.internal.os.ZygoteInit.main(ZygoteInit.java:1000)

--------------------
19:34:51.916 com.cyjh.elfin.floatingwindowprocess.d.b
->a(011F.java)
-----BEGIN RSA PRIVATE KEY-----
MIICXAIBAAKBgQCVNCExZl+SZAQNhkR1KXdaft64oG88FjymP+iK9l5TVt7+VpUw
bJ4/hl9UXqrFMQsrAm9d2/4NN3Laz+KthWOCjNRDWgMg0xhXRg6ns0hKRFZCEasc
MX5ioW0IFf/WqFkaYEnMtgnJWrOvPFS/FPNIk84TZADfAktzSRJw+aNzFwIDAQAB
AoGAIdCXuT9vZ5kdRgdpGniUYUEhrwxFSYPsqO0RAfWGOTMWBOSQmVH0p4cHsfJm
l5xe4JeDr+z87ffkIu08fYEepQ4Y5eMNJ8T4O3V8MlhqKApJPyVwLNzd2fCXb3vJ
jkUC0+CJB6767eHGoRvlPT2TkUOssMNPriM0XK4t9iPKzzkCQQDOK4u9Te23M7IQ
Mf3SQTBtwT+SijOHPx6QSaOemvGvO8gxm0sa37R1fTUkM5ZeVzavZ5SnLGnYDitc
xvCtQ6BNAkEAuUPfRaZy9vCmspE59TgcbuNNs2puPXGhrtZZHxziGiuyikpUT5Np
HQwYvRo6XaAsuUuDi9sjKP1kAfdaAVBy8wJBAKq+nahV1b2X7qxC+rcajgUXupKe
KjakK6fLlNpR8D7z/8Q1nGnRQx7aZxxoLOxMxllWK2KYAcCRW5AmokSccTECQG33
6K7aJ0GHBRvXclSpcs8rYzLNSRR1v6gdGZeLOHaaW4cUqcj2Uh1o0cJlsCFk80cl
mLbKY6twBQ3ZufYvv5sCQCaWn4kDt9jjhuP0+Pbjzcl75MixfnZPLSjWkhqgv0TO
OGW4iOxKpDF7Q1MBiMckymzitab3GBy4Owd3QC/wnk0=
-----END RSA PRIVATE KEY-----

--------------------
19:34:51.916 com.cyjh.elfin.floatingwindowprocess.d.b
->a(011F.java)
-----BEGIN PUBLIC KEY-----
MIGfMA0GCSqGSIb3DQEBAQUAA4GNADCBiQKBgQDQ6aF1yXQM2dS6Wl5IUkpIAPad
Ppyt8qkhWSFw0OpmDxTPBOnnF/3V0HUbcu0E+xO542sbHX1PYZD1OStHBYOcvc2I
uKa7dl/A/uywHZ4fVxSKXrge3MuvDZ6kefbJEcDaCLuc+TOtj7/HlDpblJE7sRVt
CYxNQp0T3b3OokyDnwIDAQAB
-----END PUBLIC KEY-----

--------------------
19:34:51.916 com.cyjh.elfin.floatingwindowprocess.d.b
->a(011F.java)
测试↑
--------------------
19:34:52.069 com.cyjh.mq.service.IpcService
->onCreate(0172.java:8)
测试↓
--------------------
19:34:52.069 com.cyjh.mq.service.IpcService
->onCreate(0172.java:8)
java.lang.RuntimeException: 记录栈
	at mt.LogA9F8F1.a(Unknown Source)
	at com.cyjh.mq.service.IpcService.onCreate(0172.java:8)
	at android.app.ActivityThread.handleCreateService(ActivityThread.java:3252)
	at android.app.ActivityThread.-wrap5(ActivityThread.java)
	at android.app.ActivityThread$H.handleMessage(ActivityThread.java:1572)
	at android.os.Handler.dispatchMessage(Handler.java:102)
	at android.os.Looper.loop(Looper.java:154)
	at android.app.ActivityThread.main(ActivityThread.java:6189)
	at java.lang.reflect.Method.invoke(Native Method)
	at com.android.internal.os.ZygoteInit$MethodAndArgsCaller.run(ZygoteInit.java:1126)
	at com.android.internal.os.ZygoteInit.main(ZygoteInit.java:1000)

--------------------
19:34:52.069 com.cyjh.mq.service.IpcService
->onCreate(0172.java:8)
VERSION
--------------------
19:34:52.069 com.cyjh.mq.service.IpcService
->onCreate(0172.java:8)
build info: build on 2023-05-17 13:36:07
--------------------
19:34:52.069 com.cyjh.mq.service.IpcService
->onCreate(0172.java:8)
测试↑
--------------------
19:34:52.077 com.cyjh.elfin.floatingwindowprocess.d.b
->a(011F.java)
测试↓
--------------------
19:34:52.078 com.cyjh.elfin.floatingwindowprocess.d.b
->a(011F.java)
java.lang.RuntimeException: 记录栈
	at mt.LogA9F8F1.a(Unknown Source)
	at com.cyjh.elfin.floatingwindowprocess.d.b.a(011F.java)
	at com.cyjh.elfin.floatingwindowprocess.service.FloatingWindowService.b(0120.java:2)
	at com.cyjh.elfin.floatingwindowprocess.service.FloatingWindowService.onStartCommand(0120.java)
	at android.app.ActivityThread.handleServiceArgs(ActivityThread.java:3387)
	at android.app.ActivityThread.-wrap21(ActivityThread.java)
	at android.app.ActivityThread$H.handleMessage(ActivityThread.java:1587)
	at android.os.Handler.dispatchMessage(Handler.java:102)
	at android.os.Looper.loop(Looper.java:154)
	at android.app.ActivityThread.main(ActivityThread.java:6189)
	at java.lang.reflect.Method.invoke(Native Method)
	at com.android.internal.os.ZygoteInit$MethodAndArgsCaller.run(ZygoteInit.java:1126)
	at com.android.internal.os.ZygoteInit.main(ZygoteInit.java:1000)

--------------------
19:34:52.078 com.cyjh.elfin.floatingwindowprocess.d.b
->a(011F.java)
记录2
--------------------
19:34:52.078 com.cyjh.elfin.floatingwindowprocess.d.b
->a(011F.java)
{"BaseURL":"http://auth2.mobileanjian.com/","PackageName":"com.hjol","PayAppId":"7BACC4EF-DFDA-4dd9-815C-999FF745A82B","ScriptType":true,"authDesKeys":["c6bd901f","0ddf44be","950e5927","6460d8df","11fb887f","117e4900","bd113950","a99f6f97"],"AppId":238076,"AppInfo":"COBC41DkB9vuJuuZA5T2+hSJXVrM5/DJs+cvCsW89UbcEuqeEcx8Zfdll5w5Ed04e/JnVcOeO4XHospe1u9wgu+IpdsPqHj6","AppVersion":"1712804694","ClientTimestamp":1712835292,"DeviceCode":"53504273809530277ba80b7a4","DeviceId":"677b0ea9b8fcd0d3284a3d4692a13042","IsRedFinger":0,"TemplateFileId":559,"TemplateVersion":"6.1.1"}
--------------------
19:34:52.078 com.cyjh.elfin.floatingwindowprocess.d.b
->a(011F.java)
测试↑
--------------------
19:34:52.078 com.cyjh.elfin.floatingwindowprocess.d.b
->a(011F.java)
测试↓
--------------------
19:34:52.078 com.cyjh.elfin.floatingwindowprocess.d.b
->a(011F.java)
java.lang.RuntimeException: 记录栈
	at mt.LogA9F8F1.a(Unknown Source)
	at com.cyjh.elfin.floatingwindowprocess.d.b.a(011F.java)
	at com.cyjh.elfin.floatingwindowprocess.service.FloatingWindowService.b(0120.java:2)
	at com.cyjh.elfin.floatingwindowprocess.service.FloatingWindowService.onStartCommand(0120.java)
	at android.app.ActivityThread.handleServiceArgs(ActivityThread.java:3387)
	at android.app.ActivityThread.-wrap21(ActivityThread.java)
	at android.app.ActivityThread$H.handleMessage(ActivityThread.java:1587)
	at android.os.Handler.dispatchMessage(Handler.java:102)
	at android.os.Looper.loop(Looper.java:154)
	at android.app.ActivityThread.main(ActivityThread.java:6189)
	at java.lang.reflect.Method.invoke(Native Method)
	at com.android.internal.os.ZygoteInit$MethodAndArgsCaller.run(ZygoteInit.java:1126)
	at com.android.internal.os.ZygoteInit.main(ZygoteInit.java:1000)

--------------------
19:34:52.078 com.cyjh.elfin.floatingwindowprocess.d.b
->a(011F.java)
-----BEGIN RSA PRIVATE KEY-----
MIICXAIBAAKBgQCVNCExZl+SZAQNhkR1KXdaft64oG88FjymP+iK9l5TVt7+VpUw
bJ4/hl9UXqrFMQsrAm9d2/4NN3Laz+KthWOCjNRDWgMg0xhXRg6ns0hKRFZCEasc
MX5ioW0IFf/WqFkaYEnMtgnJWrOvPFS/FPNIk84TZADfAktzSRJw+aNzFwIDAQAB
AoGAIdCXuT9vZ5kdRgdpGniUYUEhrwxFSYPsqO0RAfWGOTMWBOSQmVH0p4cHsfJm
l5xe4JeDr+z87ffkIu08fYEepQ4Y5eMNJ8T4O3V8MlhqKApJPyVwLNzd2fCXb3vJ
jkUC0+CJB6767eHGoRvlPT2TkUOssMNPriM0XK4t9iPKzzkCQQDOK4u9Te23M7IQ
Mf3SQTBtwT+SijOHPx6QSaOemvGvO8gxm0sa37R1fTUkM5ZeVzavZ5SnLGnYDitc
xvCtQ6BNAkEAuUPfRaZy9vCmspE59TgcbuNNs2puPXGhrtZZHxziGiuyikpUT5Np
HQwYvRo6XaAsuUuDi9sjKP1kAfdaAVBy8wJBAKq+nahV1b2X7qxC+rcajgUXupKe
KjakK6fLlNpR8D7z/8Q1nGnRQx7aZxxoLOxMxllWK2KYAcCRW5AmokSccTECQG33
6K7aJ0GHBRvXclSpcs8rYzLNSRR1v6gdGZeLOHaaW4cUqcj2Uh1o0cJlsCFk80cl
mLbKY6twBQ3ZufYvv5sCQCaWn4kDt9jjhuP0+Pbjzcl75MixfnZPLSjWkhqgv0TO
OGW4iOxKpDF7Q1MBiMckymzitab3GBy4Owd3QC/wnk0=
-----END RSA PRIVATE KEY-----

--------------------
19:34:52.078 com.cyjh.elfin.floatingwindowprocess.d.b
->a(011F.java)
-----BEGIN PUBLIC KEY-----
MIGfMA0GCSqGSIb3DQEBAQUAA4GNADCBiQKBgQDQ6aF1yXQM2dS6Wl5IUkpIAPad
Ppyt8qkhWSFw0OpmDxTPBOnnF/3V0HUbcu0E+xO542sbHX1PYZD1OStHBYOcvc2I
uKa7dl/A/uywHZ4fVxSKXrge3MuvDZ6kefbJEcDaCLuc+TOtj7/HlDpblJE7sRVt
CYxNQp0T3b3OokyDnwIDAQAB
-----END PUBLIC KEY-----

--------------------
19:34:52.078 com.cyjh.elfin.floatingwindowprocess.d.b
->a(011F.java)
测试↑
--------------------
19:34:52.083 com.cyjh.elfin.floatingwindowprocess.d.b
->a(011F.java)
测试↓
--------------------
19:34:52.084 com.cyjh.elfin.floatingwindowprocess.d.b
->a(011F.java)
java.lang.RuntimeException: 记录栈
	at mt.LogA9F8F1.a(Unknown Source)
	at com.cyjh.elfin.floatingwindowprocess.d.b.a(011F.java)
	at com.cyjh.elfin.floatingwindowprocess.c.c.b(011C.java:14)
	at com.cyjh.elfin.floatingwindowprocess.service.FloatingWindowService.onStartCommand(0120.java)
	at android.app.ActivityThread.handleServiceArgs(ActivityThread.java:3387)
	at android.app.ActivityThread.-wrap21(ActivityThread.java)
	at android.app.ActivityThread$H.handleMessage(ActivityThread.java:1587)
	at android.os.Handler.dispatchMessage(Handler.java:102)
	at android.os.Looper.loop(Looper.java:154)
	at android.app.ActivityThread.main(ActivityThread.java:6189)
	at java.lang.reflect.Method.invoke(Native Method)
	at com.android.internal.os.ZygoteInit$MethodAndArgsCaller.run(ZygoteInit.java:1126)
	at com.android.internal.os.ZygoteInit.main(ZygoteInit.java:1000)

--------------------
19:34:52.084 com.cyjh.elfin.floatingwindowprocess.d.b
->a(011F.java)
记录2
--------------------
19:34:52.084 com.cyjh.elfin.floatingwindowprocess.d.b
->a(011F.java)
{"BaseURL":"http://auth2.mobileanjian.com/","PackageName":"com.hjol","PayAppId":"7BACC4EF-DFDA-4dd9-815C-999FF745A82B","ScriptType":true,"authDesKeys":["c6bd901f","0ddf44be","950e5927","6460d8df","11fb887f","117e4900","bd113950","a99f6f97"],"AppId":238076,"AppInfo":"COBC41DkB9vuJuuZA5T2+hSJXVrM5/DJs+cvCsW89UbcEuqeEcx8Zfdll5w5Ed04e/JnVcOeO4XHospe1u9wgu+IpdsPqHj6","AppVersion":"1712804694","ClientTimestamp":1712835292,"DeviceCode":"53504273809530277ba80b7a4","DeviceId":"677b0ea9b8fcd0d3284a3d4692a13042","IsRedFinger":0,"TemplateFileId":559,"TemplateVersion":"6.1.1"}
--------------------
19:34:52.084 com.cyjh.elfin.floatingwindowprocess.d.b
->a(011F.java)
测试↑
--------------------
19:34:52.084 com.cyjh.elfin.floatingwindowprocess.d.b
->a(011F.java)
测试↓
--------------------
19:34:52.084 com.cyjh.elfin.floatingwindowprocess.d.b
->a(011F.java)
java.lang.RuntimeException: 记录栈
	at mt.LogA9F8F1.a(Unknown Source)
	at com.cyjh.elfin.floatingwindowprocess.d.b.a(011F.java)
	at com.cyjh.elfin.floatingwindowprocess.c.c.b(011C.java:14)
	at com.cyjh.elfin.floatingwindowprocess.service.FloatingWindowService.onStartCommand(0120.java)
	at android.app.ActivityThread.handleServiceArgs(ActivityThread.java:3387)
	at android.app.ActivityThread.-wrap21(ActivityThread.java)
	at android.app.ActivityThread$H.handleMessage(ActivityThread.java:1587)
	at android.os.Handler.dispatchMessage(Handler.java:102)
	at android.os.Looper.loop(Looper.java:154)
	at android.app.ActivityThread.main(ActivityThread.java:6189)
	at java.lang.reflect.Method.invoke(Native Method)
	at com.android.internal.os.ZygoteInit$MethodAndArgsCaller.run(ZygoteInit.java:1126)
	at com.android.internal.os.ZygoteInit.main(ZygoteInit.java:1000)

--------------------
19:34:52.084 com.cyjh.elfin.floatingwindowprocess.d.b
->a(011F.java)
-----BEGIN RSA PRIVATE KEY-----
MIICXAIBAAKBgQCVNCExZl+SZAQNhkR1KXdaft64oG88FjymP+iK9l5TVt7+VpUw
bJ4/hl9UXqrFMQsrAm9d2/4NN3Laz+KthWOCjNRDWgMg0xhXRg6ns0hKRFZCEasc
MX5ioW0IFf/WqFkaYEnMtgnJWrOvPFS/FPNIk84TZADfAktzSRJw+aNzFwIDAQAB
AoGAIdCXuT9vZ5kdRgdpGniUYUEhrwxFSYPsqO0RAfWGOTMWBOSQmVH0p4cHsfJm
l5xe4JeDr+z87ffkIu08fYEepQ4Y5eMNJ8T4O3V8MlhqKApJPyVwLNzd2fCXb3vJ
jkUC0+CJB6767eHGoRvlPT2TkUOssMNPriM0XK4t9iPKzzkCQQDOK4u9Te23M7IQ
Mf3SQTBtwT+SijOHPx6QSaOemvGvO8gxm0sa37R1fTUkM5ZeVzavZ5SnLGnYDitc
xvCtQ6BNAkEAuUPfRaZy9vCmspE59TgcbuNNs2puPXGhrtZZHxziGiuyikpUT5Np
HQwYvRo6XaAsuUuDi9sjKP1kAfdaAVBy8wJBAKq+nahV1b2X7qxC+rcajgUXupKe
KjakK6fLlNpR8D7z/8Q1nGnRQx7aZxxoLOxMxllWK2KYAcCRW5AmokSccTECQG33
6K7aJ0GHBRvXclSpcs8rYzLNSRR1v6gdGZeLOHaaW4cUqcj2Uh1o0cJlsCFk80cl
mLbKY6twBQ3ZufYvv5sCQCaWn4kDt9jjhuP0+Pbjzcl75MixfnZPLSjWkhqgv0TO
OGW4iOxKpDF7Q1MBiMckymzitab3GBy4Owd3QC/wnk0=
-----END RSA PRIVATE KEY-----

--------------------
19:34:52.084 com.cyjh.elfin.floatingwindowprocess.d.b
->a(011F.java)
-----BEGIN PUBLIC KEY-----
MIGfMA0GCSqGSIb3DQEBAQUAA4GNADCBiQKBgQDQ6aF1yXQM2dS6Wl5IUkpIAPad
Ppyt8qkhWSFw0OpmDxTPBOnnF/3V0HUbcu0E+xO542sbHX1PYZD1OStHBYOcvc2I
uKa7dl/A/uywHZ4fVxSKXrge3MuvDZ6kefbJEcDaCLuc+TOtj7/HlDpblJE7sRVt
CYxNQp0T3b3OokyDnwIDAQAB
-----END PUBLIC KEY-----

--------------------
19:34:52.084 com.cyjh.elfin.floatingwindowprocess.d.b
->a(011F.java)
测试↑
--------------------
19:34:52.088 com.cyjh.elfin.floatingwindowprocess.d.b
->a(011F.java)
测试↓
--------------------
19:34:52.088 com.cyjh.elfin.floatingwindowprocess.d.b
->a(011F.java)
java.lang.RuntimeException: 记录栈
	at mt.LogA9F8F1.a(Unknown Source)
	at com.cyjh.elfin.floatingwindowprocess.d.b.a(011F.java)
	at com.cyjh.elfin.floatingwindowprocess.service.FloatingWindowService.b(0120.java:2)
	at com.cyjh.elfin.floatingwindowprocess.service.FloatingWindowService.onStartCommand(0120.java)
	at android.app.ActivityThread.handleServiceArgs(ActivityThread.java:3387)
	at android.app.ActivityThread.-wrap21(ActivityThread.java)
	at android.app.ActivityThread$H.handleMessage(ActivityThread.java:1587)
	at android.os.Handler.dispatchMessage(Handler.java:102)
	at android.os.Looper.loop(Looper.java:154)
	at android.app.ActivityThread.main(ActivityThread.java:6189)
	at java.lang.reflect.Method.invoke(Native Method)
	at com.android.internal.os.ZygoteInit$MethodAndArgsCaller.run(ZygoteInit.java:1126)
	at com.android.internal.os.ZygoteInit.main(ZygoteInit.java:1000)

--------------------
19:34:52.088 com.cyjh.elfin.floatingwindowprocess.d.b
->a(011F.java)
记录2
--------------------
19:34:52.088 com.cyjh.elfin.floatingwindowprocess.d.b
->a(011F.java)
{"BaseURL":"http://auth2.mobileanjian.com/","PackageName":"com.hjol","PayAppId":"7BACC4EF-DFDA-4dd9-815C-999FF745A82B","ScriptType":true,"authDesKeys":["1bff00f5","caf7a1f0","7fed39f9","a1988775","964f8677","242678c5","b4af55a5","6619cb9d"],"AppId":238076,"AppInfo":"COBC41DkB9vuJuuZA5T2+hSJXVrM5/DJs+cvCsW89UbcEuqeEcx8Zfdll5w5Ed04e/JnVcOeO4XHospe1u9wgu+IpdsPqHj6","AppVersion":"1712804694","ClientTimestamp":1712835292,"DeviceCode":"53504273809530277ba80b7a4","DeviceId":"677b0ea9b8fcd0d3284a3d4692a13042","IsRedFinger":0,"TemplateFileId":559,"TemplateVersion":"6.1.1","V":"81058250b7deb83d0"}
--------------------
19:34:52.088 com.cyjh.elfin.floatingwindowprocess.d.b
->a(011F.java)
测试↑
--------------------
19:34:52.088 com.cyjh.elfin.floatingwindowprocess.d.b
->a(011F.java)
测试↓
--------------------
19:34:52.089 com.cyjh.elfin.floatingwindowprocess.d.b
->a(011F.java)
java.lang.RuntimeException: 记录栈
	at mt.LogA9F8F1.a(Unknown Source)
	at com.cyjh.elfin.floatingwindowprocess.d.b.a(011F.java)
	at com.cyjh.elfin.floatingwindowprocess.service.FloatingWindowService.b(0120.java:2)
	at com.cyjh.elfin.floatingwindowprocess.service.FloatingWindowService.onStartCommand(0120.java)
	at android.app.ActivityThread.handleServiceArgs(ActivityThread.java:3387)
	at android.app.ActivityThread.-wrap21(ActivityThread.java)
	at android.app.ActivityThread$H.handleMessage(ActivityThread.java:1587)
	at android.os.Handler.dispatchMessage(Handler.java:102)
	at android.os.Looper.loop(Looper.java:154)
	at android.app.ActivityThread.main(ActivityThread.java:6189)
	at java.lang.reflect.Method.invoke(Native Method)
	at com.android.internal.os.ZygoteInit$MethodAndArgsCaller.run(ZygoteInit.java:1126)
	at com.android.internal.os.ZygoteInit.main(ZygoteInit.java:1000)

--------------------
19:34:52.089 com.cyjh.elfin.floatingwindowprocess.d.b
->a(011F.java)
-----BEGIN RSA PRIVATE KEY-----
MIICXAIBAAKBgQCVNCExZl+SZAQNhkR1KXdaft64oG88FjymP+iK9l5TVt7+VpUw
bJ4/hl9UXqrFMQsrAm9d2/4NN3Laz+KthWOCjNRDWgMg0xhXRg6ns0hKRFZCEasc
MX5ioW0IFf/WqFkaYEnMtgnJWrOvPFS/FPNIk84TZADfAktzSRJw+aNzFwIDAQAB
AoGAIdCXuT9vZ5kdRgdpGniUYUEhrwxFSYPsqO0RAfWGOTMWBOSQmVH0p4cHsfJm
l5xe4JeDr+z87ffkIu08fYEepQ4Y5eMNJ8T4O3V8MlhqKApJPyVwLNzd2fCXb3vJ
jkUC0+CJB6767eHGoRvlPT2TkUOssMNPriM0XK4t9iPKzzkCQQDOK4u9Te23M7IQ
Mf3SQTBtwT+SijOHPx6QSaOemvGvO8gxm0sa37R1fTUkM5ZeVzavZ5SnLGnYDitc
xvCtQ6BNAkEAuUPfRaZy9vCmspE59TgcbuNNs2puPXGhrtZZHxziGiuyikpUT5Np
HQwYvRo6XaAsuUuDi9sjKP1kAfdaAVBy8wJBAKq+nahV1b2X7qxC+rcajgUXupKe
KjakK6fLlNpR8D7z/8Q1nGnRQx7aZxxoLOxMxllWK2KYAcCRW5AmokSccTECQG33
6K7aJ0GHBRvXclSpcs8rYzLNSRR1v6gdGZeLOHaaW4cUqcj2Uh1o0cJlsCFk80cl
mLbKY6twBQ3ZufYvv5sCQCaWn4kDt9jjhuP0+Pbjzcl75MixfnZPLSjWkhqgv0TO
OGW4iOxKpDF7Q1MBiMckymzitab3GBy4Owd3QC/wnk0=
-----END RSA PRIVATE KEY-----

--------------------
19:34:52.089 com.cyjh.elfin.floatingwindowprocess.d.b
->a(011F.java)
-----BEGIN PUBLIC KEY-----
MIGfMA0GCSqGSIb3DQEBAQUAA4GNADCBiQKBgQDQ6aF1yXQM2dS6Wl5IUkpIAPad
Ppyt8qkhWSFw0OpmDxTPBOnnF/3V0HUbcu0E+xO542sbHX1PYZD1OStHBYOcvc2I
uKa7dl/A/uywHZ4fVxSKXrge3MuvDZ6kefbJEcDaCLuc+TOtj7/HlDpblJE7sRVt
CYxNQp0T3b3OokyDnwIDAQAB
-----END PUBLIC KEY-----

--------------------
19:34:52.089 com.cyjh.elfin.floatingwindowprocess.d.b
->a(011F.java)
测试↑
--------------------
19:34:52.215 com.cyjh.mq.sdk.a
->onObtained(Unknown Source)
测试↓
--------------------
19:34:52.216 com.cyjh.mq.sdk.a
->onObtained(Unknown Source)
java.lang.RuntimeException: 记录栈
	at mt.LogA9F8F1.a(Unknown Source)
	at com.cyjh.mq.sdk.a.onObtained(Unknown Source)
	at com.cyjh.mobileanjian.ipc.d$2.run(Unknown Source)

--------------------
19:34:52.216 com.cyjh.mq.sdk.a
->onObtained(Unknown Source)
JAVA_RUNNER
--------------------
19:34:52.217 com.cyjh.mq.sdk.a
->onObtained(Unknown Source)
onObtained()1
--------------------
19:34:52.217 com.cyjh.mq.sdk.a
->onObtained(Unknown Source)
测试↑
--------------------
19:34:52.325 com.cyjh.common.util.ac
->a(Unknown Source)
测试↓
--------------------
19:34:52.326 com.cyjh.common.util.ac
->a(Unknown Source)
java.lang.RuntimeException: 记录栈
	at mt.LogA9F8F1.a(Unknown Source)
	at com.cyjh.common.util.ac.a(Unknown Source)
	at com.cyjh.common.util.ac.a(Unknown Source)
	at com.cyjh.common.util.aj.copyWebInjectFile(00E6.java)
	at com.elfin.engin.c$7.onRootProgress(Unknown Source)
	at com.cyjh.mq.sdk.a$1.handleMessage(016F.java:1)
	at android.os.Handler.dispatchMessage(Handler.java:102)
	at android.os.Looper.loop(Looper.java:154)
	at android.app.ActivityThread.main(ActivityThread.java:6189)
	at java.lang.reflect.Method.invoke(Native Method)
	at com.android.internal.os.ZygoteInit$MethodAndArgsCaller.run(ZygoteInit.java:1126)
	at com.android.internal.os.ZygoteInit.main(ZygoteInit.java:1000)

--------------------
19:34:52.326 com.cyjh.common.util.ac
->a(Unknown Source)
SYS
--------------------
19:34:52.326 com.cyjh.common.util.ac
->a(Unknown Source)
command finished.
--------------------
19:34:52.326 com.cyjh.common.util.ac
->a(Unknown Source)
测试↑
--------------------
19:34:52.327 com.cyjh.common.util.aj
->copyWebInjectFile(00E6.java)
测试↓
--------------------
19:34:52.328 com.cyjh.common.util.aj
->copyWebInjectFile(00E6.java)
java.lang.RuntimeException: 记录栈
	at mt.LogA9F8F1.a(Unknown Source)
	at com.cyjh.common.util.aj.copyWebInjectFile(00E6.java)
	at com.elfin.engin.c$7.onRootProgress(Unknown Source)
	at com.cyjh.mq.sdk.a$1.handleMessage(016F.java:1)
	at android.os.Handler.dispatchMessage(Handler.java:102)
	at android.os.Looper.loop(Looper.java:154)
	at android.app.ActivityThread.main(ActivityThread.java:6189)
	at java.lang.reflect.Method.invoke(Native Method)
	at com.android.internal.os.ZygoteInit$MethodAndArgsCaller.run(ZygoteInit.java:1126)
	at com.android.internal.os.ZygoteInit.main(ZygoteInit.java:1000)

--------------------
19:34:52.328 com.cyjh.common.util.aj
->copyWebInjectFile(00E6.java)
xygtest
--------------------
19:34:52.328 com.cyjh.common.util.aj
->copyWebInjectFile(00E6.java)
isRoot=true
--------------------
19:34:52.328 com.cyjh.common.util.aj
->copyWebInjectFile(00E6.java)
测试↑
--------------------
19:34:52.441 com.cyjh.common.util.ac
->a(Unknown Source)
测试↓
--------------------
19:34:52.443 com.cyjh.common.util.ac
->a(Unknown Source)
java.lang.RuntimeException: 记录栈
	at mt.LogA9F8F1.a(Unknown Source)
	at com.cyjh.common.util.ac.a(Unknown Source)
	at com.cyjh.common.util.ac.a(Unknown Source)
	at com.cyjh.common.util.aj.copyWebInjectFile(00E6.java)
	at com.elfin.engin.c$7.onRootProgress(Unknown Source)
	at com.cyjh.mq.sdk.a$1.handleMessage(016F.java:1)
	at android.os.Handler.dispatchMessage(Handler.java:102)
	at android.os.Looper.loop(Looper.java:154)
	at android.app.ActivityThread.main(ActivityThread.java:6189)
	at java.lang.reflect.Method.invoke(Native Method)
	at com.android.internal.os.ZygoteInit$MethodAndArgsCaller.run(ZygoteInit.java:1126)
	at com.android.internal.os.ZygoteInit.main(ZygoteInit.java:1000)

--------------------
19:34:52.443 com.cyjh.common.util.ac
->a(Unknown Source)
SYS
--------------------
19:34:52.443 com.cyjh.common.util.ac
->a(Unknown Source)
command finished.
--------------------
19:34:52.444 com.cyjh.common.util.ac
->a(Unknown Source)
测试↑
--------------------
19:34:52.581 com.cyjh.common.util.ac
->a(Unknown Source)
测试↓
--------------------
19:34:52.583 com.cyjh.common.util.ac
->a(Unknown Source)
java.lang.RuntimeException: 记录栈
	at mt.LogA9F8F1.a(Unknown Source)
	at com.cyjh.common.util.ac.a(Unknown Source)
	at com.cyjh.common.util.ac.a(Unknown Source)
	at com.cyjh.common.util.aj.copyWebInjectFile(00E6.java:4)
	at com.elfin.engin.c$7.onRootProgress(Unknown Source)
	at com.cyjh.mq.sdk.a$1.handleMessage(016F.java:1)
	at android.os.Handler.dispatchMessage(Handler.java:102)
	at android.os.Looper.loop(Looper.java:154)
	at android.app.ActivityThread.main(ActivityThread.java:6189)
	at java.lang.reflect.Method.invoke(Native Method)
	at com.android.internal.os.ZygoteInit$MethodAndArgsCaller.run(ZygoteInit.java:1126)
	at com.android.internal.os.ZygoteInit.main(ZygoteInit.java:1000)

--------------------
19:34:52.583 com.cyjh.common.util.ac
->a(Unknown Source)
SYS
--------------------
19:34:52.583 com.cyjh.common.util.ac
->a(Unknown Source)
command finished.
--------------------
19:34:52.583 com.cyjh.common.util.ac
->a(Unknown Source)
测试↑
--------------------
19:34:52.709 com.cyjh.common.util.ac
->a(Unknown Source)
测试↓
--------------------
19:34:52.711 com.cyjh.common.util.ac
->a(Unknown Source)
java.lang.RuntimeException: 记录栈
	at mt.LogA9F8F1.a(Unknown Source)
	at com.cyjh.common.util.ac.a(Unknown Source)
	at com.cyjh.common.util.ac.a(Unknown Source)
	at com.cyjh.common.util.aj.copyWebInjectFile(00E6.java:4)
	at com.elfin.engin.c$7.onRootProgress(Unknown Source)
	at com.cyjh.mq.sdk.a$1.handleMessage(016F.java:1)
	at android.os.Handler.dispatchMessage(Handler.java:102)
	at android.os.Looper.loop(Looper.java:154)
	at android.app.ActivityThread.main(ActivityThread.java:6189)
	at java.lang.reflect.Method.invoke(Native Method)
	at com.android.internal.os.ZygoteInit$MethodAndArgsCaller.run(ZygoteInit.java:1126)
	at com.android.internal.os.ZygoteInit.main(ZygoteInit.java:1000)

--------------------
19:34:52.711 com.cyjh.common.util.ac
->a(Unknown Source)
SYS
--------------------
19:34:52.711 com.cyjh.common.util.ac
->a(Unknown Source)
command finished.
--------------------
19:34:52.712 com.cyjh.common.util.ac
->a(Unknown Source)
测试↑
--------------------
19:34:52.852 com.cyjh.common.util.ac
->a(Unknown Source)
测试↓
--------------------
19:34:52.853 com.cyjh.common.util.ac
->a(Unknown Source)
java.lang.RuntimeException: 记录栈
	at mt.LogA9F8F1.a(Unknown Source)
	at com.cyjh.common.util.ac.a(Unknown Source)
	at com.cyjh.common.util.ac.a(Unknown Source)
	at com.cyjh.common.util.aj.copyWebInjectFile(00E6.java:4)
	at com.elfin.engin.c$7.onRootProgress(Unknown Source)
	at com.cyjh.mq.sdk.a$1.handleMessage(016F.java:1)
	at android.os.Handler.dispatchMessage(Handler.java:102)
	at android.os.Looper.loop(Looper.java:154)
	at android.app.ActivityThread.main(ActivityThread.java:6189)
	at java.lang.reflect.Method.invoke(Native Method)
	at com.android.internal.os.ZygoteInit$MethodAndArgsCaller.run(ZygoteInit.java:1126)
	at com.android.internal.os.ZygoteInit.main(ZygoteInit.java:1000)

--------------------
19:34:52.854 com.cyjh.common.util.ac
->a(Unknown Source)
SYS
--------------------
19:34:52.854 com.cyjh.common.util.ac
->a(Unknown Source)
command finished.
--------------------
19:34:52.854 com.cyjh.common.util.ac
->a(Unknown Source)
测试↑
--------------------
19:34:52.995 com.cyjh.common.util.ac
->a(Unknown Source)
测试↓
--------------------
19:34:52.997 com.cyjh.common.util.ac
->a(Unknown Source)
java.lang.RuntimeException: 记录栈
	at mt.LogA9F8F1.a(Unknown Source)
	at com.cyjh.common.util.ac.a(Unknown Source)
	at com.cyjh.common.util.ac.a(Unknown Source)
	at com.cyjh.common.util.aj.copyWebInjectFile(00E6.java:4)
	at com.elfin.engin.c$7.onRootProgress(Unknown Source)
	at com.cyjh.mq.sdk.a$1.handleMessage(016F.java:1)
	at android.os.Handler.dispatchMessage(Handler.java:102)
	at android.os.Looper.loop(Looper.java:154)
	at android.app.ActivityThread.main(ActivityThread.java:6189)
	at java.lang.reflect.Method.invoke(Native Method)
	at com.android.internal.os.ZygoteInit$MethodAndArgsCaller.run(ZygoteInit.java:1126)
	at com.android.internal.os.ZygoteInit.main(ZygoteInit.java:1000)

--------------------
19:34:52.997 com.cyjh.common.util.ac
->a(Unknown Source)
SYS
--------------------
19:34:52.997 com.cyjh.common.util.ac
->a(Unknown Source)
command finished.
--------------------
19:34:52.997 com.cyjh.common.util.ac
->a(Unknown Source)
测试↑
--------------------
19:34:52.998 com.cyjh.common.util.aj
->copyWebInjectFile(00E6.java:4)
测试↓
--------------------
19:34:52.999 com.cyjh.common.util.aj
->copyWebInjectFile(00E6.java:4)
java.lang.RuntimeException: 记录栈
	at mt.LogA9F8F1.a(Unknown Source)
	at com.cyjh.common.util.aj.copyWebInjectFile(00E6.java:4)
	at com.elfin.engin.c$7.onRootProgress(Unknown Source)
	at com.cyjh.mq.sdk.a$1.handleMessage(016F.java:1)
	at android.os.Handler.dispatchMessage(Handler.java:102)
	at android.os.Looper.loop(Looper.java:154)
	at android.app.ActivityThread.main(ActivityThread.java:6189)
	at java.lang.reflect.Method.invoke(Native Method)
	at com.android.internal.os.ZygoteInit$MethodAndArgsCaller.run(ZygoteInit.java:1126)
	at com.android.internal.os.ZygoteInit.main(ZygoteInit.java:1000)

--------------------
19:34:53.001 com.cyjh.common.util.aj
->copyWebInjectFile(00E6.java:4)
xygtest
--------------------
19:34:53.001 com.cyjh.common.util.aj
->copyWebInjectFile(00E6.java:4)
result=0
--------------------
19:34:53.001 com.cyjh.common.util.aj
->copyWebInjectFile(00E6.java:4)
测试↑
--------------------
19:34:53.105 com.cyjh.common.util.ac
->a(Unknown Source)
测试↓
--------------------
19:34:53.106 com.cyjh.common.util.ac
->a(Unknown Source)
java.lang.RuntimeException: 记录栈
	at mt.LogA9F8F1.a(Unknown Source)
	at com.cyjh.common.util.ac.a(Unknown Source)
	at com.cyjh.common.util.ac.a(Unknown Source)
	at com.cyjh.common.util.aj.copyWebInjectFile(00E6.java:4)
	at com.elfin.engin.c$7.onRootProgress(Unknown Source)
	at com.cyjh.mq.sdk.a$1.handleMessage(016F.java:1)
	at android.os.Handler.dispatchMessage(Handler.java:102)
	at android.os.Looper.loop(Looper.java:154)
	at android.app.ActivityThread.main(ActivityThread.java:6189)
	at java.lang.reflect.Method.invoke(Native Method)
	at com.android.internal.os.ZygoteInit$MethodAndArgsCaller.run(ZygoteInit.java:1126)
	at com.android.internal.os.ZygoteInit.main(ZygoteInit.java:1000)

--------------------
19:34:53.107 com.cyjh.common.util.ac
->a(Unknown Source)
SYS
--------------------
19:34:53.107 com.cyjh.common.util.ac
->a(Unknown Source)
command finished.
--------------------
19:34:53.107 com.cyjh.common.util.ac
->a(Unknown Source)
测试↑
--------------------
19:34:53.108 com.cyjh.common.util.aj
->copyWebInjectFile(00E6.java:4)
测试↓
--------------------
19:34:53.109 com.cyjh.common.util.aj
->copyWebInjectFile(00E6.java:4)
java.lang.RuntimeException: 记录栈
	at mt.LogA9F8F1.a(Unknown Source)
	at com.cyjh.common.util.aj.copyWebInjectFile(00E6.java:4)
	at com.elfin.engin.c$7.onRootProgress(Unknown Source)
	at com.cyjh.mq.sdk.a$1.handleMessage(016F.java:1)
	at android.os.Handler.dispatchMessage(Handler.java:102)
	at android.os.Looper.loop(Looper.java:154)
	at android.app.ActivityThread.main(ActivityThread.java:6189)
	at java.lang.reflect.Method.invoke(Native Method)
	at com.android.internal.os.ZygoteInit$MethodAndArgsCaller.run(ZygoteInit.java:1126)
	at com.android.internal.os.ZygoteInit.main(ZygoteInit.java:1000)

--------------------
19:34:53.109 com.cyjh.common.util.aj
->copyWebInjectFile(00E6.java:4)
xygtest
--------------------
19:34:53.109 com.cyjh.common.util.aj
->copyWebInjectFile(00E6.java:4)
result=0
--------------------
19:34:53.109 com.cyjh.common.util.aj
->copyWebInjectFile(00E6.java:4)
测试↑
--------------------
19:34:53.146 com.cyjh.elfin.floatingwindowprocess.service.a$a
->handleMessage(Unknown Source)
测试↓
--------------------
19:34:53.147 com.cyjh.elfin.floatingwindowprocess.service.a$a
->handleMessage(Unknown Source)
java.lang.RuntimeException: 记录栈
	at mt.LogA9F8F1.a(Unknown Source)
	at com.cyjh.elfin.floatingwindowprocess.service.a$a.handleMessage(Unknown Source)
	at android.os.Handler.dispatchMessage(Handler.java:102)
	at android.os.Looper.loop(Looper.java:154)
	at android.app.ActivityThread.main(ActivityThread.java:6189)
	at java.lang.reflect.Method.invoke(Native Method)
	at com.android.internal.os.ZygoteInit$MethodAndArgsCaller.run(ZygoteInit.java:1126)
	at com.android.internal.os.ZygoteInit.main(ZygoteInit.java:1000)

--------------------
19:34:53.147 com.cyjh.elfin.floatingwindowprocess.service.a$a
->handleMessage(Unknown Source)
ServerAppService
--------------------
19:34:53.148 com.cyjh.elfin.floatingwindowprocess.service.a$a
->handleMessage(Unknown Source)
收到来自客户端的消息:30000
--------------------
19:34:53.148 com.cyjh.elfin.floatingwindowprocess.service.a$a
->handleMessage(Unknown Source)
测试↑
--------------------
19:34:57.352 com.cyjh.http.d.b.a
->a(Unknown Source)
测试↓
--------------------
19:34:57.354 com.cyjh.http.d.b.a
->a(Unknown Source)
java.lang.RuntimeException: 记录栈
	at mt.LogA9F8F1.a(Unknown Source)
	at com.cyjh.http.d.b.a.a(Unknown Source)
	at com.cyjh.http.c.c.d.a(Unknown Source)
	at com.cyjh.http.c.b.a.a(Unknown Source)
	at com.cyjh.elfin.floatingwindowprocess.d.a.a(011D.java:3)
	at com.cyjh.elfin.floatingwindowprocess.floatview.ElfinFloatView.k(Unknown Source)
	at com.cyjh.elfin.floatingwindowprocess.floatview.ElfinFloatView.onClick(Unknown Source)
	at android.view.View.performClick(View.java:5637)
	at android.view.View$PerformClick.run(View.java:22429)
	at android.os.Handler.handleCallback(Handler.java:751)
	at android.os.Handler.dispatchMessage(Handler.java:95)
	at android.os.Looper.loop(Looper.java:154)
	at android.app.ActivityThread.main(ActivityThread.java:6189)
	at java.lang.reflect.Method.invoke(Native Method)
	at com.android.internal.os.ZygoteInit$MethodAndArgsCaller.run(ZygoteInit.java:1126)
	at com.android.internal.os.ZygoteInit.main(ZygoteInit.java:1000)

--------------------
19:34:57.354 com.cyjh.http.d.b.a
->a(Unknown Source)
ActivithHttpHelper
--------------------
19:34:57.354 com.cyjh.http.d.b.a
->a(Unknown Source)
url:http://auth2.mobileanjian.com/VersionUpdate
--------------------
19:34:57.355 com.cyjh.http.d.b.a
->a(Unknown Source)
测试↑
--------------------
19:34:57.526 com.cyjh.http.c.a.a
->a(014E.java:1)
测试↓
--------------------
19:34:57.528 com.cyjh.http.c.a.a
->a(014E.java:1)
java.lang.RuntimeException: 记录栈
	at mt.LogA9F8F1.a(Unknown Source)
	at com.cyjh.http.c.a.a.a(014E.java:1)
	at com.cyjh.http.d.b.d.a(0152.java:1)
	at com.android.volley.g.run(Unknown Source)

--------------------
19:34:57.528 com.cyjh.http.c.a.a
->a(014E.java:1)
AbstractHttpPresenter
--------------------
19:34:57.528 com.cyjh.http.c.a.a
->a(014E.java:1)
decodeRes:{"SignContent":"{\u0022Code\u0022:200,\u0022Message\u0022:\u0022请求成功！\u0022,\u0022Data\u0022:{\u0022UpdateType\u0022:0,\u0022AppName\u0022:null,\u0022UpdateContent\u0022:null,\u0022UpdateUrl\u0022:null,\u0022PackageName\u0022:null,\u0022PackageSize\u0022:0,\u0022AppUpdateTime\u0022:0,\u0022StudioProjectKey\u0022:null,\u0022DeviceName\u0022:\u0022Sony9a71140d\u0022,\u0022InstanceDataUploadInterval\u0022:0,\u0022UpgradeMode\u0022:0,\u0022AppVersion\u0022:0,\u0022ClientTimestamp\u0022:1712835297,\u0022ServerTimestamp\u0022:1712835299}}","Signature":"OTg5EZbg6jJOcmQoXyE9Vhkvjyc5kjezcRKhLAc9CBySm0ZA2HXaw2+iRNbQ06CEVw96kySh+Mq1Bfya4/YECdzonncftvtaCCcgatljmBpTmo/1pV8Pd8WOXWL9pE0AJVJ8x04HcP0f0Pr0M2rdFNMEZ9UgBS6Mi8GITfTLm+E="}
--------------------
19:34:57.528 com.cyjh.http.c.a.a
->a(014E.java:1)
测试↑
--------------------
19:34:57.541 com.cyjh.http.c.c.c
->a(014F.java)
测试↓
--------------------
19:34:57.542 com.cyjh.http.c.c.c
->a(014F.java)
java.lang.RuntimeException: 记录栈
	at mt.LogA9F8F1.a(Unknown Source)
	at com.cyjh.http.c.c.c.a(014F.java)
	at com.cyjh.elfin.floatingwindowprocess.d.a.b(011D.java)
	at com.cyjh.elfin.floatingwindowprocess.d.a$1.a(Unknown Source)
	at com.cyjh.http.c.b.a.c(Unknown Source)
	at com.cyjh.http.c.c.d.a(Unknown Source)
	at com.cyjh.http.d.b.a.a(Unknown Source)
	at com.cyjh.http.d.b.d.a(0152.java)
	at com.android.volley.e$a.run(Unknown Source)
	at android.os.Handler.handleCallback(Handler.java:751)
	at android.os.Handler.dispatchMessage(Handler.java:95)
	at android.os.Looper.loop(Looper.java:154)
	at android.app.ActivityThread.main(ActivityThread.java:6189)
	at java.lang.reflect.Method.invoke(Native Method)
	at com.android.internal.os.ZygoteInit$MethodAndArgsCaller.run(ZygoteInit.java:1126)
	at com.android.internal.os.ZygoteInit.main(ZygoteInit.java:1000)

--------------------
19:34:57.542 com.cyjh.http.c.c.c
->a(014F.java)
loadScriptStar
--------------------
19:34:57.542 com.cyjh.http.c.c.c
->a(014F.java)
scriptStartRunParams:ScriptStartRunParams{TemplateFileId=559, TemplateVersion='6.1.1', AppId=238076, AppVersion='1712804694', DeviceId='677b0ea9b8fcd0d3284a3d4692a13042', ClientTimestamp=1712835297, IsRedFinger=0, DeviceCode='53504273809530277ba80b7a4', AppInfo='COBC41DkB9vuJuuZA5T2+hSJXVrM5/DJs+cvCsW89UbcEuqeEcx8Zfdll5w5Ed04e/JnVcOeO4XHospe1u9wgu+IpdsPqHj6', V='81058250b7deb83d0', RegCode='63ff40df981462bf', ScriptId='7be025e0-0829-4b47-bff1-224ef491317d'}
--------------------
19:34:57.542 com.cyjh.http.c.c.c
->a(014F.java)
测试↑
--------------------
19:34:57.555 com.cyjh.http.d.b.a
->a(Unknown Source)
测试↓
--------------------
19:34:57.556 com.cyjh.http.d.b.a
->a(Unknown Source)
java.lang.RuntimeException: 记录栈
	at mt.LogA9F8F1.a(Unknown Source)
	at com.cyjh.http.d.b.a.a(Unknown Source)
	at com.cyjh.http.c.c.c.a(014F.java)
	at com.cyjh.elfin.floatingwindowprocess.d.a.b(011D.java)
	at com.cyjh.elfin.floatingwindowprocess.d.a$1.a(Unknown Source)
	at com.cyjh.http.c.b.a.c(Unknown Source)
	at com.cyjh.http.c.c.d.a(Unknown Source)
	at com.cyjh.http.d.b.a.a(Unknown Source)
	at com.cyjh.http.d.b.d.a(0152.java)
	at com.android.volley.e$a.run(Unknown Source)
	at android.os.Handler.handleCallback(Handler.java:751)
	at android.os.Handler.dispatchMessage(Handler.java:95)
	at android.os.Looper.loop(Looper.java:154)
	at android.app.ActivityThread.main(ActivityThread.java:6189)
	at java.lang.reflect.Method.invoke(Native Method)
	at com.android.internal.os.ZygoteInit$MethodAndArgsCaller.run(ZygoteInit.java:1126)
	at com.android.internal.os.ZygoteInit.main(ZygoteInit.java:1000)

--------------------
19:34:57.557 com.cyjh.http.d.b.a
->a(Unknown Source)
ActivithHttpHelper
--------------------
19:34:57.557 com.cyjh.http.d.b.a
->a(Unknown Source)
url:http://auth2.mobileanjian.com/Script/PreStart
--------------------
19:34:57.557 com.cyjh.http.d.b.a
->a(Unknown Source)
测试↑
--------------------
19:34:57.644 com.cyjh.http.c.a.a
->a(014E.java:1)
测试↓
--------------------
19:34:57.645 com.cyjh.http.c.a.a
->a(014E.java:1)
java.lang.RuntimeException: 记录栈
	at mt.LogA9F8F1.a(Unknown Source)
	at com.cyjh.http.c.a.a.a(014E.java:1)
	at com.cyjh.http.d.b.d.a(0152.java:1)
	at com.android.volley.g.run(Unknown Source)

--------------------
19:34:57.646 com.cyjh.http.c.a.a
->a(014E.java:1)
AbstractHttpPresenter
--------------------
19:34:57.646 com.cyjh.http.c.a.a
->a(014E.java:1)
decodeRes:{"SignContent":"{\u0022Code\u0022:200,\u0022Message\u0022:\u0022请求成功！\u0022,\u0022Data\u0022:{\u0022ExpireTime\u0022:1713180919,\u0022DailyTryTimes\u0022:1,\u0022OnceTryMinute\u0022:10,\u0022RunGuid\u0022:null,\u0022ScriptEncryptKey\u0022:\u0022ab61f1113c13458bbb57f9601ddd10c4\u0022,\u0022ClientTimestamp\u0022:1712835297,\u0022ServerTimestamp\u0022:1712835299}}","Signature":"ewJOS/P+Z8ns035OCllLoj+flFCBcY3F9ieW5wkPALCJaZ/1+vlaZDqMrYWpwCF4cKWv/li0REM+khCZdXOyTT6bGMp4V/CI6+YTvIxuujKLfXBIgLnFY5DG5xr277O72gBPh5Ieg/DIHKPvnhn1DCfTDQjshdvsOgDYp66LPic="}
--------------------
19:34:57.646 com.cyjh.http.c.a.a
->a(014E.java:1)
测试↑
--------------------
19:34:57.648 com.cyjh.http.c.c.c
->a(014F.java)
测试↓
--------------------
19:34:57.649 com.cyjh.http.c.c.c
->a(014F.java)
java.lang.RuntimeException: 记录栈
	at mt.LogA9F8F1.a(Unknown Source)
	at com.cyjh.http.c.c.c.a(014F.java)
	at com.cyjh.http.d.b.a.a(Unknown Source)
	at com.cyjh.http.d.b.d.a(0152.java)
	at com.android.volley.e$a.run(Unknown Source)
	at android.os.Handler.handleCallback(Handler.java:751)
	at android.os.Handler.dispatchMessage(Handler.java:95)
	at android.os.Looper.loop(Looper.java:154)
	at android.app.ActivityThread.main(ActivityThread.java:6189)
	at java.lang.reflect.Method.invoke(Native Method)
	at com.android.internal.os.ZygoteInit$MethodAndArgsCaller.run(ZygoteInit.java:1126)
	at com.android.internal.os.ZygoteInit.main(ZygoteInit.java:1000)

--------------------
19:34:57.650 com.cyjh.http.c.c.c
->a(014F.java)
zzz
--------------------
19:34:57.650 com.cyjh.http.c.c.c
->a(014F.java)
com.cyjh.share.AppStatisticsPresenter--uiDataSuccess:{"Code":200,"Message":"请求成功！","Data":{"ExpireTime":1713180919,"DailyTryTimes":1,"OnceTryMinute":10,"RunGuid":null,"ScriptEncryptKey":"ab61f1113c13458bbb57f9601ddd10c4","ClientTimestamp":1712835297,"ServerTimestamp":1712835299}}
--------------------
19:34:57.650 com.cyjh.http.c.c.c
->a(014F.java)
测试↑
--------------------
19:34:57.659 com.cyjh.elfin.floatingwindowprocess.d.b
->a(011F.java)
测试↓
--------------------
19:34:57.660 com.cyjh.elfin.floatingwindowprocess.d.b
->a(011F.java)
java.lang.RuntimeException: 记录栈
	at mt.LogA9F8F1.a(Unknown Source)
	at com.cyjh.elfin.floatingwindowprocess.d.b.a(011F.java)
	at com.cyjh.elfin.floatingwindowprocess.c.c.a(011C.java)
	at com.cyjh.elfin.floatingwindowprocess.d.b.c(011F.java)
	at com.cyjh.elfin.floatingwindowprocess.d.a$2.a(Unknown Source)
	at com.cyjh.http.c.c.c.a(014F.java:1)
	at com.cyjh.http.d.b.a.a(Unknown Source)
	at com.cyjh.http.d.b.d.a(0152.java)
	at com.android.volley.e$a.run(Unknown Source)
	at android.os.Handler.handleCallback(Handler.java:751)
	at android.os.Handler.dispatchMessage(Handler.java:95)
	at android.os.Looper.loop(Looper.java:154)
	at android.app.ActivityThread.main(ActivityThread.java:6189)
	at java.lang.reflect.Method.invoke(Native Method)
	at com.android.internal.os.ZygoteInit$MethodAndArgsCaller.run(ZygoteInit.java:1126)
	at com.android.internal.os.ZygoteInit.main(ZygoteInit.java:1000)

--------------------
19:34:57.660 com.cyjh.elfin.floatingwindowprocess.d.b
->a(011F.java)
zzz
--------------------
19:34:57.661 com.cyjh.elfin.floatingwindowprocess.d.b
->a(011F.java)
runScript--script4Run.scripyEncryptKey:ab61f1113c13458bbb57f9601ddd10c4
--------------------
19:34:57.661 com.cyjh.elfin.floatingwindowprocess.d.b
->a(011F.java)
测试↑
--------------------
19:34:57.693 com.cyjh.mq.c.d$1
->handleMessage(Unknown Source)
测试↓
--------------------
19:34:57.694 com.cyjh.mq.c.d$1
->handleMessage(Unknown Source)
java.lang.RuntimeException: 记录栈
	at mt.LogA9F8F1.a(Unknown Source)
	at com.cyjh.mq.c.d$1.handleMessage(Unknown Source)
	at android.os.Handler.dispatchMessage(Handler.java:102)
	at android.os.Looper.loop(Looper.java:154)
	at android.app.ActivityThread.main(ActivityThread.java:6189)
	at java.lang.reflect.Method.invoke(Native Method)
	at com.android.internal.os.ZygoteInit$MethodAndArgsCaller.run(ZygoteInit.java:1126)
	at com.android.internal.os.ZygoteInit.main(ZygoteInit.java:1000)

--------------------
19:34:57.695 com.cyjh.mq.c.d$1
->handleMessage(Unknown Source)
消息弹出
--------------------
19:34:57.695 com.cyjh.mq.c.d$1
->handleMessage(Unknown Source)
{ when=-2ms what=5 arg1=2131296285 target=com.cyjh.mq.c.d$1 }
--------------------
19:34:57.695 com.cyjh.mq.c.d$1
->handleMessage(Unknown Source)
测试↑
--------------------
19:34:57.701 com.cyjh.mq.c.d$1
->handleMessage(Unknown Source)
测试↓
--------------------
19:34:57.702 com.cyjh.mq.c.d$1
->handleMessage(Unknown Source)
java.lang.RuntimeException: 记录栈
	at mt.LogA9F8F1.a(Unknown Source)
	at com.cyjh.mq.c.d$1.handleMessage(Unknown Source)
	at android.os.Handler.dispatchMessage(Handler.java:102)
	at android.os.Looper.loop(Looper.java:154)
	at android.app.ActivityThread.main(ActivityThread.java:6189)
	at java.lang.reflect.Method.invoke(Native Method)
	at com.android.internal.os.ZygoteInit$MethodAndArgsCaller.run(ZygoteInit.java:1126)
	at com.android.internal.os.ZygoteInit.main(ZygoteInit.java:1000)

--------------------
19:34:57.702 com.cyjh.mq.c.d$1
->handleMessage(Unknown Source)
消息弹出
--------------------
19:34:57.703 com.cyjh.mq.c.d$1
->handleMessage(Unknown Source)
{ when=-10ms what=2 target=com.cyjh.mq.c.d$1 }
--------------------
19:34:57.703 com.cyjh.mq.c.d$1
->handleMessage(Unknown Source)
测试↑
--------------------
19:34:57.703 com.cyjh.elfin.floatingwindowprocess.d.b$2
->b(011E.java)
测试↓
--------------------
19:34:57.704 com.cyjh.elfin.floatingwindowprocess.d.b$2
->b(011E.java)
java.lang.RuntimeException: 记录栈
	at mt.LogA9F8F1.a(Unknown Source)
	at com.cyjh.elfin.floatingwindowprocess.d.b$2.b(011E.java)
	at com.elfin.engin.c$4.onStartScript(Unknown Source)
	at com.cyjh.mq.c.d$1.handleMessage(Unknown Source)
	at android.os.Handler.dispatchMessage(Handler.java:102)
	at android.os.Looper.loop(Looper.java:154)
	at android.app.ActivityThread.main(ActivityThread.java:6189)
	at java.lang.reflect.Method.invoke(Native Method)
	at com.android.internal.os.ZygoteInit$MethodAndArgsCaller.run(ZygoteInit.java:1126)
	at com.android.internal.os.ZygoteInit.main(ZygoteInit.java:1000)

--------------------
19:34:57.705 com.cyjh.elfin.floatingwindowprocess.d.b$2
->b(011E.java)
ScriptRunnerManager
--------------------
19:34:57.705 com.cyjh.elfin.floatingwindowprocess.d.b$2
->b(011E.java)
onStartScript
--------------------
19:34:57.705 com.cyjh.elfin.floatingwindowprocess.d.b$2
->b(011E.java)
测试↑
--------------------
19:34:57.707 com.cyjh.elfin.floatingwindowprocess.d.b$2
->b(011E.java:1)
你还可以使用4天0小时0分钟
--------------------
19:34:57.712 com.cyjh.http.c.c.c
->a(014F.java)
测试↓
--------------------
19:34:57.713 com.cyjh.http.c.c.c
->a(014F.java)
java.lang.RuntimeException: 记录栈
	at mt.LogA9F8F1.a(Unknown Source)
	at com.cyjh.http.c.c.c.a(014F.java)
	at com.cyjh.elfin.floatingwindowprocess.d.a.a(011D.java)
	at com.cyjh.elfin.floatingwindowprocess.d.b$2.b(011E.java:1)
	at com.elfin.engin.c$4.onStartScript(Unknown Source)
	at com.cyjh.mq.c.d$1.handleMessage(Unknown Source)
	at android.os.Handler.dispatchMessage(Handler.java:102)
	at android.os.Looper.loop(Looper.java:154)
	at android.app.ActivityThread.main(ActivityThread.java:6189)
	at java.lang.reflect.Method.invoke(Native Method)
	at com.android.internal.os.ZygoteInit$MethodAndArgsCaller.run(ZygoteInit.java:1126)
	at com.android.internal.os.ZygoteInit.main(ZygoteInit.java:1000)

--------------------
19:34:57.713 com.cyjh.http.c.c.c
->a(014F.java)
loadScriptStar
--------------------
19:34:57.713 com.cyjh.http.c.c.c
->a(014F.java)
scriptStartRunParams:ScriptStartRunParams{TemplateFileId=559, TemplateVersion='6.1.1', AppId=238076, AppVersion='1712804694', DeviceId='677b0ea9b8fcd0d3284a3d4692a13042', ClientTimestamp=1712835297, IsRedFinger=0, DeviceCode='53504273809530277ba80b7a4', AppInfo='COBC41DkB9vuJuuZA5T2+hSJXVrM5/DJs+cvCsW89UbcEuqeEcx8Zfdll5w5Ed04e/JnVcOeO4XHospe1u9wgu+IpdsPqHj6', V='81058250b7deb83d0', RegCode='63ff40df981462bf', ScriptId='7be025e0-0829-4b47-bff1-224ef491317d'}
--------------------
19:34:57.713 com.cyjh.http.c.c.c
->a(014F.java)
测试↑
--------------------
19:34:57.727 com.cyjh.http.d.b.a
->a(Unknown Source)
测试↓
--------------------
19:34:57.728 com.cyjh.http.d.b.a
->a(Unknown Source)
java.lang.RuntimeException: 记录栈
	at mt.LogA9F8F1.a(Unknown Source)
	at com.cyjh.http.d.b.a.a(Unknown Source)
	at com.cyjh.http.c.c.c.a(014F.java)
	at com.cyjh.elfin.floatingwindowprocess.d.a.a(011D.java)
	at com.cyjh.elfin.floatingwindowprocess.d.b$2.b(011E.java:1)
	at com.elfin.engin.c$4.onStartScript(Unknown Source)
	at com.cyjh.mq.c.d$1.handleMessage(Unknown Source)
	at android.os.Handler.dispatchMessage(Handler.java:102)
	at android.os.Looper.loop(Looper.java:154)
	at android.app.ActivityThread.main(ActivityThread.java:6189)
	at java.lang.reflect.Method.invoke(Native Method)
	at com.android.internal.os.ZygoteInit$MethodAndArgsCaller.run(ZygoteInit.java:1126)
	at com.android.internal.os.ZygoteInit.main(ZygoteInit.java:1000)

--------------------
19:34:57.728 com.cyjh.http.d.b.a
->a(Unknown Source)
ActivithHttpHelper
--------------------
19:34:57.728 com.cyjh.http.d.b.a
->a(Unknown Source)
url:http://auth2.mobileanjian.com/Script/Start
--------------------
19:34:57.729 com.cyjh.http.d.b.a
->a(Unknown Source)
测试↑
--------------------
19:34:57.834 com.cyjh.common.util.ac
->a(Unknown Source)
测试↓
--------------------
19:34:57.836 com.cyjh.common.util.ac
->a(Unknown Source)
java.lang.RuntimeException: 记录栈
	at mt.LogA9F8F1.a(Unknown Source)
	at com.cyjh.common.util.ac.a(Unknown Source)
	at com.cyjh.common.util.ac.a(Unknown Source)
	at com.cyjh.http.a.a.b(Unknown Source)
	at com.cyjh.elfin.floatingwindowprocess.d.b$2.b(011E.java:1)
	at com.elfin.engin.c$4.onStartScript(Unknown Source)
	at com.cyjh.mq.c.d$1.handleMessage(Unknown Source)
	at android.os.Handler.dispatchMessage(Handler.java:102)
	at android.os.Looper.loop(Looper.java:154)
	at android.app.ActivityThread.main(ActivityThread.java:6189)
	at java.lang.reflect.Method.invoke(Native Method)
	at com.android.internal.os.ZygoteInit$MethodAndArgsCaller.run(ZygoteInit.java:1126)
	at com.android.internal.os.ZygoteInit.main(ZygoteInit.java:1000)

--------------------
19:34:57.836 com.cyjh.common.util.ac
->a(Unknown Source)
SYS
--------------------
19:34:57.836 com.cyjh.common.util.ac
->a(Unknown Source)
command finished.
--------------------
19:34:57.837 com.cyjh.common.util.ac
->a(Unknown Source)
测试↑
--------------------
19:34:57.844 com.cyjh.http.c.a.a
->a(014E.java:1)
测试↓
--------------------
19:34:57.845 com.cyjh.http.c.a.a
->a(014E.java:1)
java.lang.RuntimeException: 记录栈
	at mt.LogA9F8F1.a(Unknown Source)
	at com.cyjh.http.c.a.a.a(014E.java:1)
	at com.cyjh.http.d.b.d.a(0152.java:1)
	at com.android.volley.g.run(Unknown Source)

--------------------
19:34:57.845 com.cyjh.http.c.a.a
->a(014E.java:1)
AbstractHttpPresenter
--------------------
19:34:57.845 com.cyjh.http.c.a.a
->a(014E.java:1)
decodeRes:{"SignContent":"{\u0022Code\u0022:200,\u0022Message\u0022:\u0022请求成功！\u0022,\u0022Data\u0022:{\u0022ExpireTime\u0022:1713180919,\u0022DailyTryTimes\u0022:1,\u0022OnceTryMinute\u0022:10,\u0022RunGuid\u0022:\u0022bc544d2f64fd46b180eb711902257b18\u0022,\u0022ScriptEncryptKey\u0022:\u0022\u0022,\u0022ClientTimestamp\u0022:1712835297,\u0022ServerTimestamp\u0022:1712835299}}","Signature":"hk6Hm6FO70UR7vQqXkAzcvsVCEKVXKkmXu9KMTLZt2s9HFygSLl7HmRcztGeQyZQurZiIgJRQckK+5fjd5+kNZ38lOZva28GL2GLMFGb8pEFALU3aGjcWPWwI9KmWEsqkUTzD5hIpXPsk20xEigfAtyxDMseMhX8NgG2tIfVGVc="}
--------------------
19:34:57.845 com.cyjh.http.c.a.a
->a(014E.java:1)
测试↑
--------------------
19:34:57.876 com.cyjh.http.c.c.c
->a(014F.java)
测试↓
--------------------
19:34:57.878 com.cyjh.http.c.c.c
->a(014F.java)
java.lang.RuntimeException: 记录栈
	at mt.LogA9F8F1.a(Unknown Source)
	at com.cyjh.http.c.c.c.a(014F.java)
	at com.cyjh.http.d.b.a.a(Unknown Source)
	at com.cyjh.http.d.b.d.a(0152.java)
	at com.android.volley.e$a.run(Unknown Source)
	at android.os.Handler.handleCallback(Handler.java:751)
	at android.os.Handler.dispatchMessage(Handler.java:95)
	at android.os.Looper.loop(Looper.java:154)
	at android.app.ActivityThread.main(ActivityThread.java:6189)
	at java.lang.reflect.Method.invoke(Native Method)
	at com.android.internal.os.ZygoteInit$MethodAndArgsCaller.run(ZygoteInit.java:1126)
	at com.android.internal.os.ZygoteInit.main(ZygoteInit.java:1000)

--------------------
19:34:57.878 com.cyjh.http.c.c.c
->a(014F.java)
zzz
--------------------
19:34:57.878 com.cyjh.http.c.c.c
->a(014F.java)
com.cyjh.share.AppStatisticsPresenter--uiDataSuccess:{"Code":200,"Message":"请求成功！","Data":{"ExpireTime":1713180919,"DailyTryTimes":1,"OnceTryMinute":10,"RunGuid":"bc544d2f64fd46b180eb711902257b18","ScriptEncryptKey":"","ClientTimestamp":1712835297,"ServerTimestamp":1712835299}}
--------------------
19:34:57.878 com.cyjh.http.c.c.c
->a(014F.java)
测试↑
--------------------
19:34:58.204 com.cyjh.mq.c.d$1
->handleMessage(Unknown Source)
测试↓
--------------------
19:34:58.206 com.cyjh.mq.c.d$1
->handleMessage(Unknown Source)
java.lang.RuntimeException: 记录栈
	at mt.LogA9F8F1.a(Unknown Source)
	at com.cyjh.mq.c.d$1.handleMessage(Unknown Source)
	at android.os.Handler.dispatchMessage(Handler.java:102)
	at android.os.Looper.loop(Looper.java:154)
	at android.app.ActivityThread.main(ActivityThread.java:6189)
	at java.lang.reflect.Method.invoke(Native Method)
	at com.android.internal.os.ZygoteInit$MethodAndArgsCaller.run(ZygoteInit.java:1126)
	at com.android.internal.os.ZygoteInit.main(ZygoteInit.java:1000)

--------------------
19:34:58.206 com.cyjh.mq.c.d$1
->handleMessage(Unknown Source)
消息弹出
--------------------
19:34:58.206 com.cyjh.mq.c.d$1
->handleMessage(Unknown Source)
{ when=-2ms what=16 obj=1 target=com.cyjh.mq.c.d$1 }
--------------------
19:34:58.206 com.cyjh.mq.c.d$1
->handleMessage(Unknown Source)
测试↑
--------------------
19:35:00.209 com.cyjh.mq.c.d$1
->handleMessage(Unknown Source)
测试↓
--------------------
19:35:00.211 com.cyjh.mq.c.d$1
->handleMessage(Unknown Source)
java.lang.RuntimeException: 记录栈
	at mt.LogA9F8F1.a(Unknown Source)
	at com.cyjh.mq.c.d$1.handleMessage(Unknown Source)
	at android.os.Handler.dispatchMessage(Handler.java:102)
	at android.os.Looper.loop(Looper.java:154)
	at android.app.ActivityThread.main(ActivityThread.java:6189)
	at java.lang.reflect.Method.invoke(Native Method)
	at com.android.internal.os.ZygoteInit$MethodAndArgsCaller.run(ZygoteInit.java:1126)
	at com.android.internal.os.ZygoteInit.main(ZygoteInit.java:1000)

--------------------
19:35:00.211 com.cyjh.mq.c.d$1
->handleMessage(Unknown Source)
消息弹出
--------------------
19:35:00.303 com.cyjh.mq.c.d$1
->handleMessage(Unknown Source)
{ when=-2ms what=1 obj=cmd: 33
arg1: 120
arg1: 753
arg1: 3000
arg2: "\345\275\223\345\211\215\345\210\206\350\276\250\347\216\207\357\274\232720*1280\n\346\224\257\346\214\201\345\210\206\350\276\250\347\216\207\n\345\275\223\345\211\215\350\204\232\346\234\254\347\211\210\346\234\2542.76\n\351\227\256\351\242\230\345\217\215\351\246\210Q\347\276\244:704563173"
 target=com.cyjh.mq.c.d$1 }
--------------------
19:35:00.303 com.cyjh.mq.c.d$1
->handleMessage(Unknown Source)
测试↑
--------------------
19:35:01.341 com.cyjh.mq.sdk.a
->stop(Unknown Source)
测试↓
--------------------
19:35:01.344 com.cyjh.mq.sdk.a
->stop(Unknown Source)
java.lang.RuntimeException: 记录栈
	at mt.LogA9F8F1.a(Unknown Source)
	at com.cyjh.mq.sdk.a.stop(Unknown Source)
	at com.cyjh.elfin.floatingwindowprocess.d.b.d(011F.java)
	at com.cyjh.elfin.floatingwindowprocess.floatview.ElfinFloatView.onClick(Unknown Source)
	at android.view.View.performClick(View.java:5637)
	at android.view.View$PerformClick.run(View.java:22429)
	at android.os.Handler.handleCallback(Handler.java:751)
	at android.os.Handler.dispatchMessage(Handler.java:95)
	at android.os.Looper.loop(Looper.java:154)
	at android.app.ActivityThread.main(ActivityThread.java:6189)
	at java.lang.reflect.Method.invoke(Native Method)
	at com.android.internal.os.ZygoteInit$MethodAndArgsCaller.run(ZygoteInit.java:1126)
	at com.android.internal.os.ZygoteInit.main(ZygoteInit.java:1000)

--------------------
19:35:01.344 com.cyjh.mq.sdk.a
->stop(Unknown Source)
JAVA_RUNNER
--------------------
19:35:01.344 com.cyjh.mq.sdk.a
->stop(Unknown Source)
GeneralMqRunner stop
--------------------
19:35:01.344 com.cyjh.mq.sdk.a
->stop(Unknown Source)
测试↑
--------------------
19:35:03.228 com.cyjh.mq.c.d$1
->handleMessage(Unknown Source)
测试↓
--------------------
19:35:03.229 com.cyjh.mq.c.d$1
->handleMessage(Unknown Source)
java.lang.RuntimeException: 记录栈
	at mt.LogA9F8F1.a(Unknown Source)
	at com.cyjh.mq.c.d$1.handleMessage(Unknown Source)
	at android.os.Handler.dispatchMessage(Handler.java:102)
	at android.os.Looper.loop(Looper.java:154)
	at android.app.ActivityThread.main(ActivityThread.java:6189)
	at java.lang.reflect.Method.invoke(Native Method)
	at com.android.internal.os.ZygoteInit$MethodAndArgsCaller.run(ZygoteInit.java:1126)
	at com.android.internal.os.ZygoteInit.main(ZygoteInit.java:1000)

--------------------
19:35:03.230 com.cyjh.mq.c.d$1
->handleMessage(Unknown Source)
消息弹出
--------------------
19:35:03.230 com.cyjh.mq.c.d$1
->handleMessage(Unknown Source)
{ when=-2ms what=5 arg1=2131296286 target=com.cyjh.mq.c.d$1 }
--------------------
19:35:03.230 com.cyjh.mq.c.d$1
->handleMessage(Unknown Source)
测试↑
--------------------
19:35:03.233 com.cyjh.mq.c.d$1
->handleMessage(Unknown Source)
测试↓
--------------------
19:35:03.234 com.cyjh.mq.c.d$1
->handleMessage(Unknown Source)
java.lang.RuntimeException: 记录栈
	at mt.LogA9F8F1.a(Unknown Source)
	at com.cyjh.mq.c.d$1.handleMessage(Unknown Source)
	at android.os.Handler.dispatchMessage(Handler.java:102)
	at android.os.Looper.loop(Looper.java:154)
	at android.app.ActivityThread.main(ActivityThread.java:6189)
	at java.lang.reflect.Method.invoke(Native Method)
	at com.android.internal.os.ZygoteInit$MethodAndArgsCaller.run(ZygoteInit.java:1126)
	at com.android.internal.os.ZygoteInit.main(ZygoteInit.java:1000)

--------------------
19:35:03.234 com.cyjh.mq.c.d$1
->handleMessage(Unknown Source)
消息弹出
--------------------
19:35:03.234 com.cyjh.mq.c.d$1
->handleMessage(Unknown Source)
{ when=-6ms what=3 arg1=105 obj= target=com.cyjh.mq.c.d$1 }
--------------------
19:35:03.234 com.cyjh.mq.c.d$1
->handleMessage(Unknown Source)
测试↑
--------------------
19:35:03.235 com.cyjh.mq.c.d$1
->handleMessage(Unknown Source)
测试↓
--------------------
19:35:03.236 com.cyjh.mq.c.d$1
->handleMessage(Unknown Source)
java.lang.RuntimeException: 记录栈
	at mt.LogA9F8F1.a(Unknown Source)
	at com.cyjh.mq.c.d$1.handleMessage(Unknown Source)
	at android.os.Handler.dispatchMessage(Handler.java:102)
	at android.os.Looper.loop(Looper.java:154)
	at android.app.ActivityThread.main(ActivityThread.java:6189)
	at java.lang.reflect.Method.invoke(Native Method)
	at com.android.internal.os.ZygoteInit$MethodAndArgsCaller.run(ZygoteInit.java:1126)
	at com.android.internal.os.ZygoteInit.main(ZygoteInit.java:1000)

--------------------
19:35:03.236 com.cyjh.mq.c.d$1
->handleMessage(Unknown Source)
JAVA_RUNNER
--------------------
19:35:03.236 com.cyjh.mq.c.d$1
->handleMessage(Unknown Source)
ScriptRunnerLite WHAT_STOP SCRIPT_STOPPED
--------------------
19:35:03.236 com.cyjh.mq.c.d$1
->handleMessage(Unknown Source)
测试↑
--------------------
19:35:03.239 com.cyjh.mq.c.d$1
->handleMessage(Unknown Source)
测试↓
--------------------
19:35:03.240 com.cyjh.mq.c.d$1
->handleMessage(Unknown Source)
java.lang.RuntimeException: 记录栈
	at mt.LogA9F8F1.a(Unknown Source)
	at com.cyjh.mq.c.d$1.handleMessage(Unknown Source)
	at android.os.Handler.dispatchMessage(Handler.java:102)
	at android.os.Looper.loop(Looper.java:154)
	at android.app.ActivityThread.main(ActivityThread.java:6189)
	at java.lang.reflect.Method.invoke(Native Method)
	at com.android.internal.os.ZygoteInit$MethodAndArgsCaller.run(ZygoteInit.java:1126)
	at com.android.internal.os.ZygoteInit.main(ZygoteInit.java:1000)

--------------------
19:35:03.240 com.cyjh.mq.c.d$1
->handleMessage(Unknown Source)
JAVA_RUNNER
--------------------
19:35:03.240 com.cyjh.mq.c.d$1
->handleMessage(Unknown Source)
ScriptRunnerLite WHAT_STOP mConnection.getOnScriptListener() != null
--------------------
19:35:03.240 com.cyjh.mq.c.d$1
->handleMessage(Unknown Source)
测试↑
--------------------
19:35:03.258 com.cyjh.http.d.b.a
->a(Unknown Source)
测试↓
--------------------
19:35:03.259 com.cyjh.http.d.b.a
->a(Unknown Source)
java.lang.RuntimeException: 记录栈
	at mt.LogA9F8F1.a(Unknown Source)
	at com.cyjh.http.d.b.a.a(Unknown Source)
	at com.cyjh.http.c.c.c.a(014F.java)
	at com.cyjh.elfin.floatingwindowprocess.d.a.a(011D.java)
	at com.cyjh.elfin.floatingwindowprocess.d.b$2.b(011E.java)
	at com.elfin.engin.c$4.onStopScript(Unknown Source)
	at com.cyjh.mq.c.d$1.handleMessage(Unknown Source)
	at android.os.Handler.dispatchMessage(Handler.java:102)
	at android.os.Looper.loop(Looper.java:154)
	at android.app.ActivityThread.main(ActivityThread.java:6189)
	at java.lang.reflect.Method.invoke(Native Method)
	at com.android.internal.os.ZygoteInit$MethodAndArgsCaller.run(ZygoteInit.java:1126)
	at com.android.internal.os.ZygoteInit.main(ZygoteInit.java:1000)

--------------------
19:35:03.260 com.cyjh.http.d.b.a
->a(Unknown Source)
ActivithHttpHelper
--------------------
19:35:03.260 com.cyjh.http.d.b.a
->a(Unknown Source)
url:http://auth2.mobileanjian.com/Script/Stop
--------------------
19:35:03.260 com.cyjh.http.d.b.a
->a(Unknown Source)
测试↑
--------------------
19:35:03.363 com.cyjh.http.c.a.a
->a(014E.java:1)
测试↓
--------------------
19:35:03.365 com.cyjh.http.c.a.a
->a(014E.java:1)
java.lang.RuntimeException: 记录栈
	at mt.LogA9F8F1.a(Unknown Source)
	at com.cyjh.http.c.a.a.a(014E.java:1)
	at com.cyjh.http.d.b.d.a(0152.java:1)
	at com.android.volley.g.run(Unknown Source)

--------------------
19:35:03.365 com.cyjh.http.c.a.a
->a(014E.java:1)
AbstractHttpPresenter
--------------------
19:35:03.365 com.cyjh.http.c.a.a
->a(014E.java:1)
decodeRes:{"SignContent":"{\u0022Code\u0022:200,\u0022Message\u0022:\u0022请求成功！\u0022,\u0022Data\u0022:{\u0022ClientTimestamp\u0022:1712835303,\u0022ServerTimestamp\u0022:1712835304}}","Signature":"o60cb6kosgGcPC/jtFKpupfPfmgciLEhQ6PYxamnfIf0c8OAcV+DobSaDM1XjKv+iO/vR+XPWd8wbNmpNppzkQfkMqPPbzWOXpVqesopJ5AqPhS4lTedZwxa+7nj86EuSfGAS3Z8ucSOzkurWfO3Y9R/EkOF2v1yahGzgFd0MBA="}
--------------------
19:35:03.365 com.cyjh.http.c.a.a
->a(014E.java:1)
测试↑
--------------------
19:35:03.367 com.cyjh.http.c.c.c
->a(014F.java)
测试↓
--------------------
19:35:03.369 com.cyjh.http.c.c.c
->a(014F.java)
java.lang.RuntimeException: 记录栈
	at mt.LogA9F8F1.a(Unknown Source)
	at com.cyjh.http.c.c.c.a(014F.java)
	at com.cyjh.http.d.b.a.a(Unknown Source)
	at com.cyjh.http.d.b.d.a(0152.java)
	at com.android.volley.e$a.run(Unknown Source)
	at android.os.Handler.handleCallback(Handler.java:751)
	at android.os.Handler.dispatchMessage(Handler.java:95)
	at android.os.Looper.loop(Looper.java:154)
	at android.app.ActivityThread.main(ActivityThread.java:6189)
	at java.lang.reflect.Method.invoke(Native Method)
	at com.android.internal.os.ZygoteInit$MethodAndArgsCaller.run(ZygoteInit.java:1126)
	at com.android.internal.os.ZygoteInit.main(ZygoteInit.java:1000)

--------------------
19:35:03.369 com.cyjh.http.c.c.c
->a(014F.java)
zzz
--------------------
19:35:03.369 com.cyjh.http.c.c.c
->a(014F.java)
com.cyjh.share.AppStatisticsPresenter--uiDataSuccess:{"Code":200,"Message":"请求成功！","Data":{"ClientTimestamp":1712835303,"ServerTimestamp":1712835304}}
--------------------
19:35:03.370 com.cyjh.http.c.c.c
->a(014F.java)
测试↑
--------------------
