19:34:51.292 com.cyjh.elfin.base.AppContext
->attachBaseContext(0101.java:4)
com.hjol:enginfloat
--------------------
19:34:51.295 android.support.multidex.MultiDex
-><clinit>(000C.java:1)
2.1.0
--------------------
19:34:51.792 com.cyjh.elfin.base.AppContext
->onCreate(0101.java:5)
com.hjol:enginfloat
--------------------
19:34:51.800 com.iflytek.voiceads.dex.a
->a(0220.java:1)
4.0_IFLY
--------------------
19:34:51.801 com.iflytek.voiceads.dex.c
->c(0221.java:4)
AdDex.4.0.1.dex
--------------------
19:34:51.802 com.iflytek.voiceads.dex.c
->a(0221.java:1)
AdDex.4.0.1.dex
--------------------
19:34:51.803 com.iflytek.voiceads.dex.c
->d(0221.java:5)
AdDex.4.0.1.dex
--------------------
19:34:51.803 com.iflytek.voiceads.dex.c
->a(0221.java:2)
AdDex.4.0.1.dex
--------------------
19:34:51.808 com.iflytek.voiceads.dex.a
->a(0220.java:2)
AdDex.4.0.1.dex
--------------------
19:34:51.828 com.iflytek.voiceads.dex.DexLoader
->initIFLYADModule(021F.java:1)

--------------------
19:34:51.836 com.umeng.commonsdk.UMConfigure
->init(0288.java:4)
579ad79de0f55a8b3c001633
--------------------
19:34:51.839 com.umeng.commonsdk.UMConfigureImpl
->b(028A.java:2)
com.hjol:enginfloat
--------------------
19:34:51.839 com.umeng.commonsdk.UMConfigureImpl
->c(028A.java:3)
com.hjol:enginfloat
--------------------
19:34:51.840 com.umeng.commonsdk.UMConfigureImpl$2
->run(0289.java:1)
com.hjol:enginfloat
--------------------
19:34:51.845 net.grandcentrix.tray.provider.TrayContract
->generateContentUri(0305.java:1)
1686949188_1
--------------------
19:34:51.846 net.grandcentrix.tray.provider.TrayContract
->generateContentUri(0305.java:1)
1686949188_1
--------------------
19:34:51.846 net.grandcentrix.tray.provider.TrayContract
->generateContentUri(0305.java:1)
1686949188_1
--------------------
19:34:51.846 net.grandcentrix.tray.provider.TrayContract
->generateContentUri(0305.java:1)
1686949188_1
--------------------
19:34:51.860 com.cyjh.elfin.base.AppContext
->f(0101.java:2)
/storage/emulated/0/com.hjol
--------------------
19:34:51.860 com.cyjh.elfin.base.AppContext
->f(0101.java:3)
/storage/emulated/0/com.hjol/log
--------------------
19:34:51.863 com.cyjh.elfin.a.b
-><clinit>(0100.java:1)
6.1.1
--------------------
19:34:51.864 com.cyjh.elfin.floatingwindowprocess.c.c
->b(011C.java:6)
/data/user/0/com.hjol/files/script.lc
--------------------
19:34:51.864 com.cyjh.elfin.floatingwindowprocess.c.c
->b(011C.java:7)
/data/user/0/com.hjol/files/script.prop
--------------------
19:34:51.864 com.cyjh.elfin.floatingwindowprocess.c.c
->b(011C.java:8)
/data/user/0/com.hjol/files/script.atc
--------------------
19:34:51.864 com.cyjh.elfin.floatingwindowprocess.c.c
->b(011C.java:9)
/data/user/0/com.hjol/files/script.ui
--------------------
19:34:51.864 com.cyjh.elfin.floatingwindowprocess.c.c
->b(011C.java:10)
/data/user/0/com.hjol/files/script.uip
--------------------
19:34:51.864 com.cyjh.elfin.floatingwindowprocess.c.c
->b(011C.java:11)
/data/user/0/com.hjol/files/script.rtd
--------------------
19:34:51.864 com.cyjh.elfin.floatingwindowprocess.c.c
->b(011C.java:12)
/data/user/0/com.hjol/files/script.cfg
--------------------
19:34:51.866 com.cyjh.elfin.e.c.o
->b(0118.java:6)
1686949188
--------------------
19:34:51.866 com.cyjh.elfin.e.c.o
->c(0118.java:7)
1686949188
--------------------
19:34:51.866 com.cyjh.elfin.e.c.o
->b(0118.java:4)
/data/user/0/com.hjol/files/assets
--------------------
19:34:51.866 com.cyjh.elfin.e.c.o
->b(0118.java:5)
1712804694
--------------------
19:34:51.866 com.cyjh.elfin.e.c.o
->c(0118.java:8)
1712804694
--------------------
19:34:51.872 com.cyjh.http.e.a
->c(0153.java:5)
02:00:00:00:00:00
--------------------
19:34:51.895 com.cyjh.http.e.a
->c(0153.java:6)

--------------------
19:34:51.897 com.cyjh.http.e.a
->b(0153.java:2)
92638e9be32b315d
--------------------
19:34:51.897 com.cyjh.http.e.a
->c(0153.java:8)
92638e9be32b315d
--------------------
19:34:51.898 com.cyjh.http.e.a
->b(0153.java:2)
010a2ea5-279f-4c60-a46e-9d32b26d167d
--------------------
19:34:51.898 com.cyjh.http.e.a
->c(0153.java:10)
010a2ea5-279f-4c60-a46e-9d32b26d167d
--------------------
19:34:51.898 com.cyjh.common.util.u
->a(00FB.java:1)
677b0ea9b8fcd0d3284a3d4692a13042
--------------------
19:34:51.899 com.cyjh.http.e.a
->c(0153.java:11)
677b0ea9b8fcd0d3284a3d4692a13042
--------------------
19:34:51.899 com.cyjh.http.b.a
->b(014D.java:10)
6.1.1
--------------------
19:34:51.899 com.cyjh.common.util.e
->b(00E8.java:8)
1686949188
--------------------
19:34:51.899 com.cyjh.common.util.af
->b(00E5.java:1)
1686949188
--------------------
19:34:51.899 com.cyjh.common.util.af
->b(00E5.java:2)
1686949188
--------------------
19:34:51.899 com.cyjh.http.b.a
->b(014D.java:11)
1712804694
--------------------
19:34:51.899 com.cyjh.http.b.a
->b(014D.java:12)
COBC41DkB9vuJuuZA5T2+hSJXVrM5/DJs+cvCsW89UbcEuqeEcx8Zfdll5w5Ed04e/JnVcOeO4XHospe1u9wgu+IpdsPqHj6
--------------------
19:34:51.900 com.cyjh.elfin.floatingwindowprocess.c.c
->e(011C.java:15)
http://auth2.mobileanjian.com/
--------------------
19:34:51.900 com.cyjh.elfin.floatingwindowprocess.c.c
->e(011C.java:16)
http://auth2.mobileanjian.com/
--------------------
19:34:51.908 com.google.gson.stream.JsonWriter
-><clinit>(01F1.java:1)
\u0000
--------------------
19:34:51.908 com.google.gson.stream.JsonWriter
-><clinit>(01F1.java:1)
\u0001
--------------------
19:34:51.908 com.google.gson.stream.JsonWriter
-><clinit>(01F1.java:1)
\u0002
--------------------
19:34:51.908 com.google.gson.stream.JsonWriter
-><clinit>(01F1.java:1)
\u0003
--------------------
19:34:51.908 com.google.gson.stream.JsonWriter
-><clinit>(01F1.java:1)
\u0004
--------------------
19:34:51.908 com.google.gson.stream.JsonWriter
-><clinit>(01F1.java:1)
\u0005
--------------------
19:34:51.908 com.google.gson.stream.JsonWriter
-><clinit>(01F1.java:1)
\u0006
--------------------
19:34:51.909 com.google.gson.stream.JsonWriter
-><clinit>(01F1.java:1)
\u0007
--------------------
19:34:51.909 com.google.gson.stream.JsonWriter
-><clinit>(01F1.java:1)
\u0008
--------------------
19:34:51.909 com.google.gson.stream.JsonWriter
-><clinit>(01F1.java:1)
\u0009
--------------------
19:34:51.909 com.google.gson.stream.JsonWriter
-><clinit>(01F1.java:1)
\u000a
--------------------
19:34:51.909 com.google.gson.stream.JsonWriter
-><clinit>(01F1.java:1)
\u000b
--------------------
19:34:51.909 com.google.gson.stream.JsonWriter
-><clinit>(01F1.java:1)
\u000c
--------------------
19:34:51.909 com.google.gson.stream.JsonWriter
-><clinit>(01F1.java:1)
\u000d
--------------------
19:34:51.909 com.google.gson.stream.JsonWriter
-><clinit>(01F1.java:1)
\u000e
--------------------
19:34:51.909 com.google.gson.stream.JsonWriter
-><clinit>(01F1.java:1)
\u000f
--------------------
19:34:51.910 com.google.gson.stream.JsonWriter
-><clinit>(01F1.java:1)
\u0010
--------------------
19:34:51.910 com.google.gson.stream.JsonWriter
-><clinit>(01F1.java:1)
\u0011
--------------------
19:34:51.910 com.google.gson.stream.JsonWriter
-><clinit>(01F1.java:1)
\u0012
--------------------
19:34:51.910 com.google.gson.stream.JsonWriter
-><clinit>(01F1.java:1)
\u0013
--------------------
19:34:51.910 com.google.gson.stream.JsonWriter
-><clinit>(01F1.java:1)
\u0014
--------------------
19:34:51.910 com.google.gson.stream.JsonWriter
-><clinit>(01F1.java:1)
\u0015
--------------------
19:34:51.910 com.google.gson.stream.JsonWriter
-><clinit>(01F1.java:1)
\u0016
--------------------
19:34:51.910 com.google.gson.stream.JsonWriter
-><clinit>(01F1.java:1)
\u0017
--------------------
19:34:51.910 com.google.gson.stream.JsonWriter
-><clinit>(01F1.java:1)
\u0018
--------------------
19:34:51.911 com.google.gson.stream.JsonWriter
-><clinit>(01F1.java:1)
\u0019
--------------------
19:34:51.911 com.google.gson.stream.JsonWriter
-><clinit>(01F1.java:1)
\u001a
--------------------
19:34:51.911 com.google.gson.stream.JsonWriter
-><clinit>(01F1.java:1)
\u001b
--------------------
19:34:51.911 com.google.gson.stream.JsonWriter
-><clinit>(01F1.java:1)
\u001c
--------------------
19:34:51.911 com.google.gson.stream.JsonWriter
-><clinit>(01F1.java:1)
\u001d
--------------------
19:34:51.911 com.google.gson.stream.JsonWriter
-><clinit>(01F1.java:1)
\u001e
--------------------
19:34:51.911 com.google.gson.stream.JsonWriter
-><clinit>(01F1.java:1)
\u001f
--------------------
19:34:51.914 com.cyjh.elfin.floatingwindowprocess.c.c
->e(011C.java:18)
{"BaseURL":"http://auth2.mobileanjian.com/","PackageName":"com.hjol","PayAppId":"7BACC4EF-DFDA-4dd9-815C-999FF745A82B","ScriptType":true,"authDesKeys":["c6bd901f","0ddf44be","950e5927","6460d8df","11fb887f","117e4900","bd113950","a99f6f97"],"AppId":238076,"AppInfo":"COBC41DkB9vuJuuZA5T2+hSJXVrM5/DJs+cvCsW89UbcEuqeEcx8Zfdll5w5Ed04e/JnVcOeO4XHospe1u9wgu+IpdsPqHj6","AppVersion":"1712804694","ClientTimestamp":1712835291,"DeviceCode":"53504273809530277ba80b7a4","DeviceId":"677b0ea9b8fcd0d3284a3d4692a13042","IsRedFinger":0,"TemplateFileId":559,"TemplateVersion":"6.1.1"}
--------------------
19:34:51.914 com.cyjh.elfin.floatingwindowprocess.c.c
->c(011C.java:1)
-----BEGIN RSA PRIVATE KEY-----
MIICXAIBAAKBgQCVNCExZl+SZAQNhkR1KXdaft64oG88FjymP+iK9l5TVt7+VpUw
bJ4/hl9UXqrFMQsrAm9d2/4NN3Laz+KthWOCjNRDWgMg0xhXRg6ns0hKRFZCEasc
MX5ioW0IFf/WqFkaYEnMtgnJWrOvPFS/FPNIk84TZADfAktzSRJw+aNzFwIDAQAB
AoGAIdCXuT9vZ5kdRgdpGniUYUEhrwxFSYPsqO0RAfWGOTMWBOSQmVH0p4cHsfJm
l5xe4JeDr+z87ffkIu08fYEepQ4Y5eMNJ8T4O3V8MlhqKApJPyVwLNzd2fCXb3vJ
jkUC0+CJB6767eHGoRvlPT2TkUOssMNPriM0XK4t9iPKzzkCQQDOK4u9Te23M7IQ
Mf3SQTBtwT+SijOHPx6QSaOemvGvO8gxm0sa37R1fTUkM5ZeVzavZ5SnLGnYDitc
xvCtQ6BNAkEAuUPfRaZy9vCmspE59TgcbuNNs2puPXGhrtZZHxziGiuyikpUT5Np
HQwYvRo6XaAsuUuDi9sjKP1kAfdaAVBy8wJBAKq+nahV1b2X7qxC+rcajgUXupKe
KjakK6fLlNpR8D7z/8Q1nGnRQx7aZxxoLOxMxllWK2KYAcCRW5AmokSccTECQG33
6K7aJ0GHBRvXclSpcs8rYzLNSRR1v6gdGZeLOHaaW4cUqcj2Uh1o0cJlsCFk80cl
mLbKY6twBQ3ZufYvv5sCQCaWn4kDt9jjhuP0+Pbjzcl75MixfnZPLSjWkhqgv0TO
OGW4iOxKpDF7Q1MBiMckymzitab3GBy4Owd3QC/wnk0=
-----END RSA PRIVATE KEY-----

--------------------
19:34:51.914 com.cyjh.elfin.floatingwindowprocess.c.c
->b(011C.java:13)
-----BEGIN RSA PRIVATE KEY-----
MIICXAIBAAKBgQCVNCExZl+SZAQNhkR1KXdaft64oG88FjymP+iK9l5TVt7+VpUw
bJ4/hl9UXqrFMQsrAm9d2/4NN3Laz+KthWOCjNRDWgMg0xhXRg6ns0hKRFZCEasc
MX5ioW0IFf/WqFkaYEnMtgnJWrOvPFS/FPNIk84TZADfAktzSRJw+aNzFwIDAQAB
AoGAIdCXuT9vZ5kdRgdpGniUYUEhrwxFSYPsqO0RAfWGOTMWBOSQmVH0p4cHsfJm
l5xe4JeDr+z87ffkIu08fYEepQ4Y5eMNJ8T4O3V8MlhqKApJPyVwLNzd2fCXb3vJ
jkUC0+CJB6767eHGoRvlPT2TkUOssMNPriM0XK4t9iPKzzkCQQDOK4u9Te23M7IQ
Mf3SQTBtwT+SijOHPx6QSaOemvGvO8gxm0sa37R1fTUkM5ZeVzavZ5SnLGnYDitc
xvCtQ6BNAkEAuUPfRaZy9vCmspE59TgcbuNNs2puPXGhrtZZHxziGiuyikpUT5Np
HQwYvRo6XaAsuUuDi9sjKP1kAfdaAVBy8wJBAKq+nahV1b2X7qxC+rcajgUXupKe
KjakK6fLlNpR8D7z/8Q1nGnRQx7aZxxoLOxMxllWK2KYAcCRW5AmokSccTECQG33
6K7aJ0GHBRvXclSpcs8rYzLNSRR1v6gdGZeLOHaaW4cUqcj2Uh1o0cJlsCFk80cl
mLbKY6twBQ3ZufYvv5sCQCaWn4kDt9jjhuP0+Pbjzcl75MixfnZPLSjWkhqgv0TO
OGW4iOxKpDF7Q1MBiMckymzitab3GBy4Owd3QC/wnk0=
-----END RSA PRIVATE KEY-----

--------------------
19:34:51.914 com.cyjh.elfin.floatingwindowprocess.c.c
->d(011C.java:2)
-----BEGIN PUBLIC KEY-----
MIGfMA0GCSqGSIb3DQEBAQUAA4GNADCBiQKBgQDQ6aF1yXQM2dS6Wl5IUkpIAPad
Ppyt8qkhWSFw0OpmDxTPBOnnF/3V0HUbcu0E+xO542sbHX1PYZD1OStHBYOcvc2I
uKa7dl/A/uywHZ4fVxSKXrge3MuvDZ6kefbJEcDaCLuc+TOtj7/HlDpblJE7sRVt
CYxNQp0T3b3OokyDnwIDAQAB
-----END PUBLIC KEY-----

--------------------
19:34:51.914 com.cyjh.elfin.floatingwindowprocess.c.c
->b(011C.java:14)
-----BEGIN PUBLIC KEY-----
MIGfMA0GCSqGSIb3DQEBAQUAA4GNADCBiQKBgQDQ6aF1yXQM2dS6Wl5IUkpIAPad
Ppyt8qkhWSFw0OpmDxTPBOnnF/3V0HUbcu0E+xO542sbHX1PYZD1OStHBYOcvc2I
uKa7dl/A/uywHZ4fVxSKXrge3MuvDZ6kefbJEcDaCLuc+TOtj7/HlDpblJE7sRVt
CYxNQp0T3b3OokyDnwIDAQAB
-----END PUBLIC KEY-----

--------------------
19:34:51.940 com.cyjh.mobileanjian.ipc.log.b
->a(015C.java:7)
f
--------------------
19:34:51.940 com.cyjh.mobileanjian.ipc.log.b
->a(015C.java:7)
60
--------------------
19:34:51.941 com.cyjh.mobileanjian.ipc.log.b
->a(015C.java:7)
72
--------------------
19:34:51.941 com.cyjh.mobileanjian.ipc.log.b
->a(015C.java:7)
64
--------------------
19:34:51.941 com.cyjh.mobileanjian.ipc.log.b
->a(015C.java:7)
fc
--------------------
19:34:51.941 com.cyjh.mobileanjian.ipc.log.b
->a(015C.java:7)
63
--------------------
19:34:51.941 com.cyjh.mobileanjian.ipc.log.b
->a(015C.java:7)
18
--------------------
19:34:51.941 com.cyjh.mobileanjian.ipc.log.b
->a(015C.java:7)
a9
--------------------
19:34:51.941 com.cyjh.mobileanjian.ipc.log.b
->a(015C.java:7)
2b
--------------------
19:34:51.941 com.cyjh.mobileanjian.ipc.log.b
->a(015C.java:7)
9e
--------------------
19:34:51.941 com.cyjh.mobileanjian.ipc.log.b
->a(015C.java:7)
13
--------------------
19:34:51.941 com.cyjh.mobileanjian.ipc.log.b
->a(015C.java:7)
c6
--------------------
19:34:51.941 com.cyjh.mobileanjian.ipc.log.b
->a(015C.java:7)
5d
--------------------
19:34:51.941 com.cyjh.mobileanjian.ipc.log.b
->a(015C.java:7)
b7
--------------------
19:34:51.942 com.cyjh.mobileanjian.ipc.log.b
->a(015C.java:7)
cd
--------------------
19:34:51.942 com.cyjh.mobileanjian.ipc.log.b
->a(015C.java:7)
3c
--------------------
19:34:51.942 com.cyjh.mobileanjian.ipc.log.b
-><init>(015C.java:1)
0f607264fc6318a92b9e13c65db7cd3c
--------------------
19:34:51.942 com.cyjh.mobileanjian.ipc.log.b
-><init>(015C.java:2)
undefined
--------------------
19:34:51.943 com.cyjh.mobileanjian.ipc.log.b
-><init>(015C.java:3)
Sony XQ-BC72
--------------------
19:34:51.944 com.cyjh.mobileanjian.ipc.log.b
-><init>(015C.java:4)
红警OL辅助-小精灵
--------------------
19:34:51.944 com.cyjh.mobileanjian.ipc.log.b
-><init>(015C.java:5)
6.1.1
--------------------
19:34:51.949 org.apache.commons.io.FileUtils
->readFileToString(030C.java:15)
Linux version 3.18.31-perf (compiler@compiler030) (gcc version 4.9 20150123 (prerelease) (GCC) ) #1 SMP PREEMPT Tue Oct 15 14:59:27 CST 2019

--------------------
19:34:51.949 org.apache.commons.io.FileUtils
->readFileToString(030C.java:13)
Linux version 3.18.31-perf (compiler@compiler030) (gcc version 4.9 20150123 (prerelease) (GCC) ) #1 SMP PREEMPT Tue Oct 15 14:59:27 CST 2019

--------------------
19:34:51.949 com.cyjh.mobileanjian.ipc.log.b
-><init>(015C.java:6)
Linux version 3.18.31-perf (compiler@compiler030) (gcc version 4.9 20150123 (prerelease) (GCC) ) #1 SMP PREEMPT Tue Oct 15 14:59:27 CST 2019

--------------------
19:34:52.067 com.cyjh.mobileanjian.ipc.utils.FileUtils
->makeAbsolutePath(0163.java:2)
lib
--------------------
19:34:52.067 com.cyjh.mobileanjian.ipc.utils.FileUtils
->makeAbsolutePath(0163.java:2)
libmqm.so
--------------------
19:34:52.067 com.cyjh.mq.service.IpcService
->onCreate(0172.java:5)
/data/user/0/com.hjol/lib/libmqm.so
--------------------
19:34:52.067 com.cyjh.mobileanjian.ipc.utils.FileUtils
->makeAbsolutePath(0163.java:2)
mycache
--------------------
19:34:52.067 com.cyjh.mobileanjian.ipc.utils.FileUtils
->makeAbsolutePath(0163.java:2)
dalvik-cache
--------------------
19:34:52.067 com.cyjh.mq.service.IpcService
->onCreate(0172.java:6)
/data/user/0/com.hjol/mycache/dalvik-cache
--------------------
19:34:52.068 com.cyjh.mq.service.IpcService
->onCreate(0172.java:7)
exec /system/bin/app_process32 /data/user/0/com.hjol/files com.cyjh.mobileanjian.ipc.ClientService 839a1c86-37ae-479e-a7d3-bc11914a1d96 /data/user/0/com.hjol/lib/libmqm.so 12030 &

--------------------
19:34:52.069 com.cyjh.mq.service.IpcService$1
->onLooperPrepared(0171.java:1)
839a1c86-37ae-479e-a7d3-bc11914a1d96
--------------------
19:34:52.074 com.cyjh.http.b.a
->b(014D.java:10)
6.1.1
--------------------
19:34:52.075 com.cyjh.common.util.e
->b(00E8.java:8)
1686949188
--------------------
19:34:52.075 com.cyjh.common.util.af
->b(00E5.java:1)
1686949188
--------------------
19:34:52.075 com.cyjh.common.util.af
->b(00E5.java:2)
1686949188
--------------------
19:34:52.075 com.cyjh.http.b.a
->b(014D.java:11)
1712804694
--------------------
19:34:52.075 com.cyjh.http.b.a
->b(014D.java:12)
COBC41DkB9vuJuuZA5T2+hSJXVrM5/DJs+cvCsW89UbcEuqeEcx8Zfdll5w5Ed04e/JnVcOeO4XHospe1u9wgu+IpdsPqHj6
--------------------
19:34:52.075 com.cyjh.elfin.floatingwindowprocess.c.c
->e(011C.java:15)
http://auth2.mobileanjian.com/
--------------------
19:34:52.075 com.cyjh.elfin.floatingwindowprocess.c.c
->e(011C.java:16)
http://auth2.mobileanjian.com/
--------------------
19:34:52.077 com.cyjh.elfin.floatingwindowprocess.c.c
->e(011C.java:18)
{"BaseURL":"http://auth2.mobileanjian.com/","PackageName":"com.hjol","PayAppId":"7BACC4EF-DFDA-4dd9-815C-999FF745A82B","ScriptType":true,"authDesKeys":["c6bd901f","0ddf44be","950e5927","6460d8df","11fb887f","117e4900","bd113950","a99f6f97"],"AppId":238076,"AppInfo":"COBC41DkB9vuJuuZA5T2+hSJXVrM5/DJs+cvCsW89UbcEuqeEcx8Zfdll5w5Ed04e/JnVcOeO4XHospe1u9wgu+IpdsPqHj6","AppVersion":"1712804694","ClientTimestamp":1712835292,"DeviceCode":"53504273809530277ba80b7a4","DeviceId":"677b0ea9b8fcd0d3284a3d4692a13042","IsRedFinger":0,"TemplateFileId":559,"TemplateVersion":"6.1.1"}
--------------------
19:34:52.077 com.cyjh.elfin.floatingwindowprocess.c.c
->c(011C.java:1)
-----BEGIN RSA PRIVATE KEY-----
MIICXAIBAAKBgQCVNCExZl+SZAQNhkR1KXdaft64oG88FjymP+iK9l5TVt7+VpUw
bJ4/hl9UXqrFMQsrAm9d2/4NN3Laz+KthWOCjNRDWgMg0xhXRg6ns0hKRFZCEasc
MX5ioW0IFf/WqFkaYEnMtgnJWrOvPFS/FPNIk84TZADfAktzSRJw+aNzFwIDAQAB
AoGAIdCXuT9vZ5kdRgdpGniUYUEhrwxFSYPsqO0RAfWGOTMWBOSQmVH0p4cHsfJm
l5xe4JeDr+z87ffkIu08fYEepQ4Y5eMNJ8T4O3V8MlhqKApJPyVwLNzd2fCXb3vJ
jkUC0+CJB6767eHGoRvlPT2TkUOssMNPriM0XK4t9iPKzzkCQQDOK4u9Te23M7IQ
Mf3SQTBtwT+SijOHPx6QSaOemvGvO8gxm0sa37R1fTUkM5ZeVzavZ5SnLGnYDitc
xvCtQ6BNAkEAuUPfRaZy9vCmspE59TgcbuNNs2puPXGhrtZZHxziGiuyikpUT5Np
HQwYvRo6XaAsuUuDi9sjKP1kAfdaAVBy8wJBAKq+nahV1b2X7qxC+rcajgUXupKe
KjakK6fLlNpR8D7z/8Q1nGnRQx7aZxxoLOxMxllWK2KYAcCRW5AmokSccTECQG33
6K7aJ0GHBRvXclSpcs8rYzLNSRR1v6gdGZeLOHaaW4cUqcj2Uh1o0cJlsCFk80cl
mLbKY6twBQ3ZufYvv5sCQCaWn4kDt9jjhuP0+Pbjzcl75MixfnZPLSjWkhqgv0TO
OGW4iOxKpDF7Q1MBiMckymzitab3GBy4Owd3QC/wnk0=
-----END RSA PRIVATE KEY-----

--------------------
19:34:52.077 com.cyjh.elfin.floatingwindowprocess.service.FloatingWindowService
->b(0120.java:1)
-----BEGIN RSA PRIVATE KEY-----
MIICXAIBAAKBgQCVNCExZl+SZAQNhkR1KXdaft64oG88FjymP+iK9l5TVt7+VpUw
bJ4/hl9UXqrFMQsrAm9d2/4NN3Laz+KthWOCjNRDWgMg0xhXRg6ns0hKRFZCEasc
MX5ioW0IFf/WqFkaYEnMtgnJWrOvPFS/FPNIk84TZADfAktzSRJw+aNzFwIDAQAB
AoGAIdCXuT9vZ5kdRgdpGniUYUEhrwxFSYPsqO0RAfWGOTMWBOSQmVH0p4cHsfJm
l5xe4JeDr+z87ffkIu08fYEepQ4Y5eMNJ8T4O3V8MlhqKApJPyVwLNzd2fCXb3vJ
jkUC0+CJB6767eHGoRvlPT2TkUOssMNPriM0XK4t9iPKzzkCQQDOK4u9Te23M7IQ
Mf3SQTBtwT+SijOHPx6QSaOemvGvO8gxm0sa37R1fTUkM5ZeVzavZ5SnLGnYDitc
xvCtQ6BNAkEAuUPfRaZy9vCmspE59TgcbuNNs2puPXGhrtZZHxziGiuyikpUT5Np
HQwYvRo6XaAsuUuDi9sjKP1kAfdaAVBy8wJBAKq+nahV1b2X7qxC+rcajgUXupKe
KjakK6fLlNpR8D7z/8Q1nGnRQx7aZxxoLOxMxllWK2KYAcCRW5AmokSccTECQG33
6K7aJ0GHBRvXclSpcs8rYzLNSRR1v6gdGZeLOHaaW4cUqcj2Uh1o0cJlsCFk80cl
mLbKY6twBQ3ZufYvv5sCQCaWn4kDt9jjhuP0+Pbjzcl75MixfnZPLSjWkhqgv0TO
OGW4iOxKpDF7Q1MBiMckymzitab3GBy4Owd3QC/wnk0=
-----END RSA PRIVATE KEY-----

--------------------
19:34:52.077 com.cyjh.elfin.floatingwindowprocess.c.c
->d(011C.java:2)
-----BEGIN PUBLIC KEY-----
MIGfMA0GCSqGSIb3DQEBAQUAA4GNADCBiQKBgQDQ6aF1yXQM2dS6Wl5IUkpIAPad
Ppyt8qkhWSFw0OpmDxTPBOnnF/3V0HUbcu0E+xO542sbHX1PYZD1OStHBYOcvc2I
uKa7dl/A/uywHZ4fVxSKXrge3MuvDZ6kefbJEcDaCLuc+TOtj7/HlDpblJE7sRVt
CYxNQp0T3b3OokyDnwIDAQAB
-----END PUBLIC KEY-----

--------------------
19:34:52.077 com.cyjh.elfin.floatingwindowprocess.service.FloatingWindowService
->b(0120.java:2)
-----BEGIN PUBLIC KEY-----
MIGfMA0GCSqGSIb3DQEBAQUAA4GNADCBiQKBgQDQ6aF1yXQM2dS6Wl5IUkpIAPad
Ppyt8qkhWSFw0OpmDxTPBOnnF/3V0HUbcu0E+xO542sbHX1PYZD1OStHBYOcvc2I
uKa7dl/A/uywHZ4fVxSKXrge3MuvDZ6kefbJEcDaCLuc+TOtj7/HlDpblJE7sRVt
CYxNQp0T3b3OokyDnwIDAQAB
-----END PUBLIC KEY-----

--------------------
19:34:52.080 com.cyjh.elfin.floatingwindowprocess.c.c
->b(011C.java:6)
/data/user/0/com.hjol/files/script.lc
--------------------
19:34:52.080 com.cyjh.elfin.floatingwindowprocess.c.c
->b(011C.java:7)
/data/user/0/com.hjol/files/script.prop
--------------------
19:34:52.080 com.cyjh.elfin.floatingwindowprocess.c.c
->b(011C.java:8)
/data/user/0/com.hjol/files/script.atc
--------------------
19:34:52.080 com.cyjh.elfin.floatingwindowprocess.c.c
->b(011C.java:9)
/data/user/0/com.hjol/files/script.ui
--------------------
19:34:52.080 com.cyjh.elfin.floatingwindowprocess.c.c
->b(011C.java:10)
/data/user/0/com.hjol/files/script.uip
--------------------
19:34:52.080 com.cyjh.elfin.floatingwindowprocess.c.c
->b(011C.java:11)
/data/user/0/com.hjol/files/script.rtd
--------------------
19:34:52.080 com.cyjh.elfin.floatingwindowprocess.c.c
->b(011C.java:12)
/data/user/0/com.hjol/files/script.cfg
--------------------
19:34:52.080 com.cyjh.elfin.e.c.o
->b(0118.java:6)
1686949188
--------------------
19:34:52.080 com.cyjh.elfin.e.c.o
->c(0118.java:7)
1686949188
--------------------
19:34:52.080 com.cyjh.elfin.e.c.o
->b(0118.java:4)
/data/user/0/com.hjol/files/assets
--------------------
19:34:52.081 com.cyjh.elfin.e.c.o
->b(0118.java:5)
1712804694
--------------------
19:34:52.081 com.cyjh.elfin.e.c.o
->c(0118.java:8)
1712804694
--------------------
19:34:52.081 com.cyjh.http.b.a
->b(014D.java:10)
6.1.1
--------------------
19:34:52.081 com.cyjh.common.util.e
->b(00E8.java:8)
1686949188
--------------------
19:34:52.081 com.cyjh.common.util.af
->b(00E5.java:1)
1686949188
--------------------
19:34:52.081 com.cyjh.common.util.af
->b(00E5.java:2)
1686949188
--------------------
19:34:52.081 com.cyjh.http.b.a
->b(014D.java:11)
1712804694
--------------------
19:34:52.081 com.cyjh.http.b.a
->b(014D.java:12)
COBC41DkB9vuJuuZA5T2+hSJXVrM5/DJs+cvCsW89UbcEuqeEcx8Zfdll5w5Ed04e/JnVcOeO4XHospe1u9wgu+IpdsPqHj6
--------------------
19:34:52.081 com.cyjh.elfin.floatingwindowprocess.c.c
->e(011C.java:15)
http://auth2.mobileanjian.com/
--------------------
19:34:52.082 com.cyjh.elfin.floatingwindowprocess.c.c
->e(011C.java:16)
http://auth2.mobileanjian.com/
--------------------
19:34:52.083 com.cyjh.elfin.floatingwindowprocess.c.c
->e(011C.java:18)
{"BaseURL":"http://auth2.mobileanjian.com/","PackageName":"com.hjol","PayAppId":"7BACC4EF-DFDA-4dd9-815C-999FF745A82B","ScriptType":true,"authDesKeys":["c6bd901f","0ddf44be","950e5927","6460d8df","11fb887f","117e4900","bd113950","a99f6f97"],"AppId":238076,"AppInfo":"COBC41DkB9vuJuuZA5T2+hSJXVrM5/DJs+cvCsW89UbcEuqeEcx8Zfdll5w5Ed04e/JnVcOeO4XHospe1u9wgu+IpdsPqHj6","AppVersion":"1712804694","ClientTimestamp":1712835292,"DeviceCode":"53504273809530277ba80b7a4","DeviceId":"677b0ea9b8fcd0d3284a3d4692a13042","IsRedFinger":0,"TemplateFileId":559,"TemplateVersion":"6.1.1"}
--------------------
19:34:52.083 com.cyjh.elfin.floatingwindowprocess.c.c
->c(011C.java:1)
-----BEGIN RSA PRIVATE KEY-----
MIICXAIBAAKBgQCVNCExZl+SZAQNhkR1KXdaft64oG88FjymP+iK9l5TVt7+VpUw
bJ4/hl9UXqrFMQsrAm9d2/4NN3Laz+KthWOCjNRDWgMg0xhXRg6ns0hKRFZCEasc
MX5ioW0IFf/WqFkaYEnMtgnJWrOvPFS/FPNIk84TZADfAktzSRJw+aNzFwIDAQAB
AoGAIdCXuT9vZ5kdRgdpGniUYUEhrwxFSYPsqO0RAfWGOTMWBOSQmVH0p4cHsfJm
l5xe4JeDr+z87ffkIu08fYEepQ4Y5eMNJ8T4O3V8MlhqKApJPyVwLNzd2fCXb3vJ
jkUC0+CJB6767eHGoRvlPT2TkUOssMNPriM0XK4t9iPKzzkCQQDOK4u9Te23M7IQ
Mf3SQTBtwT+SijOHPx6QSaOemvGvO8gxm0sa37R1fTUkM5ZeVzavZ5SnLGnYDitc
xvCtQ6BNAkEAuUPfRaZy9vCmspE59TgcbuNNs2puPXGhrtZZHxziGiuyikpUT5Np
HQwYvRo6XaAsuUuDi9sjKP1kAfdaAVBy8wJBAKq+nahV1b2X7qxC+rcajgUXupKe
KjakK6fLlNpR8D7z/8Q1nGnRQx7aZxxoLOxMxllWK2KYAcCRW5AmokSccTECQG33
6K7aJ0GHBRvXclSpcs8rYzLNSRR1v6gdGZeLOHaaW4cUqcj2Uh1o0cJlsCFk80cl
mLbKY6twBQ3ZufYvv5sCQCaWn4kDt9jjhuP0+Pbjzcl75MixfnZPLSjWkhqgv0TO
OGW4iOxKpDF7Q1MBiMckymzitab3GBy4Owd3QC/wnk0=
-----END RSA PRIVATE KEY-----

--------------------
19:34:52.083 com.cyjh.elfin.floatingwindowprocess.c.c
->b(011C.java:13)
-----BEGIN RSA PRIVATE KEY-----
MIICXAIBAAKBgQCVNCExZl+SZAQNhkR1KXdaft64oG88FjymP+iK9l5TVt7+VpUw
bJ4/hl9UXqrFMQsrAm9d2/4NN3Laz+KthWOCjNRDWgMg0xhXRg6ns0hKRFZCEasc
MX5ioW0IFf/WqFkaYEnMtgnJWrOvPFS/FPNIk84TZADfAktzSRJw+aNzFwIDAQAB
AoGAIdCXuT9vZ5kdRgdpGniUYUEhrwxFSYPsqO0RAfWGOTMWBOSQmVH0p4cHsfJm
l5xe4JeDr+z87ffkIu08fYEepQ4Y5eMNJ8T4O3V8MlhqKApJPyVwLNzd2fCXb3vJ
jkUC0+CJB6767eHGoRvlPT2TkUOssMNPriM0XK4t9iPKzzkCQQDOK4u9Te23M7IQ
Mf3SQTBtwT+SijOHPx6QSaOemvGvO8gxm0sa37R1fTUkM5ZeVzavZ5SnLGnYDitc
xvCtQ6BNAkEAuUPfRaZy9vCmspE59TgcbuNNs2puPXGhrtZZHxziGiuyikpUT5Np
HQwYvRo6XaAsuUuDi9sjKP1kAfdaAVBy8wJBAKq+nahV1b2X7qxC+rcajgUXupKe
KjakK6fLlNpR8D7z/8Q1nGnRQx7aZxxoLOxMxllWK2KYAcCRW5AmokSccTECQG33
6K7aJ0GHBRvXclSpcs8rYzLNSRR1v6gdGZeLOHaaW4cUqcj2Uh1o0cJlsCFk80cl
mLbKY6twBQ3ZufYvv5sCQCaWn4kDt9jjhuP0+Pbjzcl75MixfnZPLSjWkhqgv0TO
OGW4iOxKpDF7Q1MBiMckymzitab3GBy4Owd3QC/wnk0=
-----END RSA PRIVATE KEY-----

--------------------
19:34:52.083 com.cyjh.elfin.floatingwindowprocess.c.c
->d(011C.java:2)
-----BEGIN PUBLIC KEY-----
MIGfMA0GCSqGSIb3DQEBAQUAA4GNADCBiQKBgQDQ6aF1yXQM2dS6Wl5IUkpIAPad
Ppyt8qkhWSFw0OpmDxTPBOnnF/3V0HUbcu0E+xO542sbHX1PYZD1OStHBYOcvc2I
uKa7dl/A/uywHZ4fVxSKXrge3MuvDZ6kefbJEcDaCLuc+TOtj7/HlDpblJE7sRVt
CYxNQp0T3b3OokyDnwIDAQAB
-----END PUBLIC KEY-----

--------------------
19:34:52.083 com.cyjh.elfin.floatingwindowprocess.c.c
->b(011C.java:14)
-----BEGIN PUBLIC KEY-----
MIGfMA0GCSqGSIb3DQEBAQUAA4GNADCBiQKBgQDQ6aF1yXQM2dS6Wl5IUkpIAPad
Ppyt8qkhWSFw0OpmDxTPBOnnF/3V0HUbcu0E+xO542sbHX1PYZD1OStHBYOcvc2I
uKa7dl/A/uywHZ4fVxSKXrge3MuvDZ6kefbJEcDaCLuc+TOtj7/HlDpblJE7sRVt
CYxNQp0T3b3OokyDnwIDAQAB
-----END PUBLIC KEY-----

--------------------
19:34:52.086 com.cyjh.http.b.a
->b(014D.java:10)
6.1.1
--------------------
19:34:52.086 com.cyjh.common.util.e
->b(00E8.java:8)
1686949188
--------------------
19:34:52.086 com.cyjh.common.util.af
->b(00E5.java:1)
1686949188
--------------------
19:34:52.086 com.cyjh.common.util.af
->b(00E5.java:2)
1686949188
--------------------
19:34:52.086 com.cyjh.http.b.a
->b(014D.java:11)
1712804694
--------------------
19:34:52.086 com.cyjh.http.b.a
->b(014D.java:12)
COBC41DkB9vuJuuZA5T2+hSJXVrM5/DJs+cvCsW89UbcEuqeEcx8Zfdll5w5Ed04e/JnVcOeO4XHospe1u9wgu+IpdsPqHj6
--------------------
19:34:52.086 com.cyjh.elfin.floatingwindowprocess.c.c
->e(011C.java:15)
http://auth2.mobileanjian.com/
--------------------
19:34:52.086 com.cyjh.elfin.floatingwindowprocess.c.c
->e(011C.java:16)
http://auth2.mobileanjian.com/
--------------------
19:34:52.087 com.cyjh.elfin.floatingwindowprocess.c.c
->e(011C.java:18)
{"BaseURL":"http://auth2.mobileanjian.com/","PackageName":"com.hjol","PayAppId":"7BACC4EF-DFDA-4dd9-815C-999FF745A82B","ScriptType":true,"authDesKeys":["1bff00f5","caf7a1f0","7fed39f9","a1988775","964f8677","242678c5","b4af55a5","6619cb9d"],"AppId":238076,"AppInfo":"COBC41DkB9vuJuuZA5T2+hSJXVrM5/DJs+cvCsW89UbcEuqeEcx8Zfdll5w5Ed04e/JnVcOeO4XHospe1u9wgu+IpdsPqHj6","AppVersion":"1712804694","ClientTimestamp":1712835292,"DeviceCode":"53504273809530277ba80b7a4","DeviceId":"677b0ea9b8fcd0d3284a3d4692a13042","IsRedFinger":0,"TemplateFileId":559,"TemplateVersion":"6.1.1","V":"81058250b7deb83d0"}
--------------------
19:34:52.088 com.cyjh.elfin.floatingwindowprocess.c.c
->c(011C.java:1)
-----BEGIN RSA PRIVATE KEY-----
MIICXAIBAAKBgQCVNCExZl+SZAQNhkR1KXdaft64oG88FjymP+iK9l5TVt7+VpUw
bJ4/hl9UXqrFMQsrAm9d2/4NN3Laz+KthWOCjNRDWgMg0xhXRg6ns0hKRFZCEasc
MX5ioW0IFf/WqFkaYEnMtgnJWrOvPFS/FPNIk84TZADfAktzSRJw+aNzFwIDAQAB
AoGAIdCXuT9vZ5kdRgdpGniUYUEhrwxFSYPsqO0RAfWGOTMWBOSQmVH0p4cHsfJm
l5xe4JeDr+z87ffkIu08fYEepQ4Y5eMNJ8T4O3V8MlhqKApJPyVwLNzd2fCXb3vJ
jkUC0+CJB6767eHGoRvlPT2TkUOssMNPriM0XK4t9iPKzzkCQQDOK4u9Te23M7IQ
Mf3SQTBtwT+SijOHPx6QSaOemvGvO8gxm0sa37R1fTUkM5ZeVzavZ5SnLGnYDitc
xvCtQ6BNAkEAuUPfRaZy9vCmspE59TgcbuNNs2puPXGhrtZZHxziGiuyikpUT5Np
HQwYvRo6XaAsuUuDi9sjKP1kAfdaAVBy8wJBAKq+nahV1b2X7qxC+rcajgUXupKe
KjakK6fLlNpR8D7z/8Q1nGnRQx7aZxxoLOxMxllWK2KYAcCRW5AmokSccTECQG33
6K7aJ0GHBRvXclSpcs8rYzLNSRR1v6gdGZeLOHaaW4cUqcj2Uh1o0cJlsCFk80cl
mLbKY6twBQ3ZufYvv5sCQCaWn4kDt9jjhuP0+Pbjzcl75MixfnZPLSjWkhqgv0TO
OGW4iOxKpDF7Q1MBiMckymzitab3GBy4Owd3QC/wnk0=
-----END RSA PRIVATE KEY-----

--------------------
19:34:52.088 com.cyjh.elfin.floatingwindowprocess.service.FloatingWindowService
->b(0120.java:1)
-----BEGIN RSA PRIVATE KEY-----
MIICXAIBAAKBgQCVNCExZl+SZAQNhkR1KXdaft64oG88FjymP+iK9l5TVt7+VpUw
bJ4/hl9UXqrFMQsrAm9d2/4NN3Laz+KthWOCjNRDWgMg0xhXRg6ns0hKRFZCEasc
MX5ioW0IFf/WqFkaYEnMtgnJWrOvPFS/FPNIk84TZADfAktzSRJw+aNzFwIDAQAB
AoGAIdCXuT9vZ5kdRgdpGniUYUEhrwxFSYPsqO0RAfWGOTMWBOSQmVH0p4cHsfJm
l5xe4JeDr+z87ffkIu08fYEepQ4Y5eMNJ8T4O3V8MlhqKApJPyVwLNzd2fCXb3vJ
jkUC0+CJB6767eHGoRvlPT2TkUOssMNPriM0XK4t9iPKzzkCQQDOK4u9Te23M7IQ
Mf3SQTBtwT+SijOHPx6QSaOemvGvO8gxm0sa37R1fTUkM5ZeVzavZ5SnLGnYDitc
xvCtQ6BNAkEAuUPfRaZy9vCmspE59TgcbuNNs2puPXGhrtZZHxziGiuyikpUT5Np
HQwYvRo6XaAsuUuDi9sjKP1kAfdaAVBy8wJBAKq+nahV1b2X7qxC+rcajgUXupKe
KjakK6fLlNpR8D7z/8Q1nGnRQx7aZxxoLOxMxllWK2KYAcCRW5AmokSccTECQG33
6K7aJ0GHBRvXclSpcs8rYzLNSRR1v6gdGZeLOHaaW4cUqcj2Uh1o0cJlsCFk80cl
mLbKY6twBQ3ZufYvv5sCQCaWn4kDt9jjhuP0+Pbjzcl75MixfnZPLSjWkhqgv0TO
OGW4iOxKpDF7Q1MBiMckymzitab3GBy4Owd3QC/wnk0=
-----END RSA PRIVATE KEY-----

--------------------
19:34:52.088 com.cyjh.elfin.floatingwindowprocess.c.c
->d(011C.java:2)
-----BEGIN PUBLIC KEY-----
MIGfMA0GCSqGSIb3DQEBAQUAA4GNADCBiQKBgQDQ6aF1yXQM2dS6Wl5IUkpIAPad
Ppyt8qkhWSFw0OpmDxTPBOnnF/3V0HUbcu0E+xO542sbHX1PYZD1OStHBYOcvc2I
uKa7dl/A/uywHZ4fVxSKXrge3MuvDZ6kefbJEcDaCLuc+TOtj7/HlDpblJE7sRVt
CYxNQp0T3b3OokyDnwIDAQAB
-----END PUBLIC KEY-----

--------------------
19:34:52.088 com.cyjh.elfin.floatingwindowprocess.service.FloatingWindowService
->b(0120.java:2)
-----BEGIN PUBLIC KEY-----
MIGfMA0GCSqGSIb3DQEBAQUAA4GNADCBiQKBgQDQ6aF1yXQM2dS6Wl5IUkpIAPad
Ppyt8qkhWSFw0OpmDxTPBOnnF/3V0HUbcu0E+xO542sbHX1PYZD1OStHBYOcvc2I
uKa7dl/A/uywHZ4fVxSKXrge3MuvDZ6kefbJEcDaCLuc+TOtj7/HlDpblJE7sRVt
CYxNQp0T3b3OokyDnwIDAQAB
-----END PUBLIC KEY-----

--------------------
19:34:52.090 com.umeng.commonsdk.proguard.k$1
->onSignalStrengthsChanged(029B.java:1)
2147483647
--------------------
19:34:52.091 com.umeng.commonsdk.framework.c
->a(0290.java:1)
internal
--------------------
19:34:52.092 com.umeng.commonsdk.framework.c
->a(0290.java:2)
com.hjol:enginfloat
--------------------
19:34:52.115 com.cyjh.mobileanjian.ipc.utils.r
->a(016B.java:3)
535042738095302
--------------------
19:34:52.117 com.cyjh.mobileanjian.ipc.utils.r
->a(016B.java:4)

--------------------
19:34:52.117 com.cyjh.mobileanjian.ipc.utils.r
->a(016B.java:5)
77ba80b7a4
--------------------
19:34:52.118 com.cyjh.mobileanjian.ipc.utils.r
->d(016B.java:7)
imei:535042738095302
--------------------
19:34:52.119 com.cyjh.mobileanjian.ipc.utils.r
->b(016B.java:6)
imei:535042738095302[arm]@_@null
--------------------
19:34:52.217 com.cyjh.mobileanjian.ipc.utils.RootUtil
->isRoot(0166.java:1)
/sbin:/vendor/bin:/system/sbin:/system/bin:/system/xbin
--------------------
19:34:52.908 com.cyjh.mobileanjian.ipc.a
->b(0159.java:1)
com.iflytek.inputmethod.oem/com.iflytek.inputmethod.FlyIME
--------------------
19:34:53.115 com.cyjh.elfin.d.c
->c(0103.java:7)

--------------------
19:34:53.117 com.cyjh.http.e.a
->b(0153.java:2)
{"regCode":"63ff40df981462bf","status":1}
--------------------
19:34:53.117 com.cyjh.http.e.a
->a(0153.java:1)
{"regCode":"63ff40df981462bf","status":1}
--------------------
19:34:53.117 com.cyjh.elfin.d.c
->c(0103.java:8)
{"regCode":"63ff40df981462bf","status":1}
--------------------
19:34:55.707 net.grandcentrix.tray.core.TrayException
-><init>(0300.java:1)
Value for Key <com.cyjh.elfin.ui.activity.SettingActivity.swtFloatviewCtrl> not found
--------------------
19:34:57.308 com.cyjh.elfin.e.c.o
->e(0118.java:13)
/data/user/0/com.hjol/files/assets
--------------------
19:34:57.310 com.cyjh.elfin.e.c.o
->c(0118.java:9)
238076
--------------------
19:34:57.315 com.cyjh.elfin.floatingwindowprocess.d.a
->a(011D.java:1)
1686949188
--------------------
19:34:57.318 com.cyjh.common.util.e
->e(00E8.java:13)
mounted
--------------------
19:34:57.320 com.cyjh.common.util.e
->a(00E8.java:2)
Sony9a71140d
--------------------
19:34:57.320 com.cyjh.elfin.floatingwindowprocess.d.a
->a(011D.java:2)
Sony9a71140d
--------------------
19:34:57.321 com.cyjh.common.util.e
->b(00E8.java:8)
1686949188
--------------------
19:34:57.321 com.cyjh.common.util.af
->b(00E5.java:1)
1686949188
--------------------
19:34:57.322 com.cyjh.common.util.af
->b(00E5.java:2)
1686949188
--------------------
19:34:57.322 com.cyjh.elfin.floatingwindowprocess.d.a
->a(011D.java:3)
1712804694
--------------------
19:34:57.325 com.cyjh.http.b.a
->b(014D.java:10)
6.1.1
--------------------
19:34:57.325 com.cyjh.common.util.e
->b(00E8.java:8)
1686949188
--------------------
19:34:57.325 com.cyjh.common.util.af
->b(00E5.java:1)
1686949188
--------------------
19:34:57.326 com.cyjh.common.util.af
->b(00E5.java:2)
1686949188
--------------------
19:34:57.326 com.cyjh.http.b.a
->b(014D.java:11)
1712804694
--------------------
19:34:57.326 com.cyjh.http.b.a
->b(014D.java:12)
COBC41DkB9vuJuuZA5T2+hSJXVrM5/DJs+cvCsW89UbcEuqeEcx8Zfdll5w5Ed04e/JnVcOeO4XHospe1u9wgu+IpdsPqHj6
--------------------
19:34:57.330 com.cyjh.http.b.a
->a(014D.java:4)
{"DeviceName":"Sony9a71140d","IsScriptHotUpgrade":1,"ScriptId":"7be025e0-0829-4b47-bff1-224ef491317d","ScriptVersion":1686949188,"AppId":238076,"AppInfo":"COBC41DkB9vuJuuZA5T2+hSJXVrM5/DJs+cvCsW89UbcEuqeEcx8Zfdll5w5Ed04e/JnVcOeO4XHospe1u9wgu+IpdsPqHj6","AppVersion":"1712804694","ClientTimestamp":1712835297,"DeviceCode":"53504273809530277ba80b7a4","DeviceId":"677b0ea9b8fcd0d3284a3d4692a13042","IsRedFinger":0,"TemplateFileId":559,"TemplateVersion":"6.1.1","V":"81058250b7deb83d0"}
--------------------
19:34:57.331 com.cyjh.http.e.c
->a(0156.java:1)
MIICdgIBADANBgkqhkiG9w0BAQEFAASCAmAwggJcAgEAAoGBAJU0ITFmX5JkBA2GRHUpd1p+3rigbzwWPKY/6Ir2XlNW3v5WlTBsnj+GX1ReqsUxCysCb13b/g03ctrP4q2FY4KM1ENaAyDTGFdGDqezSEpEVkIRqxwxfmKhbQgV/9aoWRpgScy2Cclas688VL8U80iTzhNkAN8CS3NJEnD5o3MXAgMBAAECgYAh0Je5P29nmR1GB2kaeJRhQSGvDEVJg+yo7REB9YY5MxYE5JCZUfSnhwex8maXnF7gl4Ov7Pzt9+Qi7Tx9gR6lDhjl4w0nxPg7dXwyWGooCkk/JXAs3N3Z8Jdve8mORQLT4IkHrvrt4cahG+U9PZORQ6yww0+uIzRcri32I8rPOQJBAM4ri71N7bczshAx/dJBMG3BP5KKM4c/HpBJo56a8a87yDGbSxrftHV9NSQzll5XNq9nlKcsadgOK1zG8K1DoE0CQQC5Q99FpnL28KaykTn1OBxu402zam49caGu1lkfHOIaK7KKSlRPk2kdDBi9GjpdoCy5S4OL2yMo/WQB91oBUHLzAkEAqr6dqFXVvZfurEL6txqOBRe6kp4qNqQrp8uU2lHwPvP/xDWcadFDHtpnHGgs7EzGWVYrYpgBwJFbkCaiRJxxMQJAbffortonQYcFG9dyVKlyzytjMs1JFHW/qB0Zl4s4dppbhxSpyPZSHWjRwmWwIWTzRyWYtspjq3AFDdm59i+/mwJAJpafiQO32OOG4/T49uPNyXvkyLF+dk8tKNaSGqC/RM44ZbiI7EqkMXtDUwGIxyTKbOK1pvcYHLg7B3dAL/CeTQ==
--------------------
19:34:57.342 com.cyjh.common.util.b
->a(00E7.java:1)
bbvN7dOU9NuG9JNQbAbbhkj+RVUokmbY5l7D/h+6Ec+yoCmAfPJydjDgFk0VG+h+HpggPcwph0J6IcGbRy21+d2+pMEE5p9ESo48VYlXPFhqZZ/Bu15I7ozZXJdBOeFtzYv5V4BRf8hxu0DDk56XjS3TjCRRJ139gDVEyH66DC4=
--------------------
19:34:57.343 com.cyjh.http.e.c
->a(0156.java:2)
bbvN7dOU9NuG9JNQbAbbhkj+RVUokmbY5l7D/h+6Ec+yoCmAfPJydjDgFk0VG+h+HpggPcwph0J6IcGbRy21+d2+pMEE5p9ESo48VYlXPFhqZZ/Bu15I7ozZXJdBOeFtzYv5V4BRf8hxu0DDk56XjS3TjCRRJ139gDVEyH66DC4=
--------------------
19:34:57.343 com.cyjh.http.b.a
->a(014D.java:5)
bbvN7dOU9NuG9JNQbAbbhkj+RVUokmbY5l7D/h+6Ec+yoCmAfPJydjDgFk0VG+h+HpggPcwph0J6IcGbRy21+d2+pMEE5p9ESo48VYlXPFhqZZ/Bu15I7ozZXJdBOeFtzYv5V4BRf8hxu0DDk56XjS3TjCRRJ139gDVEyH66DC4=
--------------------
19:34:57.344 com.cyjh.http.b.a
->a(014D.java:6)
{"SignContent":"{\"DeviceName\":\"Sony9a71140d\",\"IsScriptHotUpgrade\":1,\"ScriptId\":\"7be025e0-0829-4b47-bff1-224ef491317d\",\"ScriptVersion\":1686949188,\"AppId\":238076,\"AppInfo\":\"COBC41DkB9vuJuuZA5T2+hSJXVrM5/DJs+cvCsW89UbcEuqeEcx8Zfdll5w5Ed04e/JnVcOeO4XHospe1u9wgu+IpdsPqHj6\",\"AppVersion\":\"1712804694\",\"ClientTimestamp\":1712835297,\"DeviceCode\":\"53504273809530277ba80b7a4\",\"DeviceId\":\"677b0ea9b8fcd0d3284a3d4692a13042\",\"IsRedFinger\":0,\"TemplateFileId\":559,\"TemplateVersion\":\"6.1.1\",\"V\":\"81058250b7deb83d0\"}","Signature":"bbvN7dOU9NuG9JNQbAbbhkj+RVUokmbY5l7D/h+6Ec+yoCmAfPJydjDgFk0VG+h+HpggPcwph0J6IcGbRy21+d2+pMEE5p9ESo48VYlXPFhqZZ/Bu15I7ozZXJdBOeFtzYv5V4BRf8hxu0DDk56XjS3TjCRRJ139gDVEyH66DC4\u003d"}
--------------------
19:34:57.345 com.cyjh.http.b.a
->a(014D.java:7)
964f8677
--------------------
19:34:57.351 com.cyjh.common.util.h
->a(00EA.java:2)
t4IGTfdXwNtf4yyF25LQoa0SrcgfQ5QIhIU099eAPc8KaCzT0tuQQRC4ab69By5NZ5C7kQNAV/37tV0H9z7fbj/ix4UYNdZcUG2mXCY+NQWKzvHii0gI29/Ilx2W6k9nObAHrIb6SqQ2Wdmg2+hrLK43MRC+GeIFkLHKytuv36n/ZpQnE9dnOYG043yWeLNCqvX39b0oNx2e4gTr4kq0LNVKB7zNXl+1nJnZJmJZEi9AOR6Z1UbpmChD5D9el0BnIJ+wve5G2clu2lNea539VvtGQkBTl/fML3sqo+Lx6OigobAI5bXQ3KAByIioqCYhLAW1ZpDwVygPzPj7gAfJvfTv3ZhTI4e9NIJiBeOIpF9T4+5To7q0LbBUtUo6RIqEfrU8+RD5fPyfWoTvYhPMCLXOGkAjLIEevGxd777qgxtkHx6uECY9dXy4dFa4iX4zTIE4qdxzFw7qdAC4PbpXRzDc3TlsWjSzXbrDOYRouap2IKlEkJJh1odvZBL/g/EU5QLwxuYj8/THaTluMcNUmD3i0sOjavMkY85lpHVBwK5UEe/HM73iyGDw0JXuaFo4HSBEE4py1wZ5TSsIJS4U0/6R88ic73RWC7wMu0NZZvaK4/KWV1p1n2xuCXRpEC+/PXVUHPyeIMoWZrPrRSTrLYLHjU/uppH4xsaWcBKaw3cw20ReHachYx4QHReG67FOP2yC1Hiz626c92DVZmxVn9vNGllpjOlELvePQdEOOoWHpkZJQgxhbReqsEY97d82RyTXk/LrU1YJw4V7nhzY8c/P8ZpVsdPVmicanPZdv0PXA/oBD1AuJLKkizYHq/Zc7dVShxqHgsVLz+hz/vYL0fhOPQ5OLGE8uSgj5uimGwIbt/8A+dLHGOTzq2FNUJRx7wyGwckGAD5arxT/9r8J4Jdy3iEdIhKts35CtktsIsAVPKCQnL0iJjfqRd9ZuTCQVtFPQ9QrKqVxvywO4WI7aQ==
--------------------
19:34:57.352 com.cyjh.http.b.a
->a(014D.java:8)
t4IGTfdXwNtf4yyF25LQoa0SrcgfQ5QIhIU099eAPc8KaCzT0tuQQRC4ab69By5NZ5C7kQNAV/37tV0H9z7fbj/ix4UYNdZcUG2mXCY+NQWKzvHii0gI29/Ilx2W6k9nObAHrIb6SqQ2Wdmg2+hrLK43MRC+GeIFkLHKytuv36n/ZpQnE9dnOYG043yWeLNCqvX39b0oNx2e4gTr4kq0LNVKB7zNXl+1nJnZJmJZEi9AOR6Z1UbpmChD5D9el0BnIJ+wve5G2clu2lNea539VvtGQkBTl/fML3sqo+Lx6OigobAI5bXQ3KAByIioqCYhLAW1ZpDwVygPzPj7gAfJvfTv3ZhTI4e9NIJiBeOIpF9T4+5To7q0LbBUtUo6RIqEfrU8+RD5fPyfWoTvYhPMCLXOGkAjLIEevGxd777qgxtkHx6uECY9dXy4dFa4iX4zTIE4qdxzFw7qdAC4PbpXRzDc3TlsWjSzXbrDOYRouap2IKlEkJJh1odvZBL/g/EU5QLwxuYj8/THaTluMcNUmD3i0sOjavMkY85lpHVBwK5UEe/HM73iyGDw0JXuaFo4HSBEE4py1wZ5TSsIJS4U0/6R88ic73RWC7wMu0NZZvaK4/KWV1p1n2xuCXRpEC+/PXVUHPyeIMoWZrPrRSTrLYLHjU/uppH4xsaWcBKaw3cw20ReHachYx4QHReG67FOP2yC1Hiz626c92DVZmxVn9vNGllpjOlELvePQdEOOoWHpkZJQgxhbReqsEY97d82RyTXk/LrU1YJw4V7nhzY8c/P8ZpVsdPVmicanPZdv0PXA/oBD1AuJLKkizYHq/Zc7dVShxqHgsVLz+hz/vYL0fhOPQ5OLGE8uSgj5uimGwIbt/8A+dLHGOTzq2FNUJRx7wyGwckGAD5arxT/9r8J4Jdy3iEdIhKts35CtktsIsAVPKCQnL0iJjfqRd9ZuTCQVtFPQ9QrKqVxvywO4WI7aQ==
--------------------
19:34:57.352 com.cyjh.http.b.a
->a(014D.java:9)
4
--------------------
19:34:57.359 com.android.volley.l
->a(0094.java:1)
Data
--------------------
19:34:57.360 com.android.volley.l
->a(0094.java:2)
t4IGTfdXwNtf4yyF25LQoa0SrcgfQ5QIhIU099eAPc8KaCzT0tuQQRC4ab69By5NZ5C7kQNAV%2F37tV0H9z7fbj%2Fix4UYNdZcUG2mXCY%2BNQWKzvHii0gI29%2FIlx2W6k9nObAHrIb6SqQ2Wdmg2%2BhrLK43MRC%2BGeIFkLHKytuv36n%2FZpQnE9dnOYG043yWeLNCqvX39b0oNx2e4gTr4kq0LNVKB7zNXl%2B1nJnZJmJZEi9AOR6Z1UbpmChD5D9el0BnIJ%2Bwve5G2clu2lNea539VvtGQkBTl%2FfML3sqo%2BLx6OigobAI5bXQ3KAByIioqCYhLAW1ZpDwVygPzPj7gAfJvfTv3ZhTI4e9NIJiBeOIpF9T4%2B5To7q0LbBUtUo6RIqEfrU8%2BRD5fPyfWoTvYhPMCLXOGkAjLIEevGxd777qgxtkHx6uECY9dXy4dFa4iX4zTIE4qdxzFw7qdAC4PbpXRzDc3TlsWjSzXbrDOYRouap2IKlEkJJh1odvZBL%2Fg%2FEU5QLwxuYj8%2FTHaTluMcNUmD3i0sOjavMkY85lpHVBwK5UEe%2FHM73iyGDw0JXuaFo4HSBEE4py1wZ5TSsIJS4U0%2F6R88ic73RWC7wMu0NZZvaK4%2FKWV1p1n2xuCXRpEC%2B%2FPXVUHPyeIMoWZrPrRSTrLYLHjU%2FuppH4xsaWcBKaw3cw20ReHachYx4QHReG67FOP2yC1Hiz626c92DVZmxVn9vNGllpjOlELvePQdEOOoWHpkZJQgxhbReqsEY97d82RyTXk%2FLrU1YJw4V7nhzY8c%2FP8ZpVsdPVmicanPZdv0PXA%2FoBD1AuJLKkizYHq%2FZc7dVShxqHgsVLz%2Bhz%2FvYL0fhOPQ5OLGE8uSgj5uimGwIbt%2F8A%2BdLHGOTzq2FNUJRx7wyGwckGAD5arxT%2F9r8J4Jdy3iEdIhKts35CtktsIsAVPKCQnL0iJjfqRd9ZuTCQVtFPQ9QrKqVxvywO4WI7aQ%3D%3D
--------------------
19:34:57.360 com.android.volley.l
->a(0094.java:1)
V
--------------------
19:34:57.360 com.android.volley.l
->a(0094.java:2)
81058250b7deb83d0
--------------------
19:34:57.360 com.android.volley.l
->a(0094.java:1)
R
--------------------
19:34:57.360 com.android.volley.l
->a(0094.java:2)
4
--------------------
19:34:57.518 com.cyjh.http.d.b.d
->a(0152.java:1)
{"Data":"t4IGTfdXwNtf4yyF25LQoSqUasGkU7+K1odu5KxLzgJqWsEMJt7v/sc2vcW/Ej6QXfzxUNX7seGyul4xs6UQenTPA6eOM4Ff6Qt7I0UX59K4b2UHNyE+DABA5uwaUnNr/F2Zza1vwgsL1Kx+w1icSsGikaMMI52o+Lq1sHKHb6rZgbEYJBVH78SaQHoVCLbPEMr9gRXYwDEfl3/520+/5tgqOKytR2vKcQHEjqPNwJg6yFscLtjrNQYMdAlrlWilovcjQ9xUkJlTP7XwrQj6DVrNuhrX+M+Ti6oTJbKiyxXIWnWkDg9nrDrIWxwu2Os1mDnDMk1F3T14CGV8uHFLynHoWd/3pCi4uxSyyxVSzjPIv6Ik/DYiBXwcVrrZe31TERlzeoi12ngtVt8uIjy8kBAFgBTATDrgw6SM84lrX/46yFscLtjrNbadHvz1uvCPyU0TEfNR97xgLWxr/GuHQpgsSGuxwZWevH/aCTuYeRGBiFZjxqGI2QjXPp5KAvUMbYesaXff8d/4miOCBLB3SmplFZneQOgAVtTwJPJscpMBGM2mvbn2RxTkWfkqzsQt1odu5KxLzgLrgU9PlL+VAr9Axi3WookAC8e+Ng5HyVDzRkopZXjkGxWaXSyuPHmYme/NEZK0F+k+4rnom7V9tUyBOKnccxcO1NdpNLo9c24SyvgW7DucLXJ6TE3BD2bN7MIBnvUqs44hCQCHdYI9g/W880MHFsMd3Eyv5AJzU7dAnoelXiQc1BftgY+9zkZl2GW2DKF7N9pvBRph3sOg4G1t0D4Xij/1L6kNwM8RodeJbsbvmnl+G34ES9vKXGcGg9GGYQ5foARvInRMThJ0ME9jztoiF9rOZFAdqIKYqR1EAdICTo4jkqmpPJT6ZbDvsfR1I8M13LPqHrZ9lvS3v4VjiU2rgCHJYkj1HYss4Kcd95fOT5nyxjurOEDudHJI1M/K31jSBrfKv/wnaecHBr/nVF7ySJmq","R":4}
--------------------
19:34:57.521 com.cyjh.http.e.c
->a(0156.java:3)
964f8677
--------------------
19:34:57.526 com.cyjh.common.util.h
->b(00EA.java:4)
{"SignContent":"{\u0022Code\u0022:200,\u0022Message\u0022:\u0022请求成功！\u0022,\u0022Data\u0022:{\u0022UpdateType\u0022:0,\u0022AppName\u0022:null,\u0022UpdateContent\u0022:null,\u0022UpdateUrl\u0022:null,\u0022PackageName\u0022:null,\u0022PackageSize\u0022:0,\u0022AppUpdateTime\u0022:0,\u0022StudioProjectKey\u0022:null,\u0022DeviceName\u0022:\u0022Sony9a71140d\u0022,\u0022InstanceDataUploadInterval\u0022:0,\u0022UpgradeMode\u0022:0,\u0022AppVersion\u0022:0,\u0022ClientTimestamp\u0022:1712835297,\u0022ServerTimestamp\u0022:1712835299}}","Signature":"OTg5EZbg6jJOcmQoXyE9Vhkvjyc5kjezcRKhLAc9CBySm0ZA2HXaw2+iRNbQ06CEVw96kySh+Mq1Bfya4/YECdzonncftvtaCCcgatljmBpTmo/1pV8Pd8WOXWL9pE0AJVJ8x04HcP0f0Pr0M2rdFNMEZ9UgBS6Mi8GITfTLm+E="}       
--------------------
19:34:57.526 com.cyjh.http.e.c
->a(0156.java:4)
{"SignContent":"{\u0022Code\u0022:200,\u0022Message\u0022:\u0022请求成功！\u0022,\u0022Data\u0022:{\u0022UpdateType\u0022:0,\u0022AppName\u0022:null,\u0022UpdateContent\u0022:null,\u0022UpdateUrl\u0022:null,\u0022PackageName\u0022:null,\u0022PackageSize\u0022:0,\u0022AppUpdateTime\u0022:0,\u0022StudioProjectKey\u0022:null,\u0022DeviceName\u0022:\u0022Sony9a71140d\u0022,\u0022InstanceDataUploadInterval\u0022:0,\u0022UpgradeMode\u0022:0,\u0022AppVersion\u0022:0,\u0022ClientTimestamp\u0022:1712835297,\u0022ServerTimestamp\u0022:1712835299}}","Signature":"OTg5EZbg6jJOcmQoXyE9Vhkvjyc5kjezcRKhLAc9CBySm0ZA2HXaw2+iRNbQ06CEVw96kySh+Mq1Bfya4/YECdzonncftvtaCCcgatljmBpTmo/1pV8Pd8WOXWL9pE0AJVJ8x04HcP0f0Pr0M2rdFNMEZ9UgBS6Mi8GITfTLm+E="}
--------------------
19:34:57.526 com.cyjh.http.c.a.a
->a(014E.java:1)
{"SignContent":"{\u0022Code\u0022:200,\u0022Message\u0022:\u0022请求成功！\u0022,\u0022Data\u0022:{\u0022UpdateType\u0022:0,\u0022AppName\u0022:null,\u0022UpdateContent\u0022:null,\u0022UpdateUrl\u0022:null,\u0022PackageName\u0022:null,\u0022PackageSize\u0022:0,\u0022AppUpdateTime\u0022:0,\u0022StudioProjectKey\u0022:null,\u0022DeviceName\u0022:\u0022Sony9a71140d\u0022,\u0022InstanceDataUploadInterval\u0022:0,\u0022UpgradeMode\u0022:0,\u0022AppVersion\u0022:0,\u0022ClientTimestamp\u0022:1712835297,\u0022ServerTimestamp\u0022:1712835299}}","Signature":"OTg5EZbg6jJOcmQoXyE9Vhkvjyc5kjezcRKhLAc9CBySm0ZA2HXaw2+iRNbQ06CEVw96kySh+Mq1Bfya4/YECdzonncftvtaCCcgatljmBpTmo/1pV8Pd8WOXWL9pE0AJVJ8x04HcP0f0Pr0M2rdFNMEZ9UgBS6Mi8GITfTLm+E="}
--------------------
19:34:57.537 com.google.gson.stream.JsonReader
->nextString(01F0.java:6)
0
--------------------
19:34:57.538 com.cyjh.http.b.a
->b(014D.java:10)
6.1.1
--------------------
19:34:57.539 com.cyjh.common.util.e
->b(00E8.java:8)
1686949188
--------------------
19:34:57.539 com.cyjh.common.util.af
->b(00E5.java:1)
1686949188
--------------------
19:34:57.539 com.cyjh.common.util.af
->b(00E5.java:2)
1686949188
--------------------
19:34:57.539 com.cyjh.http.b.a
->b(014D.java:11)
1712804694
--------------------
19:34:57.540 com.cyjh.http.b.a
->b(014D.java:12)
COBC41DkB9vuJuuZA5T2+hSJXVrM5/DJs+cvCsW89UbcEuqeEcx8Zfdll5w5Ed04e/JnVcOeO4XHospe1u9wgu+IpdsPqHj6
--------------------
19:34:57.545 com.cyjh.http.b.a
->a(014D.java:4)
{"RegCode":"63ff40df981462bf","ScriptId":"7be025e0-0829-4b47-bff1-224ef491317d","AppId":238076,"AppInfo":"COBC41DkB9vuJuuZA5T2+hSJXVrM5/DJs+cvCsW89UbcEuqeEcx8Zfdll5w5Ed04e/JnVcOeO4XHospe1u9wgu+IpdsPqHj6","AppVersion":"1712804694","ClientTimestamp":1712835297,"DeviceCode":"53504273809530277ba80b7a4","DeviceId":"677b0ea9b8fcd0d3284a3d4692a13042","IsRedFinger":0,"TemplateFileId":559,"TemplateVersion":"6.1.1","V":"81058250b7deb83d0"}
--------------------
19:34:57.545 com.cyjh.http.e.c
->a(0156.java:1)
MIICdgIBADANBgkqhkiG9w0BAQEFAASCAmAwggJcAgEAAoGBAJU0ITFmX5JkBA2GRHUpd1p+3rigbzwWPKY/6Ir2XlNW3v5WlTBsnj+GX1ReqsUxCysCb13b/g03ctrP4q2FY4KM1ENaAyDTGFdGDqezSEpEVkIRqxwxfmKhbQgV/9aoWRpgScy2Cclas688VL8U80iTzhNkAN8CS3NJEnD5o3MXAgMBAAECgYAh0Je5P29nmR1GB2kaeJRhQSGvDEVJg+yo7REB9YY5MxYE5JCZUfSnhwex8maXnF7gl4Ov7Pzt9+Qi7Tx9gR6lDhjl4w0nxPg7dXwyWGooCkk/JXAs3N3Z8Jdve8mORQLT4IkHrvrt4cahG+U9PZORQ6yww0+uIzRcri32I8rPOQJBAM4ri71N7bczshAx/dJBMG3BP5KKM4c/HpBJo56a8a87yDGbSxrftHV9NSQzll5XNq9nlKcsadgOK1zG8K1DoE0CQQC5Q99FpnL28KaykTn1OBxu402zam49caGu1lkfHOIaK7KKSlRPk2kdDBi9GjpdoCy5S4OL2yMo/WQB91oBUHLzAkEAqr6dqFXVvZfurEL6txqOBRe6kp4qNqQrp8uU2lHwPvP/xDWcadFDHtpnHGgs7EzGWVYrYpgBwJFbkCaiRJxxMQJAbffortonQYcFG9dyVKlyzytjMs1JFHW/qB0Zl4s4dppbhxSpyPZSHWjRwmWwIWTzRyWYtspjq3AFDdm59i+/mwJAJpafiQO32OOG4/T49uPNyXvkyLF+dk8tKNaSGqC/RM44ZbiI7EqkMXtDUwGIxyTKbOK1pvcYHLg7B3dAL/CeTQ==
--------------------
19:34:57.550 com.cyjh.common.util.b
->a(00E7.java:1)
Gdvp0PBrCp9RIpEcdeZXO/FfJG3RyH2LAfT+hEdFnry5N+d4mYZExj6RNg7NhgkAVQlwxQjqx9pqH0oDRIDNHkPJQUawrrebvRoTdRxiIUuu7sDir2zbAvONLUsos5wIu1sazlFV6j5CrJzKYcBz5QXYXgG8AowWWhpq6ZCm0Vs=
--------------------
19:34:57.550 com.cyjh.http.e.c
->a(0156.java:2)
Gdvp0PBrCp9RIpEcdeZXO/FfJG3RyH2LAfT+hEdFnry5N+d4mYZExj6RNg7NhgkAVQlwxQjqx9pqH0oDRIDNHkPJQUawrrebvRoTdRxiIUuu7sDir2zbAvONLUsos5wIu1sazlFV6j5CrJzKYcBz5QXYXgG8AowWWhpq6ZCm0Vs=
--------------------
19:34:57.550 com.cyjh.http.b.a
->a(014D.java:5)
Gdvp0PBrCp9RIpEcdeZXO/FfJG3RyH2LAfT+hEdFnry5N+d4mYZExj6RNg7NhgkAVQlwxQjqx9pqH0oDRIDNHkPJQUawrrebvRoTdRxiIUuu7sDir2zbAvONLUsos5wIu1sazlFV6j5CrJzKYcBz5QXYXgG8AowWWhpq6ZCm0Vs=
--------------------
19:34:57.551 com.cyjh.http.b.a
->a(014D.java:6)
{"SignContent":"{\"RegCode\":\"63ff40df981462bf\",\"ScriptId\":\"7be025e0-0829-4b47-bff1-224ef491317d\",\"AppId\":238076,\"AppInfo\":\"COBC41DkB9vuJuuZA5T2+hSJXVrM5/DJs+cvCsW89UbcEuqeEcx8Zfdll5w5Ed04e/JnVcOeO4XHospe1u9wgu+IpdsPqHj6\",\"AppVersion\":\"1712804694\",\"ClientTimestamp\":1712835297,\"DeviceCode\":\"53504273809530277ba80b7a4\",\"DeviceId\":\"677b0ea9b8fcd0d3284a3d4692a13042\",\"IsRedFinger\":0,\"TemplateFileId\":559,\"TemplateVersion\":\"6.1.1\",\"V\":\"81058250b7deb83d0\"}","Signature":"Gdvp0PBrCp9RIpEcdeZXO/FfJG3RyH2LAfT+hEdFnry5N+d4mYZExj6RNg7NhgkAVQlwxQjqx9pqH0oDRIDNHkPJQUawrrebvRoTdRxiIUuu7sDir2zbAvONLUsos5wIu1sazlFV6j5CrJzKYcBz5QXYXgG8AowWWhpq6ZCm0Vs\u003d"}
--------------------
19:34:57.551 com.cyjh.http.b.a
->a(014D.java:7)
6619cb9d
--------------------
19:34:57.555 com.cyjh.common.util.h
->a(00EA.java:2)
d7jlhI2T/OcPVRIQ2eDN6z6mbP3QoXV5RFYdTdyy8r/Z7RAgTg9aI+hhCOn73I3qfCOhis+5Z+knWeinsccvDlmcDsHk8dzXjp5PTnHfJBbD5ZnLRmZvrakR/2OhZzZjDT/dG7v7FvtlzfE1YT7nNwWdB9vzOc+yJgJy8LdyXiDe5c+4X4KIdDXqCOv/Q8NSnQadGvKekyQhuw8QtBBYeLVJ8cmGCZrIBO6uhnm/GmPhhzklkpBGmZoigfbacarZRkoBGJnt+DxiRDYfX59pJd1GKxniTY5t6iZEAupix3/Gy7S/ir4lsaKk/g6KjaICxeHESYJWRjL7DpFYZzmBX977adchCmDCuXUCjfPNBsXdcttC5Lq0nTuFKjEiY4EF3iE6c1d+iNFZ9Mu8LY61YTHsyTStpsBBxM+cjF6fVN2B4J+jchGOlBIL/1CxvzYUUKwJX2DfA9PafyeAnwvgzEYlLb19Ixk0/qCz/ACH4OJ7wei2o2upOT+S0CIIDdmMnqo1Aa+2OYtYEd1MCwC15pTrbu997aiPDtCkmATUzL23ARV20RnS66hti/WJVaGGxirMa02g1wpiislTl6WSWmrN5A9yOy1d1ElZY1O9LoQoPvZFgJ3nIFgnzkLzfiKJ4LrUSma5rZ3SkevnShBcKnwUI2RWFvIE/5vRqaFqBZywUzXC2KlkeQrQHCzAQVswmG6FFLbFLbscqJG/l3zp+Yll4zNN7ayJGdbEWWIR3WKDjwlcjnbxXhJaVfszOfrk9UxzSTpch5bbIoPUmMq/1RQ0IBKepe4c68sv6a9rvXPHLWZ7Ceq+HmiQ3KkmtGFund1VOOo+keMzKu41q3u5OQbMOQzruQI5LIhvP7ZDKisoR+l8WkJ8SpNbZqcSh8oo/WP9e7l1pDchhZ3+j4b/7g==
--------------------
19:34:57.555 com.cyjh.http.b.a
->a(014D.java:8)
d7jlhI2T/OcPVRIQ2eDN6z6mbP3QoXV5RFYdTdyy8r/Z7RAgTg9aI+hhCOn73I3qfCOhis+5Z+knWeinsccvDlmcDsHk8dzXjp5PTnHfJBbD5ZnLRmZvrakR/2OhZzZjDT/dG7v7FvtlzfE1YT7nNwWdB9vzOc+yJgJy8LdyXiDe5c+4X4KIdDXqCOv/Q8NSnQadGvKekyQhuw8QtBBYeLVJ8cmGCZrIBO6uhnm/GmPhhzklkpBGmZoigfbacarZRkoBGJnt+DxiRDYfX59pJd1GKxniTY5t6iZEAupix3/Gy7S/ir4lsaKk/g6KjaICxeHESYJWRjL7DpFYZzmBX977adchCmDCuXUCjfPNBsXdcttC5Lq0nTuFKjEiY4EF3iE6c1d+iNFZ9Mu8LY61YTHsyTStpsBBxM+cjF6fVN2B4J+jchGOlBIL/1CxvzYUUKwJX2DfA9PafyeAnwvgzEYlLb19Ixk0/qCz/ACH4OJ7wei2o2upOT+S0CIIDdmMnqo1Aa+2OYtYEd1MCwC15pTrbu997aiPDtCkmATUzL23ARV20RnS66hti/WJVaGGxirMa02g1wpiislTl6WSWmrN5A9yOy1d1ElZY1O9LoQoPvZFgJ3nIFgnzkLzfiKJ4LrUSma5rZ3SkevnShBcKnwUI2RWFvIE/5vRqaFqBZywUzXC2KlkeQrQHCzAQVswmG6FFLbFLbscqJG/l3zp+Yll4zNN7ayJGdbEWWIR3WKDjwlcjnbxXhJaVfszOfrk9UxzSTpch5bbIoPUmMq/1RQ0IBKepe4c68sv6a9rvXPHLWZ7Ceq+HmiQ3KkmtGFund1VOOo+keMzKu41q3u5OQbMOQzruQI5LIhvP7ZDKisoR+l8WkJ8SpNbZqcSh8oo/WP9e7l1pDchhZ3+j4b/7g==
--------------------
19:34:57.555 com.cyjh.http.b.a
->a(014D.java:9)
7
--------------------
19:34:57.558 com.android.volley.l
->a(0094.java:1)
Data
--------------------
19:34:57.558 com.android.volley.l
->a(0094.java:2)
d7jlhI2T%2FOcPVRIQ2eDN6z6mbP3QoXV5RFYdTdyy8r%2FZ7RAgTg9aI%2BhhCOn73I3qfCOhis%2B5Z%2BknWeinsccvDlmcDsHk8dzXjp5PTnHfJBbD5ZnLRmZvrakR%2F2OhZzZjDT%2FdG7v7FvtlzfE1YT7nNwWdB9vzOc%2ByJgJy8LdyXiDe5c%2B4X4KIdDXqCOv%2FQ8NSnQadGvKekyQhuw8QtBBYeLVJ8cmGCZrIBO6uhnm%2FGmPhhzklkpBGmZoigfbacarZRkoBGJnt%2BDxiRDYfX59pJd1GKxniTY5t6iZEAupix3%2FGy7S%2Fir4lsaKk%2Fg6KjaICxeHESYJWRjL7DpFYZzmBX977adchCmDCuXUCjfPNBsXdcttC5Lq0nTuFKjEiY4EF3iE6c1d%2BiNFZ9Mu8LY61YTHsyTStpsBBxM%2BcjF6fVN2B4J%2BjchGOlBIL%2F1CxvzYUUKwJX2DfA9PafyeAnwvgzEYlLb19Ixk0%2FqCz%2FACH4OJ7wei2o2upOT%2BS0CIIDdmMnqo1Aa%2B2OYtYEd1MCwC15pTrbu997aiPDtCkmATUzL23ARV20RnS66hti%2FWJVaGGxirMa02g1wpiislTl6WSWmrN5A9yOy1d1ElZY1O9LoQoPvZFgJ3nIFgnzkLzfiKJ4LrUSma5rZ3SkevnShBcKnwUI2RWFvIE%2F5vRqaFqBZywUzXC2KlkeQrQHCzAQVswmG6FFLbFLbscqJG%2Fl3zp%2BYll4zNN7ayJGdbEWWIR3WKDjwlcjnbxXhJaVfszOfrk9UxzSTpch5bbIoPUmMq%2F1RQ0IBKepe4c68sv6a9rvXPHLWZ7Ceq%2BHmiQ3KkmtGFund1VOOo%2BkeMzKu41q3u5OQbMOQzruQI5LIhvP7ZDKisoR%2Bl8WkJ8SpNbZqcSh8oo%2FWP9e7l1pDchhZ3%2Bj4b%2F7g%3D%3D
--------------------
19:34:57.558 com.android.volley.l
->a(0094.java:1)
V
--------------------
19:34:57.559 com.android.volley.l
->a(0094.java:2)
81058250b7deb83d0
--------------------
19:34:57.559 com.android.volley.l
->a(0094.java:1)
R
--------------------
19:34:57.559 com.android.volley.l
->a(0094.java:2)
7
--------------------
19:34:57.638 com.cyjh.http.d.b.d
->a(0152.java:1)
{"Data":"4Zh2wr+dxi34v8jyY7q3RK9UsJ3i5BCf6IvHqU+myzKrLMqcii9Pou1T52A+fBosGPLCNYSZLRGbrxftoeOJahNSKwHzm10VFnoxRLk6GkucfKExuDpnV9p9ump6QVwUUs+32hOlDlbPl1j0JRxsJOg3qxw2WWgC7da2EfGFRfYJzjlYClzIsjIspomD5Dqx/3YoPk66IIXc+VavQmyUaaCk3ezHDM5o9hWIWQ2PbkoFBcW+09Ag+22olGXH20C3yXDNQfLnROu6aQd9kKE7NmIu0642xYQ9Y6mhkgCI8UbbdHc/7qE4TTSoU4vExQDDAtymjGSac4Ory5kHglm22bqD2dofZ0I1iJNR/KxJL25I5C+mWV2B5MubLeduYuS1nHyhMbg6Z1cLdAhgcjXbwFwxDjJReyJwOzh6TmgbLwRGayxdOL4zpHg4zG5GryQbhTSqOFDehBCf2jBAjZ+oVRNn7GFhjMdAQRwhd0OeJZq/Uth3K2Ei197+iJBWOPkAntAbvs2l5jePSMu/1io8sm8ocqWthKaN73VRPEfNP3mrIVB6dRT9EFtEdrSDh4DA8CsmQ+rQzTrNpVSk8RdtIe8vdMerqprwGaA/XE9T5uQq47jLSJWqcKk38IWpNhUesS16K8k8OlYlXv6IIjdJRXuCGWhyUZUVrsPLSkAsbZ3CYedNReKRA0S+wfWFCE6+DMnmFSZwn1t4pCbrQwOwDNJ8sfWIE8NhzHUXuDvIYYx1+mISINS/fA==","R":5}
--------------------
19:34:57.640 com.cyjh.http.e.c
->a(0156.java:3)
242678c5
--------------------
19:34:57.644 com.cyjh.common.util.h
->b(00EA.java:4)
{"SignContent":"{\u0022Code\u0022:200,\u0022Message\u0022:\u0022请求成功！\u0022,\u0022Data\u0022:{\u0022ExpireTime\u0022:1713180919,\u0022DailyTryTimes\u0022:1,\u0022OnceTryMinute\u0022:10,\u0022RunGuid\u0022:null,\u0022ScriptEncryptKey\u0022:\u0022ab61f1113c13458bbb57f9601ddd10c4\u0022,\u0022ClientTimestamp\u0022:1712835297,\u0022ServerTimestamp\u0022:1712835299}}","Signature":"ewJOS/P+Z8ns035OCllLoj+flFCBcY3F9ieW5wkPALCJaZ/1+vlaZDqMrYWpwCF4cKWv/li0REM+khCZdXOyTT6bGMp4V/CI6+YTvIxuujKLfXBIgLnFY5DG5xr277O72gBPh5Ieg/DIHKPvnhn1DCfTDQjshdvsOgDYp66LPic="}      
--------------------
19:34:57.644 com.cyjh.http.e.c
->a(0156.java:4)
{"SignContent":"{\u0022Code\u0022:200,\u0022Message\u0022:\u0022请求成功！\u0022,\u0022Data\u0022:{\u0022ExpireTime\u0022:1713180919,\u0022DailyTryTimes\u0022:1,\u0022OnceTryMinute\u0022:10,\u0022RunGuid\u0022:null,\u0022ScriptEncryptKey\u0022:\u0022ab61f1113c13458bbb57f9601ddd10c4\u0022,\u0022ClientTimestamp\u0022:1712835297,\u0022ServerTimestamp\u0022:1712835299}}","Signature":"ewJOS/P+Z8ns035OCllLoj+flFCBcY3F9ieW5wkPALCJaZ/1+vlaZDqMrYWpwCF4cKWv/li0REM+khCZdXOyTT6bGMp4V/CI6+YTvIxuujKLfXBIgLnFY5DG5xr277O72gBPh5Ieg/DIHKPvnhn1DCfTDQjshdvsOgDYp66LPic="}
--------------------
19:34:57.644 com.cyjh.http.c.a.a
->a(014E.java:1)
{"SignContent":"{\u0022Code\u0022:200,\u0022Message\u0022:\u0022请求成功！\u0022,\u0022Data\u0022:{\u0022ExpireTime\u0022:1713180919,\u0022DailyTryTimes\u0022:1,\u0022OnceTryMinute\u0022:10,\u0022RunGuid\u0022:null,\u0022ScriptEncryptKey\u0022:\u0022ab61f1113c13458bbb57f9601ddd10c4\u0022,\u0022ClientTimestamp\u0022:1712835297,\u0022ServerTimestamp\u0022:1712835299}}","Signature":"ewJOS/P+Z8ns035OCllLoj+flFCBcY3F9ieW5wkPALCJaZ/1+vlaZDqMrYWpwCF4cKWv/li0REM+khCZdXOyTT6bGMp4V/CI6+YTvIxuujKLfXBIgLnFY5DG5xr277O72gBPh5Ieg/DIHKPvnhn1DCfTDQjshdvsOgDYp66LPic="}
--------------------
19:34:57.653 com.google.gson.stream.JsonReader
->nextString(01F0.java:6)
1713180919
--------------------
19:34:57.656 com.google.gson.stream.JsonReader
->nextString(01F0.java:6)
1713180919
--------------------
19:34:57.706 com.cyjh.common.util.l
->a(00ED.java:1)
你还可以使用4天0小时0分钟
--------------------
19:34:57.710 com.cyjh.http.b.a
->b(014D.java:10)
6.1.1
--------------------
19:34:57.711 com.cyjh.common.util.e
->b(00E8.java:8)
1686949188
--------------------
19:34:57.711 com.cyjh.common.util.af
->b(00E5.java:1)
1686949188
--------------------
19:34:57.711 com.cyjh.common.util.af
->b(00E5.java:2)
1686949188
--------------------
19:34:57.711 com.cyjh.http.b.a
->b(014D.java:11)
1712804694
--------------------
19:34:57.711 com.cyjh.http.b.a
->b(014D.java:12)
COBC41DkB9vuJuuZA5T2+hSJXVrM5/DJs+cvCsW89UbcEuqeEcx8Zfdll5w5Ed04e/JnVcOeO4XHospe1u9wgu+IpdsPqHj6
--------------------
19:34:57.716 com.cyjh.http.b.a
->a(014D.java:4)
{"RegCode":"63ff40df981462bf","ScriptId":"7be025e0-0829-4b47-bff1-224ef491317d","AppId":238076,"AppInfo":"COBC41DkB9vuJuuZA5T2+hSJXVrM5/DJs+cvCsW89UbcEuqeEcx8Zfdll5w5Ed04e/JnVcOeO4XHospe1u9wgu+IpdsPqHj6","AppVersion":"1712804694","ClientTimestamp":1712835297,"DeviceCode":"53504273809530277ba80b7a4","DeviceId":"677b0ea9b8fcd0d3284a3d4692a13042","IsRedFinger":0,"TemplateFileId":559,"TemplateVersion":"6.1.1","V":"81058250b7deb83d0"}
--------------------
19:34:57.716 com.cyjh.http.e.c
->a(0156.java:1)
MIICdgIBADANBgkqhkiG9w0BAQEFAASCAmAwggJcAgEAAoGBAJU0ITFmX5JkBA2GRHUpd1p+3rigbzwWPKY/6Ir2XlNW3v5WlTBsnj+GX1ReqsUxCysCb13b/g03ctrP4q2FY4KM1ENaAyDTGFdGDqezSEpEVkIRqxwxfmKhbQgV/9aoWRpgScy2Cclas688VL8U80iTzhNkAN8CS3NJEnD5o3MXAgMBAAECgYAh0Je5P29nmR1GB2kaeJRhQSGvDEVJg+yo7REB9YY5MxYE5JCZUfSnhwex8maXnF7gl4Ov7Pzt9+Qi7Tx9gR6lDhjl4w0nxPg7dXwyWGooCkk/JXAs3N3Z8Jdve8mORQLT4IkHrvrt4cahG+U9PZORQ6yww0+uIzRcri32I8rPOQJBAM4ri71N7bczshAx/dJBMG3BP5KKM4c/HpBJo56a8a87yDGbSxrftHV9NSQzll5XNq9nlKcsadgOK1zG8K1DoE0CQQC5Q99FpnL28KaykTn1OBxu402zam49caGu1lkfHOIaK7KKSlRPk2kdDBi9GjpdoCy5S4OL2yMo/WQB91oBUHLzAkEAqr6dqFXVvZfurEL6txqOBRe6kp4qNqQrp8uU2lHwPvP/xDWcadFDHtpnHGgs7EzGWVYrYpgBwJFbkCaiRJxxMQJAbffortonQYcFG9dyVKlyzytjMs1JFHW/qB0Zl4s4dppbhxSpyPZSHWjRwmWwIWTzRyWYtspjq3AFDdm59i+/mwJAJpafiQO32OOG4/T49uPNyXvkyLF+dk8tKNaSGqC/RM44ZbiI7EqkMXtDUwGIxyTKbOK1pvcYHLg7B3dAL/CeTQ==
--------------------
19:34:57.721 com.cyjh.common.util.b
->a(00E7.java:1)
Gdvp0PBrCp9RIpEcdeZXO/FfJG3RyH2LAfT+hEdFnry5N+d4mYZExj6RNg7NhgkAVQlwxQjqx9pqH0oDRIDNHkPJQUawrrebvRoTdRxiIUuu7sDir2zbAvONLUsos5wIu1sazlFV6j5CrJzKYcBz5QXYXgG8AowWWhpq6ZCm0Vs=
--------------------
19:34:57.721 com.cyjh.http.e.c
->a(0156.java:2)
Gdvp0PBrCp9RIpEcdeZXO/FfJG3RyH2LAfT+hEdFnry5N+d4mYZExj6RNg7NhgkAVQlwxQjqx9pqH0oDRIDNHkPJQUawrrebvRoTdRxiIUuu7sDir2zbAvONLUsos5wIu1sazlFV6j5CrJzKYcBz5QXYXgG8AowWWhpq6ZCm0Vs=
--------------------
19:34:57.722 com.cyjh.http.b.a
->a(014D.java:5)
Gdvp0PBrCp9RIpEcdeZXO/FfJG3RyH2LAfT+hEdFnry5N+d4mYZExj6RNg7NhgkAVQlwxQjqx9pqH0oDRIDNHkPJQUawrrebvRoTdRxiIUuu7sDir2zbAvONLUsos5wIu1sazlFV6j5CrJzKYcBz5QXYXgG8AowWWhpq6ZCm0Vs=
--------------------
19:34:57.723 com.cyjh.http.b.a
->a(014D.java:6)
{"SignContent":"{\"RegCode\":\"63ff40df981462bf\",\"ScriptId\":\"7be025e0-0829-4b47-bff1-224ef491317d\",\"AppId\":238076,\"AppInfo\":\"COBC41DkB9vuJuuZA5T2+hSJXVrM5/DJs+cvCsW89UbcEuqeEcx8Zfdll5w5Ed04e/JnVcOeO4XHospe1u9wgu+IpdsPqHj6\",\"AppVersion\":\"1712804694\",\"ClientTimestamp\":1712835297,\"DeviceCode\":\"53504273809530277ba80b7a4\",\"DeviceId\":\"677b0ea9b8fcd0d3284a3d4692a13042\",\"IsRedFinger\":0,\"TemplateFileId\":559,\"TemplateVersion\":\"6.1.1\",\"V\":\"81058250b7deb83d0\"}","Signature":"Gdvp0PBrCp9RIpEcdeZXO/FfJG3RyH2LAfT+hEdFnry5N+d4mYZExj6RNg7NhgkAVQlwxQjqx9pqH0oDRIDNHkPJQUawrrebvRoTdRxiIUuu7sDir2zbAvONLUsos5wIu1sazlFV6j5CrJzKYcBz5QXYXgG8AowWWhpq6ZCm0Vs\u003d"}
--------------------
19:34:57.723 com.cyjh.http.b.a
->a(014D.java:7)
b4af55a5
--------------------
19:34:57.726 com.cyjh.common.util.h
->a(00EA.java:2)
RFU7bUw+4R0T+s01l1ogMr/VE3Z+kvO736wFrrTRy3m6gTz4zIOV8g+l2qHCsAP1ZPjv2nk2+odD+VlCGUsftHPuxl1mKrxbdIgA71eJefP4F2a5k650XIbTJJV3l0OMZm88JUrmD5e7zFDJXbSQV+a5vH94e4l1UFEOpddOyr6pXkpl9IO1H6bznElMOX8SahWWgkE+gJppQskO78dDAGmwwVfHTK0MoDTdvVUFfcyogHKIr/smjj34uRij+U5pSMJFugjuhn85sbDXQTf8TWHit8Xl9oZ1+67iI+eLFbViNfL6/vwNpntaq9XCXWhW4qzSdRTL+oB6ajQmCMZj9dPqizzZN54YPTUATpwxQtcIfUK1An4S1iT99Oh6w/1IVVS0rBvIJUKn06gajZyQ/aAhiBsdRz13dQIQNMHIuLCtnvrets3bF7MVMh1RU7QliF2iWlXFLiP6QtpBv60iPm1Oyhc51t28jQHe3+24WctHuQ86N/MXlE3sgh9MFc9dgdoi/Yp4mrJlJohCkMlkvTdp/oO/EqwQgJhCa2zUA/Mg/fC1BHnOCMd6sYWgXUQIXPofYp70YYdlbGuoPweW2O5ac/GjnbiypUeiOYW9B1WQZUKV3AH6EhbdsMHkVNqoE7iPz9Cj/nC0xPWs/7o1NM2QKc8tUDWnIklBEiUKZSjEHa82maqndKtwoU4YYZDhHNSVw5LCkTWt6qU6/boZuKOHYDUmNQLIj51ezfwbcDesvcp53Zc7Dyd7uR66gGpq4FFp6FO5zPIf0ywLj16caWjvYDPgxma3eozcTLhvSz3vI61to3ip9U4ymGP2spsGvLNvbU7oz6gDXvRQawqdhWt+Qk1il+aZkJVT/v5RVYPLfjUU/SDqR0y4bdWyp5LoT0hCmcaisIU1bQd3GPfFgA==
--------------------
19:34:57.726 com.cyjh.http.b.a
->a(014D.java:8)
RFU7bUw+4R0T+s01l1ogMr/VE3Z+kvO736wFrrTRy3m6gTz4zIOV8g+l2qHCsAP1ZPjv2nk2+odD+VlCGUsftHPuxl1mKrxbdIgA71eJefP4F2a5k650XIbTJJV3l0OMZm88JUrmD5e7zFDJXbSQV+a5vH94e4l1UFEOpddOyr6pXkpl9IO1H6bznElMOX8SahWWgkE+gJppQskO78dDAGmwwVfHTK0MoDTdvVUFfcyogHKIr/smjj34uRij+U5pSMJFugjuhn85sbDXQTf8TWHit8Xl9oZ1+67iI+eLFbViNfL6/vwNpntaq9XCXWhW4qzSdRTL+oB6ajQmCMZj9dPqizzZN54YPTUATpwxQtcIfUK1An4S1iT99Oh6w/1IVVS0rBvIJUKn06gajZyQ/aAhiBsdRz13dQIQNMHIuLCtnvrets3bF7MVMh1RU7QliF2iWlXFLiP6QtpBv60iPm1Oyhc51t28jQHe3+24WctHuQ86N/MXlE3sgh9MFc9dgdoi/Yp4mrJlJohCkMlkvTdp/oO/EqwQgJhCa2zUA/Mg/fC1BHnOCMd6sYWgXUQIXPofYp70YYdlbGuoPweW2O5ac/GjnbiypUeiOYW9B1WQZUKV3AH6EhbdsMHkVNqoE7iPz9Cj/nC0xPWs/7o1NM2QKc8tUDWnIklBEiUKZSjEHa82maqndKtwoU4YYZDhHNSVw5LCkTWt6qU6/boZuKOHYDUmNQLIj51ezfwbcDesvcp53Zc7Dyd7uR66gGpq4FFp6FO5zPIf0ywLj16caWjvYDPgxma3eozcTLhvSz3vI61to3ip9U4ymGP2spsGvLNvbU7oz6gDXvRQawqdhWt+Qk1il+aZkJVT/v5RVYPLfjUU/SDqR0y4bdWyp5LoT0hCmcaisIU1bQd3GPfFgA==
--------------------
19:34:57.727 com.cyjh.http.b.a
->a(014D.java:9)
6
--------------------
19:34:57.729 com.android.volley.l
->a(0094.java:1)
Data
--------------------
19:34:57.730 com.android.volley.l
->a(0094.java:2)
RFU7bUw%2B4R0T%2Bs01l1ogMr%2FVE3Z%2BkvO736wFrrTRy3m6gTz4zIOV8g%2Bl2qHCsAP1ZPjv2nk2%2BodD%2BVlCGUsftHPuxl1mKrxbdIgA71eJefP4F2a5k650XIbTJJV3l0OMZm88JUrmD5e7zFDJXbSQV%2Ba5vH94e4l1UFEOpddOyr6pXkpl9IO1H6bznElMOX8SahWWgkE%2BgJppQskO78dDAGmwwVfHTK0MoDTdvVUFfcyogHKIr%2Fsmjj34uRij%2BU5pSMJFugjuhn85sbDXQTf8TWHit8Xl9oZ1%2B67iI%2BeLFbViNfL6%2FvwNpntaq9XCXWhW4qzSdRTL%2BoB6ajQmCMZj9dPqizzZN54YPTUATpwxQtcIfUK1An4S1iT99Oh6w%2F1IVVS0rBvIJUKn06gajZyQ%2FaAhiBsdRz13dQIQNMHIuLCtnvrets3bF7MVMh1RU7QliF2iWlXFLiP6QtpBv60iPm1Oyhc51t28jQHe3%2B24WctHuQ86N%2FMXlE3sgh9MFc9dgdoi%2FYp4mrJlJohCkMlkvTdp%2FoO%2FEqwQgJhCa2zUA%2FMg%2FfC1BHnOCMd6sYWgXUQIXPofYp70YYdlbGuoPweW2O5ac%2FGjnbiypUeiOYW9B1WQZUKV3AH6EhbdsMHkVNqoE7iPz9Cj%2FnC0xPWs%2F7o1NM2QKc8tUDWnIklBEiUKZSjEHa82maqndKtwoU4YYZDhHNSVw5LCkTWt6qU6%2FboZuKOHYDUmNQLIj51ezfwbcDesvcp53Zc7Dyd7uR66gGpq4FFp6FO5zPIf0ywLj16caWjvYDPgxma3eozcTLhvSz3vI61to3ip9U4ymGP2spsGvLNvbU7oz6gDXvRQawqdhWt%2BQk1il%2BaZkJVT%2Fv5RVYPLfjUU%2FSDqR0y4bdWyp5LoT0hCmcaisIU1bQd3GPfFgA%3D%3D
--------------------
19:34:57.730 com.android.volley.l
->a(0094.java:1)
V
--------------------
19:34:57.730 com.android.volley.l
->a(0094.java:2)
81058250b7deb83d0
--------------------
19:34:57.730 com.android.volley.l
->a(0094.java:1)
R
--------------------
19:34:57.730 com.android.volley.l
->a(0094.java:2)
6
--------------------
19:34:57.740 net.grandcentrix.tray.core.TrayException
-><init>(0300.java:1)
Value for Key <com.cyjh.elfin.ui.activity.SettingActivity.swtVibration> not found
--------------------
19:34:57.839 com.cyjh.http.d.b.d
->a(0152.java:1)
{"Data":"eIL54+jztJw352qwx7mBJAlrse+yCPOKtO3YZz7E/n/KxVmRjPSmEf+uk+0zkXf4ka1B31KrKpVLih7iI3freQYvh39cRXQccVvHda4yqJru9S3TMluU4/vAnvsjtOnYCHW64ybKTuxPAVXDdU1fYGls/E8B1UzTymaqX8h0ssvAkBGk+7i8mE9pMKC7/MrZrb67JUCQDiH0JrWa7WsdLnkiJyplGCZY61iXL3nK/mgKpgBrbl8dIZYPXi9Om8gVQ6FQSZOv+KPvk0WskwZLsS0a+k3vMeVa4cBs6haR7M7ISJnqe6+tlfkOa9AMihoa3th6QVb1pfQJIw4fP0S6J1FC6x1Y4vn/Wre76tV2Eo9bWFztA/39r2uolC8un0+3+Pd66WwzY8Hu9S3TMluU4/NFeTUC96pOEkA98a2Kj8AnxkwQo9pMywkNtGJ0GfGCW8xc6c6faLMXFJNaPEtYnySSvz7fMVqvvuuJPynLO1rlNph2yNiQcmXN8iCW/9uGyQ0yxxbAZ/iIUplmAltzl2tKYMDjTbjXmkLphHIA4LeQFNgzsRlRn7gYd2gqbMcIfTzzoTBYTemaHl+oUcbXIEypOB23Gzlkphk1rdso06aK4rmo3OErmXmRqsVey9mnDtL4YFstLYkaKd8d5WZQsj0NJRtMM9Oubg86lviG9U2EGDaWrr9CDdnvccwzQvIsOBYlzE8CRKQV/aO7K7oVd9640R+TzGlbZsE9sCM/DTGlopTg/GTTeAn8LwSKnzRA","R":1}
--------------------
19:34:57.841 com.cyjh.http.e.c
->a(0156.java:3)
caf7a1f0
--------------------
19:34:57.842 com.cyjh.common.util.h
->b(00EA.java:4)
{"SignContent":"{\u0022Code\u0022:200,\u0022Message\u0022:\u0022请求成功！\u0022,\u0022Data\u0022:{\u0022ExpireTime\u0022:1713180919,\u0022DailyTryTimes\u0022:1,\u0022OnceTryMinute\u0022:10,\u0022RunGuid\u0022:\u0022bc544d2f64fd46b180eb711902257b18\u0022,\u0022ScriptEncryptKey\u0022:\u0022\u0022,\u0022ClientTimestamp\u0022:1712835297,\u0022ServerTimestamp\u0022:1712835299}}","Signature":"hk6Hm6FO70UR7vQqXkAzcvsVCEKVXKkmXu9KMTLZt2s9HFygSLl7HmRcztGeQyZQurZiIgJRQckK+5fjd5+kNZ38lOZva28GL2GLMFGb8pEFALU3aGjcWPWwI9KmWEsqkUTzD5hIpXPsk20xEigfAtyxDMseMhX8NgG2tIfVGVc="}      
--------------------
19:34:57.843 com.cyjh.http.e.c
->a(0156.java:4)
{"SignContent":"{\u0022Code\u0022:200,\u0022Message\u0022:\u0022请求成功！\u0022,\u0022Data\u0022:{\u0022ExpireTime\u0022:1713180919,\u0022DailyTryTimes\u0022:1,\u0022OnceTryMinute\u0022:10,\u0022RunGuid\u0022:\u0022bc544d2f64fd46b180eb711902257b18\u0022,\u0022ScriptEncryptKey\u0022:\u0022\u0022,\u0022ClientTimestamp\u0022:1712835297,\u0022ServerTimestamp\u0022:1712835299}}","Signature":"hk6Hm6FO70UR7vQqXkAzcvsVCEKVXKkmXu9KMTLZt2s9HFygSLl7HmRcztGeQyZQurZiIgJRQckK+5fjd5+kNZ38lOZva28GL2GLMFGb8pEFALU3aGjcWPWwI9KmWEsqkUTzD5hIpXPsk20xEigfAtyxDMseMhX8NgG2tIfVGVc="}
--------------------
19:34:57.844 com.cyjh.http.c.a.a
->a(014E.java:1)
{"SignContent":"{\u0022Code\u0022:200,\u0022Message\u0022:\u0022请求成功！\u0022,\u0022Data\u0022:{\u0022ExpireTime\u0022:1713180919,\u0022DailyTryTimes\u0022:1,\u0022OnceTryMinute\u0022:10,\u0022RunGuid\u0022:\u0022bc544d2f64fd46b180eb711902257b18\u0022,\u0022ScriptEncryptKey\u0022:\u0022\u0022,\u0022ClientTimestamp\u0022:1712835297,\u0022ServerTimestamp\u0022:1712835299}}","Signature":"hk6Hm6FO70UR7vQqXkAzcvsVCEKVXKkmXu9KMTLZt2s9HFygSLl7HmRcztGeQyZQurZiIgJRQckK+5fjd5+kNZ38lOZva28GL2GLMFGb8pEFALU3aGjcWPWwI9KmWEsqkUTzD5hIpXPsk20xEigfAtyxDMseMhX8NgG2tIfVGVc="}
--------------------
19:34:57.880 com.google.gson.stream.JsonReader
->nextString(01F0.java:6)
1713180919
--------------------
19:34:57.882 com.google.gson.stream.JsonReader
->nextString(01F0.java:6)
1713180919
--------------------
19:35:00.280 com.google.protobuf.LiteralByteString
->toString(01F8.java:1)
JCPattern
--------------------
19:35:00.282 com.google.protobuf.LiteralByteString
->toString(01F8.java:1)
Device
--------------------
19:35:00.283 com.google.protobuf.Descriptors
->computeFullName(0203.java:3)
JCPattern
--------------------
19:35:00.283 com.google.protobuf.Descriptors
->access$0(0203.java:1)
JCPattern.Device
--------------------
19:35:00.283 com.google.protobuf.Descriptors$Descriptor
-><init>(01FB.java:1)
JCPattern.Device
--------------------
19:35:00.285 com.google.protobuf.LiteralByteString
->toString(01F8.java:1)
imei
--------------------
19:35:00.285 com.google.protobuf.Descriptors
->computeFullName(0203.java:2)
JCPattern.Device
--------------------
19:35:00.285 com.google.protobuf.Descriptors
->access$0(0203.java:1)
JCPattern.Device.imei
--------------------
19:35:00.285 com.google.protobuf.Descriptors$FieldDescriptor
-><init>(01FF.java:1)
JCPattern.Device.imei
--------------------
19:35:00.285 com.google.protobuf.LiteralByteString
->toString(01F8.java:1)
mac
--------------------
19:35:00.285 com.google.protobuf.Descriptors
->computeFullName(0203.java:2)
JCPattern.Device
--------------------
19:35:00.285 com.google.protobuf.Descriptors
->access$0(0203.java:1)
JCPattern.Device.mac
--------------------
19:35:00.285 com.google.protobuf.Descriptors$FieldDescriptor
-><init>(01FF.java:1)
JCPattern.Device.mac
--------------------
19:35:00.285 com.google.protobuf.LiteralByteString
->toString(01F8.java:1)
ReturnValue
--------------------
19:35:00.286 com.google.protobuf.Descriptors
->computeFullName(0203.java:3)
JCPattern
--------------------
19:35:00.286 com.google.protobuf.Descriptors
->access$0(0203.java:1)
JCPattern.ReturnValue
--------------------
19:35:00.286 com.google.protobuf.Descriptors$Descriptor
-><init>(01FB.java:1)
JCPattern.ReturnValue
--------------------
19:35:00.286 com.google.protobuf.LiteralByteString
->toString(01F8.java:1)
type
--------------------
19:35:00.286 com.google.protobuf.Descriptors
->computeFullName(0203.java:2)
JCPattern.ReturnValue
--------------------
19:35:00.286 com.google.protobuf.Descriptors
->access$0(0203.java:1)
JCPattern.ReturnValue.type
--------------------
19:35:00.286 com.google.protobuf.Descriptors$FieldDescriptor
-><init>(01FF.java:1)
JCPattern.ReturnValue.type
--------------------
19:35:00.286 com.google.protobuf.LiteralByteString
->toString(01F8.java:1)
valBoolean
--------------------
19:35:00.286 com.google.protobuf.Descriptors
->computeFullName(0203.java:2)
JCPattern.ReturnValue
--------------------
19:35:00.286 com.google.protobuf.Descriptors
->access$0(0203.java:1)
JCPattern.ReturnValue.valBoolean
--------------------
19:35:00.286 com.google.protobuf.Descriptors$FieldDescriptor
-><init>(01FF.java:1)
JCPattern.ReturnValue.valBoolean
--------------------
19:35:00.287 com.google.protobuf.LiteralByteString
->toString(01F8.java:1)
valInt
--------------------
19:35:00.287 com.google.protobuf.Descriptors
->computeFullName(0203.java:2)
JCPattern.ReturnValue
--------------------
19:35:00.287 com.google.protobuf.Descriptors
->access$0(0203.java:1)
JCPattern.ReturnValue.valInt
--------------------
19:35:00.287 com.google.protobuf.Descriptors$FieldDescriptor
-><init>(01FF.java:1)
JCPattern.ReturnValue.valInt
--------------------
19:35:00.287 com.google.protobuf.LiteralByteString
->toString(01F8.java:1)
valLong
--------------------
19:35:00.287 com.google.protobuf.Descriptors
->computeFullName(0203.java:2)
JCPattern.ReturnValue
--------------------
19:35:00.287 com.google.protobuf.Descriptors
->access$0(0203.java:1)
JCPattern.ReturnValue.valLong
--------------------
19:35:00.287 com.google.protobuf.Descriptors$FieldDescriptor
-><init>(01FF.java:1)
JCPattern.ReturnValue.valLong
--------------------
19:35:00.287 com.google.protobuf.LiteralByteString
->toString(01F8.java:1)
valFloat
--------------------
19:35:00.287 com.google.protobuf.Descriptors
->computeFullName(0203.java:2)
JCPattern.ReturnValue
--------------------
19:35:00.287 com.google.protobuf.Descriptors
->access$0(0203.java:1)
JCPattern.ReturnValue.valFloat
--------------------
19:35:00.288 com.google.protobuf.Descriptors$FieldDescriptor
-><init>(01FF.java:1)
JCPattern.ReturnValue.valFloat
--------------------
19:35:00.288 com.google.protobuf.LiteralByteString
->toString(01F8.java:1)
valDouble
--------------------
19:35:00.288 com.google.protobuf.Descriptors
->computeFullName(0203.java:2)
JCPattern.ReturnValue
--------------------
19:35:00.288 com.google.protobuf.Descriptors
->access$0(0203.java:1)
JCPattern.ReturnValue.valDouble
--------------------
19:35:00.288 com.google.protobuf.Descriptors$FieldDescriptor
-><init>(01FF.java:1)
JCPattern.ReturnValue.valDouble
--------------------
19:35:00.288 com.google.protobuf.LiteralByteString
->toString(01F8.java:1)
valString
--------------------
19:35:00.288 com.google.protobuf.Descriptors
->computeFullName(0203.java:2)
JCPattern.ReturnValue
--------------------
19:35:00.288 com.google.protobuf.Descriptors
->access$0(0203.java:1)
JCPattern.ReturnValue.valString
--------------------
19:35:00.288 com.google.protobuf.Descriptors$FieldDescriptor
-><init>(01FF.java:1)
JCPattern.ReturnValue.valString
--------------------
19:35:00.288 com.google.protobuf.LiteralByteString
->toString(01F8.java:1)
IpcMessage
--------------------
19:35:00.289 com.google.protobuf.Descriptors
->computeFullName(0203.java:3)
JCPattern
--------------------
19:35:00.289 com.google.protobuf.Descriptors
->access$0(0203.java:1)
JCPattern.IpcMessage
--------------------
19:35:00.289 com.google.protobuf.Descriptors$Descriptor
-><init>(01FB.java:1)
JCPattern.IpcMessage
--------------------
19:35:00.289 com.google.protobuf.LiteralByteString
->toString(01F8.java:1)
cmd
--------------------
19:35:00.289 com.google.protobuf.Descriptors
->computeFullName(0203.java:2)
JCPattern.IpcMessage
--------------------
19:35:00.289 com.google.protobuf.Descriptors
->access$0(0203.java:1)
JCPattern.IpcMessage.cmd
--------------------
19:35:00.289 com.google.protobuf.Descriptors$FieldDescriptor
-><init>(01FF.java:1)
JCPattern.IpcMessage.cmd
--------------------
19:35:00.289 com.google.protobuf.LiteralByteString
->toString(01F8.java:1)
arg1
--------------------
19:35:00.289 com.google.protobuf.Descriptors
->computeFullName(0203.java:2)
JCPattern.IpcMessage
--------------------
19:35:00.290 com.google.protobuf.Descriptors
->access$0(0203.java:1)
JCPattern.IpcMessage.arg1
--------------------
19:35:00.290 com.google.protobuf.Descriptors$FieldDescriptor
-><init>(01FF.java:1)
JCPattern.IpcMessage.arg1
--------------------
19:35:00.290 com.google.protobuf.LiteralByteString
->toString(01F8.java:1)
arg2
--------------------
19:35:00.291 com.google.protobuf.Descriptors
->computeFullName(0203.java:2)
JCPattern.IpcMessage
--------------------
19:35:00.291 com.google.protobuf.Descriptors
->access$0(0203.java:1)
JCPattern.IpcMessage.arg2
--------------------
19:35:00.291 com.google.protobuf.Descriptors$FieldDescriptor
-><init>(01FF.java:1)
JCPattern.IpcMessage.arg2
--------------------
19:35:00.291 com.google.protobuf.LiteralByteString
->toString(01F8.java:1)
arg3
--------------------
19:35:00.291 com.google.protobuf.Descriptors
->computeFullName(0203.java:2)
JCPattern.IpcMessage
--------------------
19:35:00.291 com.google.protobuf.Descriptors
->access$0(0203.java:1)
JCPattern.IpcMessage.arg3
--------------------
19:35:00.291 com.google.protobuf.Descriptors$FieldDescriptor
-><init>(01FF.java:1)
JCPattern.IpcMessage.arg3
--------------------
19:35:00.291 com.google.protobuf.LiteralByteString
->toString(01F8.java:1)
fileData
--------------------
19:35:00.291 com.google.protobuf.Descriptors
->computeFullName(0203.java:2)
JCPattern.IpcMessage
--------------------
19:35:00.291 com.google.protobuf.Descriptors
->access$0(0203.java:1)
JCPattern.IpcMessage.fileData
--------------------
19:35:00.291 com.google.protobuf.Descriptors$FieldDescriptor
-><init>(01FF.java:1)
JCPattern.IpcMessage.fileData
--------------------
19:35:00.292 com.google.protobuf.LiteralByteString
->toString(01F8.java:1)
arg4
--------------------
19:35:00.292 com.google.protobuf.Descriptors
->computeFullName(0203.java:2)
JCPattern.IpcMessage
--------------------
19:35:00.292 com.google.protobuf.Descriptors
->access$0(0203.java:1)
JCPattern.IpcMessage.arg4
--------------------
19:35:00.292 com.google.protobuf.Descriptors$FieldDescriptor
-><init>(01FF.java:1)
JCPattern.IpcMessage.arg4
--------------------
19:35:00.292 com.google.protobuf.LiteralByteString
->toString(01F8.java:1)
pkgName
--------------------
19:35:00.292 com.google.protobuf.Descriptors
->computeFullName(0203.java:2)
JCPattern.IpcMessage
--------------------
19:35:00.292 com.google.protobuf.Descriptors
->access$0(0203.java:1)
JCPattern.IpcMessage.pkgName
--------------------
19:35:00.292 com.google.protobuf.Descriptors$FieldDescriptor
-><init>(01FF.java:1)
JCPattern.IpcMessage.pkgName
--------------------
19:35:00.292 com.google.protobuf.LiteralByteString
->toString(01F8.java:1)
className
--------------------
19:35:00.292 com.google.protobuf.Descriptors
->computeFullName(0203.java:2)
JCPattern.IpcMessage
--------------------
19:35:00.292 com.google.protobuf.Descriptors
->access$0(0203.java:1)
JCPattern.IpcMessage.className
--------------------
19:35:00.293 com.google.protobuf.Descriptors$FieldDescriptor
-><init>(01FF.java:1)
JCPattern.IpcMessage.className
--------------------
19:35:00.293 com.google.protobuf.LiteralByteString
->toString(01F8.java:1)
methodName
--------------------
19:35:00.293 com.google.protobuf.Descriptors
->computeFullName(0203.java:2)
JCPattern.IpcMessage
--------------------
19:35:00.293 com.google.protobuf.Descriptors
->access$0(0203.java:1)
JCPattern.IpcMessage.methodName
--------------------
19:35:00.293 com.google.protobuf.Descriptors$FieldDescriptor
-><init>(01FF.java:1)
JCPattern.IpcMessage.methodName
--------------------
19:35:00.293 com.google.protobuf.LiteralByteString
->toString(01F8.java:1)
types
--------------------
19:35:00.293 com.google.protobuf.Descriptors
->computeFullName(0203.java:2)
JCPattern.IpcMessage
--------------------
19:35:00.293 com.google.protobuf.Descriptors
->access$0(0203.java:1)
JCPattern.IpcMessage.types
--------------------
19:35:00.293 com.google.protobuf.Descriptors$FieldDescriptor
-><init>(01FF.java:1)
JCPattern.IpcMessage.types
--------------------
19:35:00.293 com.google.protobuf.LiteralByteString
->toString(01F8.java:1)
params
--------------------
19:35:00.293 com.google.protobuf.Descriptors
->computeFullName(0203.java:2)
JCPattern.IpcMessage
--------------------
19:35:00.293 com.google.protobuf.Descriptors
->access$0(0203.java:1)
JCPattern.IpcMessage.params
--------------------
19:35:00.294 com.google.protobuf.Descriptors$FieldDescriptor
-><init>(01FF.java:1)
JCPattern.IpcMessage.params
--------------------
19:35:00.294 com.google.protobuf.LiteralByteString
->toString(01F8.java:1)
isSyncCall
--------------------
19:35:00.294 com.google.protobuf.Descriptors
->computeFullName(0203.java:2)
JCPattern.IpcMessage
--------------------
19:35:00.294 com.google.protobuf.Descriptors
->access$0(0203.java:1)
JCPattern.IpcMessage.isSyncCall
--------------------
19:35:00.294 com.google.protobuf.Descriptors$FieldDescriptor
-><init>(01FF.java:1)
JCPattern.IpcMessage.isSyncCall
--------------------
19:35:00.294 com.google.protobuf.LiteralByteString
->toString(01F8.java:1)
waitId
--------------------
19:35:00.294 com.google.protobuf.Descriptors
->computeFullName(0203.java:2)
JCPattern.IpcMessage
--------------------
19:35:00.294 com.google.protobuf.Descriptors
->access$0(0203.java:1)
JCPattern.IpcMessage.waitId
--------------------
19:35:00.294 com.google.protobuf.Descriptors$FieldDescriptor
-><init>(01FF.java:1)
JCPattern.IpcMessage.waitId
--------------------
19:35:00.294 com.google.protobuf.LiteralByteString
->toString(01F8.java:1)
retValue
--------------------
19:35:00.294 com.google.protobuf.Descriptors
->computeFullName(0203.java:2)
JCPattern.IpcMessage
--------------------
19:35:00.295 com.google.protobuf.Descriptors
->access$0(0203.java:1)
JCPattern.IpcMessage.retValue
--------------------
19:35:00.295 com.google.protobuf.Descriptors$FieldDescriptor
-><init>(01FF.java:1)
JCPattern.IpcMessage.retValue
--------------------
19:35:00.295 com.google.protobuf.LiteralByteString
->toString(01F8.java:1)
encrypt
--------------------
19:35:00.295 com.google.protobuf.Descriptors
->computeFullName(0203.java:2)
JCPattern.IpcMessage
--------------------
19:35:00.295 com.google.protobuf.Descriptors
->access$0(0203.java:1)
JCPattern.IpcMessage.encrypt
--------------------
19:35:00.295 com.google.protobuf.Descriptors$FieldDescriptor
-><init>(01FF.java:1)
JCPattern.IpcMessage.encrypt
--------------------
19:35:00.295 com.google.protobuf.LiteralByteString
->toString(01F8.java:1)
isDebug
--------------------
19:35:00.295 com.google.protobuf.Descriptors
->computeFullName(0203.java:2)
JCPattern.IpcMessage
--------------------
19:35:00.295 com.google.protobuf.Descriptors
->access$0(0203.java:1)
JCPattern.IpcMessage.isDebug
--------------------
19:35:00.295 com.google.protobuf.Descriptors$FieldDescriptor
-><init>(01FF.java:1)
JCPattern.IpcMessage.isDebug
--------------------
19:35:00.297 com.google.protobuf.LiteralByteString
->toString(01F8.java:1)
FundType
--------------------
19:35:00.297 com.google.protobuf.Descriptors
->computeFullName(0203.java:3)
JCPattern
--------------------
19:35:00.297 com.google.protobuf.Descriptors
->access$0(0203.java:1)
JCPattern.FundType
--------------------
19:35:00.297 com.google.protobuf.Descriptors$EnumDescriptor
-><init>(01FD.java:1)
JCPattern.FundType
--------------------
19:35:00.297 com.google.protobuf.Descriptors$EnumValueDescriptor
-><init>(01FE.java:1)
JCPattern.FundType
--------------------
19:35:00.297 com.google.protobuf.LiteralByteString
->toString(01F8.java:1)
VOID
--------------------
19:35:00.297 com.google.protobuf.Descriptors$EnumValueDescriptor
-><init>(01FE.java:1)
JCPattern.FundType
--------------------
19:35:00.297 com.google.protobuf.LiteralByteString
->toString(01F8.java:1)
BOOLEAN
--------------------
19:35:00.298 com.google.protobuf.Descriptors$EnumValueDescriptor
-><init>(01FE.java:1)
JCPattern.FundType
--------------------
19:35:00.298 com.google.protobuf.LiteralByteString
->toString(01F8.java:1)
INT
--------------------
19:35:00.298 com.google.protobuf.Descriptors$EnumValueDescriptor
-><init>(01FE.java:1)
JCPattern.FundType
--------------------
19:35:00.298 com.google.protobuf.LiteralByteString
->toString(01F8.java:1)
LONG
--------------------
19:35:00.298 com.google.protobuf.Descriptors$EnumValueDescriptor
-><init>(01FE.java:1)
JCPattern.FundType
--------------------
19:35:00.298 com.google.protobuf.LiteralByteString
->toString(01F8.java:1)
FLOAT
--------------------
19:35:00.298 com.google.protobuf.Descriptors$EnumValueDescriptor
-><init>(01FE.java:1)
JCPattern.FundType
--------------------
19:35:00.298 com.google.protobuf.LiteralByteString
->toString(01F8.java:1)
DOUBLE
--------------------
19:35:00.298 com.google.protobuf.Descriptors$EnumValueDescriptor
-><init>(01FE.java:1)
JCPattern.FundType
--------------------
19:35:00.298 com.google.protobuf.LiteralByteString
->toString(01F8.java:1)
STRING
--------------------
19:35:00.299 com.google.protobuf.LiteralByteString
->toString(01F8.java:1)
.JCPattern.FundType
--------------------
19:35:00.299 com.google.protobuf.LiteralByteString
->toString(01F8.java:1)
VOID
--------------------
19:35:00.299 com.google.protobuf.Descriptors$EnumDescriptor
->findValueByName(01FD.java:2)
JCPattern.FundType
--------------------
19:35:00.299 com.google.protobuf.LiteralByteString
->toString(01F8.java:1)
0
--------------------
19:35:00.299 com.google.protobuf.LiteralByteString
->toString(01F8.java:1)
false
--------------------
19:35:00.299 com.google.protobuf.LiteralByteString
->toString(01F8.java:1)
0
--------------------
19:35:00.299 com.google.protobuf.LiteralByteString
->toString(01F8.java:1)
.JCPattern.ReturnValue
--------------------
19:35:00.300 com.google.protobuf.LiteralByteString
->toString(01F8.java:1)
false
--------------------
19:35:00.300 com.google.protobuf.LiteralByteString
->toString(01F8.java:1)
false
--------------------
19:35:00.302 com.google.protobuf.LiteralByteString
->toString(01F8.java:1)
当前分辨率：720*1280
支持分辨率
当前脚本版本2.76
问题反馈Q群:704563173
--------------------
19:35:00.302 com.google.protobuf.TextFormat
->escapeText(0209.java:3)
\345\275\223\345\211\215\345\210\206\350\276\250\347\216\207\357\274\232720*1280\n\346\224\257\346\214\201\345\210\206\350\276\250\347\216\207\n\345\275\223\345\211\215\350\204\232\346\234\254\347\211\210\346\234\2542.76\n\351\227\256\351\242\230\345\217\215\351\246\210Q\347\276\244:704563173
--------------------
19:35:00.302 com.google.protobuf.TextFormat$Printer
->printFieldValue(0207.java:2)
\345\275\223\345\211\215\345\210\206\350\276\250\347\216\207\357\274\232720*1280\n\346\224\257\346\214\201\345\210\206\350\276\250\347\216\207\n\345\275\223\345\211\215\350\204\232\346\234\254\347\211\210\346\234\2542.76\n\351\227\256\351\242\230\345\217\215\351\246\210Q\347\276\244:704563173
--------------------
19:35:00.303 com.google.protobuf.AbstractMessage
->toString(015F.java:3)
cmd: 33
arg1: 120
arg1: 753
arg1: 3000
arg2: "\345\275\223\345\211\215\345\210\206\350\276\250\347\216\207\357\274\232720*1280\n\346\224\257\346\214\201\345\210\206\350\276\250\347\216\207\n\345\275\223\345\211\215\350\204\232\346\234\254\347\211\210\346\234\2542.76\n\351\227\256\351\242\230\345\217\215\351\246\210Q\347\276\244:704563173"

--------------------
19:35:03.228 com.google.protobuf.LiteralByteString
->toString(01F8.java:1)

--------------------
19:35:03.245 com.cyjh.http.b.a
->b(014D.java:10)
6.1.1
--------------------
19:35:03.245 com.cyjh.common.util.e
->b(00E8.java:8)
1686949188
--------------------
19:35:03.245 com.cyjh.common.util.af
->b(00E5.java:1)
1686949188
--------------------
19:35:03.245 com.cyjh.common.util.af
->b(00E5.java:2)
1686949188
--------------------
19:35:03.246 com.cyjh.http.b.a
->b(014D.java:11)
1712804694
--------------------
19:35:03.246 com.cyjh.http.b.a
->b(014D.java:12)
COBC41DkB9vuJuuZA5T2+hSJXVrM5/DJs+cvCsW89UbcEuqeEcx8Zfdll5w5Ed04e/JnVcOeO4XHospe1u9wgu+IpdsPqHj6
--------------------
19:35:03.249 com.cyjh.http.b.a
->a(014D.java:4)
{"RunGuid":"bc544d2f64fd46b180eb711902257b18","AppId":238076,"AppInfo":"COBC41DkB9vuJuuZA5T2+hSJXVrM5/DJs+cvCsW89UbcEuqeEcx8Zfdll5w5Ed04e/JnVcOeO4XHospe1u9wgu+IpdsPqHj6","AppVersion":"1712804694","ClientTimestamp":1712835303,"DeviceCode":"53504273809530277ba80b7a4","DeviceId":"677b0ea9b8fcd0d3284a3d4692a13042","IsRedFinger":0,"TemplateFileId":559,"TemplateVersion":"6.1.1","V":"81058250b7deb83d0"}
--------------------
19:35:03.249 com.cyjh.http.e.c
->a(0156.java:1)
MIICdgIBADANBgkqhkiG9w0BAQEFAASCAmAwggJcAgEAAoGBAJU0ITFmX5JkBA2GRHUpd1p+3rigbzwWPKY/6Ir2XlNW3v5WlTBsnj+GX1ReqsUxCysCb13b/g03ctrP4q2FY4KM1ENaAyDTGFdGDqezSEpEVkIRqxwxfmKhbQgV/9aoWRpgScy2Cclas688VL8U80iTzhNkAN8CS3NJEnD5o3MXAgMBAAECgYAh0Je5P29nmR1GB2kaeJRhQSGvDEVJg+yo7REB9YY5MxYE5JCZUfSnhwex8maXnF7gl4Ov7Pzt9+Qi7Tx9gR6lDhjl4w0nxPg7dXwyWGooCkk/JXAs3N3Z8Jdve8mORQLT4IkHrvrt4cahG+U9PZORQ6yww0+uIzRcri32I8rPOQJBAM4ri71N7bczshAx/dJBMG3BP5KKM4c/HpBJo56a8a87yDGbSxrftHV9NSQzll5XNq9nlKcsadgOK1zG8K1DoE0CQQC5Q99FpnL28KaykTn1OBxu402zam49caGu1lkfHOIaK7KKSlRPk2kdDBi9GjpdoCy5S4OL2yMo/WQB91oBUHLzAkEAqr6dqFXVvZfurEL6txqOBRe6kp4qNqQrp8uU2lHwPvP/xDWcadFDHtpnHGgs7EzGWVYrYpgBwJFbkCaiRJxxMQJAbffortonQYcFG9dyVKlyzytjMs1JFHW/qB0Zl4s4dppbhxSpyPZSHWjRwmWwIWTzRyWYtspjq3AFDdm59i+/mwJAJpafiQO32OOG4/T49uPNyXvkyLF+dk8tKNaSGqC/RM44ZbiI7EqkMXtDUwGIxyTKbOK1pvcYHLg7B3dAL/CeTQ==
--------------------
19:35:03.253 com.cyjh.common.util.b
->a(00E7.java:1)
kUVzJ6WWYmPbKnbDHi3uIDjXXtsLzWQVTdGUTx/0gMAe6i7gzD//GdPiylQ5FtWw1KNWYgG3Qwcov69SypYu3J0Ak+FgfrxaeD2aWZWGyXWhw5UxLhUL5mcTB/tynOSRhASkxtyVPx9+wAKzGMBTldVsasg5xXt1+lTSkaZ1+jA=
--------------------
19:35:03.254 com.cyjh.http.e.c
->a(0156.java:2)
kUVzJ6WWYmPbKnbDHi3uIDjXXtsLzWQVTdGUTx/0gMAe6i7gzD//GdPiylQ5FtWw1KNWYgG3Qwcov69SypYu3J0Ak+FgfrxaeD2aWZWGyXWhw5UxLhUL5mcTB/tynOSRhASkxtyVPx9+wAKzGMBTldVsasg5xXt1+lTSkaZ1+jA=
--------------------
19:35:03.254 com.cyjh.http.b.a
->a(014D.java:5)
kUVzJ6WWYmPbKnbDHi3uIDjXXtsLzWQVTdGUTx/0gMAe6i7gzD//GdPiylQ5FtWw1KNWYgG3Qwcov69SypYu3J0Ak+FgfrxaeD2aWZWGyXWhw5UxLhUL5mcTB/tynOSRhASkxtyVPx9+wAKzGMBTldVsasg5xXt1+lTSkaZ1+jA=
--------------------
19:35:03.256 com.cyjh.http.b.a
->a(014D.java:6)
{"SignContent":"{\"RunGuid\":\"bc544d2f64fd46b180eb711902257b18\",\"AppId\":238076,\"AppInfo\":\"COBC41DkB9vuJuuZA5T2+hSJXVrM5/DJs+cvCsW89UbcEuqeEcx8Zfdll5w5Ed04e/JnVcOeO4XHospe1u9wgu+IpdsPqHj6\",\"AppVersion\":\"1712804694\",\"ClientTimestamp\":1712835303,\"DeviceCode\":\"53504273809530277ba80b7a4\",\"DeviceId\":\"677b0ea9b8fcd0d3284a3d4692a13042\",\"IsRedFinger\":0,\"TemplateFileId\":559,\"TemplateVersion\":\"6.1.1\",\"V\":\"81058250b7deb83d0\"}","Signature":"kUVzJ6WWYmPbKnbDHi3uIDjXXtsLzWQVTdGUTx/0gMAe6i7gzD//GdPiylQ5FtWw1KNWYgG3Qwcov69SypYu3J0Ak+FgfrxaeD2aWZWGyXWhw5UxLhUL5mcTB/tynOSRhASkxtyVPx9+wAKzGMBTldVsasg5xXt1+lTSkaZ1+jA\u003d"}
--------------------
19:35:03.256 com.cyjh.http.b.a
->a(014D.java:7)
1bff00f5
--------------------
19:35:03.257 com.cyjh.common.util.h
->a(00EA.java:2)
8tv/YmI/7buFdXE4flZ/QILO5X/X0l5SQUM5+WmYONOYq9MGLAc/i9UIM7ExnCZMwRH7WB1NszSkSQApdrmFyfvt8kPQISoUkebYk45MkfsRAAAASp24GuyFPTVW8h1F9ty0HVbppZe/Mtsg8UPDgA1TNpqhRTCyhu2LhbQt7TJCHzbu5Ba0pujK7gwmnvkLqbCiHrLPSwMlF5CaorqeGVpfqBqEDH5oDaCTDbubJu7U9LhMstQ6dLKBS7tfUbQYGUl0mMu2whvS/WUsQnN56KNnumDaOrAEyBCqSSM+dcZ1FgEdUQKBs3tA+/pvnaSRuccMLIFnQlaybPJVgZHW0mspTkkacy41o/3nfWMeDj9RVVdRqldEFBox6wQ2Ux9HvhxopZNkTxWTIbxmY8TbEyrowHhjZtbU2s726bT+dwNoVeD8YnCwm+eeUMCg3XtRm+9pRauBOu8EWe9ud0/kHxi/n5GUnAUlBbzdaeDWLmIEHdq1PnlOJ6dJIALLdz57Pwp6h1nL6Oi3QxFTMJDzaV4LsTzwDAbHJAp6ohqRf9aendJ8rFlbEvgODkR9RxG1dtrpfFJUEuNDTLcNet6isxCdnoKxomnc60xxKhAZuDI+WGn4U58ESCB1YP7op/20ef/IXOWs3vg+3u0hhY9fezvACkIltDSNY/dk5aaPgnrvuDlJJsaAbUEmcNT7e7VLaHf/QcLT5t19CwUt12VXcd49ButEis2XBop7Lgwr+6+/6fvGnw5L0cmVEyu6zARIttvYfysDxGuQSKkTf7iV95R1bHyPAj4qvl0pNUwgmV+e/0plliiehRwd49cQrnOgVXOutLTERfngTxYKhwN/RIcIpgFZ5Vkj
--------------------
19:35:03.257 com.cyjh.http.b.a
->a(014D.java:8)
8tv/YmI/7buFdXE4flZ/QILO5X/X0l5SQUM5+WmYONOYq9MGLAc/i9UIM7ExnCZMwRH7WB1NszSkSQApdrmFyfvt8kPQISoUkebYk45MkfsRAAAASp24GuyFPTVW8h1F9ty0HVbppZe/Mtsg8UPDgA1TNpqhRTCyhu2LhbQt7TJCHzbu5Ba0pujK7gwmnvkLqbCiHrLPSwMlF5CaorqeGVpfqBqEDH5oDaCTDbubJu7U9LhMstQ6dLKBS7tfUbQYGUl0mMu2whvS/WUsQnN56KNnumDaOrAEyBCqSSM+dcZ1FgEdUQKBs3tA+/pvnaSRuccMLIFnQlaybPJVgZHW0mspTkkacy41o/3nfWMeDj9RVVdRqldEFBox6wQ2Ux9HvhxopZNkTxWTIbxmY8TbEyrowHhjZtbU2s726bT+dwNoVeD8YnCwm+eeUMCg3XtRm+9pRauBOu8EWe9ud0/kHxi/n5GUnAUlBbzdaeDWLmIEHdq1PnlOJ6dJIALLdz57Pwp6h1nL6Oi3QxFTMJDzaV4LsTzwDAbHJAp6ohqRf9aendJ8rFlbEvgODkR9RxG1dtrpfFJUEuNDTLcNet6isxCdnoKxomnc60xxKhAZuDI+WGn4U58ESCB1YP7op/20ef/IXOWs3vg+3u0hhY9fezvACkIltDSNY/dk5aaPgnrvuDlJJsaAbUEmcNT7e7VLaHf/QcLT5t19CwUt12VXcd49ButEis2XBop7Lgwr+6+/6fvGnw5L0cmVEyu6zARIttvYfysDxGuQSKkTf7iV95R1bHyPAj4qvl0pNUwgmV+e/0plliiehRwd49cQrnOgVXOutLTERfngTxYKhwN/RIcIpgFZ5Vkj
--------------------
19:35:03.258 com.cyjh.http.b.a
->a(014D.java:9)
0
--------------------
19:35:03.261 com.android.volley.l
->a(0094.java:1)
Data
--------------------
19:35:03.262 com.android.volley.l
->a(0094.java:2)
8tv%2FYmI%2F7buFdXE4flZ%2FQILO5X%2FX0l5SQUM5%2BWmYONOYq9MGLAc%2Fi9UIM7ExnCZMwRH7WB1NszSkSQApdrmFyfvt8kPQISoUkebYk45MkfsRAAAASp24GuyFPTVW8h1F9ty0HVbppZe%2FMtsg8UPDgA1TNpqhRTCyhu2LhbQt7TJCHzbu5Ba0pujK7gwmnvkLqbCiHrLPSwMlF5CaorqeGVpfqBqEDH5oDaCTDbubJu7U9LhMstQ6dLKBS7tfUbQYGUl0mMu2whvS%2FWUsQnN56KNnumDaOrAEyBCqSSM%2BdcZ1FgEdUQKBs3tA%2B%2FpvnaSRuccMLIFnQlaybPJVgZHW0mspTkkacy41o%2F3nfWMeDj9RVVdRqldEFBox6wQ2Ux9HvhxopZNkTxWTIbxmY8TbEyrowHhjZtbU2s726bT%2BdwNoVeD8YnCwm%2BeeUMCg3XtRm%2B9pRauBOu8EWe9ud0%2FkHxi%2Fn5GUnAUlBbzdaeDWLmIEHdq1PnlOJ6dJIALLdz57Pwp6h1nL6Oi3QxFTMJDzaV4LsTzwDAbHJAp6ohqRf9aendJ8rFlbEvgODkR9RxG1dtrpfFJUEuNDTLcNet6isxCdnoKxomnc60xxKhAZuDI%2BWGn4U58ESCB1YP7op%2F20ef%2FIXOWs3vg%2B3u0hhY9fezvACkIltDSNY%2Fdk5aaPgnrvuDlJJsaAbUEmcNT7e7VLaHf%2FQcLT5t19CwUt12VXcd49ButEis2XBop7Lgwr%2B6%2B%2F6fvGnw5L0cmVEyu6zARIttvYfysDxGuQSKkTf7iV95R1bHyPAj4qvl0pNUwgmV%2Be%2F0plliiehRwd49cQrnOgVXOutLTERfngTxYKhwN%2FRIcIpgFZ5Vkj
--------------------
19:35:03.262 com.android.volley.l
->a(0094.java:1)
V
--------------------
19:35:03.262 com.android.volley.l
->a(0094.java:2)
81058250b7deb83d0
--------------------
19:35:03.262 com.android.volley.l
->a(0094.java:1)
R
--------------------
19:35:03.262 com.android.volley.l
->a(0094.java:2)
0
--------------------
19:35:03.269 net.grandcentrix.tray.core.TrayException
-><init>(0300.java:1)
Value for Key <com.cyjh.elfin.ui.activity.SettingActivity.swtVibration> not found
--------------------
19:35:03.357 com.cyjh.http.d.b.d
->a(0152.java:1)
{"Data":"plTp6fqma/DxrHPBF/pk9Kat8/RNtNJ7/rm2VZyNlhr3ughDZQPweTq3MDgVr31jZUXzcjFvlbw170Es5DrpcZ0y+B+YpuXefDzX+fH224tRruTP5AfSwOGKS6YGV5XjMuZ23pSpcKnB0jiiONpBKArcjDaeavI7fkJ7TDgmzC1ueVkdVxCX9vvCYe83WnQWevap7w1eXpwF+A176opRnZhpQAkEk4Xw3WCI0rcjoUf3iOjI/EzbPjxyCmseNXEzjeHc/y1oSAbhUx2wt/0VfW6IJbiN5nkUzw8kKF9d6rE106kfbZWIDHAFWtHkV9LIMf5i/Vki+XuBtpEgnm+H/1reBCNBJtyQMDHSHFUZigLA4+cIHWEglW6s9D7RRvMXvvMt1O5gcR4VT3t9NHTtFyli8AE/OmX86Y5pvrhAe3NBb1gb19u1i5Z2i58f3s9sMCz4iKgdU0b9NlNl2J6fRLhlRSDOJV53dgjhFyNNj++qKPoRfoDFJQ==","R":2}
--------------------
19:35:03.361 com.cyjh.http.e.c
->a(0156.java:3)
7fed39f9
--------------------
19:35:03.362 com.cyjh.common.util.h
->b(00EA.java:4)
{"SignContent":"{\u0022Code\u0022:200,\u0022Message\u0022:\u0022请求成功！\u0022,\u0022Data\u0022:{\u0022ClientTimestamp\u0022:1712835303,\u0022ServerTimestamp\u0022:1712835304}}","Signature":"o60cb6kosgGcPC/jtFKpupfPfmgciLEhQ6PYxamnfIf0c8OAcV+DobSaDM1XjKv+iO/vR+XPWd8wbNmpNppzkQfkMqPPbzWOXpVqesopJ5AqPhS4lTedZwxa+7nj86EuSfGAS3Z8ucSOzkurWfO3Y9R/EkOF2v1yahGzgFd0MBA="}    
--------------------
19:35:03.363 com.cyjh.http.e.c
->a(0156.java:4)
{"SignContent":"{\u0022Code\u0022:200,\u0022Message\u0022:\u0022请求成功！\u0022,\u0022Data\u0022:{\u0022ClientTimestamp\u0022:1712835303,\u0022ServerTimestamp\u0022:1712835304}}","Signature":"o60cb6kosgGcPC/jtFKpupfPfmgciLEhQ6PYxamnfIf0c8OAcV+DobSaDM1XjKv+iO/vR+XPWd8wbNmpNppzkQfkMqPPbzWOXpVqesopJ5AqPhS4lTedZwxa+7nj86EuSfGAS3Z8ucSOzkurWfO3Y9R/EkOF2v1yahGzgFd0MBA="}
--------------------
19:35:03.363 com.cyjh.http.c.a.a
->a(014E.java:1)
{"SignContent":"{\u0022Code\u0022:200,\u0022Message\u0022:\u0022请求成功！\u0022,\u0022Data\u0022:{\u0022ClientTimestamp\u0022:1712835303,\u0022ServerTimestamp\u0022:1712835304}}","Signature":"o60cb6kosgGcPC/jtFKpupfPfmgciLEhQ6PYxamnfIf0c8OAcV+DobSaDM1XjKv+iO/vR+XPWd8wbNmpNppzkQfkMqPPbzWOXpVqesopJ5AqPhS4lTedZwxa+7nj86EuSfGAS3Z8ucSOzkurWfO3Y9R/EkOF2v1yahGzgFd0MBA="}
--------------------
